DEBUG 2025-05-03: Starting optimization
DEBUG 2025-05-03: Current travel = 48.8 minutes
DEBUG 2025-05-03: Total tours = 21
DEBUG 2025-05-03: Available agents = 8
DEBUG 2025-05-03: Tour times range from 2025-05-03 14:00:00 to 2025-05-03 20:45:00
DEBUG 2025-05-03: Processing tour 1/21: 2025-05-03 14:00:00 at Property 64938 (ESCORTED)
DEBUG 2025-05-03: Tour 1 assigned to 28be1402
DEBUG 2025-05-03: Travel time = 0.0 minutes
DEBUG 2025-05-03: REASSIGNMENT - Original: 3adf8a2d → New: 28be1402
DEBUG 2025-05-03: Travel change: 0.0 → 0.0 (difference: 0.0)
DEBUG 2025-05-03: Processing tour 2/21: 2025-05-03 14:00:00 at Property 64933 (VIRTUAL_TOUR)
DEBUG 2025-05-03: Tour 2 assigned to 3adf8a2d
DEBUG 2025-05-03: Travel time = 0.0 minutes
DEBUG 2025-05-03: REASSIGNMENT - Original: 25ffdb26 → New: 3adf8a2d
DEBUG 2025-05-03: Travel change: 0.0 → 0.0 (difference: 0.0)
DEBUG 2025-05-03: Processing tour 3/21: 2025-05-03 14:00:00 at Property 84770 (ESCORTED)
DEBUG 2025-05-03: Tour 3 assigned to 0c398d8d
DEBUG 2025-05-03: Travel time = 0.0 minutes
DEBUG 2025-05-03: Processing tour 4/21: 2025-05-03 14:00:00 at Property 64933 (ESCORTED)
DEBUG 2025-05-03: Tour 4 assigned to 25ffdb26
DEBUG 2025-05-03: Travel time = 0.0 minutes
DEBUG 2025-05-03: REASSIGNMENT - Original: 0c398d8d → New: 25ffdb26
DEBUG 2025-05-03: Travel change: 5.0 → 0.0 (difference: 5.0)
DEBUG 2025-05-03: Processing tour 5/21: 2025-05-03 14:00:00 at Property 64940 (ESCORTED)
DEBUG 2025-05-03: Tour 5 assigned to 28be1402
DEBUG 2025-05-03: Travel time = 9.9 minutes
DEBUG 2025-05-03: Processing tour 6/21: 2025-05-03 15:00:00 at Property 64938 (ESCORTED)
DEBUG 2025-05-03: Tour 6 assigned to fe3fff05
DEBUG 2025-05-03: Travel time = 0.0 minutes
DEBUG 2025-05-03: Processing tour 7/21: 2025-05-03 15:30:00 at Property 64938 (ESCORTED)
DEBUG 2025-05-03: Tour 7 assigned to 3adf8a2d
DEBUG 2025-05-03: Travel time = 0.0 minutes
DEBUG 2025-05-03: REASSIGNMENT - Original: cd0ff517 → New: 3adf8a2d
DEBUG 2025-05-03: Travel change: 0.0 → 0.0 (difference: 0.0)
DEBUG 2025-05-03: Processing tour 8/21: 2025-05-03 15:30:00 at Property 64933 (ESCORTED)
DEBUG 2025-05-03: Tour 8 assigned to cd0ff517
DEBUG 2025-05-03: Travel time = 0.0 minutes
DEBUG 2025-05-03: REASSIGNMENT - Original: 25ffdb26 → New: cd0ff517
DEBUG 2025-05-03: Travel change: 0.0 → 0.0 (difference: 0.0)
DEBUG 2025-05-03: Processing tour 9/21: 2025-05-03 15:30:00 at Property 64935 (ESCORTED)
DEBUG 2025-05-03: Tour 9 assigned to 0c398d8d
DEBUG 2025-05-03: Travel time = 5.0 minutes
DEBUG 2025-05-03: Processing tour 10/21: 2025-05-03 17:00:00 at Property 64938 (ESCORTED)
DEBUG 2025-05-03: Tour 10 assigned to 3adf8a2d
DEBUG 2025-05-03: Travel time = 0.0 minutes
DEBUG 2025-05-03: REASSIGNMENT - Original: fe3fff05 → New: 3adf8a2d
DEBUG 2025-05-03: Travel change: 0.0 → 0.0 (difference: 0.0)
DEBUG 2025-05-03: Processing tour 11/21: 2025-05-03 17:00:00 at Property 78139 (VIRTUAL_TOUR)
DEBUG 2025-05-03: Tour 11 assigned to 28be1402
DEBUG 2025-05-03: Travel time = 0.0 minutes
DEBUG 2025-05-03: REASSIGNMENT - Original: cd0ff517 → New: 28be1402
DEBUG 2025-05-03: Travel change: 0.0 → 0.0 (difference: 0.0)
DEBUG 2025-05-03: Processing tour 12/21: 2025-05-03 17:00:00 at Property 64938 (ESCORTED)
DEBUG 2025-05-03: Tour 12 assigned to fe3fff05
DEBUG 2025-05-03: Travel time = 0.0 minutes
DEBUG 2025-05-03: REASSIGNMENT - Original: 28be1402 → New: fe3fff05
DEBUG 2025-05-03: Travel change: 9.9 → 0.0 (difference: 9.9)
DEBUG 2025-05-03: Processing tour 13/21: 2025-05-03 17:00:00 at Property 64942 (ESCORTED)
DEBUG 2025-05-03: Tour 13 assigned to 2d4a3e78
DEBUG 2025-05-03: Travel time = 0.0 minutes
DEBUG 2025-05-03: Processing tour 14/21: 2025-05-03 18:30:00 at Property 64932 (ESCORTED)
DEBUG 2025-05-03: Tour 14 assigned to fcb34375
DEBUG 2025-05-03: Travel time = 0.0 minutes
DEBUG 2025-05-03: Processing tour 15/21: 2025-05-03 18:30:00 at Property 64938 (ESCORTED)
DEBUG 2025-05-03: Tour 15 assigned to 3adf8a2d
DEBUG 2025-05-03: Travel time = 0.0 minutes
DEBUG 2025-05-03: Processing tour 16/21: 2025-05-03 18:30:00 at Property 64939 (ESCORTED)
DEBUG 2025-05-03: Tour 16 assigned to 28be1402
DEBUG 2025-05-03: Travel time = 5.0 minutes
DEBUG 2025-05-03: REASSIGNMENT - Original: 2d4a3e78 → New: 28be1402
DEBUG 2025-05-03: Travel change: 5.0 → 5.0 (difference: 0.0)
DEBUG 2025-05-03: Processing tour 17/21: 2025-05-03 18:30:00 at Property 64935 (VIRTUAL_TOUR)
DEBUG 2025-05-03: Tour 17 assigned to fe3fff05
DEBUG 2025-05-03: Travel time = 0.0 minutes
DEBUG 2025-05-03: REASSIGNMENT - Original: 25ffdb26 → New: fe3fff05
DEBUG 2025-05-03: Travel change: 0.0 → 0.0 (difference: 0.0)
DEBUG 2025-05-03: Processing tour 18/21: 2025-05-03 18:30:00 at Property 64935 (ESCORTED)
DEBUG 2025-05-03: Tour 18 assigned to 0c398d8d
DEBUG 2025-05-03: Travel time = 0.0 minutes
DEBUG 2025-05-03: Processing tour 19/21: 2025-05-03 19:00:00 at Property 64938 (ESCORTED)
DEBUG 2025-05-03: Tour 19 assigned to fe3fff05
DEBUG 2025-05-03: Travel time = 0.0 minutes
DEBUG 2025-05-03: Processing tour 20/21: 2025-05-03 20:00:00 at Property 64940 (ESCORTED)
DEBUG 2025-05-03: Tour 20 assigned to 28be1402
DEBUG 2025-05-03: Travel time = 5.0 minutes
DEBUG 2025-05-03: REASSIGNMENT - Original: 3adf8a2d → New: 28be1402
DEBUG 2025-05-03: Travel change: 9.9 → 5.0 (difference: 4.9)
DEBUG 2025-05-03: Processing tour 21/21: 2025-05-03 20:00:00 at Property 100490 (ESCORTED)
DEBUG 2025-05-03: Tour 21 assigned to 28be1402
DEBUG 2025-05-03: Travel time = 8.8 minutes
DEBUG 2025-05-03: Optimized travel = 33.7 minutes
DEBUG 2025-05-03: Savings = 15.1 minutes
DEBUG 2025-05-03: Reassignments made = 11/21
DEBUG 2025-05-03: Optimization complete
================================================================================
DEBUG 2025-05-03: Starting optimization
DEBUG 2025-05-03: Current travel = 51.8 minutes
DEBUG 2025-05-03: Total tours = 21
DEBUG 2025-05-03: Available agents = 8
DEBUG 2025-05-03: Tour times range from 2025-05-03 14:00:00 to 2025-05-03 20:45:00
DEBUG 2025-05-03: Processing tour 1/21: 2025-05-03 14:00:00 at Property 64938 (ESCORTED)
DEBUG 2025-05-03: Tour 1 assigned to 28be1402
DEBUG 2025-05-03: Travel time = 0.0 minutes
DEBUG 2025-05-03: REASSIGNMENT - Original: 3adf8a2d → New: 28be1402
DEBUG 2025-05-03: Travel change: 0.0 → 0.0 (difference: 0.0)
DEBUG 2025-05-03: Processing tour 2/21: 2025-05-03 14:00:00 at Property 64933 (VIRTUAL_TOUR)
DEBUG 2025-05-03: Tour 2 assigned to 3adf8a2d
DEBUG 2025-05-03: Travel time = 0.0 minutes
DEBUG 2025-05-03: REASSIGNMENT - Original: 25ffdb26 → New: 3adf8a2d
DEBUG 2025-05-03: Travel change: 0.0 → 0.0 (difference: 0.0)
DEBUG 2025-05-03: Processing tour 3/21: 2025-05-03 14:00:00 at Property 84770 (ESCORTED)
DEBUG 2025-05-03: Tour 3 assigned to 0c398d8d
DEBUG 2025-05-03: Travel time = 0.0 minutes
DEBUG 2025-05-03: Processing tour 4/21: 2025-05-03 14:00:00 at Property 64933 (ESCORTED)
DEBUG 2025-05-03: Tour 4 assigned to 25ffdb26
DEBUG 2025-05-03: Travel time = 0.0 minutes
DEBUG 2025-05-03: REASSIGNMENT - Original: 0c398d8d → New: 25ffdb26
DEBUG 2025-05-03: Travel change: 5.0 → 0.0 (difference: 5.0)
DEBUG 2025-05-03: Processing tour 5/21: 2025-05-03 14:00:00 at Property 64940 (ESCORTED)
DEBUG 2025-05-03: Tour 5 assigned to 28be1402
DEBUG 2025-05-03: Travel time = 9.9 minutes
DEBUG 2025-05-03: Processing tour 6/21: 2025-05-03 15:00:00 at Property 64938 (ESCORTED)
DEBUG 2025-05-03: Tour 6 assigned to fe3fff05
DEBUG 2025-05-03: Travel time = 0.0 minutes
DEBUG 2025-05-03: Processing tour 7/21: 2025-05-03 15:30:00 at Property 64938 (ESCORTED)
DEBUG 2025-05-03: Tour 7 assigned to 3adf8a2d
DEBUG 2025-05-03: Travel time = 0.0 minutes
DEBUG 2025-05-03: REASSIGNMENT - Original: cd0ff517 → New: 3adf8a2d
DEBUG 2025-05-03: Travel change: 0.0 → 0.0 (difference: 0.0)
DEBUG 2025-05-03: Processing tour 8/21: 2025-05-03 15:30:00 at Property 64933 (ESCORTED)
DEBUG 2025-05-03: Tour 8 assigned to cd0ff517
DEBUG 2025-05-03: Travel time = 0.0 minutes
DEBUG 2025-05-03: REASSIGNMENT - Original: 25ffdb26 → New: cd0ff517
DEBUG 2025-05-03: Travel change: 0.0 → 0.0 (difference: 0.0)
DEBUG 2025-05-03: Processing tour 9/21: 2025-05-03 15:30:00 at Property 64935 (ESCORTED)
DEBUG 2025-05-03: Tour 9 assigned to 0c398d8d
DEBUG 2025-05-03: Travel time = 5.0 minutes
DEBUG 2025-05-03: Processing tour 10/21: 2025-05-03 17:00:00 at Property 64938 (ESCORTED)
DEBUG 2025-05-03: Tour 10 assigned to 3adf8a2d
DEBUG 2025-05-03: Travel time = 0.0 minutes
DEBUG 2025-05-03: REASSIGNMENT - Original: fe3fff05 → New: 3adf8a2d
DEBUG 2025-05-03: Travel change: 0.0 → 0.0 (difference: 0.0)
DEBUG 2025-05-03: Processing tour 11/21: 2025-05-03 17:00:00 at Property 78139 (VIRTUAL_TOUR)
DEBUG 2025-05-03: Tour 11 assigned to 28be1402
DEBUG 2025-05-03: Travel time = 0.0 minutes
DEBUG 2025-05-03: REASSIGNMENT - Original: cd0ff517 → New: 28be1402
DEBUG 2025-05-03: Travel change: 0.0 → 0.0 (difference: 0.0)
DEBUG 2025-05-03: Processing tour 12/21: 2025-05-03 17:00:00 at Property 64938 (ESCORTED)
DEBUG 2025-05-03: Tour 12 assigned to fe3fff05
DEBUG 2025-05-03: Travel time = 0.0 minutes
DEBUG 2025-05-03: REASSIGNMENT - Original: 28be1402 → New: fe3fff05
DEBUG 2025-05-03: Travel change: 9.9 → 0.0 (difference: 9.9)
DEBUG 2025-05-03: Processing tour 13/21: 2025-05-03 17:00:00 at Property 64942 (ESCORTED)
DEBUG 2025-05-03: Tour 13 assigned to 2d4a3e78
DEBUG 2025-05-03: Travel time = 0.0 minutes
DEBUG 2025-05-03: Processing tour 14/21: 2025-05-03 18:30:00 at Property 64932 (ESCORTED)
DEBUG 2025-05-03: Tour 14 assigned to fcb34375
DEBUG 2025-05-03: Travel time = 0.0 minutes
DEBUG 2025-05-03: Processing tour 15/21: 2025-05-03 18:30:00 at Property 64938 (ESCORTED)
DEBUG 2025-05-03: Tour 15 assigned to 3adf8a2d
DEBUG 2025-05-03: Travel time = 0.0 minutes
DEBUG 2025-05-03: Processing tour 16/21: 2025-05-03 18:30:00 at Property 64939 (ESCORTED)
DEBUG 2025-05-03: Tour 16 assigned to 28be1402
DEBUG 2025-05-03: Travel time = 5.0 minutes
DEBUG 2025-05-03: REASSIGNMENT - Original: 2d4a3e78 → New: 28be1402
DEBUG 2025-05-03: Travel change: 7.9 → 5.0 (difference: 2.9)
DEBUG 2025-05-03: Processing tour 17/21: 2025-05-03 18:30:00 at Property 64935 (VIRTUAL_TOUR)
DEBUG 2025-05-03: Tour 17 assigned to fe3fff05
DEBUG 2025-05-03: Travel time = 0.0 minutes
DEBUG 2025-05-03: REASSIGNMENT - Original: 25ffdb26 → New: fe3fff05
DEBUG 2025-05-03: Travel change: 0.0 → 0.0 (difference: 0.0)
DEBUG 2025-05-03: Processing tour 18/21: 2025-05-03 18:30:00 at Property 64935 (ESCORTED)
DEBUG 2025-05-03: Tour 18 assigned to 0c398d8d
DEBUG 2025-05-03: Travel time = 0.0 minutes
DEBUG 2025-05-03: Processing tour 19/21: 2025-05-03 19:00:00 at Property 64938 (ESCORTED)
DEBUG 2025-05-03: Tour 19 assigned to fe3fff05
DEBUG 2025-05-03: Travel time = 0.0 minutes
DEBUG 2025-05-03: Processing tour 20/21: 2025-05-03 20:00:00 at Property 64940 (ESCORTED)
DEBUG 2025-05-03: Tour 20 assigned to 28be1402
DEBUG 2025-05-03: Travel time = 5.0 minutes
DEBUG 2025-05-03: REASSIGNMENT - Original: 3adf8a2d → New: 28be1402
DEBUG 2025-05-03: Travel change: 9.9 → 5.0 (difference: 4.9)
DEBUG 2025-05-03: Processing tour 21/21: 2025-05-03 20:00:00 at Property 100490 (ESCORTED)
DEBUG 2025-05-03: Tour 21 assigned to 28be1402
DEBUG 2025-05-03: Travel time = 8.8 minutes
DEBUG 2025-05-03: Optimized travel = 33.7 minutes
DEBUG 2025-05-03: Savings = 18.1 minutes
DEBUG 2025-05-03: Reassignments made = 11/21
DEBUG 2025-05-03: Optimization complete
================================================================================
DEBUG 2025-05-03: Calculated optimized travel (sum method): 33.7
DEBUG 2025-05-03: Validated optimized travel (proven method): 51.8
DEBUG 2025-05-03: Difference: -18.1
DEBUG 2025-05-03: Validated savings: 0.0
DEBUG 2025-05-03: Starting optimization
DEBUG 2025-05-03: Current travel = 51.8 minutes
DEBUG 2025-05-03: Total tours = 21
DEBUG 2025-05-03: Available agents = 8
DEBUG 2025-05-03: Tour times range from 2025-05-03 14:00:00 to 2025-05-03 20:45:00
DEBUG 2025-05-03: Processing tour 1/21: 2025-05-03 14:00:00 at Property 64938 (ESCORTED)
DEBUG 2025-05-03: Tour 1 assigned to 28be1402
DEBUG 2025-05-03: Travel time = 0.0 minutes
DEBUG 2025-05-03: REASSIGNMENT - Original: 3adf8a2d → New: 28be1402
DEBUG 2025-05-03: Travel change: 0.0 → 0.0 (difference: 0.0)
DEBUG 2025-05-03: Processing tour 2/21: 2025-05-03 14:00:00 at Property 64933 (VIRTUAL_TOUR)
DEBUG 2025-05-03: Tour 2 assigned to 3adf8a2d
DEBUG 2025-05-03: Travel time = 0.0 minutes
DEBUG 2025-05-03: REASSIGNMENT - Original: 25ffdb26 → New: 3adf8a2d
DEBUG 2025-05-03: Travel change: 0.0 → 0.0 (difference: 0.0)
DEBUG 2025-05-03: Processing tour 3/21: 2025-05-03 14:00:00 at Property 84770 (ESCORTED)
DEBUG 2025-05-03: Tour 3 assigned to 0c398d8d
DEBUG 2025-05-03: Travel time = 0.0 minutes
DEBUG 2025-05-03: Processing tour 4/21: 2025-05-03 14:00:00 at Property 64933 (ESCORTED)
DEBUG 2025-05-03: Tour 4 assigned to 25ffdb26
DEBUG 2025-05-03: Travel time = 0.0 minutes
DEBUG 2025-05-03: REASSIGNMENT - Original: 0c398d8d → New: 25ffdb26
DEBUG 2025-05-03: Travel change: 5.0 → 0.0 (difference: 5.0)
DEBUG 2025-05-03: Processing tour 5/21: 2025-05-03 14:00:00 at Property 64940 (ESCORTED)
DEBUG 2025-05-03: Tour 5 assigned to 28be1402
DEBUG 2025-05-03: Travel time = 9.9 minutes
DEBUG 2025-05-03: Processing tour 6/21: 2025-05-03 15:00:00 at Property 64938 (ESCORTED)
DEBUG 2025-05-03: Tour 6 assigned to fe3fff05
DEBUG 2025-05-03: Travel time = 0.0 minutes
DEBUG 2025-05-03: Processing tour 7/21: 2025-05-03 15:30:00 at Property 64938 (ESCORTED)
DEBUG 2025-05-03: Tour 7 assigned to 3adf8a2d
DEBUG 2025-05-03: Travel time = 0.0 minutes
DEBUG 2025-05-03: REASSIGNMENT - Original: cd0ff517 → New: 3adf8a2d
DEBUG 2025-05-03: Travel change: 0.0 → 0.0 (difference: 0.0)
DEBUG 2025-05-03: Processing tour 8/21: 2025-05-03 15:30:00 at Property 64933 (ESCORTED)
DEBUG 2025-05-03: Tour 8 assigned to cd0ff517
DEBUG 2025-05-03: Travel time = 0.0 minutes
DEBUG 2025-05-03: REASSIGNMENT - Original: 25ffdb26 → New: cd0ff517
DEBUG 2025-05-03: Travel change: 0.0 → 0.0 (difference: 0.0)
DEBUG 2025-05-03: Processing tour 9/21: 2025-05-03 15:30:00 at Property 64935 (ESCORTED)
DEBUG 2025-05-03: Tour 9 assigned to 0c398d8d
DEBUG 2025-05-03: Travel time = 5.0 minutes
DEBUG 2025-05-03: Processing tour 10/21: 2025-05-03 17:00:00 at Property 64938 (ESCORTED)
DEBUG 2025-05-03: Tour 10 assigned to 3adf8a2d
DEBUG 2025-05-03: Travel time = 0.0 minutes
DEBUG 2025-05-03: REASSIGNMENT - Original: fe3fff05 → New: 3adf8a2d
DEBUG 2025-05-03: Travel change: 0.0 → 0.0 (difference: 0.0)
DEBUG 2025-05-03: Processing tour 11/21: 2025-05-03 17:00:00 at Property 78139 (VIRTUAL_TOUR)
DEBUG 2025-05-03: Tour 11 assigned to 28be1402
DEBUG 2025-05-03: Travel time = 0.0 minutes
DEBUG 2025-05-03: REASSIGNMENT - Original: cd0ff517 → New: 28be1402
DEBUG 2025-05-03: Travel change: 0.0 → 0.0 (difference: 0.0)
DEBUG 2025-05-03: Processing tour 12/21: 2025-05-03 17:00:00 at Property 64938 (ESCORTED)
DEBUG 2025-05-03: Tour 12 assigned to fe3fff05
DEBUG 2025-05-03: Travel time = 0.0 minutes
DEBUG 2025-05-03: REASSIGNMENT - Original: 28be1402 → New: fe3fff05
DEBUG 2025-05-03: Travel change: 9.9 → 0.0 (difference: 9.9)
DEBUG 2025-05-03: Processing tour 13/21: 2025-05-03 17:00:00 at Property 64942 (ESCORTED)
DEBUG 2025-05-03: Tour 13 assigned to 2d4a3e78
DEBUG 2025-05-03: Travel time = 0.0 minutes
DEBUG 2025-05-03: Processing tour 14/21: 2025-05-03 18:30:00 at Property 64932 (ESCORTED)
DEBUG 2025-05-03: Tour 14 assigned to fcb34375
DEBUG 2025-05-03: Travel time = 0.0 minutes
DEBUG 2025-05-03: Processing tour 15/21: 2025-05-03 18:30:00 at Property 64938 (ESCORTED)
DEBUG 2025-05-03: Tour 15 assigned to 3adf8a2d
DEBUG 2025-05-03: Travel time = 0.0 minutes
DEBUG 2025-05-03: Processing tour 16/21: 2025-05-03 18:30:00 at Property 64939 (ESCORTED)
DEBUG 2025-05-03: Tour 16 assigned to 28be1402
DEBUG 2025-05-03: Travel time = 5.0 minutes
DEBUG 2025-05-03: REASSIGNMENT - Original: 2d4a3e78 → New: 28be1402
DEBUG 2025-05-03: Travel change: 7.9 → 5.0 (difference: 2.9)
DEBUG 2025-05-03: Processing tour 17/21: 2025-05-03 18:30:00 at Property 64935 (VIRTUAL_TOUR)
DEBUG 2025-05-03: Tour 17 assigned to fe3fff05
DEBUG 2025-05-03: Travel time = 0.0 minutes
DEBUG 2025-05-03: REASSIGNMENT - Original: 25ffdb26 → New: fe3fff05
DEBUG 2025-05-03: Travel change: 0.0 → 0.0 (difference: 0.0)
DEBUG 2025-05-03: Processing tour 18/21: 2025-05-03 18:30:00 at Property 64935 (ESCORTED)
DEBUG 2025-05-03: Tour 18 assigned to 0c398d8d
DEBUG 2025-05-03: Travel time = 0.0 minutes
DEBUG 2025-05-03: Processing tour 19/21: 2025-05-03 19:00:00 at Property 64938 (ESCORTED)
DEBUG 2025-05-03: Tour 19 assigned to fe3fff05
DEBUG 2025-05-03: Travel time = 0.0 minutes
DEBUG 2025-05-03: Processing tour 20/21: 2025-05-03 20:00:00 at Property 64940 (ESCORTED)
DEBUG 2025-05-03: Tour 20 assigned to 28be1402
DEBUG 2025-05-03: Travel time = 5.0 minutes
DEBUG 2025-05-03: REASSIGNMENT - Original: 3adf8a2d → New: 28be1402
DEBUG 2025-05-03: Travel change: 9.9 → 5.0 (difference: 4.9)
DEBUG 2025-05-03: Processing tour 21/21: 2025-05-03 20:00:00 at Property 100490 (ESCORTED)
DEBUG 2025-05-03: Tour 21 assigned to 28be1402
DEBUG 2025-05-03: Travel time = 8.8 minutes
DEBUG 2025-05-03: Calculated optimized travel (sum method): 33.7
DEBUG 2025-05-03: Validated optimized travel (proven method): 51.8
DEBUG 2025-05-03: Difference: -18.1
DEBUG 2025-05-03: Validated savings: 0.0
DEBUG 2025-05-03: Reassignments made = 11/21
DEBUG 2025-05-03: Optimization complete
================================================================================
