DEBUG 2025-05-24: Starting optimization
DEBUG 2025-05-24: Current travel = 55.9 minutes
DEBUG 2025-05-24: Total tours = 23
DEBUG 2025-05-24: Available agents = 9
DEBUG 2025-05-24: Tour times range from 2025-05-24 14:00:00 to 2025-05-24 22:00:00
DEBUG 2025-05-24: Processing tour 1/23: 2025-05-24 14:00:00 at Property 64933 (ESCORTED)
DEBUG 2025-05-24: Tour 1 assigned to 90976d80
DEBUG 2025-05-24: Travel time = 0.0 minutes
DEBUG 2025-05-24: REASSIGNMENT - Original: c99885bc → New: 90976d80
DEBUG 2025-05-24: Travel change: 0.0 → 0.0 (difference: 0.0)
DEBUG 2025-05-24: Processing tour 2/23: 2025-05-24 14:00:00 at Property 100490 (ESCORTED)
DEBUG 2025-05-24: Tour 2 assigned to c99885bc
DEBUG 2025-05-24: Travel time = 0.0 minutes
DEBUG 2025-05-24: REASSIGNMENT - Original: 90976d80 → New: c99885bc
DEBUG 2025-05-24: Travel change: 5.0 → 0.0 (difference: 5.0)
DEBUG 2025-05-24: Processing tour 3/23: 2025-05-24 14:30:00 at Property 64932 (ESCORTED)
DEBUG 2025-05-24: Tour 3 assigned to aeabf7ea
DEBUG 2025-05-24: Travel time = 0.0 minutes
DEBUG 2025-05-24: Processing tour 4/23: 2025-05-24 15:00:00 at Property 64934 (ESCORTED)
DEBUG 2025-05-24: Tour 4 assigned to 25ffdb26
DEBUG 2025-05-24: Travel time = 0.0 minutes
DEBUG 2025-05-24: REASSIGNMENT - Original: c99885bc → New: 25ffdb26
DEBUG 2025-05-24: Travel change: 5.0 → 0.0 (difference: 5.0)
DEBUG 2025-05-24: Processing tour 5/23: 2025-05-24 15:00:00 at Property 64939 (ESCORTED)
DEBUG 2025-05-24: Tour 5 assigned to c99885bc
DEBUG 2025-05-24: Travel time = 8.8 minutes
DEBUG 2025-05-24: REASSIGNMENT - Original: 25ffdb26 → New: c99885bc
DEBUG 2025-05-24: Travel change: 8.0 → 8.8 (difference: -0.8)
WARNING 2025-05-24: Reassignment INCREASED travel by 0.8 minutes!
DEBUG 2025-05-24: Processing tour 6/23: 2025-05-24 15:30:00 at Property 64932 (ESCORTED)
DEBUG 2025-05-24: Tour 6 assigned to aeabf7ea
DEBUG 2025-05-24: Travel time = 0.0 minutes
DEBUG 2025-05-24: Processing tour 7/23: 2025-05-24 16:30:00 at Property 64932 (ESCORTED)
DEBUG 2025-05-24: Tour 7 assigned to aeabf7ea
DEBUG 2025-05-24: Travel time = 0.0 minutes
DEBUG 2025-05-24: REASSIGNMENT - Original: 90976d80 → New: aeabf7ea
DEBUG 2025-05-24: Travel change: 5.0 → 0.0 (difference: 5.0)
DEBUG 2025-05-24: Processing tour 8/23: 2025-05-24 16:30:00 at Property 64939 (ESCORTED)
DEBUG 2025-05-24: Tour 8 assigned to c99885bc
DEBUG 2025-05-24: Travel time = 0.0 minutes
DEBUG 2025-05-24: REASSIGNMENT - Original: 88f5454b → New: c99885bc
DEBUG 2025-05-24: Travel change: 0.0 → 0.0 (difference: 0.0)
DEBUG 2025-05-24: Processing tour 9/23: 2025-05-24 17:00:00 at Property 64933 (ESCORTED)
DEBUG 2025-05-24: Tour 9 assigned to 90976d80
DEBUG 2025-05-24: Travel time = 0.0 minutes
DEBUG 2025-05-24: REASSIGNMENT - Original: c99885bc → New: 90976d80
DEBUG 2025-05-24: Travel change: 8.1 → 0.0 (difference: 8.1)
DEBUG 2025-05-24: Processing tour 10/23: 2025-05-24 17:00:00 at Property 100490 (ESCORTED)
DEBUG 2025-05-24: Tour 10 assigned to 28be1402
DEBUG 2025-05-24: Travel time = 0.0 minutes
DEBUG 2025-05-24: REASSIGNMENT - Original: aeabf7ea → New: 28be1402
DEBUG 2025-05-24: Travel change: 5.0 → 0.0 (difference: 5.0)
DEBUG 2025-05-24: Processing tour 11/23: 2025-05-24 17:00:00 at Property 64943 (ESCORTED)
DEBUG 2025-05-24: Tour 11 assigned to 25ffdb26
DEBUG 2025-05-24: Travel time = 5.0 minutes
DEBUG 2025-05-24: REASSIGNMENT - Original: 28be1402 → New: 25ffdb26
DEBUG 2025-05-24: Travel change: 5.0 → 5.0 (difference: 0.0)
DEBUG 2025-05-24: Processing tour 12/23: 2025-05-24 17:00:00 at Property 64938 (ESCORTED)
DEBUG 2025-05-24: Tour 12 assigned to 25ffdb26
DEBUG 2025-05-24: Travel time = 14.7 minutes
DEBUG 2025-05-24: Processing tour 13/23: 2025-05-24 17:30:00 at Property 64937 (ESCORTED)
DEBUG 2025-05-24: Tour 13 assigned to cd0ff517
DEBUG 2025-05-24: Travel time = 0.0 minutes
DEBUG 2025-05-24: REASSIGNMENT - Original: 90976d80 → New: cd0ff517
DEBUG 2025-05-24: Travel change: 5.6 → 0.0 (difference: 5.6)
DEBUG 2025-05-24: Processing tour 14/23: 2025-05-24 17:30:00 at Property 64938 (VIRTUAL_TOUR)
DEBUG 2025-05-24: Tour 14 assigned to c99885bc
DEBUG 2025-05-24: Travel time = 0.0 minutes
DEBUG 2025-05-24: REASSIGNMENT - Original: cd0ff517 → New: c99885bc
DEBUG 2025-05-24: Travel change: 0.0 → 0.0 (difference: 0.0)
DEBUG 2025-05-24: Processing tour 15/23: 2025-05-24 18:30:00 at Property 64937 (ESCORTED)
DEBUG 2025-05-24: Tour 15 assigned to cd0ff517
DEBUG 2025-05-24: Travel time = 0.0 minutes
DEBUG 2025-05-24: REASSIGNMENT - Original: 90976d80 → New: cd0ff517
DEBUG 2025-05-24: Travel change: 5.6 → 0.0 (difference: 5.6)
DEBUG 2025-05-24: Processing tour 16/23: 2025-05-24 19:00:00 at Property 64938 (ESCORTED)
DEBUG 2025-05-24: Tour 16 assigned to 15683175
DEBUG 2025-05-24: Travel time = 0.0 minutes
DEBUG 2025-05-24: REASSIGNMENT - Original: cd0ff517 → New: 15683175
DEBUG 2025-05-24: Travel change: 11.2 → 0.0 (difference: 11.2)
DEBUG 2025-05-24: Processing tour 17/23: 2025-05-24 19:00:00 at Property 64934 (ESCORTED)
DEBUG 2025-05-24: Tour 17 assigned to 90976d80
DEBUG 2025-05-24: Travel time = 5.0 minutes
DEBUG 2025-05-24: REASSIGNMENT - Original: c99885bc → New: 90976d80
DEBUG 2025-05-24: Travel change: 8.0 → 5.0 (difference: 3.0)
DEBUG 2025-05-24: Processing tour 18/23: 2025-05-24 19:00:00 at Property 64934 (ESCORTED)
DEBUG 2025-05-24: Tour 18 assigned to 28be1402
DEBUG 2025-05-24: Travel time = 5.0 minutes
DEBUG 2025-05-24: Processing tour 19/23: 2025-05-24 19:00:00 at Property 64938 (ESCORTED)
DEBUG 2025-05-24: Tour 19 assigned to 25ffdb26
DEBUG 2025-05-24: Travel time = 0.0 minutes
DEBUG 2025-05-24: Processing tour 20/23: 2025-05-24 19:00:00 at Property 64933 (ESCORTED)
DEBUG 2025-05-24: Tour 20 assigned to c99885bc
DEBUG 2025-05-24: Travel time = 8.1 minutes
DEBUG 2025-05-24: REASSIGNMENT - Original: 15683175 → New: c99885bc
DEBUG 2025-05-24: Travel change: 14.8 → 8.1 (difference: 6.7)
DEBUG 2025-05-24: Processing tour 21/23: 2025-05-24 19:30:00 at Property 64939 (ESCORTED)
DEBUG 2025-05-24: Tour 21 assigned to 2d4a3e78
DEBUG 2025-05-24: Travel time = 0.0 minutes
DEBUG 2025-05-24: Processing tour 22/23: 2025-05-24 20:00:00 at Property 64933 (ESCORTED)
DEBUG 2025-05-24: Tour 22 assigned to 90976d80
DEBUG 2025-05-24: Travel time = 5.0 minutes
DEBUG 2025-05-24: Processing tour 23/23: 2025-05-24 21:00:00 at Property 64937 (ESCORTED)
DEBUG 2025-05-24: Tour 23 assigned to 90976d80
DEBUG 2025-05-24: Travel time = 5.6 minutes
DEBUG 2025-05-24: Optimized travel = 57.2 minutes
DEBUG 2025-05-24: Savings = -1.3 minutes
DEBUG 2025-05-24: Reassignments made = 15/23
WARNING 2025-05-24: NEGATIVE SAVINGS! Optimization made things worse.
WARNING 2025-05-24: 1 problematic reassignments found:
  - Tour at 2025-05-24 15:00:00: 25ffdb26 → c99885bc (+0.8 min)
DEBUG 2025-05-24: Optimization complete
================================================================================
DEBUG 2025-05-24: Starting optimization
DEBUG 2025-05-24: Current travel = 55.9 minutes
DEBUG 2025-05-24: Total tours = 23
DEBUG 2025-05-24: Available agents = 9
DEBUG 2025-05-24: Tour times range from 2025-05-24 14:00:00 to 2025-05-24 22:00:00
DEBUG 2025-05-24: Processing tour 1/23: 2025-05-24 14:00:00 at Property 64933 (ESCORTED)
DEBUG 2025-05-24: Tour 1 assigned to 90976d80
DEBUG 2025-05-24: Travel time = 0.0 minutes
DEBUG 2025-05-24: REASSIGNMENT - Original: c99885bc → New: 90976d80
DEBUG 2025-05-24: Travel change: 0.0 → 0.0 (difference: 0.0)
DEBUG 2025-05-24: Processing tour 2/23: 2025-05-24 14:00:00 at Property 100490 (ESCORTED)
DEBUG 2025-05-24: Tour 2 assigned to c99885bc
DEBUG 2025-05-24: Travel time = 0.0 minutes
DEBUG 2025-05-24: REASSIGNMENT - Original: 90976d80 → New: c99885bc
DEBUG 2025-05-24: Travel change: 5.0 → 0.0 (difference: 5.0)
DEBUG 2025-05-24: Processing tour 3/23: 2025-05-24 14:30:00 at Property 64932 (ESCORTED)
DEBUG 2025-05-24: Tour 3 assigned to aeabf7ea
DEBUG 2025-05-24: Travel time = 0.0 minutes
DEBUG 2025-05-24: Processing tour 4/23: 2025-05-24 15:00:00 at Property 64934 (ESCORTED)
DEBUG 2025-05-24: Tour 4 assigned to 25ffdb26
DEBUG 2025-05-24: Travel time = 0.0 minutes
DEBUG 2025-05-24: REASSIGNMENT - Original: c99885bc → New: 25ffdb26
DEBUG 2025-05-24: Travel change: 5.0 → 0.0 (difference: 5.0)
DEBUG 2025-05-24: Processing tour 5/23: 2025-05-24 15:00:00 at Property 64939 (ESCORTED)
DEBUG 2025-05-24: Tour 5 assigned to c99885bc
DEBUG 2025-05-24: Travel time = 8.8 minutes
DEBUG 2025-05-24: REASSIGNMENT - Original: 25ffdb26 → New: c99885bc
DEBUG 2025-05-24: Travel change: 8.0 → 8.8 (difference: -0.8)
WARNING 2025-05-24: Reassignment INCREASED travel by 0.8 minutes!
DEBUG 2025-05-24: Processing tour 6/23: 2025-05-24 15:30:00 at Property 64932 (ESCORTED)
DEBUG 2025-05-24: Tour 6 assigned to aeabf7ea
DEBUG 2025-05-24: Travel time = 0.0 minutes
DEBUG 2025-05-24: Processing tour 7/23: 2025-05-24 16:30:00 at Property 64932 (ESCORTED)
DEBUG 2025-05-24: Tour 7 assigned to aeabf7ea
DEBUG 2025-05-24: Travel time = 0.0 minutes
DEBUG 2025-05-24: REASSIGNMENT - Original: 90976d80 → New: aeabf7ea
DEBUG 2025-05-24: Travel change: 5.0 → 0.0 (difference: 5.0)
DEBUG 2025-05-24: Processing tour 8/23: 2025-05-24 16:30:00 at Property 64939 (ESCORTED)
DEBUG 2025-05-24: Tour 8 assigned to c99885bc
DEBUG 2025-05-24: Travel time = 0.0 minutes
DEBUG 2025-05-24: REASSIGNMENT - Original: 88f5454b → New: c99885bc
DEBUG 2025-05-24: Travel change: 0.0 → 0.0 (difference: 0.0)
DEBUG 2025-05-24: Processing tour 9/23: 2025-05-24 17:00:00 at Property 64933 (ESCORTED)
DEBUG 2025-05-24: Tour 9 assigned to 90976d80
DEBUG 2025-05-24: Travel time = 0.0 minutes
DEBUG 2025-05-24: REASSIGNMENT - Original: c99885bc → New: 90976d80
DEBUG 2025-05-24: Travel change: 8.1 → 0.0 (difference: 8.1)
DEBUG 2025-05-24: Processing tour 10/23: 2025-05-24 17:00:00 at Property 100490 (ESCORTED)
DEBUG 2025-05-24: Tour 10 assigned to 28be1402
DEBUG 2025-05-24: Travel time = 0.0 minutes
DEBUG 2025-05-24: REASSIGNMENT - Original: aeabf7ea → New: 28be1402
DEBUG 2025-05-24: Travel change: 5.0 → 0.0 (difference: 5.0)
DEBUG 2025-05-24: Processing tour 11/23: 2025-05-24 17:00:00 at Property 64943 (ESCORTED)
DEBUG 2025-05-24: Tour 11 assigned to 25ffdb26
DEBUG 2025-05-24: Travel time = 5.0 minutes
DEBUG 2025-05-24: REASSIGNMENT - Original: 28be1402 → New: 25ffdb26
DEBUG 2025-05-24: Travel change: 5.0 → 5.0 (difference: 0.0)
DEBUG 2025-05-24: Processing tour 12/23: 2025-05-24 17:00:00 at Property 64938 (ESCORTED)
DEBUG 2025-05-24: Tour 12 assigned to 25ffdb26
DEBUG 2025-05-24: Travel time = 14.7 minutes
DEBUG 2025-05-24: Processing tour 13/23: 2025-05-24 17:30:00 at Property 64937 (ESCORTED)
DEBUG 2025-05-24: Tour 13 assigned to cd0ff517
DEBUG 2025-05-24: Travel time = 0.0 minutes
DEBUG 2025-05-24: REASSIGNMENT - Original: 90976d80 → New: cd0ff517
DEBUG 2025-05-24: Travel change: 5.6 → 0.0 (difference: 5.6)
DEBUG 2025-05-24: Processing tour 14/23: 2025-05-24 17:30:00 at Property 64938 (VIRTUAL_TOUR)
DEBUG 2025-05-24: Tour 14 assigned to c99885bc
DEBUG 2025-05-24: Travel time = 0.0 minutes
DEBUG 2025-05-24: REASSIGNMENT - Original: cd0ff517 → New: c99885bc
DEBUG 2025-05-24: Travel change: 0.0 → 0.0 (difference: 0.0)
DEBUG 2025-05-24: Processing tour 15/23: 2025-05-24 18:30:00 at Property 64937 (ESCORTED)
DEBUG 2025-05-24: Tour 15 assigned to cd0ff517
DEBUG 2025-05-24: Travel time = 0.0 minutes
DEBUG 2025-05-24: REASSIGNMENT - Original: 90976d80 → New: cd0ff517
DEBUG 2025-05-24: Travel change: 5.6 → 0.0 (difference: 5.6)
DEBUG 2025-05-24: Processing tour 16/23: 2025-05-24 19:00:00 at Property 64938 (ESCORTED)
DEBUG 2025-05-24: Tour 16 assigned to 15683175
DEBUG 2025-05-24: Travel time = 0.0 minutes
DEBUG 2025-05-24: REASSIGNMENT - Original: cd0ff517 → New: 15683175
DEBUG 2025-05-24: Travel change: 11.2 → 0.0 (difference: 11.2)
DEBUG 2025-05-24: Processing tour 17/23: 2025-05-24 19:00:00 at Property 64934 (ESCORTED)
DEBUG 2025-05-24: Tour 17 assigned to 90976d80
DEBUG 2025-05-24: Travel time = 5.0 minutes
DEBUG 2025-05-24: REASSIGNMENT - Original: c99885bc → New: 90976d80
DEBUG 2025-05-24: Travel change: 8.0 → 5.0 (difference: 3.0)
DEBUG 2025-05-24: Processing tour 18/23: 2025-05-24 19:00:00 at Property 64934 (ESCORTED)
DEBUG 2025-05-24: Tour 18 assigned to 28be1402
DEBUG 2025-05-24: Travel time = 5.0 minutes
DEBUG 2025-05-24: Processing tour 19/23: 2025-05-24 19:00:00 at Property 64938 (ESCORTED)
DEBUG 2025-05-24: Tour 19 assigned to 25ffdb26
DEBUG 2025-05-24: Travel time = 0.0 minutes
DEBUG 2025-05-24: Processing tour 20/23: 2025-05-24 19:00:00 at Property 64933 (ESCORTED)
DEBUG 2025-05-24: Tour 20 assigned to c99885bc
DEBUG 2025-05-24: Travel time = 8.1 minutes
DEBUG 2025-05-24: REASSIGNMENT - Original: 15683175 → New: c99885bc
DEBUG 2025-05-24: Travel change: 14.8 → 8.1 (difference: 6.7)
DEBUG 2025-05-24: Processing tour 21/23: 2025-05-24 19:30:00 at Property 64939 (ESCORTED)
DEBUG 2025-05-24: Tour 21 assigned to 2d4a3e78
DEBUG 2025-05-24: Travel time = 0.0 minutes
DEBUG 2025-05-24: Processing tour 22/23: 2025-05-24 20:00:00 at Property 64933 (ESCORTED)
DEBUG 2025-05-24: Tour 22 assigned to 90976d80
DEBUG 2025-05-24: Travel time = 5.0 minutes
DEBUG 2025-05-24: Processing tour 23/23: 2025-05-24 21:00:00 at Property 64937 (ESCORTED)
DEBUG 2025-05-24: Tour 23 assigned to 90976d80
DEBUG 2025-05-24: Travel time = 5.6 minutes
DEBUG 2025-05-24: Optimized travel = 57.2 minutes
DEBUG 2025-05-24: Savings = -1.3 minutes
DEBUG 2025-05-24: Reassignments made = 15/23
WARNING 2025-05-24: NEGATIVE SAVINGS! Optimization made things worse.
WARNING 2025-05-24: 1 problematic reassignments found:
  - Tour at 2025-05-24 15:00:00: 25ffdb26 → c99885bc (+0.8 min)
DEBUG 2025-05-24: Optimization complete
================================================================================
DEBUG 2025-05-24: Calculated optimized travel (sum method): 57.2
DEBUG 2025-05-24: Validated optimized travel (proven method): 55.9
DEBUG 2025-05-24: Difference: 1.3
DEBUG 2025-05-24: Validated savings: 0.0
DEBUG 2025-05-24: Starting optimization
DEBUG 2025-05-24: Current travel = 55.9 minutes
DEBUG 2025-05-24: Total tours = 23
DEBUG 2025-05-24: Available agents = 9
DEBUG 2025-05-24: Tour times range from 2025-05-24 14:00:00 to 2025-05-24 22:00:00
DEBUG 2025-05-24: Processing tour 1/23: 2025-05-24 14:00:00 at Property 64933 (ESCORTED)
DEBUG 2025-05-24: Tour 1 assigned to 90976d80
DEBUG 2025-05-24: Travel time = 0.0 minutes
DEBUG 2025-05-24: REASSIGNMENT - Original: c99885bc → New: 90976d80
DEBUG 2025-05-24: Travel change: 0.0 → 0.0 (difference: 0.0)
DEBUG 2025-05-24: Processing tour 2/23: 2025-05-24 14:00:00 at Property 100490 (ESCORTED)
DEBUG 2025-05-24: Tour 2 assigned to c99885bc
DEBUG 2025-05-24: Travel time = 0.0 minutes
DEBUG 2025-05-24: REASSIGNMENT - Original: 90976d80 → New: c99885bc
DEBUG 2025-05-24: Travel change: 5.0 → 0.0 (difference: 5.0)
DEBUG 2025-05-24: Processing tour 3/23: 2025-05-24 14:30:00 at Property 64932 (ESCORTED)
DEBUG 2025-05-24: Tour 3 assigned to aeabf7ea
DEBUG 2025-05-24: Travel time = 0.0 minutes
DEBUG 2025-05-24: Processing tour 4/23: 2025-05-24 15:00:00 at Property 64934 (ESCORTED)
DEBUG 2025-05-24: Tour 4 assigned to 25ffdb26
DEBUG 2025-05-24: Travel time = 0.0 minutes
DEBUG 2025-05-24: REASSIGNMENT - Original: c99885bc → New: 25ffdb26
DEBUG 2025-05-24: Travel change: 7.3 → 0.0 (difference: 7.3)
DEBUG 2025-05-24: Processing tour 5/23: 2025-05-24 15:00:00 at Property 64939 (ESCORTED)
DEBUG 2025-05-24: Tour 5 assigned to c99885bc
DEBUG 2025-05-24: Travel time = 8.8 minutes
DEBUG 2025-05-24: REASSIGNMENT - Original: 25ffdb26 → New: c99885bc
DEBUG 2025-05-24: Travel change: 7.9 → 8.8 (difference: -0.8)
WARNING 2025-05-24: Reassignment INCREASED travel by 0.8 minutes!
DEBUG 2025-05-24: Processing tour 6/23: 2025-05-24 15:30:00 at Property 64932 (ESCORTED)
DEBUG 2025-05-24: Tour 6 assigned to aeabf7ea
DEBUG 2025-05-24: Travel time = 0.0 minutes
DEBUG 2025-05-24: Processing tour 7/23: 2025-05-24 16:30:00 at Property 64932 (ESCORTED)
DEBUG 2025-05-24: Tour 7 assigned to aeabf7ea
DEBUG 2025-05-24: Travel time = 0.0 minutes
DEBUG 2025-05-24: REASSIGNMENT - Original: 90976d80 → New: aeabf7ea
DEBUG 2025-05-24: Travel change: 5.0 → 0.0 (difference: 5.0)
DEBUG 2025-05-24: Processing tour 8/23: 2025-05-24 16:30:00 at Property 64939 (ESCORTED)
DEBUG 2025-05-24: Tour 8 assigned to c99885bc
DEBUG 2025-05-24: Travel time = 0.0 minutes
DEBUG 2025-05-24: REASSIGNMENT - Original: 88f5454b → New: c99885bc
DEBUG 2025-05-24: Travel change: 0.0 → 0.0 (difference: 0.0)
DEBUG 2025-05-24: Processing tour 9/23: 2025-05-24 17:00:00 at Property 64933 (ESCORTED)
DEBUG 2025-05-24: Tour 9 assigned to 90976d80
DEBUG 2025-05-24: Travel time = 0.0 minutes
DEBUG 2025-05-24: REASSIGNMENT - Original: c99885bc → New: 90976d80
DEBUG 2025-05-24: Travel change: 8.1 → 0.0 (difference: 8.1)
DEBUG 2025-05-24: Processing tour 10/23: 2025-05-24 17:00:00 at Property 100490 (ESCORTED)
DEBUG 2025-05-24: Tour 10 assigned to 28be1402
DEBUG 2025-05-24: Travel time = 0.0 minutes
DEBUG 2025-05-24: REASSIGNMENT - Original: aeabf7ea → New: 28be1402
DEBUG 2025-05-24: Travel change: 5.0 → 0.0 (difference: 5.0)
DEBUG 2025-05-24: Processing tour 11/23: 2025-05-24 17:00:00 at Property 64943 (ESCORTED)
DEBUG 2025-05-24: Tour 11 assigned to 25ffdb26
DEBUG 2025-05-24: Travel time = 5.0 minutes
DEBUG 2025-05-24: REASSIGNMENT - Original: 28be1402 → New: 25ffdb26
DEBUG 2025-05-24: Travel change: 5.0 → 5.0 (difference: 0.0)
DEBUG 2025-05-24: Processing tour 12/23: 2025-05-24 17:00:00 at Property 64938 (ESCORTED)
DEBUG 2025-05-24: Tour 12 assigned to 25ffdb26
DEBUG 2025-05-24: Travel time = 14.7 minutes
DEBUG 2025-05-24: Processing tour 13/23: 2025-05-24 17:30:00 at Property 64937 (ESCORTED)
DEBUG 2025-05-24: Tour 13 assigned to cd0ff517
DEBUG 2025-05-24: Travel time = 0.0 minutes
DEBUG 2025-05-24: REASSIGNMENT - Original: 90976d80 → New: cd0ff517
DEBUG 2025-05-24: Travel change: 5.6 → 0.0 (difference: 5.6)
DEBUG 2025-05-24: Processing tour 14/23: 2025-05-24 17:30:00 at Property 64938 (VIRTUAL_TOUR)
DEBUG 2025-05-24: Tour 14 assigned to c99885bc
DEBUG 2025-05-24: Travel time = 0.0 minutes
DEBUG 2025-05-24: REASSIGNMENT - Original: cd0ff517 → New: c99885bc
DEBUG 2025-05-24: Travel change: 0.0 → 0.0 (difference: 0.0)
DEBUG 2025-05-24: Processing tour 15/23: 2025-05-24 18:30:00 at Property 64937 (ESCORTED)
DEBUG 2025-05-24: Tour 15 assigned to cd0ff517
DEBUG 2025-05-24: Travel time = 0.0 minutes
DEBUG 2025-05-24: REASSIGNMENT - Original: 90976d80 → New: cd0ff517
DEBUG 2025-05-24: Travel change: 5.6 → 0.0 (difference: 5.6)
DEBUG 2025-05-24: Processing tour 16/23: 2025-05-24 19:00:00 at Property 64938 (ESCORTED)
DEBUG 2025-05-24: Tour 16 assigned to 15683175
DEBUG 2025-05-24: Travel time = 0.0 minutes
DEBUG 2025-05-24: REASSIGNMENT - Original: cd0ff517 → New: 15683175
DEBUG 2025-05-24: Travel change: 11.2 → 0.0 (difference: 11.2)
DEBUG 2025-05-24: Processing tour 17/23: 2025-05-24 19:00:00 at Property 64934 (ESCORTED)
DEBUG 2025-05-24: Tour 17 assigned to 90976d80
DEBUG 2025-05-24: Travel time = 5.0 minutes
DEBUG 2025-05-24: REASSIGNMENT - Original: c99885bc → New: 90976d80
DEBUG 2025-05-24: Travel change: 7.9 → 5.0 (difference: 2.9)
DEBUG 2025-05-24: Processing tour 18/23: 2025-05-24 19:00:00 at Property 64934 (ESCORTED)
DEBUG 2025-05-24: Tour 18 assigned to 28be1402
DEBUG 2025-05-24: Travel time = 7.3 minutes
DEBUG 2025-05-24: Processing tour 19/23: 2025-05-24 19:00:00 at Property 64938 (ESCORTED)
DEBUG 2025-05-24: Tour 19 assigned to 25ffdb26
DEBUG 2025-05-24: Travel time = 0.0 minutes
DEBUG 2025-05-24: Processing tour 20/23: 2025-05-24 19:00:00 at Property 64933 (ESCORTED)
DEBUG 2025-05-24: Tour 20 assigned to c99885bc
DEBUG 2025-05-24: Travel time = 8.1 minutes
DEBUG 2025-05-24: REASSIGNMENT - Original: 15683175 → New: c99885bc
DEBUG 2025-05-24: Travel change: 14.8 → 8.1 (difference: 6.7)
DEBUG 2025-05-24: Processing tour 21/23: 2025-05-24 19:30:00 at Property 64939 (ESCORTED)
DEBUG 2025-05-24: Tour 21 assigned to 2d4a3e78
DEBUG 2025-05-24: Travel time = 0.0 minutes
DEBUG 2025-05-24: Processing tour 22/23: 2025-05-24 20:00:00 at Property 64933 (ESCORTED)
DEBUG 2025-05-24: Tour 22 assigned to 90976d80
DEBUG 2025-05-24: Travel time = 5.0 minutes
DEBUG 2025-05-24: Processing tour 23/23: 2025-05-24 21:00:00 at Property 64937 (ESCORTED)
DEBUG 2025-05-24: Tour 23 assigned to 90976d80
DEBUG 2025-05-24: Travel time = 5.6 minutes
DEBUG 2025-05-24: Calculated optimized travel (sum method): 59.5
DEBUG 2025-05-24: Validated optimized travel (proven method): 55.9
DEBUG 2025-05-24: Difference: 3.6
DEBUG 2025-05-24: Validated savings: 0.0
DEBUG 2025-05-24: Reassignments made = 15/23
DEBUG 2025-05-24: Optimization complete
================================================================================
