DEBUG 2025-05-30: Starting optimization
DEBUG 2025-05-30: Current travel = 25.7 minutes
DEBUG 2025-05-30: Total tours = 9
DEBUG 2025-05-30: Available agents = 4
DEBUG 2025-05-30: Tour times range from 2025-05-30 14:00:00 to 2025-05-30 22:00:00
DEBUG 2025-05-30: Processing tour 1/9: 2025-05-30 14:00:00 at Property 64937 (ESCORTED)
DEBUG 2025-05-30: Tour 1 assigned to fcb34375
DEBUG 2025-05-30: Travel time = 0.0 minutes
DEBUG 2025-05-30: Processing tour 2/9: 2025-05-30 15:00:00 at Property 64939 (ESCORTED)
DEBUG 2025-05-30: Tour 2 assigned to c99885bc
DEBUG 2025-05-30: Travel time = 0.0 minutes
DEBUG 2025-05-30: REASSIGNMENT - Original: 2d4a3e78 → New: c99885bc
DEBUG 2025-05-30: Travel change: 0.0 → 0.0 (difference: 0.0)
DEBUG 2025-05-30: Processing tour 3/9: 2025-05-30 15:00:00 at Property 64934 (ESCORTED)
DEBUG 2025-05-30: Tour 3 assigned to 2d4a3e78
DEBUG 2025-05-30: Travel time = 0.0 minutes
DEBUG 2025-05-30: REASSIGNMENT - Original: c99885bc → New: 2d4a3e78
DEBUG 2025-05-30: Travel change: 8.0 → 0.0 (difference: 8.0)
DEBUG 2025-05-30: Processing tour 4/9: 2025-05-30 17:00:00 at Property 64941 (ESCORTED)
DEBUG 2025-05-30: Tour 4 assigned to c99885bc
DEBUG 2025-05-30: Travel time = 5.0 minutes
DEBUG 2025-05-30: REASSIGNMENT - Original: 2d4a3e78 → New: c99885bc
DEBUG 2025-05-30: Travel change: 7.7 → 5.0 (difference: 2.7)
DEBUG 2025-05-30: Processing tour 5/9: 2025-05-30 19:00:00 at Property 100490 (ESCORTED)
DEBUG 2025-05-30: Tour 5 assigned to 2d4a3e78
DEBUG 2025-05-30: Travel time = 5.0 minutes
DEBUG 2025-05-30: REASSIGNMENT - Original: fcb34375 → New: 2d4a3e78
DEBUG 2025-05-30: Travel change: 5.3 → 5.0 (difference: 0.3)
DEBUG 2025-05-30: Processing tour 6/9: 2025-05-30 19:30:00 at Property 64935 (ESCORTED)
DEBUG 2025-05-30: Tour 6 assigned to 15683175
DEBUG 2025-05-30: Travel time = 0.0 minutes
DEBUG 2025-05-30: Processing tour 7/9: 2025-05-30 19:30:00 at Property 64939 (ESCORTED)
DEBUG 2025-05-30: Tour 7 assigned to c99885bc
DEBUG 2025-05-30: Travel time = 5.0 minutes
DEBUG 2025-05-30: REASSIGNMENT - Original: 2d4a3e78 → New: c99885bc
DEBUG 2025-05-30: Travel change: 8.8 → 5.0 (difference: 3.8)
DEBUG 2025-05-30: Processing tour 8/9: 2025-05-30 20:00:00 at Property 64935 (ESCORTED)
DEBUG 2025-05-30: Tour 8 assigned to fcb34375
DEBUG 2025-05-30: Travel time = 5.6 minutes
DEBUG 2025-05-30: REASSIGNMENT - Original: c99885bc → New: fcb34375
DEBUG 2025-05-30: Travel change: 8.2 → 5.6 (difference: 2.6)
DEBUG 2025-05-30: Processing tour 9/9: 2025-05-30 21:00:00 at Property 64937 (ESCORTED)
DEBUG 2025-05-30: Tour 9 assigned to fcb34375
DEBUG 2025-05-30: Travel time = 5.6 minutes
DEBUG 2025-05-30: Optimized travel = 26.1 minutes
DEBUG 2025-05-30: Savings = -0.4 minutes
DEBUG 2025-05-30: Reassignments made = 6/9
WARNING 2025-05-30: NEGATIVE SAVINGS! Optimization made things worse.
WARNING 2025-05-30: 0 problematic reassignments found:
DEBUG 2025-05-30: Optimization complete
================================================================================
DEBUG 2025-05-30: Starting optimization
DEBUG 2025-05-30: Current travel = 25.7 minutes
DEBUG 2025-05-30: Total tours = 9
DEBUG 2025-05-30: Available agents = 4
DEBUG 2025-05-30: Tour times range from 2025-05-30 14:00:00 to 2025-05-30 22:00:00
DEBUG 2025-05-30: Processing tour 1/9: 2025-05-30 14:00:00 at Property 64937 (ESCORTED)
DEBUG 2025-05-30: Tour 1 assigned to fcb34375
DEBUG 2025-05-30: Travel time = 0.0 minutes
DEBUG 2025-05-30: Processing tour 2/9: 2025-05-30 15:00:00 at Property 64939 (ESCORTED)
DEBUG 2025-05-30: Tour 2 assigned to c99885bc
DEBUG 2025-05-30: Travel time = 0.0 minutes
DEBUG 2025-05-30: REASSIGNMENT - Original: 2d4a3e78 → New: c99885bc
DEBUG 2025-05-30: Travel change: 0.0 → 0.0 (difference: 0.0)
DEBUG 2025-05-30: Processing tour 3/9: 2025-05-30 15:00:00 at Property 64934 (ESCORTED)
DEBUG 2025-05-30: Tour 3 assigned to 2d4a3e78
DEBUG 2025-05-30: Travel time = 0.0 minutes
DEBUG 2025-05-30: REASSIGNMENT - Original: c99885bc → New: 2d4a3e78
DEBUG 2025-05-30: Travel change: 8.0 → 0.0 (difference: 8.0)
DEBUG 2025-05-30: Processing tour 4/9: 2025-05-30 17:00:00 at Property 64941 (ESCORTED)
DEBUG 2025-05-30: Tour 4 assigned to c99885bc
DEBUG 2025-05-30: Travel time = 5.0 minutes
DEBUG 2025-05-30: REASSIGNMENT - Original: 2d4a3e78 → New: c99885bc
DEBUG 2025-05-30: Travel change: 7.7 → 5.0 (difference: 2.7)
DEBUG 2025-05-30: Processing tour 5/9: 2025-05-30 19:00:00 at Property 100490 (ESCORTED)
DEBUG 2025-05-30: Tour 5 assigned to 2d4a3e78
DEBUG 2025-05-30: Travel time = 5.0 minutes
DEBUG 2025-05-30: REASSIGNMENT - Original: fcb34375 → New: 2d4a3e78
DEBUG 2025-05-30: Travel change: 5.3 → 5.0 (difference: 0.3)
DEBUG 2025-05-30: Processing tour 6/9: 2025-05-30 19:30:00 at Property 64935 (ESCORTED)
DEBUG 2025-05-30: Tour 6 assigned to 15683175
DEBUG 2025-05-30: Travel time = 0.0 minutes
DEBUG 2025-05-30: Processing tour 7/9: 2025-05-30 19:30:00 at Property 64939 (ESCORTED)
DEBUG 2025-05-30: Tour 7 assigned to c99885bc
DEBUG 2025-05-30: Travel time = 5.0 minutes
DEBUG 2025-05-30: REASSIGNMENT - Original: 2d4a3e78 → New: c99885bc
DEBUG 2025-05-30: Travel change: 8.8 → 5.0 (difference: 3.8)
DEBUG 2025-05-30: Processing tour 8/9: 2025-05-30 20:00:00 at Property 64935 (ESCORTED)
DEBUG 2025-05-30: Tour 8 assigned to fcb34375
DEBUG 2025-05-30: Travel time = 5.6 minutes
DEBUG 2025-05-30: REASSIGNMENT - Original: c99885bc → New: fcb34375
DEBUG 2025-05-30: Travel change: 8.2 → 5.6 (difference: 2.6)
DEBUG 2025-05-30: Processing tour 9/9: 2025-05-30 21:00:00 at Property 64937 (ESCORTED)
DEBUG 2025-05-30: Tour 9 assigned to fcb34375
DEBUG 2025-05-30: Travel time = 5.6 minutes
DEBUG 2025-05-30: Optimized travel = 26.1 minutes
DEBUG 2025-05-30: Savings = -0.4 minutes
DEBUG 2025-05-30: Reassignments made = 6/9
WARNING 2025-05-30: NEGATIVE SAVINGS! Optimization made things worse.
WARNING 2025-05-30: 0 problematic reassignments found:
DEBUG 2025-05-30: Optimization complete
================================================================================
DEBUG 2025-05-30: Calculated optimized travel (sum method): 26.1
DEBUG 2025-05-30: Validated optimized travel (proven method): 25.7
DEBUG 2025-05-30: Difference: 0.4
DEBUG 2025-05-30: Validated savings: 0.0
DEBUG 2025-05-30: Starting optimization
DEBUG 2025-05-30: Current travel = 25.7 minutes
DEBUG 2025-05-30: Total tours = 9
DEBUG 2025-05-30: Available agents = 4
DEBUG 2025-05-30: Tour times range from 2025-05-30 14:00:00 to 2025-05-30 22:00:00
DEBUG 2025-05-30: Processing tour 1/9: 2025-05-30 14:00:00 at Property 64937 (ESCORTED)
DEBUG 2025-05-30: Tour 1 assigned to fcb34375
DEBUG 2025-05-30: Travel time = 0.0 minutes
DEBUG 2025-05-30: Processing tour 2/9: 2025-05-30 15:00:00 at Property 64939 (ESCORTED)
DEBUG 2025-05-30: Tour 2 assigned to c99885bc
DEBUG 2025-05-30: Travel time = 0.0 minutes
DEBUG 2025-05-30: REASSIGNMENT - Original: 2d4a3e78 → New: c99885bc
DEBUG 2025-05-30: Travel change: 0.0 → 0.0 (difference: 0.0)
DEBUG 2025-05-30: Processing tour 3/9: 2025-05-30 15:00:00 at Property 64934 (ESCORTED)
DEBUG 2025-05-30: Tour 3 assigned to 2d4a3e78
DEBUG 2025-05-30: Travel time = 0.0 minutes
DEBUG 2025-05-30: REASSIGNMENT - Original: c99885bc → New: 2d4a3e78
DEBUG 2025-05-30: Travel change: 7.9 → 0.0 (difference: 7.9)
DEBUG 2025-05-30: Processing tour 4/9: 2025-05-30 17:00:00 at Property 64941 (ESCORTED)
DEBUG 2025-05-30: Tour 4 assigned to c99885bc
DEBUG 2025-05-30: Travel time = 5.0 minutes
DEBUG 2025-05-30: REASSIGNMENT - Original: 2d4a3e78 → New: c99885bc
DEBUG 2025-05-30: Travel change: 7.6 → 5.0 (difference: 2.6)
DEBUG 2025-05-30: Processing tour 5/9: 2025-05-30 19:00:00 at Property 100490 (ESCORTED)
DEBUG 2025-05-30: Tour 5 assigned to fcb34375
DEBUG 2025-05-30: Travel time = 5.3 minutes
DEBUG 2025-05-30: Processing tour 6/9: 2025-05-30 19:30:00 at Property 64935 (ESCORTED)
DEBUG 2025-05-30: Tour 6 assigned to 15683175
DEBUG 2025-05-30: Travel time = 0.0 minutes
DEBUG 2025-05-30: Processing tour 7/9: 2025-05-30 19:30:00 at Property 64939 (ESCORTED)
DEBUG 2025-05-30: Tour 7 assigned to c99885bc
DEBUG 2025-05-30: Travel time = 5.0 minutes
DEBUG 2025-05-30: REASSIGNMENT - Original: 2d4a3e78 → New: c99885bc
DEBUG 2025-05-30: Travel change: 7.9 → 5.0 (difference: 2.9)
DEBUG 2025-05-30: Processing tour 8/9: 2025-05-30 20:00:00 at Property 64935 (ESCORTED)
DEBUG 2025-05-30: Tour 8 assigned to c99885bc
DEBUG 2025-05-30: Travel time = 8.2 minutes
DEBUG 2025-05-30: Processing tour 9/9: 2025-05-30 21:00:00 at Property 64937 (ESCORTED)
DEBUG 2025-05-30: Tour 9 assigned to fcb34375
DEBUG 2025-05-30: Travel time = 5.3 minutes
DEBUG 2025-05-30: Calculated optimized travel (sum method): 28.8
DEBUG 2025-05-30: Validated optimized travel (proven method): 25.7
DEBUG 2025-05-30: Difference: 3.1
DEBUG 2025-05-30: Validated savings: 0.0
DEBUG 2025-05-30: Reassignments made = 4/9
DEBUG 2025-05-30: Optimization complete
================================================================================
