DEBUG 2025-05-12: Starting optimization
DEBUG 2025-05-12: Current travel = 100.9 minutes
DEBUG 2025-05-12: Total tours = 38
DEBUG 2025-05-12: Available agents = 13
DEBUG 2025-05-12: Tour times range from 2025-05-12 14:00:00 to 2025-05-12 22:00:00
DEBUG 2025-05-12: Processing tour 1/38: 2025-05-12 14:00:00 at Property 64939 (ESCORTED)
DEBUG 2025-05-12: Tour 1 assigned to c827bf27
DEBUG 2025-05-12: Travel time = 0.0 minutes
DEBUG 2025-05-12: Processing tour 2/38: 2025-05-12 15:00:00 at Property 64938 (ESCORTED)
DEBUG 2025-05-12: Tour 2 assigned to 0650940d
DEBUG 2025-05-12: Travel time = 0.0 minutes
DEBUG 2025-05-12: Processing tour 3/38: 2025-05-12 15:30:00 at Property 64939 (ESCORTED)
DEBUG 2025-05-12: Tour 3 assigned to fe3fff05
DEBUG 2025-05-12: Travel time = 0.0 minutes
DEBUG 2025-05-12: REASSIGNMENT - Original: 28be1402 → New: fe3fff05
DEBUG 2025-05-12: Travel change: 0.0 → 0.0 (difference: 0.0)
DEBUG 2025-05-12: Processing tour 4/38: 2025-05-12 15:30:00 at Property 64939 (ESCORTED)
DEBUG 2025-05-12: Tour 4 assigned to 28be1402
DEBUG 2025-05-12: Travel time = 0.0 minutes
DEBUG 2025-05-12: REASSIGNMENT - Original: fe3fff05 → New: 28be1402
DEBUG 2025-05-12: Travel change: 0.0 → 0.0 (difference: 0.0)
DEBUG 2025-05-12: Processing tour 5/38: 2025-05-12 16:00:00 at Property 64937 (ESCORTED)
DEBUG 2025-05-12: Tour 5 assigned to 25ffdb26
DEBUG 2025-05-12: Travel time = 0.0 minutes
DEBUG 2025-05-12: REASSIGNMENT - Original: 90b2922d → New: 25ffdb26
DEBUG 2025-05-12: Travel change: 0.0 → 0.0 (difference: 0.0)
DEBUG 2025-05-12: Processing tour 6/38: 2025-05-12 16:00:00 at Property 64939 (ESCORTED)
DEBUG 2025-05-12: Tour 6 assigned to 25ffdb26
DEBUG 2025-05-12: Travel time = 5.5 minutes
DEBUG 2025-05-12: Processing tour 7/38: 2025-05-12 16:30:00 at Property 64934 (ESCORTED)
DEBUG 2025-05-12: Tour 7 assigned to 90976d80
DEBUG 2025-05-12: Travel time = 0.0 minutes
DEBUG 2025-05-12: REASSIGNMENT - Original: fe3fff05 → New: 90976d80
DEBUG 2025-05-12: Travel change: 8.0 → 0.0 (difference: 8.0)
DEBUG 2025-05-12: Processing tour 8/38: 2025-05-12 16:30:00 at Property 64942 (ESCORTED)
DEBUG 2025-05-12: Tour 8 assigned to 0650940d
DEBUG 2025-05-12: Travel time = 10.0 minutes
DEBUG 2025-05-12: REASSIGNMENT - Original: 90976d80 → New: 0650940d
DEBUG 2025-05-12: Travel change: 7.8 → 10.0 (difference: -2.2)
WARNING 2025-05-12: Reassignment INCREASED travel by 2.2 minutes!
DEBUG 2025-05-12: Processing tour 9/38: 2025-05-12 17:00:00 at Property 64940 (VIRTUAL_TOUR)
DEBUG 2025-05-12: Tour 9 assigned to fe3fff05
DEBUG 2025-05-12: Travel time = 0.0 minutes
DEBUG 2025-05-12: REASSIGNMENT - Original: 0c398d8d → New: fe3fff05
DEBUG 2025-05-12: Travel change: 0.0 → 0.0 (difference: 0.0)
DEBUG 2025-05-12: Processing tour 10/38: 2025-05-12 17:00:00 at Property 64932 (ESCORTED)
DEBUG 2025-05-12: Tour 10 assigned to 0c398d8d
DEBUG 2025-05-12: Travel time = 0.0 minutes
DEBUG 2025-05-12: REASSIGNMENT - Original: 0650940d → New: 0c398d8d
DEBUG 2025-05-12: Travel change: 7.7 → 0.0 (difference: 7.7)
DEBUG 2025-05-12: Processing tour 11/38: 2025-05-12 17:30:00 at Property 64938 (ESCORTED)
DEBUG 2025-05-12: Tour 11 assigned to 2d4a3e78
DEBUG 2025-05-12: Travel time = 0.0 minutes
DEBUG 2025-05-12: REASSIGNMENT - Original: 28be1402 → New: 2d4a3e78
DEBUG 2025-05-12: Travel change: 9.7 → 0.0 (difference: 9.7)
DEBUG 2025-05-12: Processing tour 12/38: 2025-05-12 17:30:00 at Property 64941 (ESCORTED)
DEBUG 2025-05-12: Tour 12 assigned to 25ffdb26
DEBUG 2025-05-12: Travel time = 5.0 minutes
DEBUG 2025-05-12: REASSIGNMENT - Original: 2d4a3e78 → New: 25ffdb26
DEBUG 2025-05-12: Travel change: 10.1 → 5.0 (difference: 5.1)
DEBUG 2025-05-12: Processing tour 13/38: 2025-05-12 18:00:00 at Property 100490 (ESCORTED)
DEBUG 2025-05-12: Tour 13 assigned to c99885bc
DEBUG 2025-05-12: Travel time = 0.0 minutes
DEBUG 2025-05-12: REASSIGNMENT - Original: fe3fff05 → New: c99885bc
DEBUG 2025-05-12: Travel change: 8.8 → 0.0 (difference: 8.8)
DEBUG 2025-05-12: Processing tour 14/38: 2025-05-12 18:00:00 at Property 64934 (VIRTUAL_TOUR)
DEBUG 2025-05-12: Tour 14 assigned to 0650940d
DEBUG 2025-05-12: Travel time = 0.0 minutes
DEBUG 2025-05-12: REASSIGNMENT - Original: c99885bc → New: 0650940d
DEBUG 2025-05-12: Travel change: 0.0 → 0.0 (difference: 0.0)
DEBUG 2025-05-12: Processing tour 15/38: 2025-05-12 18:00:00 at Property 64937 (VIRTUAL_TOUR)
DEBUG 2025-05-12: Tour 15 assigned to 90976d80
DEBUG 2025-05-12: Travel time = 0.0 minutes
DEBUG 2025-05-12: Processing tour 16/38: 2025-05-12 18:00:00 at Property 64939 (ESCORTED)
DEBUG 2025-05-12: Tour 16 assigned to fe3fff05
DEBUG 2025-05-12: Travel time = 0.0 minutes
DEBUG 2025-05-12: REASSIGNMENT - Original: 25ffdb26 → New: fe3fff05
DEBUG 2025-05-12: Travel change: 5.0 → 0.0 (difference: 5.0)
DEBUG 2025-05-12: Processing tour 17/38: 2025-05-12 18:00:00 at Property 64938 (ESCORTED)
DEBUG 2025-05-12: Tour 17 assigned to 28be1402
DEBUG 2025-05-12: Travel time = 9.7 minutes
DEBUG 2025-05-12: REASSIGNMENT - Original: 0c398d8d → New: 28be1402
DEBUG 2025-05-12: Travel change: 13.8 → 9.7 (difference: 4.1)
DEBUG 2025-05-12: Processing tour 18/38: 2025-05-12 18:00:00 at Property 64932 (ESCORTED)
DEBUG 2025-05-12: Tour 18 assigned to 0c398d8d
DEBUG 2025-05-12: Travel time = 0.0 minutes
DEBUG 2025-05-12: REASSIGNMENT - Original: 0650940d → New: 0c398d8d
DEBUG 2025-05-12: Travel change: 7.7 → 0.0 (difference: 7.7)
DEBUG 2025-05-12: Processing tour 19/38: 2025-05-12 18:45:00 at Property 64932 (ESCORTED)
DEBUG 2025-05-12: Tour 19 assigned to 83ace543
DEBUG 2025-05-12: Travel time = 0.0 minutes
DEBUG 2025-05-12: Processing tour 20/38: 2025-05-12 19:00:00 at Property 64933 (ESCORTED)
DEBUG 2025-05-12: Tour 20 assigned to c99885bc
DEBUG 2025-05-12: Travel time = 5.0 minutes
DEBUG 2025-05-12: REASSIGNMENT - Original: fe3fff05 → New: c99885bc
DEBUG 2025-05-12: Travel change: 8.1 → 5.0 (difference: 3.1)
DEBUG 2025-05-12: Processing tour 21/38: 2025-05-12 19:00:00 at Property 64937 (ESCORTED)
DEBUG 2025-05-12: Tour 21 assigned to 25ffdb26
DEBUG 2025-05-12: Travel time = 5.4 minutes
DEBUG 2025-05-12: REASSIGNMENT - Original: 90976d80 → New: 25ffdb26
DEBUG 2025-05-12: Travel change: 5.3 → 5.4 (difference: -0.1)
WARNING 2025-05-12: Reassignment INCREASED travel by 0.1 minutes!
DEBUG 2025-05-12: Processing tour 22/38: 2025-05-12 19:00:00 at Property 64938 (ESCORTED)
DEBUG 2025-05-12: Tour 22 assigned to 2d4a3e78
DEBUG 2025-05-12: Travel time = 0.0 minutes
DEBUG 2025-05-12: REASSIGNMENT - Original: 0c398d8d → New: 2d4a3e78
DEBUG 2025-05-12: Travel change: 13.8 → 0.0 (difference: 13.8)
DEBUG 2025-05-12: Processing tour 23/38: 2025-05-12 19:00:00 at Property 64932 (ESCORTED)
DEBUG 2025-05-12: Tour 23 assigned to 0c398d8d
DEBUG 2025-05-12: Travel time = 0.0 minutes
DEBUG 2025-05-12: REASSIGNMENT - Original: 0650940d → New: 0c398d8d
DEBUG 2025-05-12: Travel change: 7.7 → 0.0 (difference: 7.7)
DEBUG 2025-05-12: Processing tour 24/38: 2025-05-12 19:00:00 at Property 64933 (ESCORTED)
DEBUG 2025-05-12: Tour 24 assigned to c99885bc
DEBUG 2025-05-12: Travel time = 0.0 minutes
DEBUG 2025-05-12: Processing tour 25/38: 2025-05-12 19:30:00 at Property 64938 (ESCORTED)
DEBUG 2025-05-12: Tour 25 assigned to 28be1402
DEBUG 2025-05-12: Travel time = 0.0 minutes
DEBUG 2025-05-12: REASSIGNMENT - Original: cd0ff517 → New: 28be1402
DEBUG 2025-05-12: Travel change: 0.0 → 0.0 (difference: 0.0)
DEBUG 2025-05-12: Processing tour 26/38: 2025-05-12 19:30:00 at Property 100490 (ESCORTED)
DEBUG 2025-05-12: Tour 26 assigned to 44f184d5
DEBUG 2025-05-12: Travel time = 0.0 minutes
DEBUG 2025-05-12: Processing tour 27/38: 2025-05-12 19:30:00 at Property 64940 (ESCORTED)
DEBUG 2025-05-12: Tour 27 assigned to cd0ff517
DEBUG 2025-05-12: Travel time = 0.0 minutes
DEBUG 2025-05-12: REASSIGNMENT - Original: 2d4a3e78 → New: cd0ff517
DEBUG 2025-05-12: Travel change: 9.9 → 0.0 (difference: 9.9)
DEBUG 2025-05-12: Processing tour 28/38: 2025-05-12 19:30:00 at Property 64933 (ESCORTED)
DEBUG 2025-05-12: Tour 28 assigned to 90976d80
DEBUG 2025-05-12: Travel time = 5.0 minutes
DEBUG 2025-05-12: REASSIGNMENT - Original: 28be1402 → New: 90976d80
DEBUG 2025-05-12: Travel change: 14.8 → 5.0 (difference: 9.8)
DEBUG 2025-05-12: Processing tour 29/38: 2025-05-12 19:30:00 at Property 64933 (ESCORTED)
DEBUG 2025-05-12: Tour 29 assigned to 0650940d
DEBUG 2025-05-12: Travel time = 7.9 minutes
DEBUG 2025-05-12: REASSIGNMENT - Original: 25ffdb26 → New: 0650940d
DEBUG 2025-05-12: Travel change: 5.6 → 7.9 (difference: -2.3)
WARNING 2025-05-12: Reassignment INCREASED travel by 2.3 minutes!
DEBUG 2025-05-12: Processing tour 30/38: 2025-05-12 19:45:00 at Property 64932 (ESCORTED)
DEBUG 2025-05-12: Tour 30 assigned to fe3fff05
DEBUG 2025-05-12: Travel time = 7.9 minutes
DEBUG 2025-05-12: REASSIGNMENT - Original: 0650940d → New: fe3fff05
DEBUG 2025-05-12: Travel change: 5.0 → 7.9 (difference: -2.9)
WARNING 2025-05-12: Reassignment INCREASED travel by 2.9 minutes!
DEBUG 2025-05-12: Processing tour 31/38: 2025-05-12 20:00:00 at Property 64932 (ESCORTED)
DEBUG 2025-05-12: Tour 31 assigned to 0c398d8d
DEBUG 2025-05-12: Travel time = 0.0 minutes
DEBUG 2025-05-12: REASSIGNMENT - Original: 0650940d → New: 0c398d8d
DEBUG 2025-05-12: Travel change: 5.0 → 0.0 (difference: 5.0)
DEBUG 2025-05-12: Processing tour 32/38: 2025-05-12 20:00:00 at Property 64939 (ESCORTED)
DEBUG 2025-05-12: Tour 32 assigned to 90976d80
DEBUG 2025-05-12: Travel time = 8.1 minutes
DEBUG 2025-05-12: Processing tour 33/38: 2025-05-12 20:30:00 at Property 64937 (ESCORTED)
DEBUG 2025-05-12: Tour 33 assigned to 25ffdb26
DEBUG 2025-05-12: Travel time = 0.0 minutes
DEBUG 2025-05-12: REASSIGNMENT - Original: 28be1402 → New: 25ffdb26
DEBUG 2025-05-12: Travel change: 11.2 → 0.0 (difference: 11.2)
DEBUG 2025-05-12: Processing tour 34/38: 2025-05-12 20:30:00 at Property 64938 (ESCORTED)
DEBUG 2025-05-12: Tour 34 assigned to 0c398d8d
DEBUG 2025-05-12: Travel time = 13.8 minutes
DEBUG 2025-05-12: Processing tour 35/38: 2025-05-12 21:00:00 at Property 84770 (ESCORTED)
DEBUG 2025-05-12: Tour 35 assigned to 0650940d
DEBUG 2025-05-12: Travel time = 5.0 minutes
DEBUG 2025-05-12: REASSIGNMENT - Original: fe3fff05 → New: 0650940d
DEBUG 2025-05-12: Travel change: 5.0 → 5.0 (difference: 0.0)
DEBUG 2025-05-12: Processing tour 36/38: 2025-05-12 21:00:00 at Property 64941 (ESCORTED)
DEBUG 2025-05-12: Tour 36 assigned to 90976d80
DEBUG 2025-05-12: Travel time = 5.0 minutes
DEBUG 2025-05-12: Processing tour 37/38: 2025-05-12 21:00:00 at Property 84770 (ESCORTED)
DEBUG 2025-05-12: Tour 37 assigned to 25ffdb26
DEBUG 2025-05-12: Travel time = 5.2 minutes
DEBUG 2025-05-12: Processing tour 38/38: 2025-05-12 21:00:00 at Property 64932 (ESCORTED)
DEBUG 2025-05-12: Tour 38 assigned to 0650940d
DEBUG 2025-05-12: Travel time = 5.0 minutes
DEBUG 2025-05-12: Optimized travel = 103.5 minutes
DEBUG 2025-05-12: Savings = -2.6 minutes
DEBUG 2025-05-12: Reassignments made = 26/38
WARNING 2025-05-12: NEGATIVE SAVINGS! Optimization made things worse.
WARNING 2025-05-12: 4 problematic reassignments found:
  - Tour at 2025-05-12 16:30:00: 90976d80 → 0650940d (+2.2 min)
  - Tour at 2025-05-12 19:00:00: 90976d80 → 25ffdb26 (+0.1 min)
  - Tour at 2025-05-12 19:30:00: 25ffdb26 → 0650940d (+2.3 min)
  - Tour at 2025-05-12 19:45:00: 0650940d → fe3fff05 (+2.9 min)
DEBUG 2025-05-12: Optimization complete
================================================================================
DEBUG 2025-05-12: Starting optimization
DEBUG 2025-05-12: Current travel = 102.6 minutes
DEBUG 2025-05-12: Total tours = 38
DEBUG 2025-05-12: Available agents = 13
DEBUG 2025-05-12: Tour times range from 2025-05-12 14:00:00 to 2025-05-12 22:00:00
DEBUG 2025-05-12: Processing tour 1/38: 2025-05-12 14:00:00 at Property 64939 (ESCORTED)
DEBUG 2025-05-12: Tour 1 assigned to c827bf27
DEBUG 2025-05-12: Travel time = 0.0 minutes
DEBUG 2025-05-12: Processing tour 2/38: 2025-05-12 15:00:00 at Property 64938 (ESCORTED)
DEBUG 2025-05-12: Tour 2 assigned to 0650940d
DEBUG 2025-05-12: Travel time = 0.0 minutes
DEBUG 2025-05-12: Processing tour 3/38: 2025-05-12 15:30:00 at Property 64939 (ESCORTED)
DEBUG 2025-05-12: Tour 3 assigned to fe3fff05
DEBUG 2025-05-12: Travel time = 0.0 minutes
DEBUG 2025-05-12: REASSIGNMENT - Original: 28be1402 → New: fe3fff05
DEBUG 2025-05-12: Travel change: 0.0 → 0.0 (difference: 0.0)
DEBUG 2025-05-12: Processing tour 4/38: 2025-05-12 15:30:00 at Property 64939 (ESCORTED)
DEBUG 2025-05-12: Tour 4 assigned to 28be1402
DEBUG 2025-05-12: Travel time = 0.0 minutes
DEBUG 2025-05-12: REASSIGNMENT - Original: fe3fff05 → New: 28be1402
DEBUG 2025-05-12: Travel change: 0.0 → 0.0 (difference: 0.0)
DEBUG 2025-05-12: Processing tour 5/38: 2025-05-12 16:00:00 at Property 64937 (ESCORTED)
DEBUG 2025-05-12: Tour 5 assigned to 25ffdb26
DEBUG 2025-05-12: Travel time = 0.0 minutes
DEBUG 2025-05-12: REASSIGNMENT - Original: 90b2922d → New: 25ffdb26
DEBUG 2025-05-12: Travel change: 0.0 → 0.0 (difference: 0.0)
DEBUG 2025-05-12: Processing tour 6/38: 2025-05-12 16:00:00 at Property 64939 (ESCORTED)
DEBUG 2025-05-12: Tour 6 assigned to 25ffdb26
DEBUG 2025-05-12: Travel time = 5.5 minutes
DEBUG 2025-05-12: Processing tour 7/38: 2025-05-12 16:30:00 at Property 64934 (ESCORTED)
DEBUG 2025-05-12: Tour 7 assigned to 90976d80
DEBUG 2025-05-12: Travel time = 0.0 minutes
DEBUG 2025-05-12: REASSIGNMENT - Original: fe3fff05 → New: 90976d80
DEBUG 2025-05-12: Travel change: 8.0 → 0.0 (difference: 8.0)
DEBUG 2025-05-12: Processing tour 8/38: 2025-05-12 16:30:00 at Property 64942 (ESCORTED)
DEBUG 2025-05-12: Tour 8 assigned to 0650940d
DEBUG 2025-05-12: Travel time = 15.5 minutes
DEBUG 2025-05-12: REASSIGNMENT - Original: 90976d80 → New: 0650940d
DEBUG 2025-05-12: Travel change: 5.2 → 15.5 (difference: -10.3)
WARNING 2025-05-12: Reassignment INCREASED travel by 10.3 minutes!
DEBUG 2025-05-12: Processing tour 9/38: 2025-05-12 17:00:00 at Property 64940 (VIRTUAL_TOUR)
DEBUG 2025-05-12: Tour 9 assigned to fe3fff05
DEBUG 2025-05-12: Travel time = 0.0 minutes
DEBUG 2025-05-12: REASSIGNMENT - Original: 0c398d8d → New: fe3fff05
DEBUG 2025-05-12: Travel change: 0.0 → 0.0 (difference: 0.0)
DEBUG 2025-05-12: Processing tour 10/38: 2025-05-12 17:00:00 at Property 64932 (ESCORTED)
DEBUG 2025-05-12: Tour 10 assigned to 0c398d8d
DEBUG 2025-05-12: Travel time = 0.0 minutes
DEBUG 2025-05-12: REASSIGNMENT - Original: 0650940d → New: 0c398d8d
DEBUG 2025-05-12: Travel change: 6.3 → 0.0 (difference: 6.3)
DEBUG 2025-05-12: Processing tour 11/38: 2025-05-12 17:30:00 at Property 64938 (ESCORTED)
DEBUG 2025-05-12: Tour 11 assigned to 2d4a3e78
DEBUG 2025-05-12: Travel time = 0.0 minutes
DEBUG 2025-05-12: REASSIGNMENT - Original: 28be1402 → New: 2d4a3e78
DEBUG 2025-05-12: Travel change: 9.7 → 0.0 (difference: 9.7)
DEBUG 2025-05-12: Processing tour 12/38: 2025-05-12 17:30:00 at Property 64941 (ESCORTED)
DEBUG 2025-05-12: Tour 12 assigned to 25ffdb26
DEBUG 2025-05-12: Travel time = 5.0 minutes
DEBUG 2025-05-12: REASSIGNMENT - Original: 2d4a3e78 → New: 25ffdb26
DEBUG 2025-05-12: Travel change: 10.1 → 5.0 (difference: 5.1)
DEBUG 2025-05-12: Processing tour 13/38: 2025-05-12 18:00:00 at Property 100490 (ESCORTED)
DEBUG 2025-05-12: Tour 13 assigned to c99885bc
DEBUG 2025-05-12: Travel time = 0.0 minutes
DEBUG 2025-05-12: REASSIGNMENT - Original: fe3fff05 → New: c99885bc
DEBUG 2025-05-12: Travel change: 8.8 → 0.0 (difference: 8.8)
DEBUG 2025-05-12: Processing tour 14/38: 2025-05-12 18:00:00 at Property 64934 (VIRTUAL_TOUR)
DEBUG 2025-05-12: Tour 14 assigned to 0650940d
DEBUG 2025-05-12: Travel time = 0.0 minutes
DEBUG 2025-05-12: REASSIGNMENT - Original: c99885bc → New: 0650940d
DEBUG 2025-05-12: Travel change: 0.0 → 0.0 (difference: 0.0)
DEBUG 2025-05-12: Processing tour 15/38: 2025-05-12 18:00:00 at Property 64937 (VIRTUAL_TOUR)
DEBUG 2025-05-12: Tour 15 assigned to 90976d80
DEBUG 2025-05-12: Travel time = 0.0 minutes
DEBUG 2025-05-12: Processing tour 16/38: 2025-05-12 18:00:00 at Property 64939 (ESCORTED)
DEBUG 2025-05-12: Tour 16 assigned to fe3fff05
DEBUG 2025-05-12: Travel time = 0.0 minutes
DEBUG 2025-05-12: REASSIGNMENT - Original: 25ffdb26 → New: fe3fff05
DEBUG 2025-05-12: Travel change: 5.0 → 0.0 (difference: 5.0)
DEBUG 2025-05-12: Processing tour 17/38: 2025-05-12 18:00:00 at Property 64938 (ESCORTED)
DEBUG 2025-05-12: Tour 17 assigned to 28be1402
DEBUG 2025-05-12: Travel time = 9.7 minutes
DEBUG 2025-05-12: REASSIGNMENT - Original: 0c398d8d → New: 28be1402
DEBUG 2025-05-12: Travel change: 13.8 → 9.7 (difference: 4.1)
DEBUG 2025-05-12: Processing tour 18/38: 2025-05-12 18:00:00 at Property 64932 (ESCORTED)
DEBUG 2025-05-12: Tour 18 assigned to 0c398d8d
DEBUG 2025-05-12: Travel time = 0.0 minutes
DEBUG 2025-05-12: REASSIGNMENT - Original: 0650940d → New: 0c398d8d
DEBUG 2025-05-12: Travel change: 6.3 → 0.0 (difference: 6.3)
DEBUG 2025-05-12: Processing tour 19/38: 2025-05-12 18:45:00 at Property 64932 (ESCORTED)
DEBUG 2025-05-12: Tour 19 assigned to 83ace543
DEBUG 2025-05-12: Travel time = 0.0 minutes
DEBUG 2025-05-12: Processing tour 20/38: 2025-05-12 19:00:00 at Property 64933 (ESCORTED)
DEBUG 2025-05-12: Tour 20 assigned to c99885bc
DEBUG 2025-05-12: Travel time = 5.0 minutes
DEBUG 2025-05-12: REASSIGNMENT - Original: fe3fff05 → New: c99885bc
DEBUG 2025-05-12: Travel change: 8.1 → 5.0 (difference: 3.1)
DEBUG 2025-05-12: Processing tour 21/38: 2025-05-12 19:00:00 at Property 64937 (ESCORTED)
DEBUG 2025-05-12: Tour 21 assigned to 25ffdb26
DEBUG 2025-05-12: Travel time = 5.4 minutes
DEBUG 2025-05-12: REASSIGNMENT - Original: 90976d80 → New: 25ffdb26
DEBUG 2025-05-12: Travel change: 5.3 → 5.4 (difference: -0.1)
WARNING 2025-05-12: Reassignment INCREASED travel by 0.1 minutes!
DEBUG 2025-05-12: Processing tour 22/38: 2025-05-12 19:00:00 at Property 64938 (ESCORTED)
DEBUG 2025-05-12: Tour 22 assigned to 2d4a3e78
DEBUG 2025-05-12: Travel time = 0.0 minutes
DEBUG 2025-05-12: REASSIGNMENT - Original: 0c398d8d → New: 2d4a3e78
DEBUG 2025-05-12: Travel change: 13.8 → 0.0 (difference: 13.8)
DEBUG 2025-05-12: Processing tour 23/38: 2025-05-12 19:00:00 at Property 64932 (ESCORTED)
DEBUG 2025-05-12: Tour 23 assigned to 0c398d8d
DEBUG 2025-05-12: Travel time = 0.0 minutes
DEBUG 2025-05-12: REASSIGNMENT - Original: 0650940d → New: 0c398d8d
DEBUG 2025-05-12: Travel change: 6.3 → 0.0 (difference: 6.3)
DEBUG 2025-05-12: Processing tour 24/38: 2025-05-12 19:00:00 at Property 64933 (ESCORTED)
DEBUG 2025-05-12: Tour 24 assigned to c99885bc
DEBUG 2025-05-12: Travel time = 0.0 minutes
DEBUG 2025-05-12: Processing tour 25/38: 2025-05-12 19:30:00 at Property 64938 (ESCORTED)
DEBUG 2025-05-12: Tour 25 assigned to 28be1402
DEBUG 2025-05-12: Travel time = 0.0 minutes
DEBUG 2025-05-12: REASSIGNMENT - Original: cd0ff517 → New: 28be1402
DEBUG 2025-05-12: Travel change: 0.0 → 0.0 (difference: 0.0)
DEBUG 2025-05-12: Processing tour 26/38: 2025-05-12 19:30:00 at Property 100490 (ESCORTED)
DEBUG 2025-05-12: Tour 26 assigned to 44f184d5
DEBUG 2025-05-12: Travel time = 0.0 minutes
DEBUG 2025-05-12: Processing tour 27/38: 2025-05-12 19:30:00 at Property 64940 (ESCORTED)
DEBUG 2025-05-12: Tour 27 assigned to cd0ff517
DEBUG 2025-05-12: Travel time = 0.0 minutes
DEBUG 2025-05-12: REASSIGNMENT - Original: 2d4a3e78 → New: cd0ff517
DEBUG 2025-05-12: Travel change: 9.9 → 0.0 (difference: 9.9)
DEBUG 2025-05-12: Processing tour 28/38: 2025-05-12 19:30:00 at Property 64933 (ESCORTED)
DEBUG 2025-05-12: Tour 28 assigned to 0650940d
DEBUG 2025-05-12: Travel time = 5.0 minutes
DEBUG 2025-05-12: REASSIGNMENT - Original: 28be1402 → New: 0650940d
DEBUG 2025-05-12: Travel change: 14.8 → 5.0 (difference: 9.8)
DEBUG 2025-05-12: Processing tour 29/38: 2025-05-12 19:30:00 at Property 64933 (ESCORTED)
DEBUG 2025-05-12: Tour 29 assigned to 90976d80
DEBUG 2025-05-12: Travel time = 5.0 minutes
DEBUG 2025-05-12: REASSIGNMENT - Original: 25ffdb26 → New: 90976d80
DEBUG 2025-05-12: Travel change: 5.6 → 5.0 (difference: 0.6)
DEBUG 2025-05-12: Processing tour 30/38: 2025-05-12 19:45:00 at Property 64932 (ESCORTED)
DEBUG 2025-05-12: Tour 30 assigned to fe3fff05
DEBUG 2025-05-12: Travel time = 7.9 minutes
DEBUG 2025-05-12: REASSIGNMENT - Original: 0650940d → New: fe3fff05
DEBUG 2025-05-12: Travel change: 5.0 → 7.9 (difference: -2.9)
WARNING 2025-05-12: Reassignment INCREASED travel by 2.9 minutes!
DEBUG 2025-05-12: Processing tour 31/38: 2025-05-12 20:00:00 at Property 64932 (ESCORTED)
DEBUG 2025-05-12: Tour 31 assigned to 0c398d8d
DEBUG 2025-05-12: Travel time = 0.0 minutes
DEBUG 2025-05-12: REASSIGNMENT - Original: 0650940d → New: 0c398d8d
DEBUG 2025-05-12: Travel change: 5.0 → 0.0 (difference: 5.0)
DEBUG 2025-05-12: Processing tour 32/38: 2025-05-12 20:00:00 at Property 64939 (ESCORTED)
DEBUG 2025-05-12: Tour 32 assigned to 90976d80
DEBUG 2025-05-12: Travel time = 8.1 minutes
DEBUG 2025-05-12: Processing tour 33/38: 2025-05-12 20:30:00 at Property 64937 (ESCORTED)
DEBUG 2025-05-12: Tour 33 assigned to 25ffdb26
DEBUG 2025-05-12: Travel time = 0.0 minutes
DEBUG 2025-05-12: REASSIGNMENT - Original: 28be1402 → New: 25ffdb26
DEBUG 2025-05-12: Travel change: 11.2 → 0.0 (difference: 11.2)
DEBUG 2025-05-12: Processing tour 34/38: 2025-05-12 20:30:00 at Property 64938 (ESCORTED)
DEBUG 2025-05-12: Tour 34 assigned to 0c398d8d
DEBUG 2025-05-12: Travel time = 13.8 minutes
DEBUG 2025-05-12: Processing tour 35/38: 2025-05-12 21:00:00 at Property 84770 (ESCORTED)
DEBUG 2025-05-12: Tour 35 assigned to 0650940d
DEBUG 2025-05-12: Travel time = 5.0 minutes
DEBUG 2025-05-12: REASSIGNMENT - Original: fe3fff05 → New: 0650940d
DEBUG 2025-05-12: Travel change: 5.0 → 5.0 (difference: 0.0)
DEBUG 2025-05-12: Processing tour 36/38: 2025-05-12 21:00:00 at Property 64941 (ESCORTED)
DEBUG 2025-05-12: Tour 36 assigned to 90976d80
DEBUG 2025-05-12: Travel time = 5.0 minutes
DEBUG 2025-05-12: Processing tour 37/38: 2025-05-12 21:00:00 at Property 84770 (ESCORTED)
DEBUG 2025-05-12: Tour 37 assigned to 25ffdb26
DEBUG 2025-05-12: Travel time = 5.2 minutes
DEBUG 2025-05-12: Processing tour 38/38: 2025-05-12 21:00:00 at Property 64932 (ESCORTED)
DEBUG 2025-05-12: Tour 38 assigned to 0650940d
DEBUG 2025-05-12: Travel time = 5.0 minutes
DEBUG 2025-05-12: Optimized travel = 106.1 minutes
DEBUG 2025-05-12: Savings = -3.5 minutes
DEBUG 2025-05-12: Reassignments made = 26/38
WARNING 2025-05-12: NEGATIVE SAVINGS! Optimization made things worse.
WARNING 2025-05-12: 3 problematic reassignments found:
  - Tour at 2025-05-12 16:30:00: 90976d80 → 0650940d (+10.3 min)
  - Tour at 2025-05-12 19:00:00: 90976d80 → 25ffdb26 (+0.1 min)
  - Tour at 2025-05-12 19:45:00: 0650940d → fe3fff05 (+2.9 min)
DEBUG 2025-05-12: Optimization complete
================================================================================
DEBUG 2025-05-12: Calculated optimized travel (sum method): 106.1
DEBUG 2025-05-12: Validated optimized travel (proven method): 102.6
DEBUG 2025-05-12: Difference: 3.5
DEBUG 2025-05-12: Validated savings: 0.0
DEBUG 2025-05-12: Starting optimization
DEBUG 2025-05-12: Current travel = 104.8 minutes
DEBUG 2025-05-12: Total tours = 38
DEBUG 2025-05-12: Available agents = 13
DEBUG 2025-05-12: Tour times range from 2025-05-12 14:00:00 to 2025-05-12 22:00:00
DEBUG 2025-05-12: Processing tour 1/38: 2025-05-12 14:00:00 at Property 64939 (ESCORTED)
DEBUG 2025-05-12: Tour 1 assigned to c827bf27
DEBUG 2025-05-12: Travel time = 0.0 minutes
DEBUG 2025-05-12: Processing tour 2/38: 2025-05-12 15:00:00 at Property 64938 (ESCORTED)
DEBUG 2025-05-12: Tour 2 assigned to 0650940d
DEBUG 2025-05-12: Travel time = 0.0 minutes
DEBUG 2025-05-12: Processing tour 3/38: 2025-05-12 15:30:00 at Property 64939 (ESCORTED)
DEBUG 2025-05-12: Tour 3 assigned to fe3fff05
DEBUG 2025-05-12: Travel time = 0.0 minutes
DEBUG 2025-05-12: REASSIGNMENT - Original: 28be1402 → New: fe3fff05
DEBUG 2025-05-12: Travel change: 0.0 → 0.0 (difference: 0.0)
DEBUG 2025-05-12: Processing tour 4/38: 2025-05-12 15:30:00 at Property 64939 (ESCORTED)
DEBUG 2025-05-12: Tour 4 assigned to 28be1402
DEBUG 2025-05-12: Travel time = 0.0 minutes
DEBUG 2025-05-12: REASSIGNMENT - Original: fe3fff05 → New: 28be1402
DEBUG 2025-05-12: Travel change: 0.0 → 0.0 (difference: 0.0)
DEBUG 2025-05-12: Processing tour 5/38: 2025-05-12 16:00:00 at Property 64937 (ESCORTED)
DEBUG 2025-05-12: Tour 5 assigned to 25ffdb26
DEBUG 2025-05-12: Travel time = 0.0 minutes
DEBUG 2025-05-12: REASSIGNMENT - Original: 90b2922d → New: 25ffdb26
DEBUG 2025-05-12: Travel change: 0.0 → 0.0 (difference: 0.0)
DEBUG 2025-05-12: Processing tour 6/38: 2025-05-12 16:00:00 at Property 64939 (ESCORTED)
DEBUG 2025-05-12: Tour 6 assigned to 25ffdb26
DEBUG 2025-05-12: Travel time = 5.5 minutes
DEBUG 2025-05-12: Processing tour 7/38: 2025-05-12 16:30:00 at Property 64934 (ESCORTED)
DEBUG 2025-05-12: Tour 7 assigned to 90976d80
DEBUG 2025-05-12: Travel time = 0.0 minutes
DEBUG 2025-05-12: REASSIGNMENT - Original: fe3fff05 → New: 90976d80
DEBUG 2025-05-12: Travel change: 7.9 → 0.0 (difference: 7.9)
DEBUG 2025-05-12: Processing tour 8/38: 2025-05-12 16:30:00 at Property 64942 (ESCORTED)
DEBUG 2025-05-12: Tour 8 assigned to 0650940d
DEBUG 2025-05-12: Travel time = 15.5 minutes
DEBUG 2025-05-12: REASSIGNMENT - Original: 90976d80 → New: 0650940d
DEBUG 2025-05-12: Travel change: 5.0 → 15.5 (difference: -10.5)
WARNING 2025-05-12: Reassignment INCREASED travel by 10.5 minutes!
DEBUG 2025-05-12: Processing tour 9/38: 2025-05-12 17:00:00 at Property 64940 (VIRTUAL_TOUR)
DEBUG 2025-05-12: Tour 9 assigned to fe3fff05
DEBUG 2025-05-12: Travel time = 0.0 minutes
DEBUG 2025-05-12: REASSIGNMENT - Original: 0c398d8d → New: fe3fff05
DEBUG 2025-05-12: Travel change: 0.0 → 0.0 (difference: 0.0)
DEBUG 2025-05-12: Processing tour 10/38: 2025-05-12 17:00:00 at Property 64932 (ESCORTED)
DEBUG 2025-05-12: Tour 10 assigned to 0c398d8d
DEBUG 2025-05-12: Travel time = 0.0 minutes
DEBUG 2025-05-12: REASSIGNMENT - Original: 0650940d → New: 0c398d8d
DEBUG 2025-05-12: Travel change: 6.3 → 0.0 (difference: 6.3)
DEBUG 2025-05-12: Processing tour 11/38: 2025-05-12 17:30:00 at Property 64938 (ESCORTED)
DEBUG 2025-05-12: Tour 11 assigned to 2d4a3e78
DEBUG 2025-05-12: Travel time = 0.0 minutes
DEBUG 2025-05-12: REASSIGNMENT - Original: 28be1402 → New: 2d4a3e78
DEBUG 2025-05-12: Travel change: 9.7 → 0.0 (difference: 9.7)
DEBUG 2025-05-12: Processing tour 12/38: 2025-05-12 17:30:00 at Property 64941 (ESCORTED)
DEBUG 2025-05-12: Tour 12 assigned to 25ffdb26
DEBUG 2025-05-12: Travel time = 5.0 minutes
DEBUG 2025-05-12: REASSIGNMENT - Original: 2d4a3e78 → New: 25ffdb26
DEBUG 2025-05-12: Travel change: 10.1 → 5.0 (difference: 5.1)
DEBUG 2025-05-12: Processing tour 13/38: 2025-05-12 18:00:00 at Property 100490 (ESCORTED)
DEBUG 2025-05-12: Tour 13 assigned to c99885bc
DEBUG 2025-05-12: Travel time = 0.0 minutes
DEBUG 2025-05-12: REASSIGNMENT - Original: fe3fff05 → New: c99885bc
DEBUG 2025-05-12: Travel change: 8.8 → 0.0 (difference: 8.8)
DEBUG 2025-05-12: Processing tour 14/38: 2025-05-12 18:00:00 at Property 64934 (VIRTUAL_TOUR)
DEBUG 2025-05-12: Tour 14 assigned to 0650940d
DEBUG 2025-05-12: Travel time = 0.0 minutes
DEBUG 2025-05-12: REASSIGNMENT - Original: c99885bc → New: 0650940d
DEBUG 2025-05-12: Travel change: 0.0 → 0.0 (difference: 0.0)
DEBUG 2025-05-12: Processing tour 15/38: 2025-05-12 18:00:00 at Property 64937 (VIRTUAL_TOUR)
DEBUG 2025-05-12: Tour 15 assigned to 90976d80
DEBUG 2025-05-12: Travel time = 0.0 minutes
DEBUG 2025-05-12: Processing tour 16/38: 2025-05-12 18:00:00 at Property 64939 (ESCORTED)
DEBUG 2025-05-12: Tour 16 assigned to fe3fff05
DEBUG 2025-05-12: Travel time = 0.0 minutes
DEBUG 2025-05-12: REASSIGNMENT - Original: 25ffdb26 → New: fe3fff05
DEBUG 2025-05-12: Travel change: 5.0 → 0.0 (difference: 5.0)
DEBUG 2025-05-12: Processing tour 17/38: 2025-05-12 18:00:00 at Property 64938 (ESCORTED)
DEBUG 2025-05-12: Tour 17 assigned to 28be1402
DEBUG 2025-05-12: Travel time = 9.7 minutes
DEBUG 2025-05-12: REASSIGNMENT - Original: 0c398d8d → New: 28be1402
DEBUG 2025-05-12: Travel change: 13.8 → 9.7 (difference: 4.1)
DEBUG 2025-05-12: Processing tour 18/38: 2025-05-12 18:00:00 at Property 64932 (ESCORTED)
DEBUG 2025-05-12: Tour 18 assigned to 0c398d8d
DEBUG 2025-05-12: Travel time = 0.0 minutes
DEBUG 2025-05-12: REASSIGNMENT - Original: 0650940d → New: 0c398d8d
DEBUG 2025-05-12: Travel change: 6.3 → 0.0 (difference: 6.3)
DEBUG 2025-05-12: Processing tour 19/38: 2025-05-12 18:45:00 at Property 64932 (ESCORTED)
DEBUG 2025-05-12: Tour 19 assigned to 83ace543
DEBUG 2025-05-12: Travel time = 0.0 minutes
DEBUG 2025-05-12: Processing tour 20/38: 2025-05-12 19:00:00 at Property 64933 (ESCORTED)
DEBUG 2025-05-12: Tour 20 assigned to c99885bc
DEBUG 2025-05-12: Travel time = 5.0 minutes
DEBUG 2025-05-12: REASSIGNMENT - Original: fe3fff05 → New: c99885bc
DEBUG 2025-05-12: Travel change: 8.1 → 5.0 (difference: 3.1)
DEBUG 2025-05-12: Processing tour 21/38: 2025-05-12 19:00:00 at Property 64937 (ESCORTED)
DEBUG 2025-05-12: Tour 21 assigned to 25ffdb26
DEBUG 2025-05-12: Travel time = 5.4 minutes
DEBUG 2025-05-12: REASSIGNMENT - Original: 90976d80 → New: 25ffdb26
DEBUG 2025-05-12: Travel change: 7.1 → 5.4 (difference: 1.7)
DEBUG 2025-05-12: Processing tour 22/38: 2025-05-12 19:00:00 at Property 64938 (ESCORTED)
DEBUG 2025-05-12: Tour 22 assigned to 2d4a3e78
DEBUG 2025-05-12: Travel time = 0.0 minutes
DEBUG 2025-05-12: REASSIGNMENT - Original: 0c398d8d → New: 2d4a3e78
DEBUG 2025-05-12: Travel change: 13.8 → 0.0 (difference: 13.8)
DEBUG 2025-05-12: Processing tour 23/38: 2025-05-12 19:00:00 at Property 64932 (ESCORTED)
DEBUG 2025-05-12: Tour 23 assigned to 0c398d8d
DEBUG 2025-05-12: Travel time = 0.0 minutes
DEBUG 2025-05-12: REASSIGNMENT - Original: 0650940d → New: 0c398d8d
DEBUG 2025-05-12: Travel change: 6.3 → 0.0 (difference: 6.3)
DEBUG 2025-05-12: Processing tour 24/38: 2025-05-12 19:00:00 at Property 64933 (ESCORTED)
DEBUG 2025-05-12: Tour 24 assigned to c99885bc
DEBUG 2025-05-12: Travel time = 0.0 minutes
DEBUG 2025-05-12: Processing tour 25/38: 2025-05-12 19:30:00 at Property 64938 (ESCORTED)
DEBUG 2025-05-12: Tour 25 assigned to 28be1402
DEBUG 2025-05-12: Travel time = 0.0 minutes
DEBUG 2025-05-12: REASSIGNMENT - Original: cd0ff517 → New: 28be1402
DEBUG 2025-05-12: Travel change: 0.0 → 0.0 (difference: 0.0)
DEBUG 2025-05-12: Processing tour 26/38: 2025-05-12 19:30:00 at Property 100490 (ESCORTED)
DEBUG 2025-05-12: Tour 26 assigned to 44f184d5
DEBUG 2025-05-12: Travel time = 0.0 minutes
DEBUG 2025-05-12: Processing tour 27/38: 2025-05-12 19:30:00 at Property 64940 (ESCORTED)
DEBUG 2025-05-12: Tour 27 assigned to cd0ff517
DEBUG 2025-05-12: Travel time = 0.0 minutes
DEBUG 2025-05-12: REASSIGNMENT - Original: 2d4a3e78 → New: cd0ff517
DEBUG 2025-05-12: Travel change: 9.9 → 0.0 (difference: 9.9)
DEBUG 2025-05-12: Processing tour 28/38: 2025-05-12 19:30:00 at Property 64933 (ESCORTED)
DEBUG 2025-05-12: Tour 28 assigned to 0650940d
DEBUG 2025-05-12: Travel time = 5.0 minutes
DEBUG 2025-05-12: REASSIGNMENT - Original: 28be1402 → New: 0650940d
DEBUG 2025-05-12: Travel change: 14.8 → 5.0 (difference: 9.8)
DEBUG 2025-05-12: Processing tour 29/38: 2025-05-12 19:30:00 at Property 64933 (ESCORTED)
DEBUG 2025-05-12: Tour 29 assigned to 90976d80
DEBUG 2025-05-12: Travel time = 5.0 minutes
DEBUG 2025-05-12: REASSIGNMENT - Original: 25ffdb26 → New: 90976d80
DEBUG 2025-05-12: Travel change: 5.6 → 5.0 (difference: 0.6)
DEBUG 2025-05-12: Processing tour 30/38: 2025-05-12 19:45:00 at Property 64932 (ESCORTED)
DEBUG 2025-05-12: Tour 30 assigned to fe3fff05
DEBUG 2025-05-12: Travel time = 7.9 minutes
DEBUG 2025-05-12: REASSIGNMENT - Original: 0650940d → New: fe3fff05
DEBUG 2025-05-12: Travel change: 5.0 → 7.9 (difference: -2.9)
WARNING 2025-05-12: Reassignment INCREASED travel by 2.9 minutes!
DEBUG 2025-05-12: Processing tour 31/38: 2025-05-12 20:00:00 at Property 64932 (ESCORTED)
DEBUG 2025-05-12: Tour 31 assigned to 0c398d8d
DEBUG 2025-05-12: Travel time = 0.0 minutes
DEBUG 2025-05-12: REASSIGNMENT - Original: 0650940d → New: 0c398d8d
DEBUG 2025-05-12: Travel change: 5.0 → 0.0 (difference: 5.0)
DEBUG 2025-05-12: Processing tour 32/38: 2025-05-12 20:00:00 at Property 64939 (ESCORTED)
DEBUG 2025-05-12: Tour 32 assigned to 90976d80
DEBUG 2025-05-12: Travel time = 8.1 minutes
DEBUG 2025-05-12: Processing tour 33/38: 2025-05-12 20:30:00 at Property 64937 (ESCORTED)
DEBUG 2025-05-12: Tour 33 assigned to 25ffdb26
DEBUG 2025-05-12: Travel time = 0.0 minutes
DEBUG 2025-05-12: REASSIGNMENT - Original: 28be1402 → New: 25ffdb26
DEBUG 2025-05-12: Travel change: 11.2 → 0.0 (difference: 11.2)
DEBUG 2025-05-12: Processing tour 34/38: 2025-05-12 20:30:00 at Property 64938 (ESCORTED)
DEBUG 2025-05-12: Tour 34 assigned to 0c398d8d
DEBUG 2025-05-12: Travel time = 13.8 minutes
DEBUG 2025-05-12: Processing tour 35/38: 2025-05-12 21:00:00 at Property 84770 (ESCORTED)
DEBUG 2025-05-12: Tour 35 assigned to 0650940d
DEBUG 2025-05-12: Travel time = 5.0 minutes
DEBUG 2025-05-12: REASSIGNMENT - Original: fe3fff05 → New: 0650940d
DEBUG 2025-05-12: Travel change: 5.0 → 5.0 (difference: 0.0)
DEBUG 2025-05-12: Processing tour 36/38: 2025-05-12 21:00:00 at Property 64941 (ESCORTED)
DEBUG 2025-05-12: Tour 36 assigned to 90976d80
DEBUG 2025-05-12: Travel time = 5.0 minutes
DEBUG 2025-05-12: Processing tour 37/38: 2025-05-12 21:00:00 at Property 84770 (ESCORTED)
DEBUG 2025-05-12: Tour 37 assigned to 25ffdb26
DEBUG 2025-05-12: Travel time = 5.2 minutes
DEBUG 2025-05-12: Processing tour 38/38: 2025-05-12 21:00:00 at Property 64932 (ESCORTED)
DEBUG 2025-05-12: Tour 38 assigned to 0650940d
DEBUG 2025-05-12: Travel time = 5.0 minutes
DEBUG 2025-05-12: Calculated optimized travel (sum method): 106.1
DEBUG 2025-05-12: Validated optimized travel (proven method): 104.8
DEBUG 2025-05-12: Difference: 1.2
DEBUG 2025-05-12: Validated savings: 0.0
DEBUG 2025-05-12: Reassignments made = 26/38
DEBUG 2025-05-12: Optimization complete
================================================================================
