DEBUG 2025-05-18: Starting optimization
DEBUG 2025-05-18: Current travel = 0.0 minutes
DEBUG 2025-05-18: Total tours = 1
DEBUG 2025-05-18: Available agents = 1
DEBUG 2025-05-18: Tour times range from 2025-05-18 21:45:00 to 2025-05-18 22:45:00
DEBUG 2025-05-18: Processing tour 1/1: 2025-05-18 21:45:00 at Property 64934 (ESCORTED)
DEBUG 2025-05-18: Tour 1 assigned to 28be1402
DEBUG 2025-05-18: Travel time = 0.0 minutes
DEBUG 2025-05-18: Optimized travel = 0.0 minutes
DEBUG 2025-05-18: Savings = 0.0 minutes
DEBUG 2025-05-18: Reassignments made = 0/1
DEBUG 2025-05-18: Optimization complete
================================================================================
DEBUG 2025-05-18: Starting optimization
DEBUG 2025-05-18: Current travel = 0.0 minutes
DEBUG 2025-05-18: Total tours = 1
DEBUG 2025-05-18: Available agents = 1
DEBUG 2025-05-18: Tour times range from 2025-05-18 21:45:00 to 2025-05-18 22:45:00
DEBUG 2025-05-18: Processing tour 1/1: 2025-05-18 21:45:00 at Property 64934 (ESCORTED)
DEBUG 2025-05-18: Tour 1 assigned to 28be1402
DEBUG 2025-05-18: Travel time = 0.0 minutes
DEBUG 2025-05-18: Optimized travel = 0.0 minutes
DEBUG 2025-05-18: Savings = 0.0 minutes
DEBUG 2025-05-18: Reassignments made = 0/1
DEBUG 2025-05-18: Optimization complete
================================================================================
DEBUG 2025-05-18: Calculated optimized travel (sum method): 0.0
DEBUG 2025-05-18: Validated optimized travel (proven method): 0.0
DEBUG 2025-05-18: Difference: 0.0
DEBUG 2025-05-18: Validated savings: 0.0
DEBUG 2025-05-18: Starting optimization
DEBUG 2025-05-18: Current travel = 0.0 minutes
DEBUG 2025-05-18: Total tours = 1
DEBUG 2025-05-18: Available agents = 1
DEBUG 2025-05-18: Tour times range from 2025-05-18 21:45:00 to 2025-05-18 22:45:00
DEBUG 2025-05-18: Processing tour 1/1: 2025-05-18 21:45:00 at Property 64934 (ESCORTED)
DEBUG 2025-05-18: Tour 1 assigned to 28be1402
DEBUG 2025-05-18: Travel time = 0.0 minutes
DEBUG 2025-05-18: Calculated optimized travel (sum method): 0.0
DEBUG 2025-05-18: Validated optimized travel (proven method): 0.0
DEBUG 2025-05-18: Difference: 0.0
DEBUG 2025-05-18: Validated savings: 0.0
DEBUG 2025-05-18: Reassignments made = 0/1
DEBUG 2025-05-18: Optimization complete
================================================================================
