DEBUG 2025-05-04: Starting optimization
DEBUG 2025-05-04: Current travel = 0.0 minutes
DEBUG 2025-05-04: Total tours = 1
DEBUG 2025-05-04: Available agents = 1
DEBUG 2025-05-04: Tour times range from 2025-05-04 16:30:00 to 2025-05-04 17:45:00
DEBUG 2025-05-04: Processing tour 1/1: 2025-05-04 16:30:00 at Property 64938 (ESCORTED)
DEBUG 2025-05-04: Tour 1 assigned to a2f7da14
DEBUG 2025-05-04: Travel time = 0.0 minutes
DEBUG 2025-05-04: Optimized travel = 0.0 minutes
DEBUG 2025-05-04: Savings = 0.0 minutes
DEBUG 2025-05-04: Reassignments made = 0/1
DEBUG 2025-05-04: Optimization complete
================================================================================
DEBUG 2025-05-04: Starting optimization
DEBUG 2025-05-04: Current travel = 0.0 minutes
DEBUG 2025-05-04: Total tours = 1
DEBUG 2025-05-04: Available agents = 1
DEBUG 2025-05-04: Tour times range from 2025-05-04 16:30:00 to 2025-05-04 17:45:00
DEBUG 2025-05-04: Processing tour 1/1: 2025-05-04 16:30:00 at Property 64938 (ESCORTED)
DEBUG 2025-05-04: Tour 1 assigned to a2f7da14
DEBUG 2025-05-04: Travel time = 0.0 minutes
DEBUG 2025-05-04: Optimized travel = 0.0 minutes
DEBUG 2025-05-04: Savings = 0.0 minutes
DEBUG 2025-05-04: Reassignments made = 0/1
DEBUG 2025-05-04: Optimization complete
================================================================================
DEBUG 2025-05-04: Calculated optimized travel (sum method): 0.0
DEBUG 2025-05-04: Validated optimized travel (proven method): 0.0
DEBUG 2025-05-04: Difference: 0.0
DEBUG 2025-05-04: Validated savings: 0.0
DEBUG 2025-05-04: Starting optimization
DEBUG 2025-05-04: Current travel = 0.0 minutes
DEBUG 2025-05-04: Total tours = 1
DEBUG 2025-05-04: Available agents = 1
DEBUG 2025-05-04: Tour times range from 2025-05-04 16:30:00 to 2025-05-04 17:45:00
DEBUG 2025-05-04: Processing tour 1/1: 2025-05-04 16:30:00 at Property 64938 (ESCORTED)
DEBUG 2025-05-04: Tour 1 assigned to a2f7da14
DEBUG 2025-05-04: Travel time = 0.0 minutes
DEBUG 2025-05-04: Calculated optimized travel (sum method): 0.0
DEBUG 2025-05-04: Validated optimized travel (proven method): 0.0
DEBUG 2025-05-04: Difference: 0.0
DEBUG 2025-05-04: Validated savings: 0.0
DEBUG 2025-05-04: Reassignments made = 0/1
DEBUG 2025-05-04: Optimization complete
================================================================================
