DEBUG 2025-05-07: Starting optimization
DEBUG 2025-05-07: Current travel = 101.2 minutes
DEBUG 2025-05-07: Total tours = 24
DEBUG 2025-05-07: Available agents = 9
DEBUG 2025-05-07: Tour times range from 2025-05-07 13:00:00 to 2025-05-07 21:00:00
DEBUG 2025-05-07: Processing tour 1/24: 2025-05-07 13:00:00 at Property 100490 (ESCORTED)
DEBUG 2025-05-07: Tour 1 assigned to fe3fff05
DEBUG 2025-05-07: Travel time = 0.0 minutes
DEBUG 2025-05-07: Processing tour 2/24: 2025-05-07 13:00:00 at Property 64938 (ESCORTED)
DEBUG 2025-05-07: Tour 2 assigned to cd0ff517
DEBUG 2025-05-07: Travel time = 0.0 minutes
DEBUG 2025-05-07: Processing tour 3/24: 2025-05-07 14:00:00 at Property 78139 (ESCORTED)
DEBUG 2025-05-07: Tour 3 assigned to fe3fff05
DEBUG 2025-05-07: Travel time = 7.2 minutes
DEBUG 2025-05-07: Processing tour 4/24: 2025-05-07 14:30:00 at Property 64940 (ESCORTED)
DEBUG 2025-05-07: Tour 4 assigned to 0650940d
DEBUG 2025-05-07: Travel time = 0.0 minutes
DEBUG 2025-05-07: Processing tour 5/24: 2025-05-07 15:00:00 at Property 64932 (ESCORTED)
DEBUG 2025-05-07: Tour 5 assigned to 25ffdb26
DEBUG 2025-05-07: Travel time = 0.0 minutes
DEBUG 2025-05-07: Processing tour 6/24: 2025-05-07 15:30:00 at Property 64932 (ESCORTED)
DEBUG 2025-05-07: Tour 6 assigned to fe3fff05
DEBUG 2025-05-07: Travel time = 6.1 minutes
DEBUG 2025-05-07: REASSIGNMENT - Original: 0650940d → New: fe3fff05
DEBUG 2025-05-07: Travel change: 7.9 → 6.1 (difference: 1.8)
DEBUG 2025-05-07: Processing tour 7/24: 2025-05-07 16:00:00 at Property 64932 (ESCORTED)
DEBUG 2025-05-07: Tour 7 assigned to 90976d80
DEBUG 2025-05-07: Travel time = 0.0 minutes
DEBUG 2025-05-07: REASSIGNMENT - Original: fe3fff05 → New: 90976d80
DEBUG 2025-05-07: Travel change: 0.0 → 0.0 (difference: 0.0)
DEBUG 2025-05-07: Processing tour 8/24: 2025-05-07 16:00:00 at Property 64938 (ESCORTED)
DEBUG 2025-05-07: Tour 8 assigned to 0650940d
DEBUG 2025-05-07: Travel time = 9.9 minutes
DEBUG 2025-05-07: REASSIGNMENT - Original: 90976d80 → New: 0650940d
DEBUG 2025-05-07: Travel change: 13.8 → 9.9 (difference: 3.9)
DEBUG 2025-05-07: Processing tour 9/24: 2025-05-07 16:30:00 at Property 64938 (ESCORTED)
DEBUG 2025-05-07: Tour 9 assigned to 25ffdb26
DEBUG 2025-05-07: Travel time = 13.8 minutes
DEBUG 2025-05-07: Processing tour 10/24: 2025-05-07 17:00:00 at Property 64933 (ESCORTED)
DEBUG 2025-05-07: Tour 10 assigned to c99885bc
DEBUG 2025-05-07: Travel time = 0.0 minutes
DEBUG 2025-05-07: REASSIGNMENT - Original: fe3fff05 → New: c99885bc
DEBUG 2025-05-07: Travel change: 5.0 → 0.0 (difference: 5.0)
DEBUG 2025-05-07: Processing tour 11/24: 2025-05-07 17:00:00 at Property 64935 (VIRTUAL_TOUR)
DEBUG 2025-05-07: Tour 11 assigned to fe3fff05
DEBUG 2025-05-07: Travel time = 0.0 minutes
DEBUG 2025-05-07: REASSIGNMENT - Original: c99885bc → New: fe3fff05
DEBUG 2025-05-07: Travel change: 0.0 → 0.0 (difference: 0.0)
DEBUG 2025-05-07: Processing tour 12/24: 2025-05-07 17:30:00 at Property 64934 (ESCORTED)
DEBUG 2025-05-07: Tour 12 assigned to 90976d80
DEBUG 2025-05-07: Travel time = 5.0 minutes
DEBUG 2025-05-07: REASSIGNMENT - Original: 0650940d → New: 90976d80
DEBUG 2025-05-07: Travel change: 14.5 → 5.0 (difference: 9.5)
DEBUG 2025-05-07: Processing tour 13/24: 2025-05-07 18:00:00 at Property 64932 (ESCORTED)
DEBUG 2025-05-07: Tour 13 assigned to fe3fff05
DEBUG 2025-05-07: Travel time = 0.0 minutes
DEBUG 2025-05-07: Processing tour 14/24: 2025-05-07 18:00:00 at Property 64937 (ESCORTED)
DEBUG 2025-05-07: Tour 14 assigned to bb3b2886
DEBUG 2025-05-07: Travel time = 0.0 minutes
DEBUG 2025-05-07: REASSIGNMENT - Original: 90976d80 → New: bb3b2886
DEBUG 2025-05-07: Travel change: 5.3 → 0.0 (difference: 5.3)
DEBUG 2025-05-07: Processing tour 15/24: 2025-05-07 18:00:00 at Property 84770 (ESCORTED)
DEBUG 2025-05-07: Tour 15 assigned to 0650940d
DEBUG 2025-05-07: Travel time = 13.9 minutes
DEBUG 2025-05-07: REASSIGNMENT - Original: 25ffdb26 → New: 0650940d
DEBUG 2025-05-07: Travel change: 13.9 → 13.9 (difference: 0.0)
DEBUG 2025-05-07: Processing tour 16/24: 2025-05-07 18:00:00 at Property 100490 (ESCORTED)
DEBUG 2025-05-07: Tour 16 assigned to 25ffdb26
DEBUG 2025-05-07: Travel time = 14.1 minutes
DEBUG 2025-05-07: REASSIGNMENT - Original: bb3b2886 → New: 25ffdb26
DEBUG 2025-05-07: Travel change: 5.3 → 14.1 (difference: -8.7)
WARNING 2025-05-07: Reassignment INCREASED travel by 8.7 minutes!
DEBUG 2025-05-07: Processing tour 17/24: 2025-05-07 18:45:00 at Property 64933 (ESCORTED)
DEBUG 2025-05-07: Tour 17 assigned to 90976d80
DEBUG 2025-05-07: Travel time = 5.0 minutes
DEBUG 2025-05-07: REASSIGNMENT - Original: 0650940d → New: 90976d80
DEBUG 2025-05-07: Travel change: 5.0 → 5.0 (difference: 0.0)
DEBUG 2025-05-07: Processing tour 18/24: 2025-05-07 19:00:00 at Property 64937 (ESCORTED)
DEBUG 2025-05-07: Tour 18 assigned to 67d48910
DEBUG 2025-05-07: Travel time = 0.0 minutes
DEBUG 2025-05-07: Processing tour 19/24: 2025-05-07 19:00:00 at Property 64932 (ESCORTED)
DEBUG 2025-05-07: Tour 19 assigned to fe3fff05
DEBUG 2025-05-07: Travel time = 0.0 minutes
DEBUG 2025-05-07: REASSIGNMENT - Original: 25ffdb26 → New: fe3fff05
DEBUG 2025-05-07: Travel change: 5.0 → 0.0 (difference: 5.0)
DEBUG 2025-05-07: Processing tour 20/24: 2025-05-07 19:30:00 at Property 64932 (VIRTUAL_TOUR)
DEBUG 2025-05-07: Tour 20 assigned to 90976d80
DEBUG 2025-05-07: Travel time = 0.0 minutes
DEBUG 2025-05-07: REASSIGNMENT - Original: fe3fff05 → New: 90976d80
DEBUG 2025-05-07: Travel change: 0.0 → 0.0 (difference: 0.0)
DEBUG 2025-05-07: Processing tour 21/24: 2025-05-07 19:30:00 at Property 64940 (ESCORTED)
DEBUG 2025-05-07: Tour 21 assigned to 2d4a3e78
DEBUG 2025-05-07: Travel time = 0.0 minutes
DEBUG 2025-05-07: Processing tour 22/24: 2025-05-07 19:30:00 at Property 64934 (ESCORTED)
DEBUG 2025-05-07: Tour 22 assigned to 0650940d
DEBUG 2025-05-07: Travel time = 5.0 minutes
DEBUG 2025-05-07: Processing tour 23/24: 2025-05-07 20:00:00 at Property 64938 (ESCORTED)
DEBUG 2025-05-07: Tour 23 assigned to 90976d80
DEBUG 2025-05-07: Travel time = 14.8 minutes
DEBUG 2025-05-07: Processing tour 24/24: 2025-05-07 20:15:00 at Property 64932 (ESCORTED)
DEBUG 2025-05-07: Tour 24 assigned to fe3fff05
DEBUG 2025-05-07: Travel time = 0.0 minutes
DEBUG 2025-05-07: Optimized travel = 94.7 minutes
DEBUG 2025-05-07: Savings = 6.5 minutes
DEBUG 2025-05-07: Reassignments made = 12/24
DEBUG 2025-05-07: Optimization complete
================================================================================
DEBUG 2025-05-07: Starting optimization
DEBUG 2025-05-07: Current travel = 101.2 minutes
DEBUG 2025-05-07: Total tours = 24
DEBUG 2025-05-07: Available agents = 9
DEBUG 2025-05-07: Tour times range from 2025-05-07 13:00:00 to 2025-05-07 21:00:00
DEBUG 2025-05-07: Processing tour 1/24: 2025-05-07 13:00:00 at Property 100490 (ESCORTED)
DEBUG 2025-05-07: Tour 1 assigned to fe3fff05
DEBUG 2025-05-07: Travel time = 0.0 minutes
DEBUG 2025-05-07: Processing tour 2/24: 2025-05-07 13:00:00 at Property 64938 (ESCORTED)
DEBUG 2025-05-07: Tour 2 assigned to cd0ff517
DEBUG 2025-05-07: Travel time = 0.0 minutes
DEBUG 2025-05-07: Processing tour 3/24: 2025-05-07 14:00:00 at Property 78139 (ESCORTED)
DEBUG 2025-05-07: Tour 3 assigned to fe3fff05
DEBUG 2025-05-07: Travel time = 7.2 minutes
DEBUG 2025-05-07: Processing tour 4/24: 2025-05-07 14:30:00 at Property 64940 (ESCORTED)
DEBUG 2025-05-07: Tour 4 assigned to 0650940d
DEBUG 2025-05-07: Travel time = 0.0 minutes
DEBUG 2025-05-07: Processing tour 5/24: 2025-05-07 15:00:00 at Property 64932 (ESCORTED)
DEBUG 2025-05-07: Tour 5 assigned to 25ffdb26
DEBUG 2025-05-07: Travel time = 0.0 minutes
DEBUG 2025-05-07: Processing tour 6/24: 2025-05-07 15:30:00 at Property 64932 (ESCORTED)
DEBUG 2025-05-07: Tour 6 assigned to fe3fff05
DEBUG 2025-05-07: Travel time = 6.1 minutes
DEBUG 2025-05-07: REASSIGNMENT - Original: 0650940d → New: fe3fff05
DEBUG 2025-05-07: Travel change: 7.9 → 6.1 (difference: 1.8)
DEBUG 2025-05-07: Processing tour 7/24: 2025-05-07 16:00:00 at Property 64932 (ESCORTED)
DEBUG 2025-05-07: Tour 7 assigned to 90976d80
DEBUG 2025-05-07: Travel time = 0.0 minutes
DEBUG 2025-05-07: REASSIGNMENT - Original: fe3fff05 → New: 90976d80
DEBUG 2025-05-07: Travel change: 0.0 → 0.0 (difference: 0.0)
DEBUG 2025-05-07: Processing tour 8/24: 2025-05-07 16:00:00 at Property 64938 (ESCORTED)
DEBUG 2025-05-07: Tour 8 assigned to 0650940d
DEBUG 2025-05-07: Travel time = 9.9 minutes
DEBUG 2025-05-07: REASSIGNMENT - Original: 90976d80 → New: 0650940d
DEBUG 2025-05-07: Travel change: 13.8 → 9.9 (difference: 3.9)
DEBUG 2025-05-07: Processing tour 9/24: 2025-05-07 16:30:00 at Property 64938 (ESCORTED)
DEBUG 2025-05-07: Tour 9 assigned to 25ffdb26
DEBUG 2025-05-07: Travel time = 13.8 minutes
DEBUG 2025-05-07: Processing tour 10/24: 2025-05-07 17:00:00 at Property 64933 (ESCORTED)
DEBUG 2025-05-07: Tour 10 assigned to c99885bc
DEBUG 2025-05-07: Travel time = 0.0 minutes
DEBUG 2025-05-07: REASSIGNMENT - Original: fe3fff05 → New: c99885bc
DEBUG 2025-05-07: Travel change: 5.0 → 0.0 (difference: 5.0)
DEBUG 2025-05-07: Processing tour 11/24: 2025-05-07 17:00:00 at Property 64935 (VIRTUAL_TOUR)
DEBUG 2025-05-07: Tour 11 assigned to fe3fff05
DEBUG 2025-05-07: Travel time = 0.0 minutes
DEBUG 2025-05-07: REASSIGNMENT - Original: c99885bc → New: fe3fff05
DEBUG 2025-05-07: Travel change: 0.0 → 0.0 (difference: 0.0)
DEBUG 2025-05-07: Processing tour 12/24: 2025-05-07 17:30:00 at Property 64934 (ESCORTED)
DEBUG 2025-05-07: Tour 12 assigned to 90976d80
DEBUG 2025-05-07: Travel time = 5.0 minutes
DEBUG 2025-05-07: REASSIGNMENT - Original: 0650940d → New: 90976d80
DEBUG 2025-05-07: Travel change: 14.5 → 5.0 (difference: 9.5)
DEBUG 2025-05-07: Processing tour 13/24: 2025-05-07 18:00:00 at Property 64932 (ESCORTED)
DEBUG 2025-05-07: Tour 13 assigned to fe3fff05
DEBUG 2025-05-07: Travel time = 0.0 minutes
DEBUG 2025-05-07: Processing tour 14/24: 2025-05-07 18:00:00 at Property 64937 (ESCORTED)
DEBUG 2025-05-07: Tour 14 assigned to bb3b2886
DEBUG 2025-05-07: Travel time = 0.0 minutes
DEBUG 2025-05-07: REASSIGNMENT - Original: 90976d80 → New: bb3b2886
DEBUG 2025-05-07: Travel change: 5.3 → 0.0 (difference: 5.3)
DEBUG 2025-05-07: Processing tour 15/24: 2025-05-07 18:00:00 at Property 84770 (ESCORTED)
DEBUG 2025-05-07: Tour 15 assigned to 0650940d
DEBUG 2025-05-07: Travel time = 13.9 minutes
DEBUG 2025-05-07: REASSIGNMENT - Original: 25ffdb26 → New: 0650940d
DEBUG 2025-05-07: Travel change: 13.9 → 13.9 (difference: 0.0)
DEBUG 2025-05-07: Processing tour 16/24: 2025-05-07 18:00:00 at Property 100490 (ESCORTED)
DEBUG 2025-05-07: Tour 16 assigned to 25ffdb26
DEBUG 2025-05-07: Travel time = 14.1 minutes
DEBUG 2025-05-07: REASSIGNMENT - Original: bb3b2886 → New: 25ffdb26
DEBUG 2025-05-07: Travel change: 5.3 → 14.1 (difference: -8.7)
WARNING 2025-05-07: Reassignment INCREASED travel by 8.7 minutes!
DEBUG 2025-05-07: Processing tour 17/24: 2025-05-07 18:45:00 at Property 64933 (ESCORTED)
DEBUG 2025-05-07: Tour 17 assigned to 90976d80
DEBUG 2025-05-07: Travel time = 5.0 minutes
DEBUG 2025-05-07: REASSIGNMENT - Original: 0650940d → New: 90976d80
DEBUG 2025-05-07: Travel change: 5.0 → 5.0 (difference: 0.0)
DEBUG 2025-05-07: Processing tour 18/24: 2025-05-07 19:00:00 at Property 64937 (ESCORTED)
DEBUG 2025-05-07: Tour 18 assigned to 67d48910
DEBUG 2025-05-07: Travel time = 0.0 minutes
DEBUG 2025-05-07: Processing tour 19/24: 2025-05-07 19:00:00 at Property 64932 (ESCORTED)
DEBUG 2025-05-07: Tour 19 assigned to fe3fff05
DEBUG 2025-05-07: Travel time = 0.0 minutes
DEBUG 2025-05-07: REASSIGNMENT - Original: 25ffdb26 → New: fe3fff05
DEBUG 2025-05-07: Travel change: 5.0 → 0.0 (difference: 5.0)
DEBUG 2025-05-07: Processing tour 20/24: 2025-05-07 19:30:00 at Property 64932 (VIRTUAL_TOUR)
DEBUG 2025-05-07: Tour 20 assigned to 90976d80
DEBUG 2025-05-07: Travel time = 0.0 minutes
DEBUG 2025-05-07: REASSIGNMENT - Original: fe3fff05 → New: 90976d80
DEBUG 2025-05-07: Travel change: 0.0 → 0.0 (difference: 0.0)
DEBUG 2025-05-07: Processing tour 21/24: 2025-05-07 19:30:00 at Property 64940 (ESCORTED)
DEBUG 2025-05-07: Tour 21 assigned to 2d4a3e78
DEBUG 2025-05-07: Travel time = 0.0 minutes
DEBUG 2025-05-07: Processing tour 22/24: 2025-05-07 19:30:00 at Property 64934 (ESCORTED)
DEBUG 2025-05-07: Tour 22 assigned to 0650940d
DEBUG 2025-05-07: Travel time = 5.0 minutes
DEBUG 2025-05-07: Processing tour 23/24: 2025-05-07 20:00:00 at Property 64938 (ESCORTED)
DEBUG 2025-05-07: Tour 23 assigned to 90976d80
DEBUG 2025-05-07: Travel time = 14.8 minutes
DEBUG 2025-05-07: Processing tour 24/24: 2025-05-07 20:15:00 at Property 64932 (ESCORTED)
DEBUG 2025-05-07: Tour 24 assigned to fe3fff05
DEBUG 2025-05-07: Travel time = 0.0 minutes
DEBUG 2025-05-07: Optimized travel = 94.7 minutes
DEBUG 2025-05-07: Savings = 6.5 minutes
DEBUG 2025-05-07: Reassignments made = 12/24
DEBUG 2025-05-07: Optimization complete
================================================================================
DEBUG 2025-05-07: Calculated optimized travel (sum method): 94.7
DEBUG 2025-05-07: Validated optimized travel (proven method): 101.2
DEBUG 2025-05-07: Difference: -6.5
DEBUG 2025-05-07: Validated savings: 0.0
DEBUG 2025-05-07: Starting optimization
DEBUG 2025-05-07: Current travel = 102.5 minutes
DEBUG 2025-05-07: Total tours = 24
DEBUG 2025-05-07: Available agents = 9
DEBUG 2025-05-07: Tour times range from 2025-05-07 13:00:00 to 2025-05-07 21:00:00
DEBUG 2025-05-07: Processing tour 1/24: 2025-05-07 13:00:00 at Property 100490 (ESCORTED)
DEBUG 2025-05-07: Tour 1 assigned to fe3fff05
DEBUG 2025-05-07: Travel time = 0.0 minutes
DEBUG 2025-05-07: Processing tour 2/24: 2025-05-07 13:00:00 at Property 64938 (ESCORTED)
DEBUG 2025-05-07: Tour 2 assigned to cd0ff517
DEBUG 2025-05-07: Travel time = 0.0 minutes
DEBUG 2025-05-07: Processing tour 3/24: 2025-05-07 14:00:00 at Property 78139 (ESCORTED)
DEBUG 2025-05-07: Tour 3 assigned to fe3fff05
DEBUG 2025-05-07: Travel time = 7.2 minutes
DEBUG 2025-05-07: Processing tour 4/24: 2025-05-07 14:30:00 at Property 64940 (ESCORTED)
DEBUG 2025-05-07: Tour 4 assigned to 0650940d
DEBUG 2025-05-07: Travel time = 0.0 minutes
DEBUG 2025-05-07: Processing tour 5/24: 2025-05-07 15:00:00 at Property 64932 (ESCORTED)
DEBUG 2025-05-07: Tour 5 assigned to 25ffdb26
DEBUG 2025-05-07: Travel time = 0.0 minutes
DEBUG 2025-05-07: Processing tour 6/24: 2025-05-07 15:30:00 at Property 64932 (ESCORTED)
DEBUG 2025-05-07: Tour 6 assigned to fe3fff05
DEBUG 2025-05-07: Travel time = 6.1 minutes
DEBUG 2025-05-07: REASSIGNMENT - Original: 0650940d → New: fe3fff05
DEBUG 2025-05-07: Travel change: 7.9 → 6.1 (difference: 1.8)
DEBUG 2025-05-07: Processing tour 7/24: 2025-05-07 16:00:00 at Property 64932 (ESCORTED)
DEBUG 2025-05-07: Tour 7 assigned to 90976d80
DEBUG 2025-05-07: Travel time = 0.0 minutes
DEBUG 2025-05-07: REASSIGNMENT - Original: fe3fff05 → New: 90976d80
DEBUG 2025-05-07: Travel change: 0.0 → 0.0 (difference: 0.0)
DEBUG 2025-05-07: Processing tour 8/24: 2025-05-07 16:00:00 at Property 64938 (ESCORTED)
DEBUG 2025-05-07: Tour 8 assigned to 0650940d
DEBUG 2025-05-07: Travel time = 9.9 minutes
DEBUG 2025-05-07: REASSIGNMENT - Original: 90976d80 → New: 0650940d
DEBUG 2025-05-07: Travel change: 13.8 → 9.9 (difference: 3.9)
DEBUG 2025-05-07: Processing tour 9/24: 2025-05-07 16:30:00 at Property 64938 (ESCORTED)
DEBUG 2025-05-07: Tour 9 assigned to 25ffdb26
DEBUG 2025-05-07: Travel time = 13.8 minutes
DEBUG 2025-05-07: Processing tour 10/24: 2025-05-07 17:00:00 at Property 64933 (ESCORTED)
DEBUG 2025-05-07: Tour 10 assigned to c99885bc
DEBUG 2025-05-07: Travel time = 0.0 minutes
DEBUG 2025-05-07: REASSIGNMENT - Original: fe3fff05 → New: c99885bc
DEBUG 2025-05-07: Travel change: 5.0 → 0.0 (difference: 5.0)
DEBUG 2025-05-07: Processing tour 11/24: 2025-05-07 17:00:00 at Property 64935 (VIRTUAL_TOUR)
DEBUG 2025-05-07: Tour 11 assigned to fe3fff05
DEBUG 2025-05-07: Travel time = 0.0 minutes
DEBUG 2025-05-07: REASSIGNMENT - Original: c99885bc → New: fe3fff05
DEBUG 2025-05-07: Travel change: 0.0 → 0.0 (difference: 0.0)
DEBUG 2025-05-07: Processing tour 12/24: 2025-05-07 17:30:00 at Property 64934 (ESCORTED)
DEBUG 2025-05-07: Tour 12 assigned to 90976d80
DEBUG 2025-05-07: Travel time = 6.3 minutes
DEBUG 2025-05-07: REASSIGNMENT - Original: 0650940d → New: 90976d80
DEBUG 2025-05-07: Travel change: 15.5 → 6.3 (difference: 9.2)
DEBUG 2025-05-07: Processing tour 13/24: 2025-05-07 18:00:00 at Property 64932 (ESCORTED)
DEBUG 2025-05-07: Tour 13 assigned to fe3fff05
DEBUG 2025-05-07: Travel time = 0.0 minutes
DEBUG 2025-05-07: Processing tour 14/24: 2025-05-07 18:00:00 at Property 64937 (ESCORTED)
DEBUG 2025-05-07: Tour 14 assigned to bb3b2886
DEBUG 2025-05-07: Travel time = 0.0 minutes
DEBUG 2025-05-07: REASSIGNMENT - Original: 90976d80 → New: bb3b2886
DEBUG 2025-05-07: Travel change: 7.1 → 0.0 (difference: 7.1)
DEBUG 2025-05-07: Processing tour 15/24: 2025-05-07 18:00:00 at Property 84770 (ESCORTED)
DEBUG 2025-05-07: Tour 15 assigned to 0650940d
DEBUG 2025-05-07: Travel time = 13.9 minutes
DEBUG 2025-05-07: REASSIGNMENT - Original: 25ffdb26 → New: 0650940d
DEBUG 2025-05-07: Travel change: 13.9 → 13.9 (difference: 0.0)
DEBUG 2025-05-07: Processing tour 16/24: 2025-05-07 18:00:00 at Property 100490 (ESCORTED)
DEBUG 2025-05-07: Tour 16 assigned to 25ffdb26
DEBUG 2025-05-07: Travel time = 14.1 minutes
DEBUG 2025-05-07: REASSIGNMENT - Original: bb3b2886 → New: 25ffdb26
DEBUG 2025-05-07: Travel change: 5.3 → 14.1 (difference: -8.7)
WARNING 2025-05-07: Reassignment INCREASED travel by 8.7 minutes!
DEBUG 2025-05-07: Processing tour 17/24: 2025-05-07 18:45:00 at Property 64933 (ESCORTED)
DEBUG 2025-05-07: Tour 17 assigned to 90976d80
DEBUG 2025-05-07: Travel time = 5.0 minutes
DEBUG 2025-05-07: REASSIGNMENT - Original: 0650940d → New: 90976d80
DEBUG 2025-05-07: Travel change: 5.0 → 5.0 (difference: 0.0)
DEBUG 2025-05-07: Processing tour 18/24: 2025-05-07 19:00:00 at Property 64937 (ESCORTED)
DEBUG 2025-05-07: Tour 18 assigned to 67d48910
DEBUG 2025-05-07: Travel time = 0.0 minutes
DEBUG 2025-05-07: Processing tour 19/24: 2025-05-07 19:00:00 at Property 64932 (ESCORTED)
DEBUG 2025-05-07: Tour 19 assigned to fe3fff05
DEBUG 2025-05-07: Travel time = 0.0 minutes
DEBUG 2025-05-07: REASSIGNMENT - Original: 25ffdb26 → New: fe3fff05
DEBUG 2025-05-07: Travel change: 5.0 → 0.0 (difference: 5.0)
DEBUG 2025-05-07: Processing tour 20/24: 2025-05-07 19:30:00 at Property 64932 (VIRTUAL_TOUR)
DEBUG 2025-05-07: Tour 20 assigned to 90976d80
DEBUG 2025-05-07: Travel time = 0.0 minutes
DEBUG 2025-05-07: REASSIGNMENT - Original: fe3fff05 → New: 90976d80
DEBUG 2025-05-07: Travel change: 0.0 → 0.0 (difference: 0.0)
DEBUG 2025-05-07: Processing tour 21/24: 2025-05-07 19:30:00 at Property 64940 (ESCORTED)
DEBUG 2025-05-07: Tour 21 assigned to 2d4a3e78
DEBUG 2025-05-07: Travel time = 0.0 minutes
DEBUG 2025-05-07: Processing tour 22/24: 2025-05-07 19:30:00 at Property 64934 (ESCORTED)
DEBUG 2025-05-07: Tour 22 assigned to 0650940d
DEBUG 2025-05-07: Travel time = 7.5 minutes
DEBUG 2025-05-07: Processing tour 23/24: 2025-05-07 20:00:00 at Property 64938 (ESCORTED)
DEBUG 2025-05-07: Tour 23 assigned to 90976d80
DEBUG 2025-05-07: Travel time = 14.8 minutes
DEBUG 2025-05-07: Processing tour 24/24: 2025-05-07 20:15:00 at Property 64932 (ESCORTED)
DEBUG 2025-05-07: Tour 24 assigned to fe3fff05
DEBUG 2025-05-07: Travel time = 0.0 minutes
DEBUG 2025-05-07: Calculated optimized travel (sum method): 98.5
DEBUG 2025-05-07: Validated optimized travel (proven method): 102.5
DEBUG 2025-05-07: Difference: -4.0
DEBUG 2025-05-07: Validated savings: 0.0
DEBUG 2025-05-07: Reassignments made = 12/24
DEBUG 2025-05-07: Optimization complete
================================================================================
