DEBUG 2025-05-17: Starting optimization
DEBUG 2025-05-17: Current travel = 85.3 minutes
DEBUG 2025-05-17: Total tours = 37
DEBUG 2025-05-17: Available agents = 13
DEBUG 2025-05-17: Tour times range from 2025-05-17 07:00:00 to 2025-05-17 21:00:00
DEBUG 2025-05-17: Processing tour 1/37: 2025-05-17 07:00:00 at Property 78139 (ESCORTED)
DEBUG 2025-05-17: Tour 1 assigned to 90976d80
DEBUG 2025-05-17: Travel time = 0.0 minutes
DEBUG 2025-05-17: Processing tour 2/37: 2025-05-17 14:00:00 at Property 64935 (ESCORTED)
DEBUG 2025-05-17: Tour 2 assigned to 25ffdb26
DEBUG 2025-05-17: Travel time = 0.0 minutes
DEBUG 2025-05-17: REASSIGNMENT - Original: 0650940d → New: 25ffdb26
DEBUG 2025-05-17: Travel change: 0.0 → 0.0 (difference: 0.0)
DEBUG 2025-05-17: Processing tour 3/37: 2025-05-17 14:00:00 at Property 100490 (ESCORTED)
DEBUG 2025-05-17: Tour 3 assigned to c99885bc
DEBUG 2025-05-17: Travel time = 0.0 minutes
DEBUG 2025-05-17: REASSIGNMENT - Original: 25ffdb26 → New: c99885bc
DEBUG 2025-05-17: Travel change: 5.0 → 0.0 (difference: 5.0)
DEBUG 2025-05-17: Processing tour 4/37: 2025-05-17 14:00:00 at Property 64938 (ESCORTED)
DEBUG 2025-05-17: Tour 4 assigned to 0650940d
DEBUG 2025-05-17: Travel time = 0.0 minutes
DEBUG 2025-05-17: REASSIGNMENT - Original: cd0ff517 → New: 0650940d
DEBUG 2025-05-17: Travel change: 0.0 → 0.0 (difference: 0.0)
DEBUG 2025-05-17: Processing tour 5/37: 2025-05-17 14:00:00 at Property 64943 (ESCORTED)
DEBUG 2025-05-17: Tour 5 assigned to cd0ff517
DEBUG 2025-05-17: Travel time = 0.0 minutes
DEBUG 2025-05-17: REASSIGNMENT - Original: c99885bc → New: cd0ff517
DEBUG 2025-05-17: Travel change: 5.0 → 0.0 (difference: 5.0)
DEBUG 2025-05-17: Processing tour 6/37: 2025-05-17 14:00:00 at Property 64942 (ESCORTED)
DEBUG 2025-05-17: Tour 6 assigned to c827bf27
DEBUG 2025-05-17: Travel time = 0.0 minutes
DEBUG 2025-05-17: Processing tour 7/37: 2025-05-17 14:30:00 at Property 64933 (ESCORTED)
DEBUG 2025-05-17: Tour 7 assigned to 90976d80
DEBUG 2025-05-17: Travel time = 5.0 minutes
DEBUG 2025-05-17: REASSIGNMENT - Original: c99885bc → New: 90976d80
DEBUG 2025-05-17: Travel change: 5.0 → 5.0 (difference: 0.0)
DEBUG 2025-05-17: Processing tour 8/37: 2025-05-17 15:00:00 at Property 100490 (ESCORTED)
DEBUG 2025-05-17: Tour 8 assigned to c99885bc
DEBUG 2025-05-17: Travel time = 0.0 minutes
DEBUG 2025-05-17: REASSIGNMENT - Original: 25ffdb26 → New: c99885bc
DEBUG 2025-05-17: Travel change: 5.0 → 0.0 (difference: 5.0)
DEBUG 2025-05-17: Processing tour 9/37: 2025-05-17 15:00:00 at Property 64934 (ESCORTED)
DEBUG 2025-05-17: Tour 9 assigned to 0c398d8d
DEBUG 2025-05-17: Travel time = 0.0 minutes
DEBUG 2025-05-17: Processing tour 10/37: 2025-05-17 15:30:00 at Property 64938 (ESCORTED)
DEBUG 2025-05-17: Tour 10 assigned to fe3fff05
DEBUG 2025-05-17: Travel time = 0.0 minutes
DEBUG 2025-05-17: REASSIGNMENT - Original: 28be1402 → New: fe3fff05
DEBUG 2025-05-17: Travel change: 0.0 → 0.0 (difference: 0.0)
DEBUG 2025-05-17: Processing tour 11/37: 2025-05-17 15:30:00 at Property 64939 (ESCORTED)
DEBUG 2025-05-17: Tour 11 assigned to 28be1402
DEBUG 2025-05-17: Travel time = 0.0 minutes
DEBUG 2025-05-17: REASSIGNMENT - Original: fe3fff05 → New: 28be1402
DEBUG 2025-05-17: Travel change: 9.7 → 0.0 (difference: 9.7)
DEBUG 2025-05-17: Processing tour 12/37: 2025-05-17 16:00:00 at Property 64934 (ESCORTED)
DEBUG 2025-05-17: Tour 12 assigned to 25ffdb26
DEBUG 2025-05-17: Travel time = 5.0 minutes
DEBUG 2025-05-17: REASSIGNMENT - Original: c99885bc → New: 25ffdb26
DEBUG 2025-05-17: Travel change: 5.0 → 5.0 (difference: 0.0)
DEBUG 2025-05-17: Processing tour 13/37: 2025-05-17 16:00:00 at Property 64932 (ESCORTED)
DEBUG 2025-05-17: Tour 13 assigned to c99885bc
DEBUG 2025-05-17: Travel time = 5.0 minutes
DEBUG 2025-05-17: REASSIGNMENT - Original: 25ffdb26 → New: c99885bc
DEBUG 2025-05-17: Travel change: 5.0 → 5.0 (difference: 0.0)
DEBUG 2025-05-17: Processing tour 14/37: 2025-05-17 16:00:00 at Property 64933 (ESCORTED)
DEBUG 2025-05-17: Tour 14 assigned to cd0ff517
DEBUG 2025-05-17: Travel time = 5.0 minutes
DEBUG 2025-05-17: REASSIGNMENT - Original: 0650940d → New: cd0ff517
DEBUG 2025-05-17: Travel change: 14.8 → 5.0 (difference: 9.8)
DEBUG 2025-05-17: Processing tour 15/37: 2025-05-17 16:30:00 at Property 64938 (ESCORTED)
DEBUG 2025-05-17: Tour 15 assigned to fe3fff05
DEBUG 2025-05-17: Travel time = 0.0 minutes
DEBUG 2025-05-17: REASSIGNMENT - Original: cd0ff517 → New: fe3fff05
DEBUG 2025-05-17: Travel change: 14.8 → 0.0 (difference: 14.8)
DEBUG 2025-05-17: Processing tour 16/37: 2025-05-17 16:30:00 at Property 64933 (ESCORTED)
DEBUG 2025-05-17: Tour 16 assigned to 90976d80
DEBUG 2025-05-17: Travel time = 0.0 minutes
DEBUG 2025-05-17: REASSIGNMENT - Original: 0c398d8d → New: 90976d80
DEBUG 2025-05-17: Travel change: 5.0 → 0.0 (difference: 5.0)
DEBUG 2025-05-17: Processing tour 17/37: 2025-05-17 17:00:00 at Property 64937 (ESCORTED)
DEBUG 2025-05-17: Tour 17 assigned to 0c398d8d
DEBUG 2025-05-17: Travel time = 5.3 minutes
DEBUG 2025-05-17: REASSIGNMENT - Original: 25ffdb26 → New: 0c398d8d
DEBUG 2025-05-17: Travel change: 5.3 → 5.3 (difference: 0.0)
DEBUG 2025-05-17: Processing tour 18/37: 2025-05-17 17:00:00 at Property 64938 (ESCORTED)
DEBUG 2025-05-17: Tour 18 assigned to 0650940d
DEBUG 2025-05-17: Travel time = 0.0 minutes
DEBUG 2025-05-17: REASSIGNMENT - Original: 28be1402 → New: 0650940d
DEBUG 2025-05-17: Travel change: 9.7 → 0.0 (difference: 9.7)
DEBUG 2025-05-17: Processing tour 19/37: 2025-05-17 17:00:00 at Property 64934 (ESCORTED)
DEBUG 2025-05-17: Tour 19 assigned to 25ffdb26
DEBUG 2025-05-17: Travel time = 0.0 minutes
DEBUG 2025-05-17: REASSIGNMENT - Original: 0650940d → New: 25ffdb26
DEBUG 2025-05-17: Travel change: 14.5 → 0.0 (difference: 14.5)
DEBUG 2025-05-17: Processing tour 20/37: 2025-05-17 17:15:00 at Property 64942 (ESCORTED)
DEBUG 2025-05-17: Tour 20 assigned to 28be1402
DEBUG 2025-05-17: Travel time = 5.0 minutes
DEBUG 2025-05-17: REASSIGNMENT - Original: fe3fff05 → New: 28be1402
DEBUG 2025-05-17: Travel change: 10.0 → 5.0 (difference: 5.0)
DEBUG 2025-05-17: Processing tour 21/37: 2025-05-17 17:30:00 at Property 78139 (ESCORTED)
DEBUG 2025-05-17: Tour 21 assigned to cd0ff517
DEBUG 2025-05-17: Travel time = 5.0 minutes
DEBUG 2025-05-17: Processing tour 22/37: 2025-05-17 17:30:00 at Property 78139 (ESCORTED)
DEBUG 2025-05-17: Tour 22 assigned to c99885bc
DEBUG 2025-05-17: Travel time = 6.1 minutes
DEBUG 2025-05-17: REASSIGNMENT - Original: 90976d80 → New: c99885bc
DEBUG 2025-05-17: Travel change: 5.0 → 6.1 (difference: -1.1)
WARNING 2025-05-17: Reassignment INCREASED travel by 1.1 minutes!
DEBUG 2025-05-17: Processing tour 23/37: 2025-05-17 18:00:00 at Property 64938 (ESCORTED)
DEBUG 2025-05-17: Tour 23 assigned to 2d4a3e78
DEBUG 2025-05-17: Travel time = 0.0 minutes
DEBUG 2025-05-17: REASSIGNMENT - Original: cd0ff517 → New: 2d4a3e78
DEBUG 2025-05-17: Travel change: 15.2 → 0.0 (difference: 15.2)
DEBUG 2025-05-17: Processing tour 24/37: 2025-05-17 18:00:00 at Property 64939 (ESCORTED)
DEBUG 2025-05-17: Tour 24 assigned to fe3fff05
DEBUG 2025-05-17: Travel time = 9.7 minutes
DEBUG 2025-05-17: REASSIGNMENT - Original: 2d4a3e78 → New: fe3fff05
DEBUG 2025-05-17: Travel change: 9.7 → 9.7 (difference: 0.0)
DEBUG 2025-05-17: Processing tour 25/37: 2025-05-17 18:00:00 at Property 64937 (ESCORTED)
DEBUG 2025-05-17: Tour 25 assigned to 25ffdb26
DEBUG 2025-05-17: Travel time = 5.3 minutes
DEBUG 2025-05-17: Processing tour 26/37: 2025-05-17 18:15:00 at Property 64938 (ESCORTED)
DEBUG 2025-05-17: Tour 26 assigned to 0650940d
DEBUG 2025-05-17: Travel time = 0.0 minutes
DEBUG 2025-05-17: REASSIGNMENT - Original: cd0ff517 → New: 0650940d
DEBUG 2025-05-17: Travel change: 15.2 → 0.0 (difference: 15.2)
DEBUG 2025-05-17: Processing tour 27/37: 2025-05-17 18:30:00 at Property 64933 (ESCORTED)
DEBUG 2025-05-17: Tour 27 assigned to 90976d80
DEBUG 2025-05-17: Travel time = 0.0 minutes
DEBUG 2025-05-17: REASSIGNMENT - Original: 0650940d → New: 90976d80
DEBUG 2025-05-17: Travel change: 14.8 → 0.0 (difference: 14.8)
DEBUG 2025-05-17: Processing tour 28/37: 2025-05-17 18:30:00 at Property 64934 (ESCORTED)
DEBUG 2025-05-17: Tour 28 assigned to a2f7da14
DEBUG 2025-05-17: Travel time = 0.0 minutes
DEBUG 2025-05-17: REASSIGNMENT - Original: bb3b2886 → New: a2f7da14
DEBUG 2025-05-17: Travel change: 0.0 → 0.0 (difference: 0.0)
DEBUG 2025-05-17: Processing tour 29/37: 2025-05-17 18:30:00 at Property 64938 (ESCORTED)
DEBUG 2025-05-17: Tour 29 assigned to bb3b2886
DEBUG 2025-05-17: Travel time = 0.0 minutes
DEBUG 2025-05-17: REASSIGNMENT - Original: a2f7da14 → New: bb3b2886
DEBUG 2025-05-17: Travel change: 14.5 → 0.0 (difference: 14.5)
DEBUG 2025-05-17: Processing tour 30/37: 2025-05-17 19:00:00 at Property 64942 (ESCORTED)
DEBUG 2025-05-17: Tour 30 assigned to fe3fff05
DEBUG 2025-05-17: Travel time = 5.0 minutes
DEBUG 2025-05-17: Processing tour 31/37: 2025-05-17 19:00:00 at Property 64933 (ESCORTED)
DEBUG 2025-05-17: Tour 31 assigned to 15683175
DEBUG 2025-05-17: Travel time = 0.0 minutes
DEBUG 2025-05-17: REASSIGNMENT - Original: c99885bc → New: 15683175
DEBUG 2025-05-17: Travel change: 5.0 → 0.0 (difference: 5.0)
DEBUG 2025-05-17: Processing tour 32/37: 2025-05-17 19:00:00 at Property 64939 (ESCORTED)
DEBUG 2025-05-17: Tour 32 assigned to c99885bc
DEBUG 2025-05-17: Travel time = 7.6 minutes
DEBUG 2025-05-17: REASSIGNMENT - Original: 2d4a3e78 → New: c99885bc
DEBUG 2025-05-17: Travel change: 9.7 → 7.6 (difference: 2.0)
DEBUG 2025-05-17: Processing tour 33/37: 2025-05-17 19:00:00 at Property 64932 (ESCORTED)
DEBUG 2025-05-17: Tour 33 assigned to 25ffdb26
DEBUG 2025-05-17: Travel time = 5.0 minutes
DEBUG 2025-05-17: Processing tour 34/37: 2025-05-17 19:00:00 at Property 64934 (VIRTUAL_TOUR)
DEBUG 2025-05-17: Tour 34 assigned to 15683175
DEBUG 2025-05-17: Travel time = 0.0 minutes
DEBUG 2025-05-17: Processing tour 35/37: 2025-05-17 20:00:00 at Property 78139 (ESCORTED)
DEBUG 2025-05-17: Tour 35 assigned to 90976d80
DEBUG 2025-05-17: Travel time = 5.0 minutes
DEBUG 2025-05-17: Processing tour 36/37: 2025-05-17 20:00:00 at Property 64932 (ESCORTED)
DEBUG 2025-05-17: Tour 36 assigned to 25ffdb26
DEBUG 2025-05-17: Travel time = 0.0 minutes
DEBUG 2025-05-17: Processing tour 37/37: 2025-05-17 20:30:00 at Property 64932 (ESCORTED)
DEBUG 2025-05-17: Tour 37 assigned to 25ffdb26
DEBUG 2025-05-17: Travel time = 0.0 minutes
DEBUG 2025-05-17: Optimized travel = 79.1 minutes
DEBUG 2025-05-17: Savings = 6.2 minutes
DEBUG 2025-05-17: Reassignments made = 26/37
WARNING 2025-05-17: Very high reassignment rate (70.3%) - algorithm may be too aggressive
DEBUG 2025-05-17: Optimization complete
================================================================================
DEBUG 2025-05-17: Starting optimization
DEBUG 2025-05-17: Current travel = 88.3 minutes
DEBUG 2025-05-17: Total tours = 37
DEBUG 2025-05-17: Available agents = 13
DEBUG 2025-05-17: Tour times range from 2025-05-17 07:00:00 to 2025-05-17 21:00:00
DEBUG 2025-05-17: Processing tour 1/37: 2025-05-17 07:00:00 at Property 78139 (ESCORTED)
DEBUG 2025-05-17: Tour 1 assigned to 90976d80
DEBUG 2025-05-17: Travel time = 0.0 minutes
DEBUG 2025-05-17: Processing tour 2/37: 2025-05-17 14:00:00 at Property 64935 (ESCORTED)
DEBUG 2025-05-17: Tour 2 assigned to 25ffdb26
DEBUG 2025-05-17: Travel time = 0.0 minutes
DEBUG 2025-05-17: REASSIGNMENT - Original: 0650940d → New: 25ffdb26
DEBUG 2025-05-17: Travel change: 0.0 → 0.0 (difference: 0.0)
DEBUG 2025-05-17: Processing tour 3/37: 2025-05-17 14:00:00 at Property 100490 (ESCORTED)
DEBUG 2025-05-17: Tour 3 assigned to c99885bc
DEBUG 2025-05-17: Travel time = 0.0 minutes
DEBUG 2025-05-17: REASSIGNMENT - Original: 25ffdb26 → New: c99885bc
DEBUG 2025-05-17: Travel change: 5.0 → 0.0 (difference: 5.0)
DEBUG 2025-05-17: Processing tour 4/37: 2025-05-17 14:00:00 at Property 64938 (ESCORTED)
DEBUG 2025-05-17: Tour 4 assigned to 0650940d
DEBUG 2025-05-17: Travel time = 0.0 minutes
DEBUG 2025-05-17: REASSIGNMENT - Original: cd0ff517 → New: 0650940d
DEBUG 2025-05-17: Travel change: 0.0 → 0.0 (difference: 0.0)
DEBUG 2025-05-17: Processing tour 5/37: 2025-05-17 14:00:00 at Property 64943 (ESCORTED)
DEBUG 2025-05-17: Tour 5 assigned to cd0ff517
DEBUG 2025-05-17: Travel time = 0.0 minutes
DEBUG 2025-05-17: REASSIGNMENT - Original: c99885bc → New: cd0ff517
DEBUG 2025-05-17: Travel change: 5.0 → 0.0 (difference: 5.0)
DEBUG 2025-05-17: Processing tour 6/37: 2025-05-17 14:00:00 at Property 64942 (ESCORTED)
DEBUG 2025-05-17: Tour 6 assigned to c827bf27
DEBUG 2025-05-17: Travel time = 0.0 minutes
DEBUG 2025-05-17: Processing tour 7/37: 2025-05-17 14:30:00 at Property 64933 (ESCORTED)
DEBUG 2025-05-17: Tour 7 assigned to 90976d80
DEBUG 2025-05-17: Travel time = 5.0 minutes
DEBUG 2025-05-17: REASSIGNMENT - Original: c99885bc → New: 90976d80
DEBUG 2025-05-17: Travel change: 5.0 → 5.0 (difference: 0.0)
DEBUG 2025-05-17: Processing tour 8/37: 2025-05-17 15:00:00 at Property 100490 (ESCORTED)
DEBUG 2025-05-17: Tour 8 assigned to c99885bc
DEBUG 2025-05-17: Travel time = 0.0 minutes
DEBUG 2025-05-17: REASSIGNMENT - Original: 25ffdb26 → New: c99885bc
DEBUG 2025-05-17: Travel change: 5.0 → 0.0 (difference: 5.0)
DEBUG 2025-05-17: Processing tour 9/37: 2025-05-17 15:00:00 at Property 64934 (ESCORTED)
DEBUG 2025-05-17: Tour 9 assigned to 0c398d8d
DEBUG 2025-05-17: Travel time = 0.0 minutes
DEBUG 2025-05-17: Processing tour 10/37: 2025-05-17 15:30:00 at Property 64938 (ESCORTED)
DEBUG 2025-05-17: Tour 10 assigned to fe3fff05
DEBUG 2025-05-17: Travel time = 0.0 minutes
DEBUG 2025-05-17: REASSIGNMENT - Original: 28be1402 → New: fe3fff05
DEBUG 2025-05-17: Travel change: 0.0 → 0.0 (difference: 0.0)
DEBUG 2025-05-17: Processing tour 11/37: 2025-05-17 15:30:00 at Property 64939 (ESCORTED)
DEBUG 2025-05-17: Tour 11 assigned to 28be1402
DEBUG 2025-05-17: Travel time = 0.0 minutes
DEBUG 2025-05-17: REASSIGNMENT - Original: fe3fff05 → New: 28be1402
DEBUG 2025-05-17: Travel change: 9.7 → 0.0 (difference: 9.7)
DEBUG 2025-05-17: Processing tour 12/37: 2025-05-17 16:00:00 at Property 64934 (ESCORTED)
DEBUG 2025-05-17: Tour 12 assigned to 25ffdb26
DEBUG 2025-05-17: Travel time = 5.0 minutes
DEBUG 2025-05-17: REASSIGNMENT - Original: c99885bc → New: 25ffdb26
DEBUG 2025-05-17: Travel change: 5.0 → 5.0 (difference: 0.0)
DEBUG 2025-05-17: Processing tour 13/37: 2025-05-17 16:00:00 at Property 64932 (ESCORTED)
DEBUG 2025-05-17: Tour 13 assigned to c99885bc
DEBUG 2025-05-17: Travel time = 5.0 minutes
DEBUG 2025-05-17: REASSIGNMENT - Original: 25ffdb26 → New: c99885bc
DEBUG 2025-05-17: Travel change: 5.0 → 5.0 (difference: 0.0)
DEBUG 2025-05-17: Processing tour 14/37: 2025-05-17 16:00:00 at Property 64933 (ESCORTED)
DEBUG 2025-05-17: Tour 14 assigned to cd0ff517
DEBUG 2025-05-17: Travel time = 5.0 minutes
DEBUG 2025-05-17: REASSIGNMENT - Original: 0650940d → New: cd0ff517
DEBUG 2025-05-17: Travel change: 14.8 → 5.0 (difference: 9.8)
DEBUG 2025-05-17: Processing tour 15/37: 2025-05-17 16:30:00 at Property 64938 (ESCORTED)
DEBUG 2025-05-17: Tour 15 assigned to fe3fff05
DEBUG 2025-05-17: Travel time = 0.0 minutes
DEBUG 2025-05-17: REASSIGNMENT - Original: cd0ff517 → New: fe3fff05
DEBUG 2025-05-17: Travel change: 14.8 → 0.0 (difference: 14.8)
DEBUG 2025-05-17: Processing tour 16/37: 2025-05-17 16:30:00 at Property 64933 (ESCORTED)
DEBUG 2025-05-17: Tour 16 assigned to 90976d80
DEBUG 2025-05-17: Travel time = 0.0 minutes
DEBUG 2025-05-17: REASSIGNMENT - Original: 0c398d8d → New: 90976d80
DEBUG 2025-05-17: Travel change: 5.0 → 0.0 (difference: 5.0)
DEBUG 2025-05-17: Processing tour 17/37: 2025-05-17 17:00:00 at Property 64937 (ESCORTED)
DEBUG 2025-05-17: Tour 17 assigned to 0c398d8d
DEBUG 2025-05-17: Travel time = 5.3 minutes
DEBUG 2025-05-17: REASSIGNMENT - Original: 25ffdb26 → New: 0c398d8d
DEBUG 2025-05-17: Travel change: 5.3 → 5.3 (difference: 0.0)
DEBUG 2025-05-17: Processing tour 18/37: 2025-05-17 17:00:00 at Property 64938 (ESCORTED)
DEBUG 2025-05-17: Tour 18 assigned to 0650940d
DEBUG 2025-05-17: Travel time = 0.0 minutes
DEBUG 2025-05-17: REASSIGNMENT - Original: 28be1402 → New: 0650940d
DEBUG 2025-05-17: Travel change: 9.7 → 0.0 (difference: 9.7)
DEBUG 2025-05-17: Processing tour 19/37: 2025-05-17 17:00:00 at Property 64934 (ESCORTED)
DEBUG 2025-05-17: Tour 19 assigned to 25ffdb26
DEBUG 2025-05-17: Travel time = 0.0 minutes
DEBUG 2025-05-17: REASSIGNMENT - Original: 0650940d → New: 25ffdb26
DEBUG 2025-05-17: Travel change: 14.5 → 0.0 (difference: 14.5)
DEBUG 2025-05-17: Processing tour 20/37: 2025-05-17 17:15:00 at Property 64942 (ESCORTED)
DEBUG 2025-05-17: Tour 20 assigned to cd0ff517
DEBUG 2025-05-17: Travel time = 5.0 minutes
DEBUG 2025-05-17: REASSIGNMENT - Original: fe3fff05 → New: cd0ff517
DEBUG 2025-05-17: Travel change: 15.5 → 5.0 (difference: 10.5)
DEBUG 2025-05-17: Processing tour 21/37: 2025-05-17 17:30:00 at Property 78139 (ESCORTED)
DEBUG 2025-05-17: Tour 21 assigned to c99885bc
DEBUG 2025-05-17: Travel time = 6.1 minutes
DEBUG 2025-05-17: REASSIGNMENT - Original: cd0ff517 → New: c99885bc
DEBUG 2025-05-17: Travel change: 5.0 → 6.1 (difference: -1.1)
WARNING 2025-05-17: Reassignment INCREASED travel by 1.1 minutes!
DEBUG 2025-05-17: Processing tour 22/37: 2025-05-17 17:30:00 at Property 78139 (ESCORTED)
DEBUG 2025-05-17: Tour 22 assigned to 90976d80
DEBUG 2025-05-17: Travel time = 5.0 minutes
DEBUG 2025-05-17: Processing tour 23/37: 2025-05-17 18:00:00 at Property 64938 (ESCORTED)
DEBUG 2025-05-17: Tour 23 assigned to 2d4a3e78
DEBUG 2025-05-17: Travel time = 0.0 minutes
DEBUG 2025-05-17: REASSIGNMENT - Original: cd0ff517 → New: 2d4a3e78
DEBUG 2025-05-17: Travel change: 15.5 → 0.0 (difference: 15.5)
DEBUG 2025-05-17: Processing tour 24/37: 2025-05-17 18:00:00 at Property 64939 (ESCORTED)
DEBUG 2025-05-17: Tour 24 assigned to fe3fff05
DEBUG 2025-05-17: Travel time = 9.7 minutes
DEBUG 2025-05-17: REASSIGNMENT - Original: 2d4a3e78 → New: fe3fff05
DEBUG 2025-05-17: Travel change: 9.7 → 9.7 (difference: 0.0)
DEBUG 2025-05-17: Processing tour 25/37: 2025-05-17 18:00:00 at Property 64937 (ESCORTED)
DEBUG 2025-05-17: Tour 25 assigned to 25ffdb26
DEBUG 2025-05-17: Travel time = 5.3 minutes
DEBUG 2025-05-17: Processing tour 26/37: 2025-05-17 18:15:00 at Property 64938 (ESCORTED)
DEBUG 2025-05-17: Tour 26 assigned to 0650940d
DEBUG 2025-05-17: Travel time = 0.0 minutes
DEBUG 2025-05-17: REASSIGNMENT - Original: cd0ff517 → New: 0650940d
DEBUG 2025-05-17: Travel change: 15.5 → 0.0 (difference: 15.5)
DEBUG 2025-05-17: Processing tour 27/37: 2025-05-17 18:30:00 at Property 64933 (ESCORTED)
DEBUG 2025-05-17: Tour 27 assigned to a2f7da14
DEBUG 2025-05-17: Travel time = 0.0 minutes
DEBUG 2025-05-17: REASSIGNMENT - Original: 0650940d → New: a2f7da14
DEBUG 2025-05-17: Travel change: 14.8 → 0.0 (difference: 14.8)
DEBUG 2025-05-17: Processing tour 28/37: 2025-05-17 18:30:00 at Property 64934 (ESCORTED)
DEBUG 2025-05-17: Tour 28 assigned to bb3b2886
DEBUG 2025-05-17: Travel time = 0.0 minutes
DEBUG 2025-05-17: Processing tour 29/37: 2025-05-17 18:30:00 at Property 64938 (ESCORTED)
DEBUG 2025-05-17: Tour 29 assigned to a2f7da14
DEBUG 2025-05-17: Travel time = 14.8 minutes
DEBUG 2025-05-17: Processing tour 30/37: 2025-05-17 19:00:00 at Property 64942 (ESCORTED)
DEBUG 2025-05-17: Tour 30 assigned to 90976d80
DEBUG 2025-05-17: Travel time = 5.0 minutes
DEBUG 2025-05-17: REASSIGNMENT - Original: fe3fff05 → New: 90976d80
DEBUG 2025-05-17: Travel change: 7.9 → 5.0 (difference: 2.9)
DEBUG 2025-05-17: Processing tour 31/37: 2025-05-17 19:00:00 at Property 64933 (ESCORTED)
DEBUG 2025-05-17: Tour 31 assigned to 15683175
DEBUG 2025-05-17: Travel time = 0.0 minutes
DEBUG 2025-05-17: REASSIGNMENT - Original: c99885bc → New: 15683175
DEBUG 2025-05-17: Travel change: 5.0 → 0.0 (difference: 5.0)
DEBUG 2025-05-17: Processing tour 32/37: 2025-05-17 19:00:00 at Property 64939 (ESCORTED)
DEBUG 2025-05-17: Tour 32 assigned to fe3fff05
DEBUG 2025-05-17: Travel time = 0.0 minutes
DEBUG 2025-05-17: REASSIGNMENT - Original: 2d4a3e78 → New: fe3fff05
DEBUG 2025-05-17: Travel change: 9.7 → 0.0 (difference: 9.7)
DEBUG 2025-05-17: Processing tour 33/37: 2025-05-17 19:00:00 at Property 64932 (ESCORTED)
DEBUG 2025-05-17: Tour 33 assigned to c99885bc
DEBUG 2025-05-17: Travel time = 6.1 minutes
DEBUG 2025-05-17: REASSIGNMENT - Original: 25ffdb26 → New: c99885bc
DEBUG 2025-05-17: Travel change: 5.0 → 6.1 (difference: -1.1)
WARNING 2025-05-17: Reassignment INCREASED travel by 1.1 minutes!
DEBUG 2025-05-17: Processing tour 34/37: 2025-05-17 19:00:00 at Property 64934 (VIRTUAL_TOUR)
DEBUG 2025-05-17: Tour 34 assigned to 25ffdb26
DEBUG 2025-05-17: Travel time = 0.0 minutes
DEBUG 2025-05-17: REASSIGNMENT - Original: 15683175 → New: 25ffdb26
DEBUG 2025-05-17: Travel change: 0.0 → 0.0 (difference: 0.0)
DEBUG 2025-05-17: Processing tour 35/37: 2025-05-17 20:00:00 at Property 78139 (ESCORTED)
DEBUG 2025-05-17: Tour 35 assigned to 90976d80
DEBUG 2025-05-17: Travel time = 5.0 minutes
DEBUG 2025-05-17: Processing tour 36/37: 2025-05-17 20:00:00 at Property 64932 (ESCORTED)
DEBUG 2025-05-17: Tour 36 assigned to 25ffdb26
DEBUG 2025-05-17: Travel time = 5.0 minutes
DEBUG 2025-05-17: Processing tour 37/37: 2025-05-17 20:30:00 at Property 64932 (ESCORTED)
DEBUG 2025-05-17: Tour 37 assigned to 25ffdb26
DEBUG 2025-05-17: Travel time = 0.0 minutes
DEBUG 2025-05-17: Optimized travel = 92.3 minutes
DEBUG 2025-05-17: Savings = -4.1 minutes
DEBUG 2025-05-17: Reassignments made = 27/37
WARNING 2025-05-17: NEGATIVE SAVINGS! Optimization made things worse.
WARNING 2025-05-17: 2 problematic reassignments found:
  - Tour at 2025-05-17 17:30:00: cd0ff517 → c99885bc (+1.1 min)
  - Tour at 2025-05-17 19:00:00: 25ffdb26 → c99885bc (+1.1 min)
WARNING 2025-05-17: Very high reassignment rate (73.0%) - algorithm may be too aggressive
DEBUG 2025-05-17: Optimization complete
================================================================================
DEBUG 2025-05-17: Calculated optimized travel (sum method): 92.3
DEBUG 2025-05-17: Validated optimized travel (proven method): 88.3
DEBUG 2025-05-17: Difference: 4.1
DEBUG 2025-05-17: Validated savings: 0.0
DEBUG 2025-05-17: Starting optimization
DEBUG 2025-05-17: Current travel = 88.3 minutes
DEBUG 2025-05-17: Total tours = 37
DEBUG 2025-05-17: Available agents = 13
DEBUG 2025-05-17: Tour times range from 2025-05-17 07:00:00 to 2025-05-17 21:00:00
DEBUG 2025-05-17: Processing tour 1/37: 2025-05-17 07:00:00 at Property 78139 (ESCORTED)
DEBUG 2025-05-17: Tour 1 assigned to 90976d80
DEBUG 2025-05-17: Travel time = 0.0 minutes
DEBUG 2025-05-17: Processing tour 2/37: 2025-05-17 14:00:00 at Property 64935 (ESCORTED)
DEBUG 2025-05-17: Tour 2 assigned to 25ffdb26
DEBUG 2025-05-17: Travel time = 0.0 minutes
DEBUG 2025-05-17: REASSIGNMENT - Original: 0650940d → New: 25ffdb26
DEBUG 2025-05-17: Travel change: 0.0 → 0.0 (difference: 0.0)
DEBUG 2025-05-17: Processing tour 3/37: 2025-05-17 14:00:00 at Property 100490 (ESCORTED)
DEBUG 2025-05-17: Tour 3 assigned to c99885bc
DEBUG 2025-05-17: Travel time = 0.0 minutes
DEBUG 2025-05-17: REASSIGNMENT - Original: 25ffdb26 → New: c99885bc
DEBUG 2025-05-17: Travel change: 5.0 → 0.0 (difference: 5.0)
DEBUG 2025-05-17: Processing tour 4/37: 2025-05-17 14:00:00 at Property 64938 (ESCORTED)
DEBUG 2025-05-17: Tour 4 assigned to 0650940d
DEBUG 2025-05-17: Travel time = 0.0 minutes
DEBUG 2025-05-17: REASSIGNMENT - Original: cd0ff517 → New: 0650940d
DEBUG 2025-05-17: Travel change: 0.0 → 0.0 (difference: 0.0)
DEBUG 2025-05-17: Processing tour 5/37: 2025-05-17 14:00:00 at Property 64943 (ESCORTED)
DEBUG 2025-05-17: Tour 5 assigned to cd0ff517
DEBUG 2025-05-17: Travel time = 0.0 minutes
DEBUG 2025-05-17: REASSIGNMENT - Original: c99885bc → New: cd0ff517
DEBUG 2025-05-17: Travel change: 5.0 → 0.0 (difference: 5.0)
DEBUG 2025-05-17: Processing tour 6/37: 2025-05-17 14:00:00 at Property 64942 (ESCORTED)
DEBUG 2025-05-17: Tour 6 assigned to c827bf27
DEBUG 2025-05-17: Travel time = 0.0 minutes
DEBUG 2025-05-17: Processing tour 7/37: 2025-05-17 14:30:00 at Property 64933 (ESCORTED)
DEBUG 2025-05-17: Tour 7 assigned to 90976d80
DEBUG 2025-05-17: Travel time = 5.0 minutes
DEBUG 2025-05-17: REASSIGNMENT - Original: c99885bc → New: 90976d80
DEBUG 2025-05-17: Travel change: 5.0 → 5.0 (difference: 0.0)
DEBUG 2025-05-17: Processing tour 8/37: 2025-05-17 15:00:00 at Property 100490 (ESCORTED)
DEBUG 2025-05-17: Tour 8 assigned to c99885bc
DEBUG 2025-05-17: Travel time = 0.0 minutes
DEBUG 2025-05-17: REASSIGNMENT - Original: 25ffdb26 → New: c99885bc
DEBUG 2025-05-17: Travel change: 5.0 → 0.0 (difference: 5.0)
DEBUG 2025-05-17: Processing tour 9/37: 2025-05-17 15:00:00 at Property 64934 (ESCORTED)
DEBUG 2025-05-17: Tour 9 assigned to 0c398d8d
DEBUG 2025-05-17: Travel time = 0.0 minutes
DEBUG 2025-05-17: Processing tour 10/37: 2025-05-17 15:30:00 at Property 64938 (ESCORTED)
DEBUG 2025-05-17: Tour 10 assigned to fe3fff05
DEBUG 2025-05-17: Travel time = 0.0 minutes
DEBUG 2025-05-17: REASSIGNMENT - Original: 28be1402 → New: fe3fff05
DEBUG 2025-05-17: Travel change: 0.0 → 0.0 (difference: 0.0)
DEBUG 2025-05-17: Processing tour 11/37: 2025-05-17 15:30:00 at Property 64939 (ESCORTED)
DEBUG 2025-05-17: Tour 11 assigned to 28be1402
DEBUG 2025-05-17: Travel time = 0.0 minutes
DEBUG 2025-05-17: REASSIGNMENT - Original: fe3fff05 → New: 28be1402
DEBUG 2025-05-17: Travel change: 9.7 → 0.0 (difference: 9.7)
DEBUG 2025-05-17: Processing tour 12/37: 2025-05-17 16:00:00 at Property 64934 (ESCORTED)
DEBUG 2025-05-17: Tour 12 assigned to cd0ff517
DEBUG 2025-05-17: Travel time = 5.0 minutes
DEBUG 2025-05-17: REASSIGNMENT - Original: c99885bc → New: cd0ff517
DEBUG 2025-05-17: Travel change: 7.3 → 5.0 (difference: 2.3)
DEBUG 2025-05-17: Processing tour 13/37: 2025-05-17 16:00:00 at Property 64932 (ESCORTED)
DEBUG 2025-05-17: Tour 13 assigned to 25ffdb26
DEBUG 2025-05-17: Travel time = 5.0 minutes
DEBUG 2025-05-17: Processing tour 14/37: 2025-05-17 16:00:00 at Property 64933 (ESCORTED)
DEBUG 2025-05-17: Tour 14 assigned to c99885bc
DEBUG 2025-05-17: Travel time = 5.0 minutes
DEBUG 2025-05-17: REASSIGNMENT - Original: 0650940d → New: c99885bc
DEBUG 2025-05-17: Travel change: 14.8 → 5.0 (difference: 9.8)
DEBUG 2025-05-17: Processing tour 15/37: 2025-05-17 16:30:00 at Property 64938 (ESCORTED)
DEBUG 2025-05-17: Tour 15 assigned to fe3fff05
DEBUG 2025-05-17: Travel time = 0.0 minutes
DEBUG 2025-05-17: REASSIGNMENT - Original: cd0ff517 → New: fe3fff05
DEBUG 2025-05-17: Travel change: 15.5 → 0.0 (difference: 15.5)
DEBUG 2025-05-17: Processing tour 16/37: 2025-05-17 16:30:00 at Property 64933 (ESCORTED)
DEBUG 2025-05-17: Tour 16 assigned to 90976d80
DEBUG 2025-05-17: Travel time = 0.0 minutes
DEBUG 2025-05-17: REASSIGNMENT - Original: 0c398d8d → New: 90976d80
DEBUG 2025-05-17: Travel change: 5.0 → 0.0 (difference: 5.0)
DEBUG 2025-05-17: Processing tour 17/37: 2025-05-17 17:00:00 at Property 64937 (ESCORTED)
DEBUG 2025-05-17: Tour 17 assigned to 28be1402
DEBUG 2025-05-17: Travel time = 5.5 minutes
DEBUG 2025-05-17: REASSIGNMENT - Original: 25ffdb26 → New: 28be1402
DEBUG 2025-05-17: Travel change: 5.0 → 5.5 (difference: -0.5)
WARNING 2025-05-17: Reassignment INCREASED travel by 0.5 minutes!
DEBUG 2025-05-17: Processing tour 18/37: 2025-05-17 17:00:00 at Property 64938 (ESCORTED)
DEBUG 2025-05-17: Tour 18 assigned to 0650940d
DEBUG 2025-05-17: Travel time = 0.0 minutes
DEBUG 2025-05-17: REASSIGNMENT - Original: 28be1402 → New: 0650940d
DEBUG 2025-05-17: Travel change: 11.2 → 0.0 (difference: 11.2)
DEBUG 2025-05-17: Processing tour 19/37: 2025-05-17 17:00:00 at Property 64934 (ESCORTED)
DEBUG 2025-05-17: Tour 19 assigned to cd0ff517
DEBUG 2025-05-17: Travel time = 0.0 minutes
DEBUG 2025-05-17: REASSIGNMENT - Original: 0650940d → New: cd0ff517
DEBUG 2025-05-17: Travel change: 15.5 → 0.0 (difference: 15.5)
DEBUG 2025-05-17: Processing tour 20/37: 2025-05-17 17:15:00 at Property 64942 (ESCORTED)
DEBUG 2025-05-17: Tour 20 assigned to c99885bc
DEBUG 2025-05-17: Travel time = 5.0 minutes
DEBUG 2025-05-17: REASSIGNMENT - Original: fe3fff05 → New: c99885bc
DEBUG 2025-05-17: Travel change: 15.5 → 5.0 (difference: 10.5)
DEBUG 2025-05-17: Processing tour 21/37: 2025-05-17 17:30:00 at Property 78139 (ESCORTED)
DEBUG 2025-05-17: Tour 21 assigned to 25ffdb26
DEBUG 2025-05-17: Travel time = 6.1 minutes
DEBUG 2025-05-17: REASSIGNMENT - Original: cd0ff517 → New: 25ffdb26
DEBUG 2025-05-17: Travel change: 5.0 → 6.1 (difference: -1.1)
WARNING 2025-05-17: Reassignment INCREASED travel by 1.1 minutes!
DEBUG 2025-05-17: Processing tour 22/37: 2025-05-17 17:30:00 at Property 78139 (ESCORTED)
DEBUG 2025-05-17: Tour 22 assigned to 90976d80
DEBUG 2025-05-17: Travel time = 5.0 minutes
DEBUG 2025-05-17: Processing tour 23/37: 2025-05-17 18:00:00 at Property 64938 (ESCORTED)
DEBUG 2025-05-17: Tour 23 assigned to 2d4a3e78
DEBUG 2025-05-17: Travel time = 0.0 minutes
DEBUG 2025-05-17: REASSIGNMENT - Original: cd0ff517 → New: 2d4a3e78
DEBUG 2025-05-17: Travel change: 15.5 → 0.0 (difference: 15.5)
DEBUG 2025-05-17: Processing tour 24/37: 2025-05-17 18:00:00 at Property 64939 (ESCORTED)
DEBUG 2025-05-17: Tour 24 assigned to fe3fff05
DEBUG 2025-05-17: Travel time = 9.7 minutes
DEBUG 2025-05-17: REASSIGNMENT - Original: 2d4a3e78 → New: fe3fff05
DEBUG 2025-05-17: Travel change: 9.7 → 9.7 (difference: 0.0)
DEBUG 2025-05-17: Processing tour 25/37: 2025-05-17 18:00:00 at Property 64937 (ESCORTED)
DEBUG 2025-05-17: Tour 25 assigned to 25ffdb26
DEBUG 2025-05-17: Travel time = 6.8 minutes
DEBUG 2025-05-17: Processing tour 26/37: 2025-05-17 18:15:00 at Property 64938 (ESCORTED)
DEBUG 2025-05-17: Tour 26 assigned to 0650940d
DEBUG 2025-05-17: Travel time = 0.0 minutes
DEBUG 2025-05-17: REASSIGNMENT - Original: cd0ff517 → New: 0650940d
DEBUG 2025-05-17: Travel change: 15.5 → 0.0 (difference: 15.5)
DEBUG 2025-05-17: Processing tour 27/37: 2025-05-17 18:30:00 at Property 64933 (ESCORTED)
DEBUG 2025-05-17: Tour 27 assigned to a2f7da14
DEBUG 2025-05-17: Travel time = 0.0 minutes
DEBUG 2025-05-17: REASSIGNMENT - Original: 0650940d → New: a2f7da14
DEBUG 2025-05-17: Travel change: 14.8 → 0.0 (difference: 14.8)
DEBUG 2025-05-17: Processing tour 28/37: 2025-05-17 18:30:00 at Property 64934 (ESCORTED)
DEBUG 2025-05-17: Tour 28 assigned to bb3b2886
DEBUG 2025-05-17: Travel time = 0.0 minutes
DEBUG 2025-05-17: Processing tour 29/37: 2025-05-17 18:30:00 at Property 64938 (ESCORTED)
DEBUG 2025-05-17: Tour 29 assigned to c99885bc
DEBUG 2025-05-17: Travel time = 15.5 minutes
DEBUG 2025-05-17: REASSIGNMENT - Original: a2f7da14 → New: c99885bc
DEBUG 2025-05-17: Travel change: 14.8 → 15.5 (difference: -0.7)
WARNING 2025-05-17: Reassignment INCREASED travel by 0.7 minutes!
DEBUG 2025-05-17: Processing tour 30/37: 2025-05-17 19:00:00 at Property 64942 (ESCORTED)
DEBUG 2025-05-17: Tour 30 assigned to 90976d80
DEBUG 2025-05-17: Travel time = 5.0 minutes
DEBUG 2025-05-17: REASSIGNMENT - Original: fe3fff05 → New: 90976d80
DEBUG 2025-05-17: Travel change: 7.9 → 5.0 (difference: 2.9)
DEBUG 2025-05-17: Processing tour 31/37: 2025-05-17 19:00:00 at Property 64933 (ESCORTED)
DEBUG 2025-05-17: Tour 31 assigned to 15683175
DEBUG 2025-05-17: Travel time = 0.0 minutes
DEBUG 2025-05-17: REASSIGNMENT - Original: c99885bc → New: 15683175
DEBUG 2025-05-17: Travel change: 14.8 → 0.0 (difference: 14.8)
DEBUG 2025-05-17: Processing tour 32/37: 2025-05-17 19:00:00 at Property 64939 (ESCORTED)
DEBUG 2025-05-17: Tour 32 assigned to fe3fff05
DEBUG 2025-05-17: Travel time = 0.0 minutes
DEBUG 2025-05-17: REASSIGNMENT - Original: 2d4a3e78 → New: fe3fff05
DEBUG 2025-05-17: Travel change: 9.7 → 0.0 (difference: 9.7)
DEBUG 2025-05-17: Processing tour 33/37: 2025-05-17 19:00:00 at Property 64932 (ESCORTED)
DEBUG 2025-05-17: Tour 33 assigned to 25ffdb26
DEBUG 2025-05-17: Travel time = 5.0 minutes
DEBUG 2025-05-17: Processing tour 34/37: 2025-05-17 19:00:00 at Property 64934 (VIRTUAL_TOUR)
DEBUG 2025-05-17: Tour 34 assigned to 15683175
DEBUG 2025-05-17: Travel time = 0.0 minutes
DEBUG 2025-05-17: Processing tour 35/37: 2025-05-17 20:00:00 at Property 78139 (ESCORTED)
DEBUG 2025-05-17: Tour 35 assigned to 90976d80
DEBUG 2025-05-17: Travel time = 5.0 minutes
DEBUG 2025-05-17: Processing tour 36/37: 2025-05-17 20:00:00 at Property 64932 (ESCORTED)
DEBUG 2025-05-17: Tour 36 assigned to 25ffdb26
DEBUG 2025-05-17: Travel time = 0.0 minutes
DEBUG 2025-05-17: Processing tour 37/37: 2025-05-17 20:30:00 at Property 64932 (ESCORTED)
DEBUG 2025-05-17: Tour 37 assigned to 25ffdb26
DEBUG 2025-05-17: Travel time = 0.0 minutes
DEBUG 2025-05-17: Calculated optimized travel (sum method): 88.6
DEBUG 2025-05-17: Validated optimized travel (proven method): 88.3
DEBUG 2025-05-17: Difference: 0.4
DEBUG 2025-05-17: Validated savings: 0.0
DEBUG 2025-05-17: Reassignments made = 25/37
DEBUG 2025-05-17: Optimization complete
================================================================================
