DEBUG 2025-05-26: Starting optimization
DEBUG 2025-05-26: Current travel = 0.0 minutes
DEBUG 2025-05-26: Total tours = 1
DEBUG 2025-05-26: Available agents = 1
DEBUG 2025-05-26: Tour times range from 2025-05-26 18:00:00 to 2025-05-26 18:45:00
DEBUG 2025-05-26: Processing tour 1/1: 2025-05-26 18:00:00 at Property 64937 (ESCORTED)
DEBUG 2025-05-26: Tour 1 assigned to 90976d80
DEBUG 2025-05-26: Travel time = 0.0 minutes
DEBUG 2025-05-26: Optimized travel = 0.0 minutes
DEBUG 2025-05-26: Savings = 0.0 minutes
DEBUG 2025-05-26: Reassignments made = 0/1
DEBUG 2025-05-26: Optimization complete
================================================================================
DEBUG 2025-05-26: Starting optimization
DEBUG 2025-05-26: Current travel = 0.0 minutes
DEBUG 2025-05-26: Total tours = 1
DEBUG 2025-05-26: Available agents = 1
DEBUG 2025-05-26: Tour times range from 2025-05-26 18:00:00 to 2025-05-26 18:45:00
DEBUG 2025-05-26: Processing tour 1/1: 2025-05-26 18:00:00 at Property 64937 (ESCORTED)
DEBUG 2025-05-26: Tour 1 assigned to 90976d80
DEBUG 2025-05-26: Travel time = 0.0 minutes
DEBUG 2025-05-26: Optimized travel = 0.0 minutes
DEBUG 2025-05-26: Savings = 0.0 minutes
DEBUG 2025-05-26: Reassignments made = 0/1
DEBUG 2025-05-26: Optimization complete
================================================================================
DEBUG 2025-05-26: Calculated optimized travel (sum method): 0.0
DEBUG 2025-05-26: Validated optimized travel (proven method): 0.0
DEBUG 2025-05-26: Difference: 0.0
DEBUG 2025-05-26: Validated savings: 0.0
DEBUG 2025-05-26: Starting optimization
DEBUG 2025-05-26: Current travel = 0.0 minutes
DEBUG 2025-05-26: Total tours = 1
DEBUG 2025-05-26: Available agents = 1
DEBUG 2025-05-26: Tour times range from 2025-05-26 18:00:00 to 2025-05-26 18:45:00
DEBUG 2025-05-26: Processing tour 1/1: 2025-05-26 18:00:00 at Property 64937 (ESCORTED)
DEBUG 2025-05-26: Tour 1 assigned to 90976d80
DEBUG 2025-05-26: Travel time = 0.0 minutes
DEBUG 2025-05-26: Calculated optimized travel (sum method): 0.0
DEBUG 2025-05-26: Validated optimized travel (proven method): 0.0
DEBUG 2025-05-26: Difference: 0.0
DEBUG 2025-05-26: Validated savings: 0.0
DEBUG 2025-05-26: Reassignments made = 0/1
DEBUG 2025-05-26: Optimization complete
================================================================================
