DEBUG 2025-05-28: Starting optimization
DEBUG 2025-05-28: Current travel = 34.3 minutes
DEBUG 2025-05-28: Total tours = 13
DEBUG 2025-05-28: Available agents = 7
DEBUG 2025-05-28: Tour times range from 2025-05-28 14:30:00 to 2025-05-28 22:00:00
DEBUG 2025-05-28: Processing tour 1/13: 2025-05-28 14:30:00 at Property 78139 (VIRTUAL_TOUR)
DEBUG 2025-05-28: Tour 1 assigned to 28be1402
DEBUG 2025-05-28: Travel time = 0.0 minutes
DEBUG 2025-05-28: Processing tour 2/13: 2025-05-28 15:00:00 at Property 151243 (ESCORTED)
DEBUG 2025-05-28: Tour 2 assigned to c827bf27
DEBUG 2025-05-28: Travel time = 0.0 minutes
DEBUG 2025-05-28: Processing tour 3/13: 2025-05-28 16:00:00 at Property 84770 (ESCORTED)
DEBUG 2025-05-28: Tour 3 assigned to 28be1402
DEBUG 2025-05-28: Travel time = 0.0 minutes
DEBUG 2025-05-28: REASSIGNMENT - Original: 0c398d8d → New: 28be1402
DEBUG 2025-05-28: Travel change: 0.0 → 0.0 (difference: 0.0)
DEBUG 2025-05-28: Processing tour 4/13: 2025-05-28 16:00:00 at Property 84770 (ESCORTED)
DEBUG 2025-05-28: Tour 4 assigned to 25ffdb26
DEBUG 2025-05-28: Travel time = 0.0 minutes
DEBUG 2025-05-28: Processing tour 5/13: 2025-05-28 16:30:00 at Property 64943 (ESCORTED)
DEBUG 2025-05-28: Tour 5 assigned to c99885bc
DEBUG 2025-05-28: Travel time = 0.0 minutes
DEBUG 2025-05-28: Processing tour 6/13: 2025-05-28 17:00:00 at Property 64932 (ESCORTED)
DEBUG 2025-05-28: Tour 6 assigned to fe3fff05
DEBUG 2025-05-28: Travel time = 0.0 minutes
DEBUG 2025-05-28: REASSIGNMENT - Original: 0c398d8d → New: fe3fff05
DEBUG 2025-05-28: Travel change: 0.0 → 0.0 (difference: 0.0)
DEBUG 2025-05-28: Processing tour 7/13: 2025-05-28 17:00:00 at Property 100490 (ESCORTED)
DEBUG 2025-05-28: Tour 7 assigned to 0c398d8d
DEBUG 2025-05-28: Travel time = 0.0 minutes
DEBUG 2025-05-28: REASSIGNMENT - Original: fe3fff05 → New: 0c398d8d
DEBUG 2025-05-28: Travel change: 5.0 → 0.0 (difference: 5.0)
DEBUG 2025-05-28: Processing tour 8/13: 2025-05-28 18:00:00 at Property 64934 (ESCORTED)
DEBUG 2025-05-28: Tour 8 assigned to 0650940d
DEBUG 2025-05-28: Travel time = 0.0 minutes
DEBUG 2025-05-28: Processing tour 9/13: 2025-05-28 19:00:00 at Property 64937 (ESCORTED)
DEBUG 2025-05-28: Tour 9 assigned to fe3fff05
DEBUG 2025-05-28: Travel time = 5.0 minutes
DEBUG 2025-05-28: REASSIGNMENT - Original: 25ffdb26 → New: fe3fff05
DEBUG 2025-05-28: Travel change: 5.2 → 5.0 (difference: 0.2)
DEBUG 2025-05-28: Processing tour 10/13: 2025-05-28 19:30:00 at Property 64938 (ESCORTED)
DEBUG 2025-05-28: Tour 10 assigned to 28be1402
DEBUG 2025-05-28: Travel time = 13.9 minutes
DEBUG 2025-05-28: REASSIGNMENT - Original: fe3fff05 → New: 28be1402
DEBUG 2025-05-28: Travel change: 11.2 → 13.9 (difference: -2.7)
WARNING 2025-05-28: Reassignment INCREASED travel by 2.7 minutes!
DEBUG 2025-05-28: Processing tour 11/13: 2025-05-28 20:00:00 at Property 151243 (ESCORTED)
DEBUG 2025-05-28: Tour 11 assigned to 0650940d
DEBUG 2025-05-28: Travel time = 7.0 minutes
DEBUG 2025-05-28: REASSIGNMENT - Original: 28be1402 → New: 0650940d
DEBUG 2025-05-28: Travel change: 13.3 → 7.0 (difference: 6.3)
DEBUG 2025-05-28: Processing tour 12/13: 2025-05-28 21:00:00 at Property 84770 (ESCORTED)
DEBUG 2025-05-28: Tour 12 assigned to 0650940d
DEBUG 2025-05-28: Travel time = 8.9 minutes
DEBUG 2025-05-28: Processing tour 13/13: 2025-05-28 21:00:00 at Property 100490 (ESCORTED)
DEBUG 2025-05-28: Tour 13 assigned to 0650940d
DEBUG 2025-05-28: Travel time = 5.0 minutes
DEBUG 2025-05-28: Optimized travel = 39.7 minutes
DEBUG 2025-05-28: Savings = -5.4 minutes
DEBUG 2025-05-28: Reassignments made = 6/13
WARNING 2025-05-28: NEGATIVE SAVINGS! Optimization made things worse.
WARNING 2025-05-28: 1 problematic reassignments found:
  - Tour at 2025-05-28 19:30:00: fe3fff05 → 28be1402 (+2.7 min)
DEBUG 2025-05-28: Optimization complete
================================================================================
DEBUG 2025-05-28: Starting optimization
DEBUG 2025-05-28: Current travel = 34.3 minutes
DEBUG 2025-05-28: Total tours = 13
DEBUG 2025-05-28: Available agents = 7
DEBUG 2025-05-28: Tour times range from 2025-05-28 14:30:00 to 2025-05-28 22:00:00
DEBUG 2025-05-28: Processing tour 1/13: 2025-05-28 14:30:00 at Property 78139 (VIRTUAL_TOUR)
DEBUG 2025-05-28: Tour 1 assigned to 28be1402
DEBUG 2025-05-28: Travel time = 0.0 minutes
DEBUG 2025-05-28: Processing tour 2/13: 2025-05-28 15:00:00 at Property 151243 (ESCORTED)
DEBUG 2025-05-28: Tour 2 assigned to c827bf27
DEBUG 2025-05-28: Travel time = 0.0 minutes
DEBUG 2025-05-28: Processing tour 3/13: 2025-05-28 16:00:00 at Property 84770 (ESCORTED)
DEBUG 2025-05-28: Tour 3 assigned to 28be1402
DEBUG 2025-05-28: Travel time = 0.0 minutes
DEBUG 2025-05-28: REASSIGNMENT - Original: 0c398d8d → New: 28be1402
DEBUG 2025-05-28: Travel change: 0.0 → 0.0 (difference: 0.0)
DEBUG 2025-05-28: Processing tour 4/13: 2025-05-28 16:00:00 at Property 84770 (ESCORTED)
DEBUG 2025-05-28: Tour 4 assigned to 25ffdb26
DEBUG 2025-05-28: Travel time = 0.0 minutes
DEBUG 2025-05-28: Processing tour 5/13: 2025-05-28 16:30:00 at Property 64943 (ESCORTED)
DEBUG 2025-05-28: Tour 5 assigned to c99885bc
DEBUG 2025-05-28: Travel time = 0.0 minutes
DEBUG 2025-05-28: Processing tour 6/13: 2025-05-28 17:00:00 at Property 64932 (ESCORTED)
DEBUG 2025-05-28: Tour 6 assigned to fe3fff05
DEBUG 2025-05-28: Travel time = 0.0 minutes
DEBUG 2025-05-28: REASSIGNMENT - Original: 0c398d8d → New: fe3fff05
DEBUG 2025-05-28: Travel change: 0.0 → 0.0 (difference: 0.0)
DEBUG 2025-05-28: Processing tour 7/13: 2025-05-28 17:00:00 at Property 100490 (ESCORTED)
DEBUG 2025-05-28: Tour 7 assigned to 0c398d8d
DEBUG 2025-05-28: Travel time = 0.0 minutes
DEBUG 2025-05-28: REASSIGNMENT - Original: fe3fff05 → New: 0c398d8d
DEBUG 2025-05-28: Travel change: 5.0 → 0.0 (difference: 5.0)
DEBUG 2025-05-28: Processing tour 8/13: 2025-05-28 18:00:00 at Property 64934 (ESCORTED)
DEBUG 2025-05-28: Tour 8 assigned to 0650940d
DEBUG 2025-05-28: Travel time = 0.0 minutes
DEBUG 2025-05-28: Processing tour 9/13: 2025-05-28 19:00:00 at Property 64937 (ESCORTED)
DEBUG 2025-05-28: Tour 9 assigned to fe3fff05
DEBUG 2025-05-28: Travel time = 5.0 minutes
DEBUG 2025-05-28: REASSIGNMENT - Original: 25ffdb26 → New: fe3fff05
DEBUG 2025-05-28: Travel change: 5.2 → 5.0 (difference: 0.2)
DEBUG 2025-05-28: Processing tour 10/13: 2025-05-28 19:30:00 at Property 64938 (ESCORTED)
DEBUG 2025-05-28: Tour 10 assigned to 28be1402
DEBUG 2025-05-28: Travel time = 13.9 minutes
DEBUG 2025-05-28: REASSIGNMENT - Original: fe3fff05 → New: 28be1402
DEBUG 2025-05-28: Travel change: 11.2 → 13.9 (difference: -2.7)
WARNING 2025-05-28: Reassignment INCREASED travel by 2.7 minutes!
DEBUG 2025-05-28: Processing tour 11/13: 2025-05-28 20:00:00 at Property 151243 (ESCORTED)
DEBUG 2025-05-28: Tour 11 assigned to 0650940d
DEBUG 2025-05-28: Travel time = 7.0 minutes
DEBUG 2025-05-28: REASSIGNMENT - Original: 28be1402 → New: 0650940d
DEBUG 2025-05-28: Travel change: 13.3 → 7.0 (difference: 6.3)
DEBUG 2025-05-28: Processing tour 12/13: 2025-05-28 21:00:00 at Property 84770 (ESCORTED)
DEBUG 2025-05-28: Tour 12 assigned to 0650940d
DEBUG 2025-05-28: Travel time = 8.9 minutes
DEBUG 2025-05-28: Processing tour 13/13: 2025-05-28 21:00:00 at Property 100490 (ESCORTED)
DEBUG 2025-05-28: Tour 13 assigned to 0650940d
DEBUG 2025-05-28: Travel time = 5.0 minutes
DEBUG 2025-05-28: Optimized travel = 39.7 minutes
DEBUG 2025-05-28: Savings = -5.4 minutes
DEBUG 2025-05-28: Reassignments made = 6/13
WARNING 2025-05-28: NEGATIVE SAVINGS! Optimization made things worse.
WARNING 2025-05-28: 1 problematic reassignments found:
  - Tour at 2025-05-28 19:30:00: fe3fff05 → 28be1402 (+2.7 min)
DEBUG 2025-05-28: Optimization complete
================================================================================
DEBUG 2025-05-28: Calculated optimized travel (sum method): 39.7
DEBUG 2025-05-28: Validated optimized travel (proven method): 34.3
DEBUG 2025-05-28: Difference: 5.4
DEBUG 2025-05-28: Validated savings: 0.0
DEBUG 2025-05-28: Starting optimization
DEBUG 2025-05-28: Current travel = 36.8 minutes
DEBUG 2025-05-28: Total tours = 13
DEBUG 2025-05-28: Available agents = 7
DEBUG 2025-05-28: Tour times range from 2025-05-28 14:30:00 to 2025-05-28 22:00:00
DEBUG 2025-05-28: Processing tour 1/13: 2025-05-28 14:30:00 at Property 78139 (VIRTUAL_TOUR)
DEBUG 2025-05-28: Tour 1 assigned to 28be1402
DEBUG 2025-05-28: Travel time = 0.0 minutes
DEBUG 2025-05-28: Processing tour 2/13: 2025-05-28 15:00:00 at Property 151243 (ESCORTED)
DEBUG 2025-05-28: Tour 2 assigned to c827bf27
DEBUG 2025-05-28: Travel time = 0.0 minutes
DEBUG 2025-05-28: Processing tour 3/13: 2025-05-28 16:00:00 at Property 84770 (ESCORTED)
DEBUG 2025-05-28: Tour 3 assigned to 28be1402
DEBUG 2025-05-28: Travel time = 0.0 minutes
DEBUG 2025-05-28: REASSIGNMENT - Original: 0c398d8d → New: 28be1402
DEBUG 2025-05-28: Travel change: 0.0 → 0.0 (difference: 0.0)
DEBUG 2025-05-28: Processing tour 4/13: 2025-05-28 16:00:00 at Property 84770 (ESCORTED)
DEBUG 2025-05-28: Tour 4 assigned to 25ffdb26
DEBUG 2025-05-28: Travel time = 0.0 minutes
DEBUG 2025-05-28: Processing tour 5/13: 2025-05-28 16:30:00 at Property 64943 (ESCORTED)
DEBUG 2025-05-28: Tour 5 assigned to c99885bc
DEBUG 2025-05-28: Travel time = 0.0 minutes
DEBUG 2025-05-28: Processing tour 6/13: 2025-05-28 17:00:00 at Property 64932 (ESCORTED)
DEBUG 2025-05-28: Tour 6 assigned to fe3fff05
DEBUG 2025-05-28: Travel time = 0.0 minutes
DEBUG 2025-05-28: REASSIGNMENT - Original: 0c398d8d → New: fe3fff05
DEBUG 2025-05-28: Travel change: 0.0 → 0.0 (difference: 0.0)
DEBUG 2025-05-28: Processing tour 7/13: 2025-05-28 17:00:00 at Property 100490 (ESCORTED)
DEBUG 2025-05-28: Tour 7 assigned to 0c398d8d
DEBUG 2025-05-28: Travel time = 0.0 minutes
DEBUG 2025-05-28: REASSIGNMENT - Original: fe3fff05 → New: 0c398d8d
DEBUG 2025-05-28: Travel change: 5.0 → 0.0 (difference: 5.0)
DEBUG 2025-05-28: Processing tour 8/13: 2025-05-28 18:00:00 at Property 64934 (ESCORTED)
DEBUG 2025-05-28: Tour 8 assigned to 0650940d
DEBUG 2025-05-28: Travel time = 0.0 minutes
DEBUG 2025-05-28: Processing tour 9/13: 2025-05-28 19:00:00 at Property 64937 (ESCORTED)
DEBUG 2025-05-28: Tour 9 assigned to fe3fff05
DEBUG 2025-05-28: Travel time = 5.0 minutes
DEBUG 2025-05-28: REASSIGNMENT - Original: 25ffdb26 → New: fe3fff05
DEBUG 2025-05-28: Travel change: 5.2 → 5.0 (difference: 0.2)
DEBUG 2025-05-28: Processing tour 10/13: 2025-05-28 19:30:00 at Property 64938 (ESCORTED)
DEBUG 2025-05-28: Tour 10 assigned to 28be1402
DEBUG 2025-05-28: Travel time = 13.9 minutes
DEBUG 2025-05-28: REASSIGNMENT - Original: fe3fff05 → New: 28be1402
DEBUG 2025-05-28: Travel change: 11.2 → 13.9 (difference: -2.7)
WARNING 2025-05-28: Reassignment INCREASED travel by 2.7 minutes!
DEBUG 2025-05-28: Processing tour 11/13: 2025-05-28 20:00:00 at Property 151243 (ESCORTED)
DEBUG 2025-05-28: Tour 11 assigned to 0650940d
DEBUG 2025-05-28: Travel time = 5.1 minutes
DEBUG 2025-05-28: REASSIGNMENT - Original: 28be1402 → New: 0650940d
DEBUG 2025-05-28: Travel change: 13.3 → 5.1 (difference: 8.2)
DEBUG 2025-05-28: Processing tour 12/13: 2025-05-28 21:00:00 at Property 84770 (ESCORTED)
DEBUG 2025-05-28: Tour 12 assigned to 0650940d
DEBUG 2025-05-28: Travel time = 8.9 minutes
DEBUG 2025-05-28: Processing tour 13/13: 2025-05-28 21:00:00 at Property 100490 (ESCORTED)
DEBUG 2025-05-28: Tour 13 assigned to 0650940d
DEBUG 2025-05-28: Travel time = 5.0 minutes
DEBUG 2025-05-28: Calculated optimized travel (sum method): 37.8
DEBUG 2025-05-28: Validated optimized travel (proven method): 36.8
DEBUG 2025-05-28: Difference: 1.0
DEBUG 2025-05-28: Validated savings: 0.0
DEBUG 2025-05-28: Reassignments made = 6/13
DEBUG 2025-05-28: Optimization complete
================================================================================
