DEBUG 2025-05-16: Starting optimization
DEBUG 2025-05-16: Current travel = 64.3 minutes
DEBUG 2025-05-16: Total tours = 36
DEBUG 2025-05-16: Available agents = 16
DEBUG 2025-05-16: Tour times range from 2025-05-16 13:00:00 to 2025-05-16 22:30:00
DEBUG 2025-05-16: Processing tour 1/36: 2025-05-16 13:00:00 at Property 64937 (ESCORTED)
DEBUG 2025-05-16: Tour 1 assigned to 25ffdb26
DEBUG 2025-05-16: Travel time = 0.0 minutes
DEBUG 2025-05-16: REASSIGNMENT - Original: 90b2922d → New: 25ffdb26
DEBUG 2025-05-16: Travel change: 0.0 → 0.0 (difference: 0.0)
DEBUG 2025-05-16: Processing tour 2/36: 2025-05-16 13:00:00 at Property 64933 (ESCORTED)
DEBUG 2025-05-16: Tour 2 assigned to 90b2922d
DEBUG 2025-05-16: Travel time = 0.0 minutes
DEBUG 2025-05-16: REASSIGNMENT - Original: 883d41c8 → New: 90b2922d
DEBUG 2025-05-16: Travel change: 0.0 → 0.0 (difference: 0.0)
DEBUG 2025-05-16: Processing tour 3/36: 2025-05-16 13:00:00 at Property 64932 (ESCORTED)
DEBUG 2025-05-16: Tour 3 assigned to 883d41c8
DEBUG 2025-05-16: Travel time = 0.0 minutes
DEBUG 2025-05-16: REASSIGNMENT - Original: 25ffdb26 → New: 883d41c8
DEBUG 2025-05-16: Travel change: 5.0 → 0.0 (difference: 5.0)
DEBUG 2025-05-16: Processing tour 4/36: 2025-05-16 13:30:00 at Property 64937 (ESCORTED)
DEBUG 2025-05-16: Tour 4 assigned to 90b2922d
DEBUG 2025-05-16: Travel time = 5.6 minutes
DEBUG 2025-05-16: Processing tour 5/36: 2025-05-16 14:30:00 at Property 64932 (ESCORTED)
DEBUG 2025-05-16: Tour 5 assigned to 90976d80
DEBUG 2025-05-16: Travel time = 0.0 minutes
DEBUG 2025-05-16: Processing tour 6/36: 2025-05-16 14:30:00 at Property 64937 (VIRTUAL_TOUR)
DEBUG 2025-05-16: Tour 6 assigned to 25ffdb26
DEBUG 2025-05-16: Travel time = 0.0 minutes
DEBUG 2025-05-16: Processing tour 7/36: 2025-05-16 15:00:00 at Property 64938 (ESCORTED)
DEBUG 2025-05-16: Tour 7 assigned to cd0ff517
DEBUG 2025-05-16: Travel time = 0.0 minutes
DEBUG 2025-05-16: Processing tour 8/36: 2025-05-16 15:30:00 at Property 64939 (ESCORTED)
DEBUG 2025-05-16: Tour 8 assigned to fe3fff05
DEBUG 2025-05-16: Travel time = 0.0 minutes
DEBUG 2025-05-16: Processing tour 9/36: 2025-05-16 15:30:00 at Property 64938 (ESCORTED)
DEBUG 2025-05-16: Tour 9 assigned to 90976d80
DEBUG 2025-05-16: Travel time = 13.8 minutes
DEBUG 2025-05-16: Processing tour 10/36: 2025-05-16 16:00:00 at Property 64932 (ESCORTED)
DEBUG 2025-05-16: Tour 10 assigned to 25ffdb26
DEBUG 2025-05-16: Travel time = 5.0 minutes
DEBUG 2025-05-16: Processing tour 11/36: 2025-05-16 16:30:00 at Property 64933 (VIRTUAL_TOUR)
DEBUG 2025-05-16: Tour 11 assigned to cd0ff517
DEBUG 2025-05-16: Travel time = 0.0 minutes
DEBUG 2025-05-16: REASSIGNMENT - Original: 0c398d8d → New: cd0ff517
DEBUG 2025-05-16: Travel change: 0.0 → 0.0 (difference: 0.0)
DEBUG 2025-05-16: Processing tour 12/36: 2025-05-16 16:30:00 at Property 64943 (ESCORTED)
DEBUG 2025-05-16: Tour 12 assigned to 0650940d
DEBUG 2025-05-16: Travel time = 0.0 minutes
DEBUG 2025-05-16: Processing tour 13/36: 2025-05-16 17:00:00 at Property 64935 (ESCORTED)
DEBUG 2025-05-16: Tour 13 assigned to 0c398d8d
DEBUG 2025-05-16: Travel time = 0.0 minutes
DEBUG 2025-05-16: REASSIGNMENT - Original: c99885bc → New: 0c398d8d
DEBUG 2025-05-16: Travel change: 0.0 → 0.0 (difference: 0.0)
DEBUG 2025-05-16: Processing tour 14/36: 2025-05-16 17:00:00 at Property 100490 (ESCORTED)
DEBUG 2025-05-16: Tour 14 assigned to c99885bc
DEBUG 2025-05-16: Travel time = 0.0 minutes
DEBUG 2025-05-16: REASSIGNMENT - Original: 25ffdb26 → New: c99885bc
DEBUG 2025-05-16: Travel change: 5.0 → 0.0 (difference: 5.0)
DEBUG 2025-05-16: Processing tour 15/36: 2025-05-16 17:15:00 at Property 100490 (ESCORTED)
DEBUG 2025-05-16: Tour 15 assigned to 25ffdb26
DEBUG 2025-05-16: Travel time = 5.0 minutes
DEBUG 2025-05-16: Processing tour 16/36: 2025-05-16 17:30:00 at Property 64940 (ESCORTED)
DEBUG 2025-05-16: Tour 16 assigned to 15683175
DEBUG 2025-05-16: Travel time = 0.0 minutes
DEBUG 2025-05-16: REASSIGNMENT - Original: 2d4a3e78 → New: 15683175
DEBUG 2025-05-16: Travel change: 0.0 → 0.0 (difference: 0.0)
DEBUG 2025-05-16: Processing tour 17/36: 2025-05-16 17:30:00 at Property 64939 (ESCORTED)
DEBUG 2025-05-16: Tour 17 assigned to fe3fff05
DEBUG 2025-05-16: Travel time = 0.0 minutes
DEBUG 2025-05-16: Processing tour 18/36: 2025-05-16 17:30:00 at Property 78139 (ESCORTED)
DEBUG 2025-05-16: Tour 18 assigned to 2d4a3e78
DEBUG 2025-05-16: Travel time = 0.0 minutes
DEBUG 2025-05-16: REASSIGNMENT - Original: 90976d80 → New: 2d4a3e78
DEBUG 2025-05-16: Travel change: 15.2 → 0.0 (difference: 15.2)
DEBUG 2025-05-16: Processing tour 19/36: 2025-05-16 17:30:00 at Property 64934 (ESCORTED)
DEBUG 2025-05-16: Tour 19 assigned to 15683175
DEBUG 2025-05-16: Travel time = 8.0 minutes
DEBUG 2025-05-16: Processing tour 20/36: 2025-05-16 18:00:00 at Property 64937 (ESCORTED)
DEBUG 2025-05-16: Tour 20 assigned to 28be1402
DEBUG 2025-05-16: Travel time = 0.0 minutes
DEBUG 2025-05-16: REASSIGNMENT - Original: 67d48910 → New: 28be1402
DEBUG 2025-05-16: Travel change: 0.0 → 0.0 (difference: 0.0)
DEBUG 2025-05-16: Processing tour 21/36: 2025-05-16 18:00:00 at Property 78139 (ESCORTED)
DEBUG 2025-05-16: Tour 21 assigned to 67d48910
DEBUG 2025-05-16: Travel time = 0.0 minutes
DEBUG 2025-05-16: REASSIGNMENT - Original: 28be1402 → New: 67d48910
DEBUG 2025-05-16: Travel change: 6.8 → 0.0 (difference: 6.8)
DEBUG 2025-05-16: Processing tour 22/36: 2025-05-16 18:00:00 at Property 64937 (ESCORTED)
DEBUG 2025-05-16: Tour 22 assigned to 0650940d
DEBUG 2025-05-16: Travel time = 5.5 minutes
DEBUG 2025-05-16: REASSIGNMENT - Original: 25ffdb26 → New: 0650940d
DEBUG 2025-05-16: Travel change: 5.3 → 5.5 (difference: -0.2)
WARNING 2025-05-16: Reassignment INCREASED travel by 0.2 minutes!
DEBUG 2025-05-16: Processing tour 23/36: 2025-05-16 18:00:00 at Property 64933 (ESCORTED)
DEBUG 2025-05-16: Tour 23 assigned to cd0ff517
DEBUG 2025-05-16: Travel time = 14.8 minutes
DEBUG 2025-05-16: REASSIGNMENT - Original: 0650940d → New: cd0ff517
DEBUG 2025-05-16: Travel change: 5.6 → 14.8 (difference: -9.1)
WARNING 2025-05-16: Reassignment INCREASED travel by 9.1 minutes!
DEBUG 2025-05-16: Processing tour 24/36: 2025-05-16 18:00:00 at Property 64935 (ESCORTED)
DEBUG 2025-05-16: Tour 24 assigned to 0c398d8d
DEBUG 2025-05-16: Travel time = 0.0 minutes
DEBUG 2025-05-16: REASSIGNMENT - Original: c99885bc → New: 0c398d8d
DEBUG 2025-05-16: Travel change: 5.0 → 0.0 (difference: 5.0)
DEBUG 2025-05-16: Processing tour 25/36: 2025-05-16 19:00:00 at Property 64940 (ESCORTED)
DEBUG 2025-05-16: Tour 25 assigned to 976d1b6d
DEBUG 2025-05-16: Travel time = 0.0 minutes
DEBUG 2025-05-16: REASSIGNMENT - Original: fe3fff05 → New: 976d1b6d
DEBUG 2025-05-16: Travel change: 5.0 → 0.0 (difference: 5.0)
DEBUG 2025-05-16: Processing tour 26/36: 2025-05-16 19:00:00 at Property 64938 (ESCORTED)
DEBUG 2025-05-16: Tour 26 assigned to fe3fff05
DEBUG 2025-05-16: Travel time = 9.7 minutes
DEBUG 2025-05-16: REASSIGNMENT - Original: 976d1b6d → New: fe3fff05
DEBUG 2025-05-16: Travel change: 9.9 → 9.7 (difference: 0.2)
DEBUG 2025-05-16: Processing tour 27/36: 2025-05-16 19:00:00 at Property 64932 (ESCORTED)
DEBUG 2025-05-16: Tour 27 assigned to 25ffdb26
DEBUG 2025-05-16: Travel time = 5.0 minutes
DEBUG 2025-05-16: Processing tour 28/36: 2025-05-16 19:00:00 at Property 64934 (ESCORTED)
DEBUG 2025-05-16: Tour 28 assigned to 0c398d8d
DEBUG 2025-05-16: Travel time = 5.0 minutes
DEBUG 2025-05-16: Processing tour 29/36: 2025-05-16 19:30:00 at Property 64938 (VIRTUAL_TOUR)
DEBUG 2025-05-16: Tour 29 assigned to cd0ff517
DEBUG 2025-05-16: Travel time = 0.0 minutes
DEBUG 2025-05-16: REASSIGNMENT - Original: a2f7da14 → New: cd0ff517
DEBUG 2025-05-16: Travel change: 0.0 → 0.0 (difference: 0.0)
DEBUG 2025-05-16: Processing tour 30/36: 2025-05-16 19:30:00 at Property 64932 (ESCORTED)
DEBUG 2025-05-16: Tour 30 assigned to a2f7da14
DEBUG 2025-05-16: Travel time = 0.0 minutes
DEBUG 2025-05-16: REASSIGNMENT - Original: 0650940d → New: a2f7da14
DEBUG 2025-05-16: Travel change: 5.0 → 0.0 (difference: 5.0)
DEBUG 2025-05-16: Processing tour 31/36: 2025-05-16 20:00:00 at Property 64940 (ESCORTED)
DEBUG 2025-05-16: Tour 31 assigned to 976d1b6d
DEBUG 2025-05-16: Travel time = 0.0 minutes
DEBUG 2025-05-16: REASSIGNMENT - Original: fe3fff05 → New: 976d1b6d
DEBUG 2025-05-16: Travel change: 9.9 → 0.0 (difference: 9.9)
DEBUG 2025-05-16: Processing tour 32/36: 2025-05-16 20:00:00 at Property 64934 (ESCORTED)
DEBUG 2025-05-16: Tour 32 assigned to 28be1402
DEBUG 2025-05-16: Travel time = 5.3 minutes
DEBUG 2025-05-16: Processing tour 33/36: 2025-05-16 20:30:00 at Property 64935 (ESCORTED)
DEBUG 2025-05-16: Tour 33 assigned to bb3b2886
DEBUG 2025-05-16: Travel time = 0.0 minutes
DEBUG 2025-05-16: Processing tour 34/36: 2025-05-16 20:30:00 at Property 64938 (ESCORTED)
DEBUG 2025-05-16: Tour 34 assigned to fe3fff05
DEBUG 2025-05-16: Travel time = 0.0 minutes
DEBUG 2025-05-16: REASSIGNMENT - Original: 976d1b6d → New: fe3fff05
DEBUG 2025-05-16: Travel change: 9.9 → 0.0 (difference: 9.9)
DEBUG 2025-05-16: Processing tour 35/36: 2025-05-16 20:30:00 at Property 64932 (ESCORTED)
DEBUG 2025-05-16: Tour 35 assigned to 25ffdb26
DEBUG 2025-05-16: Travel time = 0.0 minutes
DEBUG 2025-05-16: Processing tour 36/36: 2025-05-16 21:30:00 at Property 64938 (ESCORTED)
DEBUG 2025-05-16: Tour 36 assigned to cd0ff517
DEBUG 2025-05-16: Travel time = 14.8 minutes
DEBUG 2025-05-16: Optimized travel = 97.4 minutes
DEBUG 2025-05-16: Savings = -33.1 minutes
DEBUG 2025-05-16: Reassignments made = 19/36
WARNING 2025-05-16: NEGATIVE SAVINGS! Optimization made things worse.
WARNING 2025-05-16: 2 problematic reassignments found:
  - Tour at 2025-05-16 18:00:00: 25ffdb26 → 0650940d (+0.2 min)
  - Tour at 2025-05-16 18:00:00: 0650940d → cd0ff517 (+9.1 min)
DEBUG 2025-05-16: Optimization complete
================================================================================
DEBUG 2025-05-16: Starting optimization
DEBUG 2025-05-16: Current travel = 64.3 minutes
DEBUG 2025-05-16: Total tours = 36
DEBUG 2025-05-16: Available agents = 16
DEBUG 2025-05-16: Tour times range from 2025-05-16 13:00:00 to 2025-05-16 22:30:00
DEBUG 2025-05-16: Processing tour 1/36: 2025-05-16 13:00:00 at Property 64937 (ESCORTED)
DEBUG 2025-05-16: Tour 1 assigned to 25ffdb26
DEBUG 2025-05-16: Travel time = 0.0 minutes
DEBUG 2025-05-16: REASSIGNMENT - Original: 90b2922d → New: 25ffdb26
DEBUG 2025-05-16: Travel change: 0.0 → 0.0 (difference: 0.0)
DEBUG 2025-05-16: Processing tour 2/36: 2025-05-16 13:00:00 at Property 64933 (ESCORTED)
DEBUG 2025-05-16: Tour 2 assigned to 90b2922d
DEBUG 2025-05-16: Travel time = 0.0 minutes
DEBUG 2025-05-16: REASSIGNMENT - Original: 883d41c8 → New: 90b2922d
DEBUG 2025-05-16: Travel change: 0.0 → 0.0 (difference: 0.0)
DEBUG 2025-05-16: Processing tour 3/36: 2025-05-16 13:00:00 at Property 64932 (ESCORTED)
DEBUG 2025-05-16: Tour 3 assigned to 883d41c8
DEBUG 2025-05-16: Travel time = 0.0 minutes
DEBUG 2025-05-16: REASSIGNMENT - Original: 25ffdb26 → New: 883d41c8
DEBUG 2025-05-16: Travel change: 5.0 → 0.0 (difference: 5.0)
DEBUG 2025-05-16: Processing tour 4/36: 2025-05-16 13:30:00 at Property 64937 (ESCORTED)
DEBUG 2025-05-16: Tour 4 assigned to 90b2922d
DEBUG 2025-05-16: Travel time = 5.6 minutes
DEBUG 2025-05-16: Processing tour 5/36: 2025-05-16 14:30:00 at Property 64932 (ESCORTED)
DEBUG 2025-05-16: Tour 5 assigned to 90976d80
DEBUG 2025-05-16: Travel time = 0.0 minutes
DEBUG 2025-05-16: Processing tour 6/36: 2025-05-16 14:30:00 at Property 64937 (VIRTUAL_TOUR)
DEBUG 2025-05-16: Tour 6 assigned to 25ffdb26
DEBUG 2025-05-16: Travel time = 0.0 minutes
DEBUG 2025-05-16: Processing tour 7/36: 2025-05-16 15:00:00 at Property 64938 (ESCORTED)
DEBUG 2025-05-16: Tour 7 assigned to cd0ff517
DEBUG 2025-05-16: Travel time = 0.0 minutes
DEBUG 2025-05-16: Processing tour 8/36: 2025-05-16 15:30:00 at Property 64939 (ESCORTED)
DEBUG 2025-05-16: Tour 8 assigned to fe3fff05
DEBUG 2025-05-16: Travel time = 0.0 minutes
DEBUG 2025-05-16: Processing tour 9/36: 2025-05-16 15:30:00 at Property 64938 (ESCORTED)
DEBUG 2025-05-16: Tour 9 assigned to 90976d80
DEBUG 2025-05-16: Travel time = 13.8 minutes
DEBUG 2025-05-16: Processing tour 10/36: 2025-05-16 16:00:00 at Property 64932 (ESCORTED)
DEBUG 2025-05-16: Tour 10 assigned to 25ffdb26
DEBUG 2025-05-16: Travel time = 5.0 minutes
DEBUG 2025-05-16: Processing tour 11/36: 2025-05-16 16:30:00 at Property 64933 (VIRTUAL_TOUR)
DEBUG 2025-05-16: Tour 11 assigned to cd0ff517
DEBUG 2025-05-16: Travel time = 0.0 minutes
DEBUG 2025-05-16: REASSIGNMENT - Original: 0c398d8d → New: cd0ff517
DEBUG 2025-05-16: Travel change: 0.0 → 0.0 (difference: 0.0)
DEBUG 2025-05-16: Processing tour 12/36: 2025-05-16 16:30:00 at Property 64943 (ESCORTED)
DEBUG 2025-05-16: Tour 12 assigned to 0650940d
DEBUG 2025-05-16: Travel time = 0.0 minutes
DEBUG 2025-05-16: Processing tour 13/36: 2025-05-16 17:00:00 at Property 64935 (ESCORTED)
DEBUG 2025-05-16: Tour 13 assigned to 0c398d8d
DEBUG 2025-05-16: Travel time = 0.0 minutes
DEBUG 2025-05-16: REASSIGNMENT - Original: c99885bc → New: 0c398d8d
DEBUG 2025-05-16: Travel change: 0.0 → 0.0 (difference: 0.0)
DEBUG 2025-05-16: Processing tour 14/36: 2025-05-16 17:00:00 at Property 100490 (ESCORTED)
DEBUG 2025-05-16: Tour 14 assigned to c99885bc
DEBUG 2025-05-16: Travel time = 0.0 minutes
DEBUG 2025-05-16: REASSIGNMENT - Original: 25ffdb26 → New: c99885bc
DEBUG 2025-05-16: Travel change: 5.0 → 0.0 (difference: 5.0)
DEBUG 2025-05-16: Processing tour 15/36: 2025-05-16 17:15:00 at Property 100490 (ESCORTED)
DEBUG 2025-05-16: Tour 15 assigned to 25ffdb26
DEBUG 2025-05-16: Travel time = 5.0 minutes
DEBUG 2025-05-16: Processing tour 16/36: 2025-05-16 17:30:00 at Property 64940 (ESCORTED)
DEBUG 2025-05-16: Tour 16 assigned to 15683175
DEBUG 2025-05-16: Travel time = 0.0 minutes
DEBUG 2025-05-16: REASSIGNMENT - Original: 2d4a3e78 → New: 15683175
DEBUG 2025-05-16: Travel change: 0.0 → 0.0 (difference: 0.0)
DEBUG 2025-05-16: Processing tour 17/36: 2025-05-16 17:30:00 at Property 64939 (ESCORTED)
DEBUG 2025-05-16: Tour 17 assigned to fe3fff05
DEBUG 2025-05-16: Travel time = 0.0 minutes
DEBUG 2025-05-16: Processing tour 18/36: 2025-05-16 17:30:00 at Property 78139 (ESCORTED)
DEBUG 2025-05-16: Tour 18 assigned to 2d4a3e78
DEBUG 2025-05-16: Travel time = 0.0 minutes
DEBUG 2025-05-16: REASSIGNMENT - Original: 90976d80 → New: 2d4a3e78
DEBUG 2025-05-16: Travel change: 15.2 → 0.0 (difference: 15.2)
DEBUG 2025-05-16: Processing tour 19/36: 2025-05-16 17:30:00 at Property 64934 (ESCORTED)
DEBUG 2025-05-16: Tour 19 assigned to 15683175
DEBUG 2025-05-16: Travel time = 8.0 minutes
DEBUG 2025-05-16: Processing tour 20/36: 2025-05-16 18:00:00 at Property 64937 (ESCORTED)
DEBUG 2025-05-16: Tour 20 assigned to 28be1402
DEBUG 2025-05-16: Travel time = 0.0 minutes
DEBUG 2025-05-16: REASSIGNMENT - Original: 67d48910 → New: 28be1402
DEBUG 2025-05-16: Travel change: 0.0 → 0.0 (difference: 0.0)
DEBUG 2025-05-16: Processing tour 21/36: 2025-05-16 18:00:00 at Property 78139 (ESCORTED)
DEBUG 2025-05-16: Tour 21 assigned to 67d48910
DEBUG 2025-05-16: Travel time = 0.0 minutes
DEBUG 2025-05-16: REASSIGNMENT - Original: 28be1402 → New: 67d48910
DEBUG 2025-05-16: Travel change: 6.8 → 0.0 (difference: 6.8)
DEBUG 2025-05-16: Processing tour 22/36: 2025-05-16 18:00:00 at Property 64937 (ESCORTED)
DEBUG 2025-05-16: Tour 22 assigned to 0650940d
DEBUG 2025-05-16: Travel time = 5.5 minutes
DEBUG 2025-05-16: REASSIGNMENT - Original: 25ffdb26 → New: 0650940d
DEBUG 2025-05-16: Travel change: 5.3 → 5.5 (difference: -0.2)
WARNING 2025-05-16: Reassignment INCREASED travel by 0.2 minutes!
DEBUG 2025-05-16: Processing tour 23/36: 2025-05-16 18:00:00 at Property 64933 (ESCORTED)
DEBUG 2025-05-16: Tour 23 assigned to cd0ff517
DEBUG 2025-05-16: Travel time = 14.8 minutes
DEBUG 2025-05-16: REASSIGNMENT - Original: 0650940d → New: cd0ff517
DEBUG 2025-05-16: Travel change: 5.6 → 14.8 (difference: -9.1)
WARNING 2025-05-16: Reassignment INCREASED travel by 9.1 minutes!
DEBUG 2025-05-16: Processing tour 24/36: 2025-05-16 18:00:00 at Property 64935 (ESCORTED)
DEBUG 2025-05-16: Tour 24 assigned to 0c398d8d
DEBUG 2025-05-16: Travel time = 0.0 minutes
DEBUG 2025-05-16: REASSIGNMENT - Original: c99885bc → New: 0c398d8d
DEBUG 2025-05-16: Travel change: 5.0 → 0.0 (difference: 5.0)
DEBUG 2025-05-16: Processing tour 25/36: 2025-05-16 19:00:00 at Property 64940 (ESCORTED)
DEBUG 2025-05-16: Tour 25 assigned to 976d1b6d
DEBUG 2025-05-16: Travel time = 0.0 minutes
DEBUG 2025-05-16: REASSIGNMENT - Original: fe3fff05 → New: 976d1b6d
DEBUG 2025-05-16: Travel change: 5.0 → 0.0 (difference: 5.0)
DEBUG 2025-05-16: Processing tour 26/36: 2025-05-16 19:00:00 at Property 64938 (ESCORTED)
DEBUG 2025-05-16: Tour 26 assigned to fe3fff05
DEBUG 2025-05-16: Travel time = 9.7 minutes
DEBUG 2025-05-16: REASSIGNMENT - Original: 976d1b6d → New: fe3fff05
DEBUG 2025-05-16: Travel change: 9.9 → 9.7 (difference: 0.2)
DEBUG 2025-05-16: Processing tour 27/36: 2025-05-16 19:00:00 at Property 64932 (ESCORTED)
DEBUG 2025-05-16: Tour 27 assigned to 25ffdb26
DEBUG 2025-05-16: Travel time = 5.0 minutes
DEBUG 2025-05-16: Processing tour 28/36: 2025-05-16 19:00:00 at Property 64934 (ESCORTED)
DEBUG 2025-05-16: Tour 28 assigned to 0c398d8d
DEBUG 2025-05-16: Travel time = 5.0 minutes
DEBUG 2025-05-16: Processing tour 29/36: 2025-05-16 19:30:00 at Property 64938 (VIRTUAL_TOUR)
DEBUG 2025-05-16: Tour 29 assigned to cd0ff517
DEBUG 2025-05-16: Travel time = 0.0 minutes
DEBUG 2025-05-16: REASSIGNMENT - Original: a2f7da14 → New: cd0ff517
DEBUG 2025-05-16: Travel change: 0.0 → 0.0 (difference: 0.0)
DEBUG 2025-05-16: Processing tour 30/36: 2025-05-16 19:30:00 at Property 64932 (ESCORTED)
DEBUG 2025-05-16: Tour 30 assigned to a2f7da14
DEBUG 2025-05-16: Travel time = 0.0 minutes
DEBUG 2025-05-16: REASSIGNMENT - Original: 0650940d → New: a2f7da14
DEBUG 2025-05-16: Travel change: 5.0 → 0.0 (difference: 5.0)
DEBUG 2025-05-16: Processing tour 31/36: 2025-05-16 20:00:00 at Property 64940 (ESCORTED)
DEBUG 2025-05-16: Tour 31 assigned to 976d1b6d
DEBUG 2025-05-16: Travel time = 0.0 minutes
DEBUG 2025-05-16: REASSIGNMENT - Original: fe3fff05 → New: 976d1b6d
DEBUG 2025-05-16: Travel change: 9.9 → 0.0 (difference: 9.9)
DEBUG 2025-05-16: Processing tour 32/36: 2025-05-16 20:00:00 at Property 64934 (ESCORTED)
DEBUG 2025-05-16: Tour 32 assigned to 28be1402
DEBUG 2025-05-16: Travel time = 5.3 minutes
DEBUG 2025-05-16: Processing tour 33/36: 2025-05-16 20:30:00 at Property 64935 (ESCORTED)
DEBUG 2025-05-16: Tour 33 assigned to bb3b2886
DEBUG 2025-05-16: Travel time = 0.0 minutes
DEBUG 2025-05-16: Processing tour 34/36: 2025-05-16 20:30:00 at Property 64938 (ESCORTED)
DEBUG 2025-05-16: Tour 34 assigned to fe3fff05
DEBUG 2025-05-16: Travel time = 0.0 minutes
DEBUG 2025-05-16: REASSIGNMENT - Original: 976d1b6d → New: fe3fff05
DEBUG 2025-05-16: Travel change: 9.9 → 0.0 (difference: 9.9)
DEBUG 2025-05-16: Processing tour 35/36: 2025-05-16 20:30:00 at Property 64932 (ESCORTED)
DEBUG 2025-05-16: Tour 35 assigned to 25ffdb26
DEBUG 2025-05-16: Travel time = 0.0 minutes
DEBUG 2025-05-16: Processing tour 36/36: 2025-05-16 21:30:00 at Property 64938 (ESCORTED)
DEBUG 2025-05-16: Tour 36 assigned to cd0ff517
DEBUG 2025-05-16: Travel time = 14.8 minutes
DEBUG 2025-05-16: Optimized travel = 97.4 minutes
DEBUG 2025-05-16: Savings = -33.1 minutes
DEBUG 2025-05-16: Reassignments made = 19/36
WARNING 2025-05-16: NEGATIVE SAVINGS! Optimization made things worse.
WARNING 2025-05-16: 2 problematic reassignments found:
  - Tour at 2025-05-16 18:00:00: 25ffdb26 → 0650940d (+0.2 min)
  - Tour at 2025-05-16 18:00:00: 0650940d → cd0ff517 (+9.1 min)
DEBUG 2025-05-16: Optimization complete
================================================================================
DEBUG 2025-05-16: Calculated optimized travel (sum method): 97.4
DEBUG 2025-05-16: Validated optimized travel (proven method): 64.3
DEBUG 2025-05-16: Difference: 33.1
DEBUG 2025-05-16: Validated savings: 0.0
DEBUG 2025-05-16: Starting optimization
DEBUG 2025-05-16: Current travel = 64.3 minutes
DEBUG 2025-05-16: Total tours = 36
DEBUG 2025-05-16: Available agents = 16
DEBUG 2025-05-16: Tour times range from 2025-05-16 13:00:00 to 2025-05-16 22:30:00
DEBUG 2025-05-16: Processing tour 1/36: 2025-05-16 13:00:00 at Property 64937 (ESCORTED)
DEBUG 2025-05-16: Tour 1 assigned to 25ffdb26
DEBUG 2025-05-16: Travel time = 0.0 minutes
DEBUG 2025-05-16: REASSIGNMENT - Original: 90b2922d → New: 25ffdb26
DEBUG 2025-05-16: Travel change: 0.0 → 0.0 (difference: 0.0)
DEBUG 2025-05-16: Processing tour 2/36: 2025-05-16 13:00:00 at Property 64933 (ESCORTED)
DEBUG 2025-05-16: Tour 2 assigned to 90b2922d
DEBUG 2025-05-16: Travel time = 0.0 minutes
DEBUG 2025-05-16: REASSIGNMENT - Original: 883d41c8 → New: 90b2922d
DEBUG 2025-05-16: Travel change: 0.0 → 0.0 (difference: 0.0)
DEBUG 2025-05-16: Processing tour 3/36: 2025-05-16 13:00:00 at Property 64932 (ESCORTED)
DEBUG 2025-05-16: Tour 3 assigned to 883d41c8
DEBUG 2025-05-16: Travel time = 0.0 minutes
DEBUG 2025-05-16: REASSIGNMENT - Original: 25ffdb26 → New: 883d41c8
DEBUG 2025-05-16: Travel change: 5.0 → 0.0 (difference: 5.0)
DEBUG 2025-05-16: Processing tour 4/36: 2025-05-16 13:30:00 at Property 64937 (ESCORTED)
DEBUG 2025-05-16: Tour 4 assigned to 90b2922d
DEBUG 2025-05-16: Travel time = 5.6 minutes
DEBUG 2025-05-16: Processing tour 5/36: 2025-05-16 14:30:00 at Property 64932 (ESCORTED)
DEBUG 2025-05-16: Tour 5 assigned to 90976d80
DEBUG 2025-05-16: Travel time = 0.0 minutes
DEBUG 2025-05-16: Processing tour 6/36: 2025-05-16 14:30:00 at Property 64937 (VIRTUAL_TOUR)
DEBUG 2025-05-16: Tour 6 assigned to 25ffdb26
DEBUG 2025-05-16: Travel time = 0.0 minutes
DEBUG 2025-05-16: Processing tour 7/36: 2025-05-16 15:00:00 at Property 64938 (ESCORTED)
DEBUG 2025-05-16: Tour 7 assigned to cd0ff517
DEBUG 2025-05-16: Travel time = 0.0 minutes
DEBUG 2025-05-16: Processing tour 8/36: 2025-05-16 15:30:00 at Property 64939 (ESCORTED)
DEBUG 2025-05-16: Tour 8 assigned to fe3fff05
DEBUG 2025-05-16: Travel time = 0.0 minutes
DEBUG 2025-05-16: Processing tour 9/36: 2025-05-16 15:30:00 at Property 64938 (ESCORTED)
DEBUG 2025-05-16: Tour 9 assigned to 90976d80
DEBUG 2025-05-16: Travel time = 13.8 minutes
DEBUG 2025-05-16: Processing tour 10/36: 2025-05-16 16:00:00 at Property 64932 (ESCORTED)
DEBUG 2025-05-16: Tour 10 assigned to 25ffdb26
DEBUG 2025-05-16: Travel time = 5.0 minutes
DEBUG 2025-05-16: Processing tour 11/36: 2025-05-16 16:30:00 at Property 64933 (VIRTUAL_TOUR)
DEBUG 2025-05-16: Tour 11 assigned to cd0ff517
DEBUG 2025-05-16: Travel time = 0.0 minutes
DEBUG 2025-05-16: REASSIGNMENT - Original: 0c398d8d → New: cd0ff517
DEBUG 2025-05-16: Travel change: 0.0 → 0.0 (difference: 0.0)
DEBUG 2025-05-16: Processing tour 12/36: 2025-05-16 16:30:00 at Property 64943 (ESCORTED)
DEBUG 2025-05-16: Tour 12 assigned to 0650940d
DEBUG 2025-05-16: Travel time = 0.0 minutes
DEBUG 2025-05-16: Processing tour 13/36: 2025-05-16 17:00:00 at Property 64935 (ESCORTED)
DEBUG 2025-05-16: Tour 13 assigned to 0c398d8d
DEBUG 2025-05-16: Travel time = 0.0 minutes
DEBUG 2025-05-16: REASSIGNMENT - Original: c99885bc → New: 0c398d8d
DEBUG 2025-05-16: Travel change: 0.0 → 0.0 (difference: 0.0)
DEBUG 2025-05-16: Processing tour 14/36: 2025-05-16 17:00:00 at Property 100490 (ESCORTED)
DEBUG 2025-05-16: Tour 14 assigned to c99885bc
DEBUG 2025-05-16: Travel time = 0.0 minutes
DEBUG 2025-05-16: REASSIGNMENT - Original: 25ffdb26 → New: c99885bc
DEBUG 2025-05-16: Travel change: 5.0 → 0.0 (difference: 5.0)
DEBUG 2025-05-16: Processing tour 15/36: 2025-05-16 17:15:00 at Property 100490 (ESCORTED)
DEBUG 2025-05-16: Tour 15 assigned to 25ffdb26
DEBUG 2025-05-16: Travel time = 5.0 minutes
DEBUG 2025-05-16: Processing tour 16/36: 2025-05-16 17:30:00 at Property 64940 (ESCORTED)
DEBUG 2025-05-16: Tour 16 assigned to 15683175
DEBUG 2025-05-16: Travel time = 0.0 minutes
DEBUG 2025-05-16: REASSIGNMENT - Original: 2d4a3e78 → New: 15683175
DEBUG 2025-05-16: Travel change: 0.0 → 0.0 (difference: 0.0)
DEBUG 2025-05-16: Processing tour 17/36: 2025-05-16 17:30:00 at Property 64939 (ESCORTED)
DEBUG 2025-05-16: Tour 17 assigned to fe3fff05
DEBUG 2025-05-16: Travel time = 0.0 minutes
DEBUG 2025-05-16: Processing tour 18/36: 2025-05-16 17:30:00 at Property 78139 (ESCORTED)
DEBUG 2025-05-16: Tour 18 assigned to 2d4a3e78
DEBUG 2025-05-16: Travel time = 0.0 minutes
DEBUG 2025-05-16: REASSIGNMENT - Original: 90976d80 → New: 2d4a3e78
DEBUG 2025-05-16: Travel change: 15.2 → 0.0 (difference: 15.2)
DEBUG 2025-05-16: Processing tour 19/36: 2025-05-16 17:30:00 at Property 64934 (ESCORTED)
DEBUG 2025-05-16: Tour 19 assigned to 15683175
DEBUG 2025-05-16: Travel time = 7.8 minutes
DEBUG 2025-05-16: Processing tour 20/36: 2025-05-16 18:00:00 at Property 64937 (ESCORTED)
DEBUG 2025-05-16: Tour 20 assigned to 28be1402
DEBUG 2025-05-16: Travel time = 0.0 minutes
DEBUG 2025-05-16: REASSIGNMENT - Original: 67d48910 → New: 28be1402
DEBUG 2025-05-16: Travel change: 0.0 → 0.0 (difference: 0.0)
DEBUG 2025-05-16: Processing tour 21/36: 2025-05-16 18:00:00 at Property 78139 (ESCORTED)
DEBUG 2025-05-16: Tour 21 assigned to 67d48910
DEBUG 2025-05-16: Travel time = 0.0 minutes
DEBUG 2025-05-16: REASSIGNMENT - Original: 28be1402 → New: 67d48910
DEBUG 2025-05-16: Travel change: 6.8 → 0.0 (difference: 6.8)
DEBUG 2025-05-16: Processing tour 22/36: 2025-05-16 18:00:00 at Property 64937 (ESCORTED)
DEBUG 2025-05-16: Tour 22 assigned to 0650940d
DEBUG 2025-05-16: Travel time = 5.5 minutes
DEBUG 2025-05-16: REASSIGNMENT - Original: 25ffdb26 → New: 0650940d
DEBUG 2025-05-16: Travel change: 5.3 → 5.5 (difference: -0.2)
WARNING 2025-05-16: Reassignment INCREASED travel by 0.2 minutes!
DEBUG 2025-05-16: Processing tour 23/36: 2025-05-16 18:00:00 at Property 64933 (ESCORTED)
DEBUG 2025-05-16: Tour 23 assigned to cd0ff517
DEBUG 2025-05-16: Travel time = 14.8 minutes
DEBUG 2025-05-16: REASSIGNMENT - Original: 0650940d → New: cd0ff517
DEBUG 2025-05-16: Travel change: 5.6 → 14.8 (difference: -9.1)
WARNING 2025-05-16: Reassignment INCREASED travel by 9.1 minutes!
DEBUG 2025-05-16: Processing tour 24/36: 2025-05-16 18:00:00 at Property 64935 (ESCORTED)
DEBUG 2025-05-16: Tour 24 assigned to 0c398d8d
DEBUG 2025-05-16: Travel time = 0.0 minutes
DEBUG 2025-05-16: REASSIGNMENT - Original: c99885bc → New: 0c398d8d
DEBUG 2025-05-16: Travel change: 5.0 → 0.0 (difference: 5.0)
DEBUG 2025-05-16: Processing tour 25/36: 2025-05-16 19:00:00 at Property 64940 (ESCORTED)
DEBUG 2025-05-16: Tour 25 assigned to 976d1b6d
DEBUG 2025-05-16: Travel time = 0.0 minutes
DEBUG 2025-05-16: REASSIGNMENT - Original: fe3fff05 → New: 976d1b6d
DEBUG 2025-05-16: Travel change: 5.0 → 0.0 (difference: 5.0)
DEBUG 2025-05-16: Processing tour 26/36: 2025-05-16 19:00:00 at Property 64938 (ESCORTED)
DEBUG 2025-05-16: Tour 26 assigned to fe3fff05
DEBUG 2025-05-16: Travel time = 9.7 minutes
DEBUG 2025-05-16: REASSIGNMENT - Original: 976d1b6d → New: fe3fff05
DEBUG 2025-05-16: Travel change: 9.9 → 9.7 (difference: 0.2)
DEBUG 2025-05-16: Processing tour 27/36: 2025-05-16 19:00:00 at Property 64932 (ESCORTED)
DEBUG 2025-05-16: Tour 27 assigned to 25ffdb26
DEBUG 2025-05-16: Travel time = 5.0 minutes
DEBUG 2025-05-16: Processing tour 28/36: 2025-05-16 19:00:00 at Property 64934 (ESCORTED)
DEBUG 2025-05-16: Tour 28 assigned to 0c398d8d
DEBUG 2025-05-16: Travel time = 5.0 minutes
DEBUG 2025-05-16: Processing tour 29/36: 2025-05-16 19:30:00 at Property 64938 (VIRTUAL_TOUR)
DEBUG 2025-05-16: Tour 29 assigned to cd0ff517
DEBUG 2025-05-16: Travel time = 0.0 minutes
DEBUG 2025-05-16: REASSIGNMENT - Original: a2f7da14 → New: cd0ff517
DEBUG 2025-05-16: Travel change: 0.0 → 0.0 (difference: 0.0)
DEBUG 2025-05-16: Processing tour 30/36: 2025-05-16 19:30:00 at Property 64932 (ESCORTED)
DEBUG 2025-05-16: Tour 30 assigned to a2f7da14
DEBUG 2025-05-16: Travel time = 0.0 minutes
DEBUG 2025-05-16: REASSIGNMENT - Original: 0650940d → New: a2f7da14
DEBUG 2025-05-16: Travel change: 5.0 → 0.0 (difference: 5.0)
DEBUG 2025-05-16: Processing tour 31/36: 2025-05-16 20:00:00 at Property 64940 (ESCORTED)
DEBUG 2025-05-16: Tour 31 assigned to 976d1b6d
DEBUG 2025-05-16: Travel time = 0.0 minutes
DEBUG 2025-05-16: REASSIGNMENT - Original: fe3fff05 → New: 976d1b6d
DEBUG 2025-05-16: Travel change: 9.9 → 0.0 (difference: 9.9)
DEBUG 2025-05-16: Processing tour 32/36: 2025-05-16 20:00:00 at Property 64934 (ESCORTED)
DEBUG 2025-05-16: Tour 32 assigned to 28be1402
DEBUG 2025-05-16: Travel time = 7.1 minutes
DEBUG 2025-05-16: Processing tour 33/36: 2025-05-16 20:30:00 at Property 64935 (ESCORTED)
DEBUG 2025-05-16: Tour 33 assigned to bb3b2886
DEBUG 2025-05-16: Travel time = 0.0 minutes
DEBUG 2025-05-16: Processing tour 34/36: 2025-05-16 20:30:00 at Property 64938 (ESCORTED)
DEBUG 2025-05-16: Tour 34 assigned to fe3fff05
DEBUG 2025-05-16: Travel time = 0.0 minutes
DEBUG 2025-05-16: REASSIGNMENT - Original: 976d1b6d → New: fe3fff05
DEBUG 2025-05-16: Travel change: 9.9 → 0.0 (difference: 9.9)
DEBUG 2025-05-16: Processing tour 35/36: 2025-05-16 20:30:00 at Property 64932 (ESCORTED)
DEBUG 2025-05-16: Tour 35 assigned to 25ffdb26
DEBUG 2025-05-16: Travel time = 0.0 minutes
DEBUG 2025-05-16: Processing tour 36/36: 2025-05-16 21:30:00 at Property 64938 (ESCORTED)
DEBUG 2025-05-16: Tour 36 assigned to cd0ff517
DEBUG 2025-05-16: Travel time = 14.8 minutes
DEBUG 2025-05-16: Calculated optimized travel (sum method): 99.1
DEBUG 2025-05-16: Validated optimized travel (proven method): 64.3
DEBUG 2025-05-16: Difference: 34.8
DEBUG 2025-05-16: Validated savings: 0.0
DEBUG 2025-05-16: Reassignments made = 19/36
DEBUG 2025-05-16: Optimization complete
================================================================================
