DEBUG 2025-05-23: Starting optimization
DEBUG 2025-05-23: Current travel = 100.0 minutes
DEBUG 2025-05-23: Total tours = 29
DEBUG 2025-05-23: Available agents = 10
DEBUG 2025-05-23: Tour times range from 2025-05-23 13:00:00 to 2025-05-23 22:45:00
DEBUG 2025-05-23: Processing tour 1/29: 2025-05-23 13:00:00 at Property 64934 (ESCORTED)
DEBUG 2025-05-23: Tour 1 assigned to 25ffdb26
DEBUG 2025-05-23: Travel time = 0.0 minutes
DEBUG 2025-05-23: REASSIGNMENT - Original: c99885bc → New: 25ffdb26
DEBUG 2025-05-23: Travel change: 0.0 → 0.0 (difference: 0.0)
DEBUG 2025-05-23: Processing tour 2/29: 2025-05-23 13:00:00 at Property 78139 (ESCORTED)
DEBUG 2025-05-23: Tour 2 assigned to c99885bc
DEBUG 2025-05-23: Travel time = 0.0 minutes
DEBUG 2025-05-23: REASSIGNMENT - Original: 25ffdb26 → New: c99885bc
DEBUG 2025-05-23: Travel change: 5.0 → 0.0 (difference: 5.0)
DEBUG 2025-05-23: Processing tour 3/29: 2025-05-23 14:00:00 at Property 64934 (ESCORTED)
DEBUG 2025-05-23: Tour 3 assigned to 25ffdb26
DEBUG 2025-05-23: Travel time = 0.0 minutes
DEBUG 2025-05-23: REASSIGNMENT - Original: fe3fff05 → New: 25ffdb26
DEBUG 2025-05-23: Travel change: 0.0 → 0.0 (difference: 0.0)
DEBUG 2025-05-23: Processing tour 4/29: 2025-05-23 14:00:00 at Property 64938 (ESCORTED)
DEBUG 2025-05-23: Tour 4 assigned to fe3fff05
DEBUG 2025-05-23: Travel time = 0.0 minutes
DEBUG 2025-05-23: REASSIGNMENT - Original: cd0ff517 → New: fe3fff05
DEBUG 2025-05-23: Travel change: 0.0 → 0.0 (difference: 0.0)
DEBUG 2025-05-23: Processing tour 5/29: 2025-05-23 14:30:00 at Property 64933 (ESCORTED)
DEBUG 2025-05-23: Tour 5 assigned to 28be1402
DEBUG 2025-05-23: Travel time = 0.0 minutes
DEBUG 2025-05-23: Processing tour 6/29: 2025-05-23 14:30:00 at Property 78139 (ESCORTED)
DEBUG 2025-05-23: Tour 6 assigned to c99885bc
DEBUG 2025-05-23: Travel time = 0.0 minutes
DEBUG 2025-05-23: REASSIGNMENT - Original: 25ffdb26 → New: c99885bc
DEBUG 2025-05-23: Travel change: 5.0 → 0.0 (difference: 5.0)
DEBUG 2025-05-23: Processing tour 7/29: 2025-05-23 15:00:00 at Property 64933 (ESCORTED)
DEBUG 2025-05-23: Tour 7 assigned to c99885bc
DEBUG 2025-05-23: Travel time = 5.0 minutes
DEBUG 2025-05-23: Processing tour 8/29: 2025-05-23 16:00:00 at Property 64933 (ESCORTED)
DEBUG 2025-05-23: Tour 8 assigned to 90976d80
DEBUG 2025-05-23: Travel time = 0.0 minutes
DEBUG 2025-05-23: REASSIGNMENT - Original: fe3fff05 → New: 90976d80
DEBUG 2025-05-23: Travel change: 14.8 → 0.0 (difference: 14.8)
DEBUG 2025-05-23: Processing tour 9/29: 2025-05-23 16:00:00 at Property 64933 (ESCORTED)
DEBUG 2025-05-23: Tour 9 assigned to 28be1402
DEBUG 2025-05-23: Travel time = 0.0 minutes
DEBUG 2025-05-23: REASSIGNMENT - Original: c99885bc → New: 28be1402
DEBUG 2025-05-23: Travel change: 0.0 → 0.0 (difference: 0.0)
DEBUG 2025-05-23: Processing tour 10/29: 2025-05-23 16:00:00 at Property 64937 (VIRTUAL_TOUR)
DEBUG 2025-05-23: Tour 10 assigned to 25ffdb26
DEBUG 2025-05-23: Travel time = 0.0 minutes
DEBUG 2025-05-23: REASSIGNMENT - Original: 90976d80 → New: 25ffdb26
DEBUG 2025-05-23: Travel change: 0.0 → 0.0 (difference: 0.0)
DEBUG 2025-05-23: Processing tour 11/29: 2025-05-23 16:00:00 at Property 64933 (ESCORTED)
DEBUG 2025-05-23: Tour 11 assigned to c99885bc
DEBUG 2025-05-23: Travel time = 0.0 minutes
DEBUG 2025-05-23: REASSIGNMENT - Original: 28be1402 → New: c99885bc
DEBUG 2025-05-23: Travel change: 0.0 → 0.0 (difference: 0.0)
DEBUG 2025-05-23: Processing tour 12/29: 2025-05-23 16:30:00 at Property 64938 (ESCORTED)
DEBUG 2025-05-23: Tour 12 assigned to 25ffdb26
DEBUG 2025-05-23: Travel time = 14.5 minutes
DEBUG 2025-05-23: Processing tour 13/29: 2025-05-23 17:15:00 at Property 64939 (ESCORTED)
DEBUG 2025-05-23: Tour 13 assigned to 97db7639
DEBUG 2025-05-23: Travel time = 0.0 minutes
DEBUG 2025-05-23: Processing tour 14/29: 2025-05-23 17:45:00 at Property 78139 (ESCORTED)
DEBUG 2025-05-23: Tour 14 assigned to 90976d80
DEBUG 2025-05-23: Travel time = 5.0 minutes
DEBUG 2025-05-23: REASSIGNMENT - Original: 25ffdb26 → New: 90976d80
DEBUG 2025-05-23: Travel change: 15.2 → 5.0 (difference: 10.2)
DEBUG 2025-05-23: Processing tour 15/29: 2025-05-23 18:00:00 at Property 64935 (ESCORTED)
DEBUG 2025-05-23: Tour 15 assigned to 15683175
DEBUG 2025-05-23: Travel time = 0.0 minutes
DEBUG 2025-05-23: REASSIGNMENT - Original: c99885bc → New: 15683175
DEBUG 2025-05-23: Travel change: 5.0 → 0.0 (difference: 5.0)
DEBUG 2025-05-23: Processing tour 16/29: 2025-05-23 18:00:00 at Property 64933 (ESCORTED)
DEBUG 2025-05-23: Tour 16 assigned to 28be1402
DEBUG 2025-05-23: Travel time = 0.0 minutes
DEBUG 2025-05-23: Processing tour 17/29: 2025-05-23 18:00:00 at Property 64935 (ESCORTED)
DEBUG 2025-05-23: Tour 17 assigned to c99885bc
DEBUG 2025-05-23: Travel time = 5.0 minutes
DEBUG 2025-05-23: REASSIGNMENT - Original: 15683175 → New: c99885bc
DEBUG 2025-05-23: Travel change: 0.0 → 5.0 (difference: -5.0)
WARNING 2025-05-23: Reassignment INCREASED travel by 5.0 minutes!
DEBUG 2025-05-23: Processing tour 18/29: 2025-05-23 18:00:00 at Property 64932 (ESCORTED)
DEBUG 2025-05-23: Tour 18 assigned to 25ffdb26
DEBUG 2025-05-23: Travel time = 13.8 minutes
DEBUG 2025-05-23: REASSIGNMENT - Original: 90976d80 → New: 25ffdb26
DEBUG 2025-05-23: Travel change: 6.1 → 13.8 (difference: -7.6)
WARNING 2025-05-23: Reassignment INCREASED travel by 7.6 minutes!
DEBUG 2025-05-23: Processing tour 19/29: 2025-05-23 18:15:00 at Property 64938 (ESCORTED)
DEBUG 2025-05-23: Tour 19 assigned to 28be1402
DEBUG 2025-05-23: Travel time = 14.8 minutes
DEBUG 2025-05-23: Processing tour 20/29: 2025-05-23 18:30:00 at Property 64932 (ESCORTED)
DEBUG 2025-05-23: Tour 20 assigned to aeabf7ea
DEBUG 2025-05-23: Travel time = 0.0 minutes
DEBUG 2025-05-23: Processing tour 21/29: 2025-05-23 19:00:00 at Property 64937 (ESCORTED)
DEBUG 2025-05-23: Tour 21 assigned to fcb34375
DEBUG 2025-05-23: Travel time = 0.0 minutes
DEBUG 2025-05-23: Processing tour 22/29: 2025-05-23 19:00:00 at Property 64933 (ESCORTED)
DEBUG 2025-05-23: Tour 22 assigned to 90976d80
DEBUG 2025-05-23: Travel time = 5.0 minutes
DEBUG 2025-05-23: REASSIGNMENT - Original: c99885bc → New: 90976d80
DEBUG 2025-05-23: Travel change: 5.0 → 5.0 (difference: 0.0)
DEBUG 2025-05-23: Processing tour 23/29: 2025-05-23 19:00:00 at Property 64932 (ESCORTED)
DEBUG 2025-05-23: Tour 23 assigned to 25ffdb26
DEBUG 2025-05-23: Travel time = 0.0 minutes
DEBUG 2025-05-23: REASSIGNMENT - Original: aeabf7ea → New: 25ffdb26
DEBUG 2025-05-23: Travel change: 0.0 → 0.0 (difference: 0.0)
DEBUG 2025-05-23: Processing tour 24/29: 2025-05-23 19:30:00 at Property 64932 (ESCORTED)
DEBUG 2025-05-23: Tour 24 assigned to aeabf7ea
DEBUG 2025-05-23: Travel time = 0.0 minutes
DEBUG 2025-05-23: Processing tour 25/29: 2025-05-23 19:30:00 at Property 64933 (ESCORTED)
DEBUG 2025-05-23: Tour 25 assigned to 28be1402
DEBUG 2025-05-23: Travel time = 14.8 minutes
DEBUG 2025-05-23: Processing tour 26/29: 2025-05-23 19:30:00 at Property 64938 (ESCORTED)
DEBUG 2025-05-23: Tour 26 assigned to 15683175
DEBUG 2025-05-23: Travel time = 14.7 minutes
DEBUG 2025-05-23: REASSIGNMENT - Original: 25ffdb26 → New: 15683175
DEBUG 2025-05-23: Travel change: 13.8 → 14.7 (difference: -1.0)
WARNING 2025-05-23: Reassignment INCREASED travel by 1.0 minutes!
DEBUG 2025-05-23: Processing tour 27/29: 2025-05-23 20:00:00 at Property 64935 (ESCORTED)
DEBUG 2025-05-23: Tour 27 assigned to 15683175
DEBUG 2025-05-23: Travel time = 14.7 minutes
DEBUG 2025-05-23: Processing tour 28/29: 2025-05-23 20:30:00 at Property 64932 (ESCORTED)
DEBUG 2025-05-23: Tour 28 assigned to 90976d80
DEBUG 2025-05-23: Travel time = 5.0 minutes
DEBUG 2025-05-23: Processing tour 29/29: 2025-05-23 22:00:00 at Property 64937 (ESCORTED)
DEBUG 2025-05-23: Tour 29 assigned to 90976d80
DEBUG 2025-05-23: Travel time = 5.0 minutes
DEBUG 2025-05-23: Optimized travel = 117.2 minutes
DEBUG 2025-05-23: Savings = -17.2 minutes
DEBUG 2025-05-23: Reassignments made = 16/29
WARNING 2025-05-23: NEGATIVE SAVINGS! Optimization made things worse.
WARNING 2025-05-23: 3 problematic reassignments found:
  - Tour at 2025-05-23 18:00:00: 15683175 → c99885bc (+5.0 min)
  - Tour at 2025-05-23 18:00:00: 90976d80 → 25ffdb26 (+7.6 min)
  - Tour at 2025-05-23 19:30:00: 25ffdb26 → 15683175 (+1.0 min)
DEBUG 2025-05-23: Optimization complete
================================================================================
DEBUG 2025-05-23: Starting optimization
DEBUG 2025-05-23: Current travel = 100.0 minutes
DEBUG 2025-05-23: Total tours = 29
DEBUG 2025-05-23: Available agents = 10
DEBUG 2025-05-23: Tour times range from 2025-05-23 13:00:00 to 2025-05-23 22:45:00
DEBUG 2025-05-23: Processing tour 1/29: 2025-05-23 13:00:00 at Property 64934 (ESCORTED)
DEBUG 2025-05-23: Tour 1 assigned to 25ffdb26
DEBUG 2025-05-23: Travel time = 0.0 minutes
DEBUG 2025-05-23: REASSIGNMENT - Original: c99885bc → New: 25ffdb26
DEBUG 2025-05-23: Travel change: 0.0 → 0.0 (difference: 0.0)
DEBUG 2025-05-23: Processing tour 2/29: 2025-05-23 13:00:00 at Property 78139 (ESCORTED)
DEBUG 2025-05-23: Tour 2 assigned to c99885bc
DEBUG 2025-05-23: Travel time = 0.0 minutes
DEBUG 2025-05-23: REASSIGNMENT - Original: 25ffdb26 → New: c99885bc
DEBUG 2025-05-23: Travel change: 5.0 → 0.0 (difference: 5.0)
DEBUG 2025-05-23: Processing tour 3/29: 2025-05-23 14:00:00 at Property 64934 (ESCORTED)
DEBUG 2025-05-23: Tour 3 assigned to 25ffdb26
DEBUG 2025-05-23: Travel time = 0.0 minutes
DEBUG 2025-05-23: REASSIGNMENT - Original: fe3fff05 → New: 25ffdb26
DEBUG 2025-05-23: Travel change: 0.0 → 0.0 (difference: 0.0)
DEBUG 2025-05-23: Processing tour 4/29: 2025-05-23 14:00:00 at Property 64938 (ESCORTED)
DEBUG 2025-05-23: Tour 4 assigned to fe3fff05
DEBUG 2025-05-23: Travel time = 0.0 minutes
DEBUG 2025-05-23: REASSIGNMENT - Original: cd0ff517 → New: fe3fff05
DEBUG 2025-05-23: Travel change: 0.0 → 0.0 (difference: 0.0)
DEBUG 2025-05-23: Processing tour 5/29: 2025-05-23 14:30:00 at Property 64933 (ESCORTED)
DEBUG 2025-05-23: Tour 5 assigned to 28be1402
DEBUG 2025-05-23: Travel time = 0.0 minutes
DEBUG 2025-05-23: Processing tour 6/29: 2025-05-23 14:30:00 at Property 78139 (ESCORTED)
DEBUG 2025-05-23: Tour 6 assigned to c99885bc
DEBUG 2025-05-23: Travel time = 0.0 minutes
DEBUG 2025-05-23: REASSIGNMENT - Original: 25ffdb26 → New: c99885bc
DEBUG 2025-05-23: Travel change: 5.0 → 0.0 (difference: 5.0)
DEBUG 2025-05-23: Processing tour 7/29: 2025-05-23 15:00:00 at Property 64933 (ESCORTED)
DEBUG 2025-05-23: Tour 7 assigned to c99885bc
DEBUG 2025-05-23: Travel time = 5.0 minutes
DEBUG 2025-05-23: Processing tour 8/29: 2025-05-23 16:00:00 at Property 64933 (ESCORTED)
DEBUG 2025-05-23: Tour 8 assigned to 90976d80
DEBUG 2025-05-23: Travel time = 0.0 minutes
DEBUG 2025-05-23: REASSIGNMENT - Original: fe3fff05 → New: 90976d80
DEBUG 2025-05-23: Travel change: 14.8 → 0.0 (difference: 14.8)
DEBUG 2025-05-23: Processing tour 9/29: 2025-05-23 16:00:00 at Property 64933 (ESCORTED)
DEBUG 2025-05-23: Tour 9 assigned to 28be1402
DEBUG 2025-05-23: Travel time = 0.0 minutes
DEBUG 2025-05-23: REASSIGNMENT - Original: c99885bc → New: 28be1402
DEBUG 2025-05-23: Travel change: 0.0 → 0.0 (difference: 0.0)
DEBUG 2025-05-23: Processing tour 10/29: 2025-05-23 16:00:00 at Property 64937 (VIRTUAL_TOUR)
DEBUG 2025-05-23: Tour 10 assigned to 25ffdb26
DEBUG 2025-05-23: Travel time = 0.0 minutes
DEBUG 2025-05-23: REASSIGNMENT - Original: 90976d80 → New: 25ffdb26
DEBUG 2025-05-23: Travel change: 0.0 → 0.0 (difference: 0.0)
DEBUG 2025-05-23: Processing tour 11/29: 2025-05-23 16:00:00 at Property 64933 (ESCORTED)
DEBUG 2025-05-23: Tour 11 assigned to c99885bc
DEBUG 2025-05-23: Travel time = 0.0 minutes
DEBUG 2025-05-23: REASSIGNMENT - Original: 28be1402 → New: c99885bc
DEBUG 2025-05-23: Travel change: 0.0 → 0.0 (difference: 0.0)
DEBUG 2025-05-23: Processing tour 12/29: 2025-05-23 16:30:00 at Property 64938 (ESCORTED)
DEBUG 2025-05-23: Tour 12 assigned to 25ffdb26
DEBUG 2025-05-23: Travel time = 14.5 minutes
DEBUG 2025-05-23: Processing tour 13/29: 2025-05-23 17:15:00 at Property 64939 (ESCORTED)
DEBUG 2025-05-23: Tour 13 assigned to 97db7639
DEBUG 2025-05-23: Travel time = 0.0 minutes
DEBUG 2025-05-23: Processing tour 14/29: 2025-05-23 17:45:00 at Property 78139 (ESCORTED)
DEBUG 2025-05-23: Tour 14 assigned to 90976d80
DEBUG 2025-05-23: Travel time = 5.0 minutes
DEBUG 2025-05-23: REASSIGNMENT - Original: 25ffdb26 → New: 90976d80
DEBUG 2025-05-23: Travel change: 15.2 → 5.0 (difference: 10.2)
DEBUG 2025-05-23: Processing tour 15/29: 2025-05-23 18:00:00 at Property 64935 (ESCORTED)
DEBUG 2025-05-23: Tour 15 assigned to 15683175
DEBUG 2025-05-23: Travel time = 0.0 minutes
DEBUG 2025-05-23: REASSIGNMENT - Original: c99885bc → New: 15683175
DEBUG 2025-05-23: Travel change: 5.0 → 0.0 (difference: 5.0)
DEBUG 2025-05-23: Processing tour 16/29: 2025-05-23 18:00:00 at Property 64933 (ESCORTED)
DEBUG 2025-05-23: Tour 16 assigned to 28be1402
DEBUG 2025-05-23: Travel time = 0.0 minutes
DEBUG 2025-05-23: Processing tour 17/29: 2025-05-23 18:00:00 at Property 64935 (ESCORTED)
DEBUG 2025-05-23: Tour 17 assigned to c99885bc
DEBUG 2025-05-23: Travel time = 5.0 minutes
DEBUG 2025-05-23: REASSIGNMENT - Original: 15683175 → New: c99885bc
DEBUG 2025-05-23: Travel change: 0.0 → 5.0 (difference: -5.0)
WARNING 2025-05-23: Reassignment INCREASED travel by 5.0 minutes!
DEBUG 2025-05-23: Processing tour 18/29: 2025-05-23 18:00:00 at Property 64932 (ESCORTED)
DEBUG 2025-05-23: Tour 18 assigned to 25ffdb26
DEBUG 2025-05-23: Travel time = 13.8 minutes
DEBUG 2025-05-23: REASSIGNMENT - Original: 90976d80 → New: 25ffdb26
DEBUG 2025-05-23: Travel change: 6.1 → 13.8 (difference: -7.6)
WARNING 2025-05-23: Reassignment INCREASED travel by 7.6 minutes!
DEBUG 2025-05-23: Processing tour 19/29: 2025-05-23 18:15:00 at Property 64938 (ESCORTED)
DEBUG 2025-05-23: Tour 19 assigned to 28be1402
DEBUG 2025-05-23: Travel time = 14.8 minutes
DEBUG 2025-05-23: Processing tour 20/29: 2025-05-23 18:30:00 at Property 64932 (ESCORTED)
DEBUG 2025-05-23: Tour 20 assigned to aeabf7ea
DEBUG 2025-05-23: Travel time = 0.0 minutes
DEBUG 2025-05-23: Processing tour 21/29: 2025-05-23 19:00:00 at Property 64937 (ESCORTED)
DEBUG 2025-05-23: Tour 21 assigned to fcb34375
DEBUG 2025-05-23: Travel time = 0.0 minutes
DEBUG 2025-05-23: Processing tour 22/29: 2025-05-23 19:00:00 at Property 64933 (ESCORTED)
DEBUG 2025-05-23: Tour 22 assigned to 90976d80
DEBUG 2025-05-23: Travel time = 5.0 minutes
DEBUG 2025-05-23: REASSIGNMENT - Original: c99885bc → New: 90976d80
DEBUG 2025-05-23: Travel change: 5.0 → 5.0 (difference: 0.0)
DEBUG 2025-05-23: Processing tour 23/29: 2025-05-23 19:00:00 at Property 64932 (ESCORTED)
DEBUG 2025-05-23: Tour 23 assigned to 25ffdb26
DEBUG 2025-05-23: Travel time = 0.0 minutes
DEBUG 2025-05-23: REASSIGNMENT - Original: aeabf7ea → New: 25ffdb26
DEBUG 2025-05-23: Travel change: 0.0 → 0.0 (difference: 0.0)
DEBUG 2025-05-23: Processing tour 24/29: 2025-05-23 19:30:00 at Property 64932 (ESCORTED)
DEBUG 2025-05-23: Tour 24 assigned to aeabf7ea
DEBUG 2025-05-23: Travel time = 0.0 minutes
DEBUG 2025-05-23: Processing tour 25/29: 2025-05-23 19:30:00 at Property 64933 (ESCORTED)
DEBUG 2025-05-23: Tour 25 assigned to 28be1402
DEBUG 2025-05-23: Travel time = 14.8 minutes
DEBUG 2025-05-23: Processing tour 26/29: 2025-05-23 19:30:00 at Property 64938 (ESCORTED)
DEBUG 2025-05-23: Tour 26 assigned to 15683175
DEBUG 2025-05-23: Travel time = 14.7 minutes
DEBUG 2025-05-23: REASSIGNMENT - Original: 25ffdb26 → New: 15683175
DEBUG 2025-05-23: Travel change: 13.8 → 14.7 (difference: -1.0)
WARNING 2025-05-23: Reassignment INCREASED travel by 1.0 minutes!
DEBUG 2025-05-23: Processing tour 27/29: 2025-05-23 20:00:00 at Property 64935 (ESCORTED)
DEBUG 2025-05-23: Tour 27 assigned to 15683175
DEBUG 2025-05-23: Travel time = 14.7 minutes
DEBUG 2025-05-23: Processing tour 28/29: 2025-05-23 20:30:00 at Property 64932 (ESCORTED)
DEBUG 2025-05-23: Tour 28 assigned to 90976d80
DEBUG 2025-05-23: Travel time = 5.0 minutes
DEBUG 2025-05-23: Processing tour 29/29: 2025-05-23 22:00:00 at Property 64937 (ESCORTED)
DEBUG 2025-05-23: Tour 29 assigned to 90976d80
DEBUG 2025-05-23: Travel time = 5.0 minutes
DEBUG 2025-05-23: Optimized travel = 117.2 minutes
DEBUG 2025-05-23: Savings = -17.2 minutes
DEBUG 2025-05-23: Reassignments made = 16/29
WARNING 2025-05-23: NEGATIVE SAVINGS! Optimization made things worse.
WARNING 2025-05-23: 3 problematic reassignments found:
  - Tour at 2025-05-23 18:00:00: 15683175 → c99885bc (+5.0 min)
  - Tour at 2025-05-23 18:00:00: 90976d80 → 25ffdb26 (+7.6 min)
  - Tour at 2025-05-23 19:30:00: 25ffdb26 → 15683175 (+1.0 min)
DEBUG 2025-05-23: Optimization complete
================================================================================
DEBUG 2025-05-23: Calculated optimized travel (sum method): 117.2
DEBUG 2025-05-23: Validated optimized travel (proven method): 100.0
DEBUG 2025-05-23: Difference: 17.2
DEBUG 2025-05-23: Validated savings: 0.0
DEBUG 2025-05-23: Starting optimization
DEBUG 2025-05-23: Current travel = 100.0 minutes
DEBUG 2025-05-23: Total tours = 29
DEBUG 2025-05-23: Available agents = 10
DEBUG 2025-05-23: Tour times range from 2025-05-23 13:00:00 to 2025-05-23 22:45:00
DEBUG 2025-05-23: Processing tour 1/29: 2025-05-23 13:00:00 at Property 64934 (ESCORTED)
DEBUG 2025-05-23: Tour 1 assigned to 25ffdb26
DEBUG 2025-05-23: Travel time = 0.0 minutes
DEBUG 2025-05-23: REASSIGNMENT - Original: c99885bc → New: 25ffdb26
DEBUG 2025-05-23: Travel change: 0.0 → 0.0 (difference: 0.0)
DEBUG 2025-05-23: Processing tour 2/29: 2025-05-23 13:00:00 at Property 78139 (ESCORTED)
DEBUG 2025-05-23: Tour 2 assigned to c99885bc
DEBUG 2025-05-23: Travel time = 0.0 minutes
DEBUG 2025-05-23: REASSIGNMENT - Original: 25ffdb26 → New: c99885bc
DEBUG 2025-05-23: Travel change: 5.0 → 0.0 (difference: 5.0)
DEBUG 2025-05-23: Processing tour 3/29: 2025-05-23 14:00:00 at Property 64934 (ESCORTED)
DEBUG 2025-05-23: Tour 3 assigned to 25ffdb26
DEBUG 2025-05-23: Travel time = 0.0 minutes
DEBUG 2025-05-23: REASSIGNMENT - Original: fe3fff05 → New: 25ffdb26
DEBUG 2025-05-23: Travel change: 0.0 → 0.0 (difference: 0.0)
DEBUG 2025-05-23: Processing tour 4/29: 2025-05-23 14:00:00 at Property 64938 (ESCORTED)
DEBUG 2025-05-23: Tour 4 assigned to fe3fff05
DEBUG 2025-05-23: Travel time = 0.0 minutes
DEBUG 2025-05-23: REASSIGNMENT - Original: cd0ff517 → New: fe3fff05
DEBUG 2025-05-23: Travel change: 0.0 → 0.0 (difference: 0.0)
DEBUG 2025-05-23: Processing tour 5/29: 2025-05-23 14:30:00 at Property 64933 (ESCORTED)
DEBUG 2025-05-23: Tour 5 assigned to 28be1402
DEBUG 2025-05-23: Travel time = 0.0 minutes
DEBUG 2025-05-23: Processing tour 6/29: 2025-05-23 14:30:00 at Property 78139 (ESCORTED)
DEBUG 2025-05-23: Tour 6 assigned to c99885bc
DEBUG 2025-05-23: Travel time = 0.0 minutes
DEBUG 2025-05-23: REASSIGNMENT - Original: 25ffdb26 → New: c99885bc
DEBUG 2025-05-23: Travel change: 5.0 → 0.0 (difference: 5.0)
DEBUG 2025-05-23: Processing tour 7/29: 2025-05-23 15:00:00 at Property 64933 (ESCORTED)
DEBUG 2025-05-23: Tour 7 assigned to c99885bc
DEBUG 2025-05-23: Travel time = 5.0 minutes
DEBUG 2025-05-23: Processing tour 8/29: 2025-05-23 16:00:00 at Property 64933 (ESCORTED)
DEBUG 2025-05-23: Tour 8 assigned to 90976d80
DEBUG 2025-05-23: Travel time = 0.0 minutes
DEBUG 2025-05-23: REASSIGNMENT - Original: fe3fff05 → New: 90976d80
DEBUG 2025-05-23: Travel change: 14.8 → 0.0 (difference: 14.8)
DEBUG 2025-05-23: Processing tour 9/29: 2025-05-23 16:00:00 at Property 64933 (ESCORTED)
DEBUG 2025-05-23: Tour 9 assigned to 28be1402
DEBUG 2025-05-23: Travel time = 0.0 minutes
DEBUG 2025-05-23: REASSIGNMENT - Original: c99885bc → New: 28be1402
DEBUG 2025-05-23: Travel change: 0.0 → 0.0 (difference: 0.0)
DEBUG 2025-05-23: Processing tour 10/29: 2025-05-23 16:00:00 at Property 64937 (VIRTUAL_TOUR)
DEBUG 2025-05-23: Tour 10 assigned to 25ffdb26
DEBUG 2025-05-23: Travel time = 0.0 minutes
DEBUG 2025-05-23: REASSIGNMENT - Original: 90976d80 → New: 25ffdb26
DEBUG 2025-05-23: Travel change: 0.0 → 0.0 (difference: 0.0)
DEBUG 2025-05-23: Processing tour 11/29: 2025-05-23 16:00:00 at Property 64933 (ESCORTED)
DEBUG 2025-05-23: Tour 11 assigned to c99885bc
DEBUG 2025-05-23: Travel time = 0.0 minutes
DEBUG 2025-05-23: REASSIGNMENT - Original: 28be1402 → New: c99885bc
DEBUG 2025-05-23: Travel change: 0.0 → 0.0 (difference: 0.0)
DEBUG 2025-05-23: Processing tour 12/29: 2025-05-23 16:30:00 at Property 64938 (ESCORTED)
DEBUG 2025-05-23: Tour 12 assigned to 25ffdb26
DEBUG 2025-05-23: Travel time = 15.5 minutes
DEBUG 2025-05-23: Processing tour 13/29: 2025-05-23 17:15:00 at Property 64939 (ESCORTED)
DEBUG 2025-05-23: Tour 13 assigned to 97db7639
DEBUG 2025-05-23: Travel time = 0.0 minutes
DEBUG 2025-05-23: Processing tour 14/29: 2025-05-23 17:45:00 at Property 78139 (ESCORTED)
DEBUG 2025-05-23: Tour 14 assigned to 90976d80
DEBUG 2025-05-23: Travel time = 5.0 minutes
DEBUG 2025-05-23: REASSIGNMENT - Original: 25ffdb26 → New: 90976d80
DEBUG 2025-05-23: Travel change: 15.2 → 5.0 (difference: 10.2)
DEBUG 2025-05-23: Processing tour 15/29: 2025-05-23 18:00:00 at Property 64935 (ESCORTED)
DEBUG 2025-05-23: Tour 15 assigned to 15683175
DEBUG 2025-05-23: Travel time = 0.0 minutes
DEBUG 2025-05-23: REASSIGNMENT - Original: c99885bc → New: 15683175
DEBUG 2025-05-23: Travel change: 5.0 → 0.0 (difference: 5.0)
DEBUG 2025-05-23: Processing tour 16/29: 2025-05-23 18:00:00 at Property 64933 (ESCORTED)
DEBUG 2025-05-23: Tour 16 assigned to 28be1402
DEBUG 2025-05-23: Travel time = 0.0 minutes
DEBUG 2025-05-23: Processing tour 17/29: 2025-05-23 18:00:00 at Property 64935 (ESCORTED)
DEBUG 2025-05-23: Tour 17 assigned to c99885bc
DEBUG 2025-05-23: Travel time = 5.0 minutes
DEBUG 2025-05-23: REASSIGNMENT - Original: 15683175 → New: c99885bc
DEBUG 2025-05-23: Travel change: 0.0 → 5.0 (difference: -5.0)
WARNING 2025-05-23: Reassignment INCREASED travel by 5.0 minutes!
DEBUG 2025-05-23: Processing tour 18/29: 2025-05-23 18:00:00 at Property 64932 (ESCORTED)
DEBUG 2025-05-23: Tour 18 assigned to 25ffdb26
DEBUG 2025-05-23: Travel time = 13.8 minutes
DEBUG 2025-05-23: REASSIGNMENT - Original: 90976d80 → New: 25ffdb26
DEBUG 2025-05-23: Travel change: 6.1 → 13.8 (difference: -7.6)
WARNING 2025-05-23: Reassignment INCREASED travel by 7.6 minutes!
DEBUG 2025-05-23: Processing tour 19/29: 2025-05-23 18:15:00 at Property 64938 (ESCORTED)
DEBUG 2025-05-23: Tour 19 assigned to 28be1402
DEBUG 2025-05-23: Travel time = 14.8 minutes
DEBUG 2025-05-23: Processing tour 20/29: 2025-05-23 18:30:00 at Property 64932 (ESCORTED)
DEBUG 2025-05-23: Tour 20 assigned to aeabf7ea
DEBUG 2025-05-23: Travel time = 0.0 minutes
DEBUG 2025-05-23: Processing tour 21/29: 2025-05-23 19:00:00 at Property 64937 (ESCORTED)
DEBUG 2025-05-23: Tour 21 assigned to fcb34375
DEBUG 2025-05-23: Travel time = 0.0 minutes
DEBUG 2025-05-23: Processing tour 22/29: 2025-05-23 19:00:00 at Property 64933 (ESCORTED)
DEBUG 2025-05-23: Tour 22 assigned to 90976d80
DEBUG 2025-05-23: Travel time = 5.0 minutes
DEBUG 2025-05-23: REASSIGNMENT - Original: c99885bc → New: 90976d80
DEBUG 2025-05-23: Travel change: 5.0 → 5.0 (difference: 0.0)
DEBUG 2025-05-23: Processing tour 23/29: 2025-05-23 19:00:00 at Property 64932 (ESCORTED)
DEBUG 2025-05-23: Tour 23 assigned to 25ffdb26
DEBUG 2025-05-23: Travel time = 0.0 minutes
DEBUG 2025-05-23: REASSIGNMENT - Original: aeabf7ea → New: 25ffdb26
DEBUG 2025-05-23: Travel change: 0.0 → 0.0 (difference: 0.0)
DEBUG 2025-05-23: Processing tour 24/29: 2025-05-23 19:30:00 at Property 64932 (ESCORTED)
DEBUG 2025-05-23: Tour 24 assigned to aeabf7ea
DEBUG 2025-05-23: Travel time = 0.0 minutes
DEBUG 2025-05-23: Processing tour 25/29: 2025-05-23 19:30:00 at Property 64933 (ESCORTED)
DEBUG 2025-05-23: Tour 25 assigned to 28be1402
DEBUG 2025-05-23: Travel time = 14.8 minutes
DEBUG 2025-05-23: Processing tour 26/29: 2025-05-23 19:30:00 at Property 64938 (ESCORTED)
DEBUG 2025-05-23: Tour 26 assigned to 15683175
DEBUG 2025-05-23: Travel time = 14.7 minutes
DEBUG 2025-05-23: REASSIGNMENT - Original: 25ffdb26 → New: 15683175
DEBUG 2025-05-23: Travel change: 13.8 → 14.7 (difference: -1.0)
WARNING 2025-05-23: Reassignment INCREASED travel by 1.0 minutes!
DEBUG 2025-05-23: Processing tour 27/29: 2025-05-23 20:00:00 at Property 64935 (ESCORTED)
DEBUG 2025-05-23: Tour 27 assigned to 15683175
DEBUG 2025-05-23: Travel time = 14.7 minutes
DEBUG 2025-05-23: Processing tour 28/29: 2025-05-23 20:30:00 at Property 64932 (ESCORTED)
DEBUG 2025-05-23: Tour 28 assigned to 90976d80
DEBUG 2025-05-23: Travel time = 5.0 minutes
DEBUG 2025-05-23: Processing tour 29/29: 2025-05-23 22:00:00 at Property 64937 (ESCORTED)
DEBUG 2025-05-23: Tour 29 assigned to 90976d80
DEBUG 2025-05-23: Travel time = 5.0 minutes
DEBUG 2025-05-23: Calculated optimized travel (sum method): 118.2
DEBUG 2025-05-23: Validated optimized travel (proven method): 100.0
DEBUG 2025-05-23: Difference: 18.2
DEBUG 2025-05-23: Validated savings: 0.0
DEBUG 2025-05-23: Reassignments made = 16/29
DEBUG 2025-05-23: Optimization complete
================================================================================
