DEBUG 2025-05-27: Starting optimization
DEBUG 2025-05-27: Current travel = 99.9 minutes
DEBUG 2025-05-27: Total tours = 28
DEBUG 2025-05-27: Available agents = 9
DEBUG 2025-05-27: Tour times range from 2025-05-27 14:00:00 to 2025-05-27 21:45:00
DEBUG 2025-05-27: Processing tour 1/28: 2025-05-27 14:00:00 at Property 78139 (ESCORTED)
DEBUG 2025-05-27: Tour 1 assigned to 90976d80
DEBUG 2025-05-27: Travel time = 0.0 minutes
DEBUG 2025-05-27: REASSIGNMENT - Original: cd0ff517 → New: 90976d80
DEBUG 2025-05-27: Travel change: 0.0 → 0.0 (difference: 0.0)
DEBUG 2025-05-27: Processing tour 2/28: 2025-05-27 14:00:00 at Property 100490 (ESCORTED)
DEBUG 2025-05-27: Tour 2 assigned to c99885bc
DEBUG 2025-05-27: Travel time = 0.0 minutes
DEBUG 2025-05-27: REASSIGNMENT - Original: aeabf7ea → New: c99885bc
DEBUG 2025-05-27: Travel change: 0.0 → 0.0 (difference: 0.0)
DEBUG 2025-05-27: Processing tour 3/28: 2025-05-27 14:00:00 at Property 64938 (ESCORTED)
DEBUG 2025-05-27: Tour 3 assigned to 2d4a3e78
DEBUG 2025-05-27: Travel time = 0.0 minutes
DEBUG 2025-05-27: REASSIGNMENT - Original: 90976d80 → New: 2d4a3e78
DEBUG 2025-05-27: Travel change: 15.2 → 0.0 (difference: 15.2)
DEBUG 2025-05-27: Processing tour 4/28: 2025-05-27 14:00:00 at Property 64941 (ESCORTED)
DEBUG 2025-05-27: Tour 4 assigned to aeabf7ea
DEBUG 2025-05-27: Travel time = 0.0 minutes
DEBUG 2025-05-27: REASSIGNMENT - Original: 2d4a3e78 → New: aeabf7ea
DEBUG 2025-05-27: Travel change: 10.1 → 0.0 (difference: 10.1)
DEBUG 2025-05-27: Processing tour 5/28: 2025-05-27 14:00:00 at Property 64935 (ESCORTED)
DEBUG 2025-05-27: Tour 5 assigned to cd0ff517
DEBUG 2025-05-27: Travel time = 0.0 minutes
DEBUG 2025-05-27: REASSIGNMENT - Original: c99885bc → New: cd0ff517
DEBUG 2025-05-27: Travel change: 5.0 → 0.0 (difference: 5.0)
DEBUG 2025-05-27: Processing tour 6/28: 2025-05-27 14:30:00 at Property 151243 (ESCORTED)
DEBUG 2025-05-27: Tour 6 assigned to fe3fff05
DEBUG 2025-05-27: Travel time = 0.0 minutes
DEBUG 2025-05-27: Processing tour 7/28: 2025-05-27 15:30:00 at Property 64938 (ESCORTED)
DEBUG 2025-05-27: Tour 7 assigned to 2d4a3e78
DEBUG 2025-05-27: Travel time = 0.0 minutes
DEBUG 2025-05-27: REASSIGNMENT - Original: cd0ff517 → New: 2d4a3e78
DEBUG 2025-05-27: Travel change: 14.7 → 0.0 (difference: 14.7)
DEBUG 2025-05-27: Processing tour 8/28: 2025-05-27 15:30:00 at Property 64938 (ESCORTED)
DEBUG 2025-05-27: Tour 8 assigned to aeabf7ea
DEBUG 2025-05-27: Travel time = 10.1 minutes
DEBUG 2025-05-27: REASSIGNMENT - Original: 90976d80 → New: aeabf7ea
DEBUG 2025-05-27: Travel change: 15.2 → 10.1 (difference: 5.1)
DEBUG 2025-05-27: Processing tour 9/28: 2025-05-27 15:30:00 at Property 64942 (ESCORTED)
DEBUG 2025-05-27: Tour 9 assigned to 90976d80
DEBUG 2025-05-27: Travel time = 7.4 minutes
DEBUG 2025-05-27: REASSIGNMENT - Original: 2d4a3e78 → New: 90976d80
DEBUG 2025-05-27: Travel change: 10.0 → 7.4 (difference: 2.6)
DEBUG 2025-05-27: Processing tour 10/28: 2025-05-27 16:00:00 at Property 84770 (ESCORTED)
DEBUG 2025-05-27: Tour 10 assigned to 28be1402
DEBUG 2025-05-27: Travel time = 0.0 minutes
DEBUG 2025-05-27: REASSIGNMENT - Original: fe3fff05 → New: 28be1402
DEBUG 2025-05-27: Travel change: 8.9 → 0.0 (difference: 8.9)
DEBUG 2025-05-27: Processing tour 11/28: 2025-05-27 16:00:00 at Property 100490 (ESCORTED)
DEBUG 2025-05-27: Tour 11 assigned to c99885bc
DEBUG 2025-05-27: Travel time = 0.0 minutes
DEBUG 2025-05-27: REASSIGNMENT - Original: aeabf7ea → New: c99885bc
DEBUG 2025-05-27: Travel change: 14.1 → 0.0 (difference: 14.1)
DEBUG 2025-05-27: Processing tour 12/28: 2025-05-27 16:00:00 at Property 64937 (ESCORTED)
DEBUG 2025-05-27: Tour 12 assigned to cd0ff517
DEBUG 2025-05-27: Travel time = 5.6 minutes
DEBUG 2025-05-27: REASSIGNMENT - Original: 28be1402 → New: cd0ff517
DEBUG 2025-05-27: Travel change: 5.2 → 5.6 (difference: -0.3)
WARNING 2025-05-27: Reassignment INCREASED travel by 0.3 minutes!
DEBUG 2025-05-27: Processing tour 13/28: 2025-05-27 17:00:00 at Property 64937 (ESCORTED)
DEBUG 2025-05-27: Tour 13 assigned to cd0ff517
DEBUG 2025-05-27: Travel time = 0.0 minutes
DEBUG 2025-05-27: REASSIGNMENT - Original: fe3fff05 → New: cd0ff517
DEBUG 2025-05-27: Travel change: 6.8 → 0.0 (difference: 6.8)
DEBUG 2025-05-27: Processing tour 14/28: 2025-05-27 17:00:00 at Property 78139 (ESCORTED)
DEBUG 2025-05-27: Tour 14 assigned to fe3fff05
DEBUG 2025-05-27: Travel time = 5.0 minutes
DEBUG 2025-05-27: REASSIGNMENT - Original: cd0ff517 → New: fe3fff05
DEBUG 2025-05-27: Travel change: 6.8 → 5.0 (difference: 1.8)
DEBUG 2025-05-27: Processing tour 15/28: 2025-05-27 17:00:00 at Property 64932 (ESCORTED)
DEBUG 2025-05-27: Tour 15 assigned to c99885bc
DEBUG 2025-05-27: Travel time = 5.0 minutes
DEBUG 2025-05-27: REASSIGNMENT - Original: aeabf7ea → New: c99885bc
DEBUG 2025-05-27: Travel change: 13.8 → 5.0 (difference: 8.8)
DEBUG 2025-05-27: Processing tour 16/28: 2025-05-27 17:00:00 at Property 64939 (ESCORTED)
DEBUG 2025-05-27: Tour 16 assigned to 90976d80
DEBUG 2025-05-27: Travel time = 5.0 minutes
DEBUG 2025-05-27: REASSIGNMENT - Original: 28be1402 → New: 90976d80
DEBUG 2025-05-27: Travel change: 8.7 → 5.0 (difference: 3.7)
DEBUG 2025-05-27: Processing tour 17/28: 2025-05-27 18:00:00 at Property 64933 (ESCORTED)
DEBUG 2025-05-27: Tour 17 assigned to 28be1402
DEBUG 2025-05-27: Travel time = 5.0 minutes
DEBUG 2025-05-27: REASSIGNMENT - Original: fe3fff05 → New: 28be1402
DEBUG 2025-05-27: Travel change: 5.0 → 5.0 (difference: 0.0)
DEBUG 2025-05-27: Processing tour 18/28: 2025-05-27 18:00:00 at Property 84770 (ESCORTED)
DEBUG 2025-05-27: Tour 18 assigned to 2d4a3e78
DEBUG 2025-05-27: Travel time = 13.9 minutes
DEBUG 2025-05-27: REASSIGNMENT - Original: aeabf7ea → New: 2d4a3e78
DEBUG 2025-05-27: Travel change: 13.9 → 13.9 (difference: 0.0)
DEBUG 2025-05-27: Processing tour 19/28: 2025-05-27 18:00:00 at Property 84770 (ESCORTED)
DEBUG 2025-05-27: Tour 19 assigned to aeabf7ea
DEBUG 2025-05-27: Travel time = 13.9 minutes
DEBUG 2025-05-27: REASSIGNMENT - Original: 90976d80 → New: aeabf7ea
DEBUG 2025-05-27: Travel change: 8.7 → 13.9 (difference: -5.2)
WARNING 2025-05-27: Reassignment INCREASED travel by 5.2 minutes!
DEBUG 2025-05-27: Processing tour 20/28: 2025-05-27 18:00:00 at Property 64942 (ESCORTED)
DEBUG 2025-05-27: Tour 20 assigned to 2d4a3e78
DEBUG 2025-05-27: Travel time = 8.6 minutes
DEBUG 2025-05-27: Processing tour 21/28: 2025-05-27 18:30:00 at Property 64932 (ESCORTED)
DEBUG 2025-05-27: Tour 21 assigned to c99885bc
DEBUG 2025-05-27: Travel time = 0.0 minutes
DEBUG 2025-05-27: REASSIGNMENT - Original: 0650940d → New: c99885bc
DEBUG 2025-05-27: Travel change: 0.0 → 0.0 (difference: 0.0)
DEBUG 2025-05-27: Processing tour 22/28: 2025-05-27 19:00:00 at Property 64937 (ESCORTED)
DEBUG 2025-05-27: Tour 22 assigned to 0c398d8d
DEBUG 2025-05-27: Travel time = 0.0 minutes
DEBUG 2025-05-27: REASSIGNMENT - Original: 90976d80 → New: 0c398d8d
DEBUG 2025-05-27: Travel change: 5.5 → 0.0 (difference: 5.5)
DEBUG 2025-05-27: Processing tour 23/28: 2025-05-27 19:00:00 at Property 64942 (ESCORTED)
DEBUG 2025-05-27: Tour 23 assigned to 2d4a3e78
DEBUG 2025-05-27: Travel time = 0.0 minutes
DEBUG 2025-05-27: Processing tour 24/28: 2025-05-27 19:00:00 at Property 64940 (VIRTUAL_TOUR)
DEBUG 2025-05-27: Tour 24 assigned to 90976d80
DEBUG 2025-05-27: Travel time = 0.0 minutes
DEBUG 2025-05-27: REASSIGNMENT - Original: 28be1402 → New: 90976d80
DEBUG 2025-05-27: Travel change: 0.0 → 0.0 (difference: 0.0)
DEBUG 2025-05-27: Processing tour 25/28: 2025-05-27 19:00:00 at Property 64932 (ESCORTED)
DEBUG 2025-05-27: Tour 25 assigned to fe3fff05
DEBUG 2025-05-27: Travel time = 6.1 minutes
DEBUG 2025-05-27: REASSIGNMENT - Original: 0c398d8d → New: fe3fff05
DEBUG 2025-05-27: Travel change: 5.0 → 6.1 (difference: -1.1)
WARNING 2025-05-27: Reassignment INCREASED travel by 1.1 minutes!
DEBUG 2025-05-27: Processing tour 26/28: 2025-05-27 20:00:00 at Property 64940 (VIRTUAL_TOUR)
DEBUG 2025-05-27: Tour 26 assigned to 90976d80
DEBUG 2025-05-27: Travel time = 0.0 minutes
DEBUG 2025-05-27: REASSIGNMENT - Original: fe3fff05 → New: 90976d80
DEBUG 2025-05-27: Travel change: 0.0 → 0.0 (difference: 0.0)
DEBUG 2025-05-27: Processing tour 27/28: 2025-05-27 20:00:00 at Property 64933 (ESCORTED)
DEBUG 2025-05-27: Tour 27 assigned to c99885bc
DEBUG 2025-05-27: Travel time = 5.0 minutes
DEBUG 2025-05-27: Processing tour 28/28: 2025-05-27 21:00:00 at Property 84770 (ESCORTED)
DEBUG 2025-05-27: Tour 28 assigned to 90976d80
DEBUG 2025-05-27: Travel time = 8.7 minutes
DEBUG 2025-05-27: Optimized travel = 99.2 minutes
DEBUG 2025-05-27: Savings = 0.7 minutes
DEBUG 2025-05-27: Reassignments made = 23/28
WARNING 2025-05-27: Very high reassignment rate (82.1%) - algorithm may be too aggressive
DEBUG 2025-05-27: Optimization complete
================================================================================
DEBUG 2025-05-27: Starting optimization
DEBUG 2025-05-27: Current travel = 102.5 minutes
DEBUG 2025-05-27: Total tours = 28
DEBUG 2025-05-27: Available agents = 9
DEBUG 2025-05-27: Tour times range from 2025-05-27 14:00:00 to 2025-05-27 21:45:00
DEBUG 2025-05-27: Processing tour 1/28: 2025-05-27 14:00:00 at Property 78139 (ESCORTED)
DEBUG 2025-05-27: Tour 1 assigned to 90976d80
DEBUG 2025-05-27: Travel time = 0.0 minutes
DEBUG 2025-05-27: REASSIGNMENT - Original: cd0ff517 → New: 90976d80
DEBUG 2025-05-27: Travel change: 0.0 → 0.0 (difference: 0.0)
DEBUG 2025-05-27: Processing tour 2/28: 2025-05-27 14:00:00 at Property 100490 (ESCORTED)
DEBUG 2025-05-27: Tour 2 assigned to c99885bc
DEBUG 2025-05-27: Travel time = 0.0 minutes
DEBUG 2025-05-27: REASSIGNMENT - Original: aeabf7ea → New: c99885bc
DEBUG 2025-05-27: Travel change: 0.0 → 0.0 (difference: 0.0)
DEBUG 2025-05-27: Processing tour 3/28: 2025-05-27 14:00:00 at Property 64938 (ESCORTED)
DEBUG 2025-05-27: Tour 3 assigned to 2d4a3e78
DEBUG 2025-05-27: Travel time = 0.0 minutes
DEBUG 2025-05-27: REASSIGNMENT - Original: 90976d80 → New: 2d4a3e78
DEBUG 2025-05-27: Travel change: 15.2 → 0.0 (difference: 15.2)
DEBUG 2025-05-27: Processing tour 4/28: 2025-05-27 14:00:00 at Property 64941 (ESCORTED)
DEBUG 2025-05-27: Tour 4 assigned to aeabf7ea
DEBUG 2025-05-27: Travel time = 0.0 minutes
DEBUG 2025-05-27: REASSIGNMENT - Original: 2d4a3e78 → New: aeabf7ea
DEBUG 2025-05-27: Travel change: 10.1 → 0.0 (difference: 10.1)
DEBUG 2025-05-27: Processing tour 5/28: 2025-05-27 14:00:00 at Property 64935 (ESCORTED)
DEBUG 2025-05-27: Tour 5 assigned to cd0ff517
DEBUG 2025-05-27: Travel time = 0.0 minutes
DEBUG 2025-05-27: REASSIGNMENT - Original: c99885bc → New: cd0ff517
DEBUG 2025-05-27: Travel change: 5.0 → 0.0 (difference: 5.0)
DEBUG 2025-05-27: Processing tour 6/28: 2025-05-27 14:30:00 at Property 151243 (ESCORTED)
DEBUG 2025-05-27: Tour 6 assigned to fe3fff05
DEBUG 2025-05-27: Travel time = 0.0 minutes
DEBUG 2025-05-27: Processing tour 7/28: 2025-05-27 15:30:00 at Property 64938 (ESCORTED)
DEBUG 2025-05-27: Tour 7 assigned to 2d4a3e78
DEBUG 2025-05-27: Travel time = 0.0 minutes
DEBUG 2025-05-27: REASSIGNMENT - Original: cd0ff517 → New: 2d4a3e78
DEBUG 2025-05-27: Travel change: 14.7 → 0.0 (difference: 14.7)
DEBUG 2025-05-27: Processing tour 8/28: 2025-05-27 15:30:00 at Property 64938 (ESCORTED)
DEBUG 2025-05-27: Tour 8 assigned to aeabf7ea
DEBUG 2025-05-27: Travel time = 10.1 minutes
DEBUG 2025-05-27: REASSIGNMENT - Original: 90976d80 → New: aeabf7ea
DEBUG 2025-05-27: Travel change: 15.2 → 10.1 (difference: 5.1)
DEBUG 2025-05-27: Processing tour 9/28: 2025-05-27 15:30:00 at Property 64942 (ESCORTED)
DEBUG 2025-05-27: Tour 9 assigned to 90976d80
DEBUG 2025-05-27: Travel time = 5.0 minutes
DEBUG 2025-05-27: REASSIGNMENT - Original: 2d4a3e78 → New: 90976d80
DEBUG 2025-05-27: Travel change: 15.5 → 5.0 (difference: 10.5)
DEBUG 2025-05-27: Processing tour 10/28: 2025-05-27 16:00:00 at Property 84770 (ESCORTED)
DEBUG 2025-05-27: Tour 10 assigned to 28be1402
DEBUG 2025-05-27: Travel time = 0.0 minutes
DEBUG 2025-05-27: REASSIGNMENT - Original: fe3fff05 → New: 28be1402
DEBUG 2025-05-27: Travel change: 8.9 → 0.0 (difference: 8.9)
DEBUG 2025-05-27: Processing tour 11/28: 2025-05-27 16:00:00 at Property 100490 (ESCORTED)
DEBUG 2025-05-27: Tour 11 assigned to c99885bc
DEBUG 2025-05-27: Travel time = 0.0 minutes
DEBUG 2025-05-27: REASSIGNMENT - Original: aeabf7ea → New: c99885bc
DEBUG 2025-05-27: Travel change: 14.1 → 0.0 (difference: 14.1)
DEBUG 2025-05-27: Processing tour 12/28: 2025-05-27 16:00:00 at Property 64937 (ESCORTED)
DEBUG 2025-05-27: Tour 12 assigned to cd0ff517
DEBUG 2025-05-27: Travel time = 5.6 minutes
DEBUG 2025-05-27: REASSIGNMENT - Original: 28be1402 → New: cd0ff517
DEBUG 2025-05-27: Travel change: 5.2 → 5.6 (difference: -0.3)
WARNING 2025-05-27: Reassignment INCREASED travel by 0.3 minutes!
DEBUG 2025-05-27: Processing tour 13/28: 2025-05-27 17:00:00 at Property 64937 (ESCORTED)
DEBUG 2025-05-27: Tour 13 assigned to cd0ff517
DEBUG 2025-05-27: Travel time = 0.0 minutes
DEBUG 2025-05-27: REASSIGNMENT - Original: fe3fff05 → New: cd0ff517
DEBUG 2025-05-27: Travel change: 6.8 → 0.0 (difference: 6.8)
DEBUG 2025-05-27: Processing tour 14/28: 2025-05-27 17:00:00 at Property 78139 (ESCORTED)
DEBUG 2025-05-27: Tour 14 assigned to 90976d80
DEBUG 2025-05-27: Travel time = 5.0 minutes
DEBUG 2025-05-27: REASSIGNMENT - Original: cd0ff517 → New: 90976d80
DEBUG 2025-05-27: Travel change: 6.8 → 5.0 (difference: 1.8)
DEBUG 2025-05-27: Processing tour 15/28: 2025-05-27 17:00:00 at Property 64932 (ESCORTED)
DEBUG 2025-05-27: Tour 15 assigned to c99885bc
DEBUG 2025-05-27: Travel time = 5.0 minutes
DEBUG 2025-05-27: REASSIGNMENT - Original: aeabf7ea → New: c99885bc
DEBUG 2025-05-27: Travel change: 13.8 → 5.0 (difference: 8.8)
DEBUG 2025-05-27: Processing tour 16/28: 2025-05-27 17:00:00 at Property 64939 (ESCORTED)
DEBUG 2025-05-27: Tour 16 assigned to fe3fff05
DEBUG 2025-05-27: Travel time = 5.7 minutes
DEBUG 2025-05-27: REASSIGNMENT - Original: 28be1402 → New: fe3fff05
DEBUG 2025-05-27: Travel change: 8.7 → 5.7 (difference: 3.0)
DEBUG 2025-05-27: Processing tour 17/28: 2025-05-27 18:00:00 at Property 64933 (ESCORTED)
DEBUG 2025-05-27: Tour 17 assigned to 28be1402
DEBUG 2025-05-27: Travel time = 5.0 minutes
DEBUG 2025-05-27: REASSIGNMENT - Original: fe3fff05 → New: 28be1402
DEBUG 2025-05-27: Travel change: 8.1 → 5.0 (difference: 3.1)
DEBUG 2025-05-27: Processing tour 18/28: 2025-05-27 18:00:00 at Property 84770 (ESCORTED)
DEBUG 2025-05-27: Tour 18 assigned to 2d4a3e78
DEBUG 2025-05-27: Travel time = 13.9 minutes
DEBUG 2025-05-27: REASSIGNMENT - Original: aeabf7ea → New: 2d4a3e78
DEBUG 2025-05-27: Travel change: 13.9 → 13.9 (difference: 0.0)
DEBUG 2025-05-27: Processing tour 19/28: 2025-05-27 18:00:00 at Property 84770 (ESCORTED)
DEBUG 2025-05-27: Tour 19 assigned to aeabf7ea
DEBUG 2025-05-27: Travel time = 13.9 minutes
DEBUG 2025-05-27: REASSIGNMENT - Original: 90976d80 → New: aeabf7ea
DEBUG 2025-05-27: Travel change: 7.3 → 13.9 (difference: -6.5)
WARNING 2025-05-27: Reassignment INCREASED travel by 6.5 minutes!
DEBUG 2025-05-27: Processing tour 20/28: 2025-05-27 18:00:00 at Property 64942 (ESCORTED)
DEBUG 2025-05-27: Tour 20 assigned to 2d4a3e78
DEBUG 2025-05-27: Travel time = 7.5 minutes
DEBUG 2025-05-27: Processing tour 21/28: 2025-05-27 18:30:00 at Property 64932 (ESCORTED)
DEBUG 2025-05-27: Tour 21 assigned to c99885bc
DEBUG 2025-05-27: Travel time = 0.0 minutes
DEBUG 2025-05-27: REASSIGNMENT - Original: 0650940d → New: c99885bc
DEBUG 2025-05-27: Travel change: 0.0 → 0.0 (difference: 0.0)
DEBUG 2025-05-27: Processing tour 22/28: 2025-05-27 19:00:00 at Property 64937 (ESCORTED)
DEBUG 2025-05-27: Tour 22 assigned to 0c398d8d
DEBUG 2025-05-27: Travel time = 0.0 minutes
DEBUG 2025-05-27: REASSIGNMENT - Original: 90976d80 → New: 0c398d8d
DEBUG 2025-05-27: Travel change: 6.8 → 0.0 (difference: 6.8)
DEBUG 2025-05-27: Processing tour 23/28: 2025-05-27 19:00:00 at Property 64942 (ESCORTED)
DEBUG 2025-05-27: Tour 23 assigned to 2d4a3e78
DEBUG 2025-05-27: Travel time = 0.0 minutes
DEBUG 2025-05-27: Processing tour 24/28: 2025-05-27 19:00:00 at Property 64940 (VIRTUAL_TOUR)
DEBUG 2025-05-27: Tour 24 assigned to 90976d80
DEBUG 2025-05-27: Travel time = 0.0 minutes
DEBUG 2025-05-27: REASSIGNMENT - Original: 28be1402 → New: 90976d80
DEBUG 2025-05-27: Travel change: 0.0 → 0.0 (difference: 0.0)
DEBUG 2025-05-27: Processing tour 25/28: 2025-05-27 19:00:00 at Property 64932 (ESCORTED)
DEBUG 2025-05-27: Tour 25 assigned to fe3fff05
DEBUG 2025-05-27: Travel time = 7.9 minutes
DEBUG 2025-05-27: REASSIGNMENT - Original: 0c398d8d → New: fe3fff05
DEBUG 2025-05-27: Travel change: 5.0 → 7.9 (difference: -2.9)
WARNING 2025-05-27: Reassignment INCREASED travel by 2.9 minutes!
DEBUG 2025-05-27: Processing tour 26/28: 2025-05-27 20:00:00 at Property 64940 (VIRTUAL_TOUR)
DEBUG 2025-05-27: Tour 26 assigned to 90976d80
DEBUG 2025-05-27: Travel time = 0.0 minutes
DEBUG 2025-05-27: REASSIGNMENT - Original: fe3fff05 → New: 90976d80
DEBUG 2025-05-27: Travel change: 0.0 → 0.0 (difference: 0.0)
DEBUG 2025-05-27: Processing tour 27/28: 2025-05-27 20:00:00 at Property 64933 (ESCORTED)
DEBUG 2025-05-27: Tour 27 assigned to c99885bc
DEBUG 2025-05-27: Travel time = 5.0 minutes
DEBUG 2025-05-27: Processing tour 28/28: 2025-05-27 21:00:00 at Property 84770 (ESCORTED)
DEBUG 2025-05-27: Tour 28 assigned to 90976d80
DEBUG 2025-05-27: Travel time = 7.3 minutes
DEBUG 2025-05-27: Optimized travel = 96.8 minutes
DEBUG 2025-05-27: Savings = 5.7 minutes
DEBUG 2025-05-27: Reassignments made = 23/28
WARNING 2025-05-27: Very high reassignment rate (82.1%) - algorithm may be too aggressive
DEBUG 2025-05-27: Optimization complete
================================================================================
DEBUG 2025-05-27: Calculated optimized travel (sum method): 96.8
DEBUG 2025-05-27: Validated optimized travel (proven method): 102.5
DEBUG 2025-05-27: Difference: -5.7
DEBUG 2025-05-27: Validated savings: 0.0
DEBUG 2025-05-27: Starting optimization
DEBUG 2025-05-27: Current travel = 102.5 minutes
DEBUG 2025-05-27: Total tours = 28
DEBUG 2025-05-27: Available agents = 9
DEBUG 2025-05-27: Tour times range from 2025-05-27 14:00:00 to 2025-05-27 21:45:00
DEBUG 2025-05-27: Processing tour 1/28: 2025-05-27 14:00:00 at Property 78139 (ESCORTED)
DEBUG 2025-05-27: Tour 1 assigned to 90976d80
DEBUG 2025-05-27: Travel time = 0.0 minutes
DEBUG 2025-05-27: REASSIGNMENT - Original: cd0ff517 → New: 90976d80
DEBUG 2025-05-27: Travel change: 0.0 → 0.0 (difference: 0.0)
DEBUG 2025-05-27: Processing tour 2/28: 2025-05-27 14:00:00 at Property 100490 (ESCORTED)
DEBUG 2025-05-27: Tour 2 assigned to c99885bc
DEBUG 2025-05-27: Travel time = 0.0 minutes
DEBUG 2025-05-27: REASSIGNMENT - Original: aeabf7ea → New: c99885bc
DEBUG 2025-05-27: Travel change: 0.0 → 0.0 (difference: 0.0)
DEBUG 2025-05-27: Processing tour 3/28: 2025-05-27 14:00:00 at Property 64938 (ESCORTED)
DEBUG 2025-05-27: Tour 3 assigned to 2d4a3e78
DEBUG 2025-05-27: Travel time = 0.0 minutes
DEBUG 2025-05-27: REASSIGNMENT - Original: 90976d80 → New: 2d4a3e78
DEBUG 2025-05-27: Travel change: 15.2 → 0.0 (difference: 15.2)
DEBUG 2025-05-27: Processing tour 4/28: 2025-05-27 14:00:00 at Property 64941 (ESCORTED)
DEBUG 2025-05-27: Tour 4 assigned to aeabf7ea
DEBUG 2025-05-27: Travel time = 0.0 minutes
DEBUG 2025-05-27: REASSIGNMENT - Original: 2d4a3e78 → New: aeabf7ea
DEBUG 2025-05-27: Travel change: 10.1 → 0.0 (difference: 10.1)
DEBUG 2025-05-27: Processing tour 5/28: 2025-05-27 14:00:00 at Property 64935 (ESCORTED)
DEBUG 2025-05-27: Tour 5 assigned to cd0ff517
DEBUG 2025-05-27: Travel time = 0.0 minutes
DEBUG 2025-05-27: REASSIGNMENT - Original: c99885bc → New: cd0ff517
DEBUG 2025-05-27: Travel change: 5.0 → 0.0 (difference: 5.0)
DEBUG 2025-05-27: Processing tour 6/28: 2025-05-27 14:30:00 at Property 151243 (ESCORTED)
DEBUG 2025-05-27: Tour 6 assigned to fe3fff05
DEBUG 2025-05-27: Travel time = 0.0 minutes
DEBUG 2025-05-27: Processing tour 7/28: 2025-05-27 15:30:00 at Property 64938 (ESCORTED)
DEBUG 2025-05-27: Tour 7 assigned to 2d4a3e78
DEBUG 2025-05-27: Travel time = 0.0 minutes
DEBUG 2025-05-27: REASSIGNMENT - Original: cd0ff517 → New: 2d4a3e78
DEBUG 2025-05-27: Travel change: 14.7 → 0.0 (difference: 14.7)
DEBUG 2025-05-27: Processing tour 8/28: 2025-05-27 15:30:00 at Property 64938 (ESCORTED)
DEBUG 2025-05-27: Tour 8 assigned to aeabf7ea
DEBUG 2025-05-27: Travel time = 10.1 minutes
DEBUG 2025-05-27: REASSIGNMENT - Original: 90976d80 → New: aeabf7ea
DEBUG 2025-05-27: Travel change: 15.2 → 10.1 (difference: 5.1)
DEBUG 2025-05-27: Processing tour 9/28: 2025-05-27 15:30:00 at Property 64942 (ESCORTED)
DEBUG 2025-05-27: Tour 9 assigned to 90976d80
DEBUG 2025-05-27: Travel time = 5.0 minutes
DEBUG 2025-05-27: REASSIGNMENT - Original: 2d4a3e78 → New: 90976d80
DEBUG 2025-05-27: Travel change: 15.5 → 5.0 (difference: 10.5)
DEBUG 2025-05-27: Processing tour 10/28: 2025-05-27 16:00:00 at Property 84770 (ESCORTED)
DEBUG 2025-05-27: Tour 10 assigned to 28be1402
DEBUG 2025-05-27: Travel time = 0.0 minutes
DEBUG 2025-05-27: REASSIGNMENT - Original: fe3fff05 → New: 28be1402
DEBUG 2025-05-27: Travel change: 8.9 → 0.0 (difference: 8.9)
DEBUG 2025-05-27: Processing tour 11/28: 2025-05-27 16:00:00 at Property 100490 (ESCORTED)
DEBUG 2025-05-27: Tour 11 assigned to c99885bc
DEBUG 2025-05-27: Travel time = 0.0 minutes
DEBUG 2025-05-27: REASSIGNMENT - Original: aeabf7ea → New: c99885bc
DEBUG 2025-05-27: Travel change: 14.1 → 0.0 (difference: 14.1)
DEBUG 2025-05-27: Processing tour 12/28: 2025-05-27 16:00:00 at Property 64937 (ESCORTED)
DEBUG 2025-05-27: Tour 12 assigned to cd0ff517
DEBUG 2025-05-27: Travel time = 5.6 minutes
DEBUG 2025-05-27: REASSIGNMENT - Original: 28be1402 → New: cd0ff517
DEBUG 2025-05-27: Travel change: 5.2 → 5.6 (difference: -0.3)
WARNING 2025-05-27: Reassignment INCREASED travel by 0.3 minutes!
DEBUG 2025-05-27: Processing tour 13/28: 2025-05-27 17:00:00 at Property 64937 (ESCORTED)
DEBUG 2025-05-27: Tour 13 assigned to cd0ff517
DEBUG 2025-05-27: Travel time = 0.0 minutes
DEBUG 2025-05-27: REASSIGNMENT - Original: fe3fff05 → New: cd0ff517
DEBUG 2025-05-27: Travel change: 6.8 → 0.0 (difference: 6.8)
DEBUG 2025-05-27: Processing tour 14/28: 2025-05-27 17:00:00 at Property 78139 (ESCORTED)
DEBUG 2025-05-27: Tour 14 assigned to 90976d80
DEBUG 2025-05-27: Travel time = 5.0 minutes
DEBUG 2025-05-27: REASSIGNMENT - Original: cd0ff517 → New: 90976d80
DEBUG 2025-05-27: Travel change: 6.8 → 5.0 (difference: 1.8)
DEBUG 2025-05-27: Processing tour 15/28: 2025-05-27 17:00:00 at Property 64932 (ESCORTED)
DEBUG 2025-05-27: Tour 15 assigned to c99885bc
DEBUG 2025-05-27: Travel time = 5.0 minutes
DEBUG 2025-05-27: REASSIGNMENT - Original: aeabf7ea → New: c99885bc
DEBUG 2025-05-27: Travel change: 13.8 → 5.0 (difference: 8.8)
DEBUG 2025-05-27: Processing tour 16/28: 2025-05-27 17:00:00 at Property 64939 (ESCORTED)
DEBUG 2025-05-27: Tour 16 assigned to fe3fff05
DEBUG 2025-05-27: Travel time = 5.7 minutes
DEBUG 2025-05-27: REASSIGNMENT - Original: 28be1402 → New: fe3fff05
DEBUG 2025-05-27: Travel change: 8.7 → 5.7 (difference: 3.0)
DEBUG 2025-05-27: Processing tour 17/28: 2025-05-27 18:00:00 at Property 64933 (ESCORTED)
DEBUG 2025-05-27: Tour 17 assigned to 28be1402
DEBUG 2025-05-27: Travel time = 5.0 minutes
DEBUG 2025-05-27: REASSIGNMENT - Original: fe3fff05 → New: 28be1402
DEBUG 2025-05-27: Travel change: 8.1 → 5.0 (difference: 3.1)
DEBUG 2025-05-27: Processing tour 18/28: 2025-05-27 18:00:00 at Property 84770 (ESCORTED)
DEBUG 2025-05-27: Tour 18 assigned to 2d4a3e78
DEBUG 2025-05-27: Travel time = 13.9 minutes
DEBUG 2025-05-27: REASSIGNMENT - Original: aeabf7ea → New: 2d4a3e78
DEBUG 2025-05-27: Travel change: 13.9 → 13.9 (difference: 0.0)
DEBUG 2025-05-27: Processing tour 19/28: 2025-05-27 18:00:00 at Property 84770 (ESCORTED)
DEBUG 2025-05-27: Tour 19 assigned to aeabf7ea
DEBUG 2025-05-27: Travel time = 13.9 minutes
DEBUG 2025-05-27: REASSIGNMENT - Original: 90976d80 → New: aeabf7ea
DEBUG 2025-05-27: Travel change: 7.3 → 13.9 (difference: -6.5)
WARNING 2025-05-27: Reassignment INCREASED travel by 6.5 minutes!
DEBUG 2025-05-27: Processing tour 20/28: 2025-05-27 18:00:00 at Property 64942 (ESCORTED)
DEBUG 2025-05-27: Tour 20 assigned to 2d4a3e78
DEBUG 2025-05-27: Travel time = 7.5 minutes
DEBUG 2025-05-27: Processing tour 21/28: 2025-05-27 18:30:00 at Property 64932 (ESCORTED)
DEBUG 2025-05-27: Tour 21 assigned to c99885bc
DEBUG 2025-05-27: Travel time = 0.0 minutes
DEBUG 2025-05-27: REASSIGNMENT - Original: 0650940d → New: c99885bc
DEBUG 2025-05-27: Travel change: 0.0 → 0.0 (difference: 0.0)
DEBUG 2025-05-27: Processing tour 22/28: 2025-05-27 19:00:00 at Property 64937 (ESCORTED)
DEBUG 2025-05-27: Tour 22 assigned to 0c398d8d
DEBUG 2025-05-27: Travel time = 0.0 minutes
DEBUG 2025-05-27: REASSIGNMENT - Original: 90976d80 → New: 0c398d8d
DEBUG 2025-05-27: Travel change: 6.8 → 0.0 (difference: 6.8)
DEBUG 2025-05-27: Processing tour 23/28: 2025-05-27 19:00:00 at Property 64942 (ESCORTED)
DEBUG 2025-05-27: Tour 23 assigned to 2d4a3e78
DEBUG 2025-05-27: Travel time = 0.0 minutes
DEBUG 2025-05-27: Processing tour 24/28: 2025-05-27 19:00:00 at Property 64940 (VIRTUAL_TOUR)
DEBUG 2025-05-27: Tour 24 assigned to 90976d80
DEBUG 2025-05-27: Travel time = 0.0 minutes
DEBUG 2025-05-27: REASSIGNMENT - Original: 28be1402 → New: 90976d80
DEBUG 2025-05-27: Travel change: 0.0 → 0.0 (difference: 0.0)
DEBUG 2025-05-27: Processing tour 25/28: 2025-05-27 19:00:00 at Property 64932 (ESCORTED)
DEBUG 2025-05-27: Tour 25 assigned to fe3fff05
DEBUG 2025-05-27: Travel time = 7.9 minutes
DEBUG 2025-05-27: REASSIGNMENT - Original: 0c398d8d → New: fe3fff05
DEBUG 2025-05-27: Travel change: 5.0 → 7.9 (difference: -2.9)
WARNING 2025-05-27: Reassignment INCREASED travel by 2.9 minutes!
DEBUG 2025-05-27: Processing tour 26/28: 2025-05-27 20:00:00 at Property 64940 (VIRTUAL_TOUR)
DEBUG 2025-05-27: Tour 26 assigned to 90976d80
DEBUG 2025-05-27: Travel time = 0.0 minutes
DEBUG 2025-05-27: REASSIGNMENT - Original: fe3fff05 → New: 90976d80
DEBUG 2025-05-27: Travel change: 0.0 → 0.0 (difference: 0.0)
DEBUG 2025-05-27: Processing tour 27/28: 2025-05-27 20:00:00 at Property 64933 (ESCORTED)
DEBUG 2025-05-27: Tour 27 assigned to c99885bc
DEBUG 2025-05-27: Travel time = 5.0 minutes
DEBUG 2025-05-27: Processing tour 28/28: 2025-05-27 21:00:00 at Property 84770 (ESCORTED)
DEBUG 2025-05-27: Tour 28 assigned to 90976d80
DEBUG 2025-05-27: Travel time = 7.3 minutes
DEBUG 2025-05-27: Calculated optimized travel (sum method): 96.8
DEBUG 2025-05-27: Validated optimized travel (proven method): 102.5
DEBUG 2025-05-27: Difference: -5.7
DEBUG 2025-05-27: Validated savings: 0.0
DEBUG 2025-05-27: Reassignments made = 23/28
WARNING 2025-05-27: Very high reassignment rate (82.1%) - algorithm may be too aggressive
DEBUG 2025-05-27: Optimization complete
================================================================================
