DEBUG 2025-05-01: Starting optimization
DEBUG 2025-05-01: Current travel = 64.8 minutes
DEBUG 2025-05-01: Total tours = 30
DEBUG 2025-05-01: Available agents = 12
DEBUG 2025-05-01: Tour times range from 2025-05-01 13:00:00 to 2025-05-01 22:00:00
DEBUG 2025-05-01: Processing tour 1/30: 2025-05-01 13:00:00 at Property 64939 (ESCORTED)
DEBUG 2025-05-01: Tour 1 assigned to 0c398d8d
DEBUG 2025-05-01: Travel time = 0.0 minutes
DEBUG 2025-05-01: REASSIGNMENT - Original: 2d4a3e78 → New: 0c398d8d
DEBUG 2025-05-01: Travel change: 0.0 → 0.0 (difference: 0.0)
DEBUG 2025-05-01: Processing tour 2/30: 2025-05-01 13:00:00 at Property 100490 (ESCORTED)
DEBUG 2025-05-01: Tour 2 assigned to 25ffdb26
DEBUG 2025-05-01: Travel time = 0.0 minutes
DEBUG 2025-05-01: REASSIGNMENT - Original: 0c398d8d → New: 25ffdb26
DEBUG 2025-05-01: Travel change: 8.8 → 0.0 (difference: 8.8)
DEBUG 2025-05-01: Processing tour 3/30: 2025-05-01 13:00:00 at Property 64932 (ESCORTED)
DEBUG 2025-05-01: Tour 3 assigned to 2d4a3e78
DEBUG 2025-05-01: Travel time = 0.0 minutes
DEBUG 2025-05-01: REASSIGNMENT - Original: 25ffdb26 → New: 2d4a3e78
DEBUG 2025-05-01: Travel change: 5.0 → 0.0 (difference: 5.0)
DEBUG 2025-05-01: Processing tour 4/30: 2025-05-01 13:30:00 at Property 64937 (ESCORTED)
DEBUG 2025-05-01: Tour 4 assigned to 90b2922d
DEBUG 2025-05-01: Travel time = 0.0 minutes
DEBUG 2025-05-01: Processing tour 5/30: 2025-05-01 14:00:00 at Property 64937 (ESCORTED)
DEBUG 2025-05-01: Tour 5 assigned to 90976d80
DEBUG 2025-05-01: Travel time = 0.0 minutes
DEBUG 2025-05-01: Processing tour 6/30: 2025-05-01 14:00:00 at Property 64938 (ESCORTED)
DEBUG 2025-05-01: Tour 6 assigned to 28be1402
DEBUG 2025-05-01: Travel time = 0.0 minutes
DEBUG 2025-05-01: Processing tour 7/30: 2025-05-01 14:30:00 at Property 100490 (ESCORTED)
DEBUG 2025-05-01: Tour 7 assigned to 25ffdb26
DEBUG 2025-05-01: Travel time = 0.0 minutes
DEBUG 2025-05-01: REASSIGNMENT - Original: 44f184d5 → New: 25ffdb26
DEBUG 2025-05-01: Travel change: 0.0 → 0.0 (difference: 0.0)
DEBUG 2025-05-01: Processing tour 8/30: 2025-05-01 15:00:00 at Property 64932 (ESCORTED)
DEBUG 2025-05-01: Tour 8 assigned to 2d4a3e78
DEBUG 2025-05-01: Travel time = 0.0 minutes
DEBUG 2025-05-01: REASSIGNMENT - Original: a53a3391 → New: 2d4a3e78
DEBUG 2025-05-01: Travel change: 0.0 → 0.0 (difference: 0.0)
DEBUG 2025-05-01: Processing tour 9/30: 2025-05-01 15:00:00 at Property 84770 (ESCORTED)
DEBUG 2025-05-01: Tour 9 assigned to a53a3391
DEBUG 2025-05-01: Travel time = 0.0 minutes
DEBUG 2025-05-01: REASSIGNMENT - Original: 90976d80 → New: a53a3391
DEBUG 2025-05-01: Travel change: 5.2 → 0.0 (difference: 5.2)
DEBUG 2025-05-01: Processing tour 10/30: 2025-05-01 15:15:00 at Property 64938 (ESCORTED)
DEBUG 2025-05-01: Tour 10 assigned to 0c398d8d
DEBUG 2025-05-01: Travel time = 9.7 minutes
DEBUG 2025-05-01: REASSIGNMENT - Original: 25ffdb26 → New: 0c398d8d
DEBUG 2025-05-01: Travel change: 14.1 → 9.7 (difference: 4.4)
DEBUG 2025-05-01: Processing tour 11/30: 2025-05-01 16:00:00 at Property 64942 (ESCORTED)
DEBUG 2025-05-01: Tour 11 assigned to 90976d80
DEBUG 2025-05-01: Travel time = 5.5 minutes
DEBUG 2025-05-01: REASSIGNMENT - Original: 2d4a3e78 → New: 90976d80
DEBUG 2025-05-01: Travel change: 7.7 → 5.5 (difference: 2.2)
DEBUG 2025-05-01: Processing tour 12/30: 2025-05-01 16:00:00 at Property 64937 (ESCORTED)
DEBUG 2025-05-01: Tour 12 assigned to 25ffdb26
DEBUG 2025-05-01: Travel time = 5.3 minutes
DEBUG 2025-05-01: REASSIGNMENT - Original: 0c398d8d → New: 25ffdb26
DEBUG 2025-05-01: Travel change: 11.2 → 5.3 (difference: 5.8)
DEBUG 2025-05-01: Processing tour 13/30: 2025-05-01 16:30:00 at Property 64943 (ESCORTED)
DEBUG 2025-05-01: Tour 13 assigned to fe3fff05
DEBUG 2025-05-01: Travel time = 0.0 minutes
DEBUG 2025-05-01: Processing tour 14/30: 2025-05-01 16:30:00 at Property 64939 (ESCORTED)
DEBUG 2025-05-01: Tour 14 assigned to 2d4a3e78
DEBUG 2025-05-01: Travel time = 7.9 minutes
DEBUG 2025-05-01: Processing tour 15/30: 2025-05-01 16:30:00 at Property 64938 (ESCORTED)
DEBUG 2025-05-01: Tour 15 assigned to 0c398d8d
DEBUG 2025-05-01: Travel time = 0.0 minutes
DEBUG 2025-05-01: REASSIGNMENT - Original: 25ffdb26 → New: 0c398d8d
DEBUG 2025-05-01: Travel change: 11.2 → 0.0 (difference: 11.2)
DEBUG 2025-05-01: Processing tour 16/30: 2025-05-01 17:00:00 at Property 64934 (ESCORTED)
DEBUG 2025-05-01: Tour 16 assigned to 28be1402
DEBUG 2025-05-01: Travel time = 14.5 minutes
DEBUG 2025-05-01: REASSIGNMENT - Original: fe3fff05 → New: 28be1402
DEBUG 2025-05-01: Travel change: 5.0 → 14.5 (difference: -9.5)
WARNING 2025-05-01: Reassignment INCREASED travel by 9.5 minutes!
DEBUG 2025-05-01: Processing tour 17/30: 2025-05-01 17:00:00 at Property 64939 (ESCORTED)
DEBUG 2025-05-01: Tour 17 assigned to 0c398d8d
DEBUG 2025-05-01: Travel time = 9.7 minutes
DEBUG 2025-05-01: Processing tour 18/30: 2025-05-01 17:00:00 at Property 64939 (ESCORTED)
DEBUG 2025-05-01: Tour 18 assigned to 2d4a3e78
DEBUG 2025-05-01: Travel time = 0.0 minutes
DEBUG 2025-05-01: Processing tour 19/30: 2025-05-01 17:30:00 at Property 64938 (ESCORTED)
DEBUG 2025-05-01: Tour 19 assigned to 90976d80
DEBUG 2025-05-01: Travel time = 10.0 minutes
DEBUG 2025-05-01: REASSIGNMENT - Original: 28be1402 → New: 90976d80
DEBUG 2025-05-01: Travel change: 14.5 → 10.0 (difference: 4.5)
DEBUG 2025-05-01: Processing tour 20/30: 2025-05-01 18:00:00 at Property 64933 (ESCORTED)
DEBUG 2025-05-01: Tour 20 assigned to c99885bc
DEBUG 2025-05-01: Travel time = 0.0 minutes
DEBUG 2025-05-01: Processing tour 21/30: 2025-05-01 18:00:00 at Property 64937 (ESCORTED)
DEBUG 2025-05-01: Tour 21 assigned to 25ffdb26
DEBUG 2025-05-01: Travel time = 0.0 minutes
DEBUG 2025-05-01: REASSIGNMENT - Original: 90976d80 → New: 25ffdb26
DEBUG 2025-05-01: Travel change: 11.2 → 0.0 (difference: 11.2)
DEBUG 2025-05-01: Processing tour 22/30: 2025-05-01 18:00:00 at Property 64937 (ESCORTED)
DEBUG 2025-05-01: Tour 22 assigned to 67d48910
DEBUG 2025-05-01: Travel time = 0.0 minutes
DEBUG 2025-05-01: Processing tour 23/30: 2025-05-01 18:30:00 at Property 64938 (ESCORTED)
DEBUG 2025-05-01: Tour 23 assigned to 0c398d8d
DEBUG 2025-05-01: Travel time = 9.7 minutes
DEBUG 2025-05-01: REASSIGNMENT - Original: 25ffdb26 → New: 0c398d8d
DEBUG 2025-05-01: Travel change: 11.2 → 9.7 (difference: 1.5)
DEBUG 2025-05-01: Processing tour 24/30: 2025-05-01 19:00:00 at Property 64937 (ESCORTED)
DEBUG 2025-05-01: Tour 24 assigned to 28be1402
DEBUG 2025-05-01: Travel time = 5.3 minutes
DEBUG 2025-05-01: REASSIGNMENT - Original: 90976d80 → New: 28be1402
DEBUG 2025-05-01: Travel change: 11.2 → 5.3 (difference: 5.9)
DEBUG 2025-05-01: Processing tour 25/30: 2025-05-01 19:00:00 at Property 64932 (ESCORTED)
DEBUG 2025-05-01: Tour 25 assigned to 90976d80
DEBUG 2025-05-01: Travel time = 13.8 minutes
DEBUG 2025-05-01: REASSIGNMENT - Original: 0c398d8d → New: 90976d80
DEBUG 2025-05-01: Travel change: 13.8 → 13.8 (difference: 0.0)
DEBUG 2025-05-01: Processing tour 26/30: 2025-05-01 19:30:00 at Property 64938 (ESCORTED)
DEBUG 2025-05-01: Tour 26 assigned to 28be1402
DEBUG 2025-05-01: Travel time = 11.2 minutes
DEBUG 2025-05-01: Processing tour 27/30: 2025-05-01 19:45:00 at Property 151243 (ESCORTED)
DEBUG 2025-05-01: Tour 27 assigned to 90976d80
DEBUG 2025-05-01: Travel time = 7.6 minutes
DEBUG 2025-05-01: Processing tour 28/30: 2025-05-01 20:00:00 at Property 64934 (ESCORTED)
DEBUG 2025-05-01: Tour 28 assigned to 15683175
DEBUG 2025-05-01: Travel time = 0.0 minutes
DEBUG 2025-05-01: Processing tour 29/30: 2025-05-01 20:00:00 at Property 64932 (ESCORTED)
DEBUG 2025-05-01: Tour 29 assigned to 0c398d8d
DEBUG 2025-05-01: Travel time = 13.8 minutes
DEBUG 2025-05-01: Processing tour 30/30: 2025-05-01 21:00:00 at Property 64932 (ESCORTED)
DEBUG 2025-05-01: Tour 30 assigned to 0c398d8d
DEBUG 2025-05-01: Travel time = 0.0 minutes
DEBUG 2025-05-01: Optimized travel = 123.9 minutes
DEBUG 2025-05-01: Savings = -59.1 minutes
DEBUG 2025-05-01: Reassignments made = 16/30
WARNING 2025-05-01: NEGATIVE SAVINGS! Optimization made things worse.
WARNING 2025-05-01: 1 problematic reassignments found:
  - Tour at 2025-05-01 17:00:00: fe3fff05 → 28be1402 (+9.5 min)
DEBUG 2025-05-01: Optimization complete
================================================================================
DEBUG 2025-05-01: Starting optimization
DEBUG 2025-05-01: Current travel = 70.7 minutes
DEBUG 2025-05-01: Total tours = 30
DEBUG 2025-05-01: Available agents = 12
DEBUG 2025-05-01: Tour times range from 2025-05-01 13:00:00 to 2025-05-01 22:00:00
DEBUG 2025-05-01: Processing tour 1/30: 2025-05-01 13:00:00 at Property 64939 (ESCORTED)
DEBUG 2025-05-01: Tour 1 assigned to 0c398d8d
DEBUG 2025-05-01: Travel time = 0.0 minutes
DEBUG 2025-05-01: REASSIGNMENT - Original: 2d4a3e78 → New: 0c398d8d
DEBUG 2025-05-01: Travel change: 0.0 → 0.0 (difference: 0.0)
DEBUG 2025-05-01: Processing tour 2/30: 2025-05-01 13:00:00 at Property 100490 (ESCORTED)
DEBUG 2025-05-01: Tour 2 assigned to 25ffdb26
DEBUG 2025-05-01: Travel time = 0.0 minutes
DEBUG 2025-05-01: REASSIGNMENT - Original: 0c398d8d → New: 25ffdb26
DEBUG 2025-05-01: Travel change: 8.8 → 0.0 (difference: 8.8)
DEBUG 2025-05-01: Processing tour 3/30: 2025-05-01 13:00:00 at Property 64932 (ESCORTED)
DEBUG 2025-05-01: Tour 3 assigned to 2d4a3e78
DEBUG 2025-05-01: Travel time = 0.0 minutes
DEBUG 2025-05-01: REASSIGNMENT - Original: 25ffdb26 → New: 2d4a3e78
DEBUG 2025-05-01: Travel change: 5.0 → 0.0 (difference: 5.0)
DEBUG 2025-05-01: Processing tour 4/30: 2025-05-01 13:30:00 at Property 64937 (ESCORTED)
DEBUG 2025-05-01: Tour 4 assigned to 90b2922d
DEBUG 2025-05-01: Travel time = 0.0 minutes
DEBUG 2025-05-01: Processing tour 5/30: 2025-05-01 14:00:00 at Property 64937 (ESCORTED)
DEBUG 2025-05-01: Tour 5 assigned to 90976d80
DEBUG 2025-05-01: Travel time = 0.0 minutes
DEBUG 2025-05-01: Processing tour 6/30: 2025-05-01 14:00:00 at Property 64938 (ESCORTED)
DEBUG 2025-05-01: Tour 6 assigned to 28be1402
DEBUG 2025-05-01: Travel time = 0.0 minutes
DEBUG 2025-05-01: Processing tour 7/30: 2025-05-01 14:30:00 at Property 100490 (ESCORTED)
DEBUG 2025-05-01: Tour 7 assigned to 25ffdb26
DEBUG 2025-05-01: Travel time = 0.0 minutes
DEBUG 2025-05-01: REASSIGNMENT - Original: 44f184d5 → New: 25ffdb26
DEBUG 2025-05-01: Travel change: 0.0 → 0.0 (difference: 0.0)
DEBUG 2025-05-01: Processing tour 8/30: 2025-05-01 15:00:00 at Property 64932 (ESCORTED)
DEBUG 2025-05-01: Tour 8 assigned to 2d4a3e78
DEBUG 2025-05-01: Travel time = 0.0 minutes
DEBUG 2025-05-01: REASSIGNMENT - Original: a53a3391 → New: 2d4a3e78
DEBUG 2025-05-01: Travel change: 0.0 → 0.0 (difference: 0.0)
DEBUG 2025-05-01: Processing tour 9/30: 2025-05-01 15:00:00 at Property 84770 (ESCORTED)
DEBUG 2025-05-01: Tour 9 assigned to a53a3391
DEBUG 2025-05-01: Travel time = 0.0 minutes
DEBUG 2025-05-01: REASSIGNMENT - Original: 90976d80 → New: a53a3391
DEBUG 2025-05-01: Travel change: 5.2 → 0.0 (difference: 5.2)
DEBUG 2025-05-01: Processing tour 10/30: 2025-05-01 15:15:00 at Property 64938 (ESCORTED)
DEBUG 2025-05-01: Tour 10 assigned to 0c398d8d
DEBUG 2025-05-01: Travel time = 9.7 minutes
DEBUG 2025-05-01: REASSIGNMENT - Original: 25ffdb26 → New: 0c398d8d
DEBUG 2025-05-01: Travel change: 14.1 → 9.7 (difference: 4.4)
DEBUG 2025-05-01: Processing tour 11/30: 2025-05-01 16:00:00 at Property 64942 (ESCORTED)
DEBUG 2025-05-01: Tour 11 assigned to 90976d80
DEBUG 2025-05-01: Travel time = 7.1 minutes
DEBUG 2025-05-01: REASSIGNMENT - Original: 2d4a3e78 → New: 90976d80
DEBUG 2025-05-01: Travel change: 6.3 → 7.1 (difference: -0.8)
WARNING 2025-05-01: Reassignment INCREASED travel by 0.8 minutes!
DEBUG 2025-05-01: Processing tour 12/30: 2025-05-01 16:00:00 at Property 64937 (ESCORTED)
DEBUG 2025-05-01: Tour 12 assigned to 25ffdb26
DEBUG 2025-05-01: Travel time = 5.3 minutes
DEBUG 2025-05-01: REASSIGNMENT - Original: 0c398d8d → New: 25ffdb26
DEBUG 2025-05-01: Travel change: 11.2 → 5.3 (difference: 5.8)
DEBUG 2025-05-01: Processing tour 13/30: 2025-05-01 16:30:00 at Property 64943 (ESCORTED)
DEBUG 2025-05-01: Tour 13 assigned to fe3fff05
DEBUG 2025-05-01: Travel time = 0.0 minutes
DEBUG 2025-05-01: Processing tour 14/30: 2025-05-01 16:30:00 at Property 64939 (ESCORTED)
DEBUG 2025-05-01: Tour 14 assigned to 2d4a3e78
DEBUG 2025-05-01: Travel time = 7.9 minutes
DEBUG 2025-05-01: Processing tour 15/30: 2025-05-01 16:30:00 at Property 64938 (ESCORTED)
DEBUG 2025-05-01: Tour 15 assigned to 0c398d8d
DEBUG 2025-05-01: Travel time = 0.0 minutes
DEBUG 2025-05-01: REASSIGNMENT - Original: 25ffdb26 → New: 0c398d8d
DEBUG 2025-05-01: Travel change: 11.2 → 0.0 (difference: 11.2)
DEBUG 2025-05-01: Processing tour 16/30: 2025-05-01 17:00:00 at Property 64934 (ESCORTED)
DEBUG 2025-05-01: Tour 16 assigned to 28be1402
DEBUG 2025-05-01: Travel time = 14.5 minutes
DEBUG 2025-05-01: REASSIGNMENT - Original: fe3fff05 → New: 28be1402
DEBUG 2025-05-01: Travel change: 5.0 → 14.5 (difference: -9.5)
WARNING 2025-05-01: Reassignment INCREASED travel by 9.5 minutes!
DEBUG 2025-05-01: Processing tour 17/30: 2025-05-01 17:00:00 at Property 64939 (ESCORTED)
DEBUG 2025-05-01: Tour 17 assigned to 0c398d8d
DEBUG 2025-05-01: Travel time = 9.7 minutes
DEBUG 2025-05-01: Processing tour 18/30: 2025-05-01 17:00:00 at Property 64939 (ESCORTED)
DEBUG 2025-05-01: Tour 18 assigned to 2d4a3e78
DEBUG 2025-05-01: Travel time = 0.0 minutes
DEBUG 2025-05-01: Processing tour 19/30: 2025-05-01 17:30:00 at Property 64938 (ESCORTED)
DEBUG 2025-05-01: Tour 19 assigned to 25ffdb26
DEBUG 2025-05-01: Travel time = 11.2 minutes
DEBUG 2025-05-01: REASSIGNMENT - Original: 28be1402 → New: 25ffdb26
DEBUG 2025-05-01: Travel change: 14.5 → 11.2 (difference: 3.3)
DEBUG 2025-05-01: Processing tour 20/30: 2025-05-01 18:00:00 at Property 64933 (ESCORTED)
DEBUG 2025-05-01: Tour 20 assigned to c99885bc
DEBUG 2025-05-01: Travel time = 0.0 minutes
DEBUG 2025-05-01: Processing tour 21/30: 2025-05-01 18:00:00 at Property 64937 (ESCORTED)
DEBUG 2025-05-01: Tour 21 assigned to 67d48910
DEBUG 2025-05-01: Travel time = 0.0 minutes
DEBUG 2025-05-01: REASSIGNMENT - Original: 90976d80 → New: 67d48910
DEBUG 2025-05-01: Travel change: 7.1 → 0.0 (difference: 7.1)
DEBUG 2025-05-01: Processing tour 22/30: 2025-05-01 18:00:00 at Property 64937 (ESCORTED)
DEBUG 2025-05-01: Tour 22 assigned to 90976d80
DEBUG 2025-05-01: Travel time = 7.1 minutes
DEBUG 2025-05-01: REASSIGNMENT - Original: 67d48910 → New: 90976d80
DEBUG 2025-05-01: Travel change: 0.0 → 7.1 (difference: -7.1)
WARNING 2025-05-01: Reassignment INCREASED travel by 7.1 minutes!
DEBUG 2025-05-01: Processing tour 23/30: 2025-05-01 18:30:00 at Property 64938 (ESCORTED)
DEBUG 2025-05-01: Tour 23 assigned to 0c398d8d
DEBUG 2025-05-01: Travel time = 9.7 minutes
DEBUG 2025-05-01: REASSIGNMENT - Original: 25ffdb26 → New: 0c398d8d
DEBUG 2025-05-01: Travel change: 0.0 → 9.7 (difference: -9.7)
WARNING 2025-05-01: Reassignment INCREASED travel by 9.7 minutes!
DEBUG 2025-05-01: Processing tour 24/30: 2025-05-01 19:00:00 at Property 64937 (ESCORTED)
DEBUG 2025-05-01: Tour 24 assigned to 90976d80
DEBUG 2025-05-01: Travel time = 0.0 minutes
DEBUG 2025-05-01: Processing tour 25/30: 2025-05-01 19:00:00 at Property 64932 (ESCORTED)
DEBUG 2025-05-01: Tour 25 assigned to 28be1402
DEBUG 2025-05-01: Travel time = 5.0 minutes
DEBUG 2025-05-01: REASSIGNMENT - Original: 0c398d8d → New: 28be1402
DEBUG 2025-05-01: Travel change: 13.8 → 5.0 (difference: 8.8)
DEBUG 2025-05-01: Processing tour 26/30: 2025-05-01 19:30:00 at Property 64938 (ESCORTED)
DEBUG 2025-05-01: Tour 26 assigned to 28be1402
DEBUG 2025-05-01: Travel time = 13.8 minutes
DEBUG 2025-05-01: Processing tour 27/30: 2025-05-01 19:45:00 at Property 151243 (ESCORTED)
DEBUG 2025-05-01: Tour 27 assigned to 90976d80
DEBUG 2025-05-01: Travel time = 6.8 minutes
DEBUG 2025-05-01: Processing tour 28/30: 2025-05-01 20:00:00 at Property 64934 (ESCORTED)
DEBUG 2025-05-01: Tour 28 assigned to 15683175
DEBUG 2025-05-01: Travel time = 0.0 minutes
DEBUG 2025-05-01: Processing tour 29/30: 2025-05-01 20:00:00 at Property 64932 (ESCORTED)
DEBUG 2025-05-01: Tour 29 assigned to 0c398d8d
DEBUG 2025-05-01: Travel time = 13.8 minutes
DEBUG 2025-05-01: Processing tour 30/30: 2025-05-01 21:00:00 at Property 64932 (ESCORTED)
DEBUG 2025-05-01: Tour 30 assigned to 0c398d8d
DEBUG 2025-05-01: Travel time = 0.0 minutes
DEBUG 2025-05-01: Optimized travel = 121.5 minutes
DEBUG 2025-05-01: Savings = -50.8 minutes
DEBUG 2025-05-01: Reassignments made = 16/30
WARNING 2025-05-01: NEGATIVE SAVINGS! Optimization made things worse.
WARNING 2025-05-01: 4 problematic reassignments found:
  - Tour at 2025-05-01 16:00:00: 2d4a3e78 → 90976d80 (+0.8 min)
  - Tour at 2025-05-01 17:00:00: fe3fff05 → 28be1402 (+9.5 min)
  - Tour at 2025-05-01 18:00:00: 67d48910 → 90976d80 (+7.1 min)
  - Tour at 2025-05-01 18:30:00: 25ffdb26 → 0c398d8d (+9.7 min)
DEBUG 2025-05-01: Optimization complete
================================================================================
DEBUG 2025-05-01: Calculated optimized travel (sum method): 121.5
DEBUG 2025-05-01: Validated optimized travel (proven method): 70.7
DEBUG 2025-05-01: Difference: 50.8
DEBUG 2025-05-01: Validated savings: 0.0
DEBUG 2025-05-01: Starting optimization
DEBUG 2025-05-01: Current travel = 70.7 minutes
DEBUG 2025-05-01: Total tours = 30
DEBUG 2025-05-01: Available agents = 12
DEBUG 2025-05-01: Tour times range from 2025-05-01 13:00:00 to 2025-05-01 22:00:00
DEBUG 2025-05-01: Processing tour 1/30: 2025-05-01 13:00:00 at Property 64939 (ESCORTED)
DEBUG 2025-05-01: Tour 1 assigned to 0c398d8d
DEBUG 2025-05-01: Travel time = 0.0 minutes
DEBUG 2025-05-01: REASSIGNMENT - Original: 2d4a3e78 → New: 0c398d8d
DEBUG 2025-05-01: Travel change: 0.0 → 0.0 (difference: 0.0)
DEBUG 2025-05-01: Processing tour 2/30: 2025-05-01 13:00:00 at Property 100490 (ESCORTED)
DEBUG 2025-05-01: Tour 2 assigned to 25ffdb26
DEBUG 2025-05-01: Travel time = 0.0 minutes
DEBUG 2025-05-01: REASSIGNMENT - Original: 0c398d8d → New: 25ffdb26
DEBUG 2025-05-01: Travel change: 8.8 → 0.0 (difference: 8.8)
DEBUG 2025-05-01: Processing tour 3/30: 2025-05-01 13:00:00 at Property 64932 (ESCORTED)
DEBUG 2025-05-01: Tour 3 assigned to 2d4a3e78
DEBUG 2025-05-01: Travel time = 0.0 minutes
DEBUG 2025-05-01: REASSIGNMENT - Original: 25ffdb26 → New: 2d4a3e78
DEBUG 2025-05-01: Travel change: 5.0 → 0.0 (difference: 5.0)
DEBUG 2025-05-01: Processing tour 4/30: 2025-05-01 13:30:00 at Property 64937 (ESCORTED)
DEBUG 2025-05-01: Tour 4 assigned to 90b2922d
DEBUG 2025-05-01: Travel time = 0.0 minutes
DEBUG 2025-05-01: Processing tour 5/30: 2025-05-01 14:00:00 at Property 64937 (ESCORTED)
DEBUG 2025-05-01: Tour 5 assigned to 90976d80
DEBUG 2025-05-01: Travel time = 0.0 minutes
DEBUG 2025-05-01: Processing tour 6/30: 2025-05-01 14:00:00 at Property 64938 (ESCORTED)
DEBUG 2025-05-01: Tour 6 assigned to 28be1402
DEBUG 2025-05-01: Travel time = 0.0 minutes
DEBUG 2025-05-01: Processing tour 7/30: 2025-05-01 14:30:00 at Property 100490 (ESCORTED)
DEBUG 2025-05-01: Tour 7 assigned to 25ffdb26
DEBUG 2025-05-01: Travel time = 0.0 minutes
DEBUG 2025-05-01: REASSIGNMENT - Original: 44f184d5 → New: 25ffdb26
DEBUG 2025-05-01: Travel change: 0.0 → 0.0 (difference: 0.0)
DEBUG 2025-05-01: Processing tour 8/30: 2025-05-01 15:00:00 at Property 64932 (ESCORTED)
DEBUG 2025-05-01: Tour 8 assigned to 2d4a3e78
DEBUG 2025-05-01: Travel time = 0.0 minutes
DEBUG 2025-05-01: REASSIGNMENT - Original: a53a3391 → New: 2d4a3e78
DEBUG 2025-05-01: Travel change: 0.0 → 0.0 (difference: 0.0)
DEBUG 2025-05-01: Processing tour 9/30: 2025-05-01 15:00:00 at Property 84770 (ESCORTED)
DEBUG 2025-05-01: Tour 9 assigned to a53a3391
DEBUG 2025-05-01: Travel time = 0.0 minutes
DEBUG 2025-05-01: REASSIGNMENT - Original: 90976d80 → New: a53a3391
DEBUG 2025-05-01: Travel change: 5.2 → 0.0 (difference: 5.2)
DEBUG 2025-05-01: Processing tour 10/30: 2025-05-01 15:15:00 at Property 64938 (ESCORTED)
DEBUG 2025-05-01: Tour 10 assigned to 0c398d8d
DEBUG 2025-05-01: Travel time = 9.7 minutes
DEBUG 2025-05-01: REASSIGNMENT - Original: 25ffdb26 → New: 0c398d8d
DEBUG 2025-05-01: Travel change: 14.1 → 9.7 (difference: 4.4)
DEBUG 2025-05-01: Processing tour 11/30: 2025-05-01 16:00:00 at Property 64942 (ESCORTED)
DEBUG 2025-05-01: Tour 11 assigned to 90976d80
DEBUG 2025-05-01: Travel time = 7.1 minutes
DEBUG 2025-05-01: REASSIGNMENT - Original: 2d4a3e78 → New: 90976d80
DEBUG 2025-05-01: Travel change: 6.3 → 7.1 (difference: -0.8)
WARNING 2025-05-01: Reassignment INCREASED travel by 0.8 minutes!
DEBUG 2025-05-01: Processing tour 12/30: 2025-05-01 16:00:00 at Property 64937 (ESCORTED)
DEBUG 2025-05-01: Tour 12 assigned to 25ffdb26
DEBUG 2025-05-01: Travel time = 5.3 minutes
DEBUG 2025-05-01: REASSIGNMENT - Original: 0c398d8d → New: 25ffdb26
DEBUG 2025-05-01: Travel change: 11.2 → 5.3 (difference: 5.8)
DEBUG 2025-05-01: Processing tour 13/30: 2025-05-01 16:30:00 at Property 64943 (ESCORTED)
DEBUG 2025-05-01: Tour 13 assigned to fe3fff05
DEBUG 2025-05-01: Travel time = 0.0 minutes
DEBUG 2025-05-01: Processing tour 14/30: 2025-05-01 16:30:00 at Property 64939 (ESCORTED)
DEBUG 2025-05-01: Tour 14 assigned to 2d4a3e78
DEBUG 2025-05-01: Travel time = 7.9 minutes
DEBUG 2025-05-01: Processing tour 15/30: 2025-05-01 16:30:00 at Property 64938 (ESCORTED)
DEBUG 2025-05-01: Tour 15 assigned to 0c398d8d
DEBUG 2025-05-01: Travel time = 0.0 minutes
DEBUG 2025-05-01: REASSIGNMENT - Original: 25ffdb26 → New: 0c398d8d
DEBUG 2025-05-01: Travel change: 11.2 → 0.0 (difference: 11.2)
DEBUG 2025-05-01: Processing tour 16/30: 2025-05-01 17:00:00 at Property 64934 (ESCORTED)
DEBUG 2025-05-01: Tour 16 assigned to 28be1402
DEBUG 2025-05-01: Travel time = 15.5 minutes
DEBUG 2025-05-01: REASSIGNMENT - Original: fe3fff05 → New: 28be1402
DEBUG 2025-05-01: Travel change: 5.0 → 15.5 (difference: -10.5)
WARNING 2025-05-01: Reassignment INCREASED travel by 10.5 minutes!
DEBUG 2025-05-01: Processing tour 17/30: 2025-05-01 17:00:00 at Property 64939 (ESCORTED)
DEBUG 2025-05-01: Tour 17 assigned to 0c398d8d
DEBUG 2025-05-01: Travel time = 9.7 minutes
DEBUG 2025-05-01: Processing tour 18/30: 2025-05-01 17:00:00 at Property 64939 (ESCORTED)
DEBUG 2025-05-01: Tour 18 assigned to 2d4a3e78
DEBUG 2025-05-01: Travel time = 0.0 minutes
DEBUG 2025-05-01: Processing tour 19/30: 2025-05-01 17:30:00 at Property 64938 (ESCORTED)
DEBUG 2025-05-01: Tour 19 assigned to 25ffdb26
DEBUG 2025-05-01: Travel time = 11.2 minutes
DEBUG 2025-05-01: REASSIGNMENT - Original: 28be1402 → New: 25ffdb26
DEBUG 2025-05-01: Travel change: 15.5 → 11.2 (difference: 4.3)
DEBUG 2025-05-01: Processing tour 20/30: 2025-05-01 18:00:00 at Property 64933 (ESCORTED)
DEBUG 2025-05-01: Tour 20 assigned to c99885bc
DEBUG 2025-05-01: Travel time = 0.0 minutes
DEBUG 2025-05-01: Processing tour 21/30: 2025-05-01 18:00:00 at Property 64937 (ESCORTED)
DEBUG 2025-05-01: Tour 21 assigned to 67d48910
DEBUG 2025-05-01: Travel time = 0.0 minutes
DEBUG 2025-05-01: REASSIGNMENT - Original: 90976d80 → New: 67d48910
DEBUG 2025-05-01: Travel change: 7.1 → 0.0 (difference: 7.1)
DEBUG 2025-05-01: Processing tour 22/30: 2025-05-01 18:00:00 at Property 64937 (ESCORTED)
DEBUG 2025-05-01: Tour 22 assigned to 90976d80
DEBUG 2025-05-01: Travel time = 7.1 minutes
DEBUG 2025-05-01: REASSIGNMENT - Original: 67d48910 → New: 90976d80
DEBUG 2025-05-01: Travel change: 0.0 → 7.1 (difference: -7.1)
WARNING 2025-05-01: Reassignment INCREASED travel by 7.1 minutes!
DEBUG 2025-05-01: Processing tour 23/30: 2025-05-01 18:30:00 at Property 64938 (ESCORTED)
DEBUG 2025-05-01: Tour 23 assigned to 0c398d8d
DEBUG 2025-05-01: Travel time = 9.7 minutes
DEBUG 2025-05-01: REASSIGNMENT - Original: 25ffdb26 → New: 0c398d8d
DEBUG 2025-05-01: Travel change: 0.0 → 9.7 (difference: -9.7)
WARNING 2025-05-01: Reassignment INCREASED travel by 9.7 minutes!
DEBUG 2025-05-01: Processing tour 24/30: 2025-05-01 19:00:00 at Property 64937 (ESCORTED)
DEBUG 2025-05-01: Tour 24 assigned to 90976d80
DEBUG 2025-05-01: Travel time = 0.0 minutes
DEBUG 2025-05-01: Processing tour 25/30: 2025-05-01 19:00:00 at Property 64932 (ESCORTED)
DEBUG 2025-05-01: Tour 25 assigned to 28be1402
DEBUG 2025-05-01: Travel time = 6.3 minutes
DEBUG 2025-05-01: REASSIGNMENT - Original: 0c398d8d → New: 28be1402
DEBUG 2025-05-01: Travel change: 13.8 → 6.3 (difference: 7.5)
DEBUG 2025-05-01: Processing tour 26/30: 2025-05-01 19:30:00 at Property 64938 (ESCORTED)
DEBUG 2025-05-01: Tour 26 assigned to 28be1402
DEBUG 2025-05-01: Travel time = 13.8 minutes
DEBUG 2025-05-01: Processing tour 27/30: 2025-05-01 19:45:00 at Property 151243 (ESCORTED)
DEBUG 2025-05-01: Tour 27 assigned to 90976d80
DEBUG 2025-05-01: Travel time = 6.8 minutes
DEBUG 2025-05-01: Processing tour 28/30: 2025-05-01 20:00:00 at Property 64934 (ESCORTED)
DEBUG 2025-05-01: Tour 28 assigned to 15683175
DEBUG 2025-05-01: Travel time = 0.0 minutes
DEBUG 2025-05-01: Processing tour 29/30: 2025-05-01 20:00:00 at Property 64932 (ESCORTED)
DEBUG 2025-05-01: Tour 29 assigned to 0c398d8d
DEBUG 2025-05-01: Travel time = 13.8 minutes
DEBUG 2025-05-01: Processing tour 30/30: 2025-05-01 21:00:00 at Property 64932 (ESCORTED)
DEBUG 2025-05-01: Tour 30 assigned to 0c398d8d
DEBUG 2025-05-01: Travel time = 0.0 minutes
DEBUG 2025-05-01: Calculated optimized travel (sum method): 123.7
DEBUG 2025-05-01: Validated optimized travel (proven method): 70.7
DEBUG 2025-05-01: Difference: 53.0
DEBUG 2025-05-01: Validated savings: 0.0
DEBUG 2025-05-01: Reassignments made = 16/30
DEBUG 2025-05-01: Optimization complete
================================================================================
