DEBUG 2025-05-31: Starting optimization
DEBUG 2025-05-31: Current travel = 13.8 minutes
DEBUG 2025-05-31: Total tours = 10
DEBUG 2025-05-31: Available agents = 7
DEBUG 2025-05-31: Tour times range from 2025-05-31 14:00:00 to 2025-05-31 20:45:00
DEBUG 2025-05-31: Processing tour 1/10: 2025-05-31 14:00:00 at Property 64933 (ESCORTED)
DEBUG 2025-05-31: Tour 1 assigned to 15683175
DEBUG 2025-05-31: Travel time = 0.0 minutes
DEBUG 2025-05-31: Processing tour 2/10: 2025-05-31 14:30:00 at Property 64938 (ESCORTED)
DEBUG 2025-05-31: Tour 2 assigned to 976d1b6d
DEBUG 2025-05-31: Travel time = 0.0 minutes
DEBUG 2025-05-31: Processing tour 3/10: 2025-05-31 15:00:00 at Property 64941 (ESCORTED)
DEBUG 2025-05-31: Tour 3 assigned to 883d41c8
DEBUG 2025-05-31: Travel time = 0.0 minutes
DEBUG 2025-05-31: REASSIGNMENT - Original: 7f9ff890 → New: 883d41c8
DEBUG 2025-05-31: Travel change: 0.0 → 0.0 (difference: 0.0)
DEBUG 2025-05-31: Processing tour 4/10: 2025-05-31 15:00:00 at Property 64943 (ESCORTED)
DEBUG 2025-05-31: Tour 4 assigned to 883d41c8
DEBUG 2025-05-31: Travel time = 7.7 minutes
DEBUG 2025-05-31: Processing tour 5/10: 2025-05-31 16:00:00 at Property 64933 (ESCORTED)
DEBUG 2025-05-31: Tour 5 assigned to 15683175
DEBUG 2025-05-31: Travel time = 0.0 minutes
DEBUG 2025-05-31: Processing tour 6/10: 2025-05-31 16:30:00 at Property 100490 (ESCORTED)
DEBUG 2025-05-31: Tour 6 assigned to fcb34375
DEBUG 2025-05-31: Travel time = 0.0 minutes
DEBUG 2025-05-31: Processing tour 7/10: 2025-05-31 17:00:00 at Property 64938 (ESCORTED)
DEBUG 2025-05-31: Tour 7 assigned to a2f7da14
DEBUG 2025-05-31: Travel time = 0.0 minutes
DEBUG 2025-05-31: Processing tour 8/10: 2025-05-31 17:00:00 at Property 64934 (ESCORTED)
DEBUG 2025-05-31: Tour 8 assigned to c99885bc
DEBUG 2025-05-31: Travel time = 0.0 minutes
DEBUG 2025-05-31: Processing tour 9/10: 2025-05-31 17:30:00 at Property 151243 (ESCORTED)
DEBUG 2025-05-31: Tour 9 assigned to 883d41c8
DEBUG 2025-05-31: Travel time = 6.7 minutes
DEBUG 2025-05-31: REASSIGNMENT - Original: fcb34375 → New: 883d41c8
DEBUG 2025-05-31: Travel change: 8.8 → 6.7 (difference: 2.1)
DEBUG 2025-05-31: Processing tour 10/10: 2025-05-31 19:00:00 at Property 64933 (ESCORTED)
DEBUG 2025-05-31: Tour 10 assigned to 883d41c8
DEBUG 2025-05-31: Travel time = 6.9 minutes
DEBUG 2025-05-31: Optimized travel = 21.2 minutes
DEBUG 2025-05-31: Savings = -7.4 minutes
DEBUG 2025-05-31: Reassignments made = 2/10
WARNING 2025-05-31: NEGATIVE SAVINGS! Optimization made things worse.
WARNING 2025-05-31: 0 problematic reassignments found:
DEBUG 2025-05-31: Optimization complete
================================================================================
DEBUG 2025-05-31: Starting optimization
DEBUG 2025-05-31: Current travel = 13.8 minutes
DEBUG 2025-05-31: Total tours = 10
DEBUG 2025-05-31: Available agents = 7
DEBUG 2025-05-31: Tour times range from 2025-05-31 14:00:00 to 2025-05-31 20:45:00
DEBUG 2025-05-31: Processing tour 1/10: 2025-05-31 14:00:00 at Property 64933 (ESCORTED)
DEBUG 2025-05-31: Tour 1 assigned to 15683175
DEBUG 2025-05-31: Travel time = 0.0 minutes
DEBUG 2025-05-31: Processing tour 2/10: 2025-05-31 14:30:00 at Property 64938 (ESCORTED)
DEBUG 2025-05-31: Tour 2 assigned to 976d1b6d
DEBUG 2025-05-31: Travel time = 0.0 minutes
DEBUG 2025-05-31: Processing tour 3/10: 2025-05-31 15:00:00 at Property 64941 (ESCORTED)
DEBUG 2025-05-31: Tour 3 assigned to 883d41c8
DEBUG 2025-05-31: Travel time = 0.0 minutes
DEBUG 2025-05-31: REASSIGNMENT - Original: 7f9ff890 → New: 883d41c8
DEBUG 2025-05-31: Travel change: 0.0 → 0.0 (difference: 0.0)
DEBUG 2025-05-31: Processing tour 4/10: 2025-05-31 15:00:00 at Property 64943 (ESCORTED)
DEBUG 2025-05-31: Tour 4 assigned to 883d41c8
DEBUG 2025-05-31: Travel time = 7.7 minutes
DEBUG 2025-05-31: Processing tour 5/10: 2025-05-31 16:00:00 at Property 64933 (ESCORTED)
DEBUG 2025-05-31: Tour 5 assigned to 15683175
DEBUG 2025-05-31: Travel time = 0.0 minutes
DEBUG 2025-05-31: Processing tour 6/10: 2025-05-31 16:30:00 at Property 100490 (ESCORTED)
DEBUG 2025-05-31: Tour 6 assigned to fcb34375
DEBUG 2025-05-31: Travel time = 0.0 minutes
DEBUG 2025-05-31: Processing tour 7/10: 2025-05-31 17:00:00 at Property 64938 (ESCORTED)
DEBUG 2025-05-31: Tour 7 assigned to a2f7da14
DEBUG 2025-05-31: Travel time = 0.0 minutes
DEBUG 2025-05-31: Processing tour 8/10: 2025-05-31 17:00:00 at Property 64934 (ESCORTED)
DEBUG 2025-05-31: Tour 8 assigned to c99885bc
DEBUG 2025-05-31: Travel time = 0.0 minutes
DEBUG 2025-05-31: Processing tour 9/10: 2025-05-31 17:30:00 at Property 151243 (ESCORTED)
DEBUG 2025-05-31: Tour 9 assigned to 883d41c8
DEBUG 2025-05-31: Travel time = 6.7 minutes
DEBUG 2025-05-31: REASSIGNMENT - Original: fcb34375 → New: 883d41c8
DEBUG 2025-05-31: Travel change: 8.8 → 6.7 (difference: 2.1)
DEBUG 2025-05-31: Processing tour 10/10: 2025-05-31 19:00:00 at Property 64933 (ESCORTED)
DEBUG 2025-05-31: Tour 10 assigned to 883d41c8
DEBUG 2025-05-31: Travel time = 6.9 minutes
DEBUG 2025-05-31: Optimized travel = 21.2 minutes
DEBUG 2025-05-31: Savings = -7.4 minutes
DEBUG 2025-05-31: Reassignments made = 2/10
WARNING 2025-05-31: NEGATIVE SAVINGS! Optimization made things worse.
WARNING 2025-05-31: 0 problematic reassignments found:
DEBUG 2025-05-31: Optimization complete
================================================================================
DEBUG 2025-05-31: Calculated optimized travel (sum method): 21.2
DEBUG 2025-05-31: Validated optimized travel (proven method): 34.3
DEBUG 2025-05-31: Difference: -13.1
DEBUG 2025-05-31: Validated savings: -20.5
DEBUG 2025-05-31: Starting optimization
DEBUG 2025-05-31: Current travel = 13.8 minutes
DEBUG 2025-05-31: Total tours = 10
DEBUG 2025-05-31: Available agents = 7
DEBUG 2025-05-31: Tour times range from 2025-05-31 14:00:00 to 2025-05-31 20:45:00
DEBUG 2025-05-31: Processing tour 1/10: 2025-05-31 14:00:00 at Property 64933 (ESCORTED)
DEBUG 2025-05-31: Tour 1 assigned to 15683175
DEBUG 2025-05-31: Travel time = 0.0 minutes
DEBUG 2025-05-31: Processing tour 2/10: 2025-05-31 14:30:00 at Property 64938 (ESCORTED)
DEBUG 2025-05-31: Tour 2 assigned to 976d1b6d
DEBUG 2025-05-31: Travel time = 0.0 minutes
DEBUG 2025-05-31: Processing tour 3/10: 2025-05-31 15:00:00 at Property 64941 (ESCORTED)
DEBUG 2025-05-31: Tour 3 assigned to 883d41c8
DEBUG 2025-05-31: Travel time = 0.0 minutes
DEBUG 2025-05-31: REASSIGNMENT - Original: 7f9ff890 → New: 883d41c8
DEBUG 2025-05-31: Travel change: 0.0 → 0.0 (difference: 0.0)
DEBUG 2025-05-31: Processing tour 4/10: 2025-05-31 15:00:00 at Property 64943 (ESCORTED)
DEBUG 2025-05-31: Tour 4 assigned to 883d41c8
DEBUG 2025-05-31: Travel time = 7.7 minutes
DEBUG 2025-05-31: Processing tour 5/10: 2025-05-31 16:00:00 at Property 64933 (ESCORTED)
DEBUG 2025-05-31: Tour 5 assigned to 15683175
DEBUG 2025-05-31: Travel time = 0.0 minutes
DEBUG 2025-05-31: Processing tour 6/10: 2025-05-31 16:30:00 at Property 100490 (ESCORTED)
DEBUG 2025-05-31: Tour 6 assigned to fcb34375
DEBUG 2025-05-31: Travel time = 0.0 minutes
DEBUG 2025-05-31: Processing tour 7/10: 2025-05-31 17:00:00 at Property 64938 (ESCORTED)
DEBUG 2025-05-31: Tour 7 assigned to a2f7da14
DEBUG 2025-05-31: Travel time = 0.0 minutes
DEBUG 2025-05-31: Processing tour 8/10: 2025-05-31 17:00:00 at Property 64934 (ESCORTED)
DEBUG 2025-05-31: Tour 8 assigned to c99885bc
DEBUG 2025-05-31: Travel time = 0.0 minutes
DEBUG 2025-05-31: Processing tour 9/10: 2025-05-31 17:30:00 at Property 151243 (ESCORTED)
DEBUG 2025-05-31: Tour 9 assigned to 883d41c8
DEBUG 2025-05-31: Travel time = 6.7 minutes
DEBUG 2025-05-31: REASSIGNMENT - Original: fcb34375 → New: 883d41c8
DEBUG 2025-05-31: Travel change: 8.8 → 6.7 (difference: 2.1)
DEBUG 2025-05-31: Processing tour 10/10: 2025-05-31 19:00:00 at Property 64933 (ESCORTED)
DEBUG 2025-05-31: Tour 10 assigned to 883d41c8
DEBUG 2025-05-31: Travel time = 6.9 minutes
DEBUG 2025-05-31: Calculated optimized travel (sum method): 21.2
DEBUG 2025-05-31: Validated optimized travel (proven method): 35.2
DEBUG 2025-05-31: Difference: -14.1
DEBUG 2025-05-31: Validated savings: -21.4
DEBUG 2025-05-31: Reassignments made = 2/10
WARNING 2025-05-31: NEGATIVE SAVINGS! Optimization made things worse.
WARNING 2025-05-31: 0 problematic reassignments found:
DEBUG 2025-05-31: Optimization complete
================================================================================
