DEBUG 2025-05-19: Starting optimization
DEBUG 2025-05-19: Current travel = 124.1 minutes
DEBUG 2025-05-19: Total tours = 36
DEBUG 2025-05-19: Available agents = 9
DEBUG 2025-05-19: Tour times range from 2025-05-19 14:00:00 to 2025-05-19 22:30:00
DEBUG 2025-05-19: Processing tour 1/36: 2025-05-19 14:00:00 at Property 64933 (ESCORTED)
DEBUG 2025-05-19: Tour 1 assigned to c99885bc
DEBUG 2025-05-19: Travel time = 0.0 minutes
DEBUG 2025-05-19: Processing tour 2/36: 2025-05-19 15:00:00 at Property 100490 (ESCORTED)
DEBUG 2025-05-19: Tour 2 assigned to 28be1402
DEBUG 2025-05-19: Travel time = 0.0 minutes
DEBUG 2025-05-19: REASSIGNMENT - Original: 0650940d → New: 28be1402
DEBUG 2025-05-19: Travel change: 0.0 → 0.0 (difference: 0.0)
DEBUG 2025-05-19: Processing tour 3/36: 2025-05-19 15:00:00 at Property 64932 (ESCORTED)
DEBUG 2025-05-19: Tour 3 assigned to fe3fff05
DEBUG 2025-05-19: Travel time = 0.0 minutes
DEBUG 2025-05-19: REASSIGNMENT - Original: 28be1402 → New: fe3fff05
DEBUG 2025-05-19: Travel change: 5.0 → 0.0 (difference: 5.0)
DEBUG 2025-05-19: Processing tour 4/36: 2025-05-19 15:00:00 at Property 64942 (ESCORTED)
DEBUG 2025-05-19: Tour 4 assigned to 90976d80
DEBUG 2025-05-19: Travel time = 0.0 minutes
DEBUG 2025-05-19: REASSIGNMENT - Original: fe3fff05 → New: 90976d80
DEBUG 2025-05-19: Travel change: 7.7 → 0.0 (difference: 7.7)
DEBUG 2025-05-19: Processing tour 5/36: 2025-05-19 15:00:00 at Property 64933 (ESCORTED)
DEBUG 2025-05-19: Tour 5 assigned to 0650940d
DEBUG 2025-05-19: Travel time = 0.0 minutes
DEBUG 2025-05-19: REASSIGNMENT - Original: 90976d80 → New: 0650940d
DEBUG 2025-05-19: Travel change: 7.9 → 0.0 (difference: 7.9)
DEBUG 2025-05-19: Processing tour 6/36: 2025-05-19 15:00:00 at Property 64940 (ESCORTED)
DEBUG 2025-05-19: Tour 6 assigned to 2d4a3e78
DEBUG 2025-05-19: Travel time = 0.0 minutes
DEBUG 2025-05-19: REASSIGNMENT - Original: fe3fff05 → New: 2d4a3e78
DEBUG 2025-05-19: Travel change: 7.9 → 0.0 (difference: 7.9)
DEBUG 2025-05-19: Processing tour 7/36: 2025-05-19 15:00:00 at Property 64940 (ESCORTED)
DEBUG 2025-05-19: Tour 7 assigned to 2d4a3e78
DEBUG 2025-05-19: Travel time = 0.0 minutes
DEBUG 2025-05-19: Processing tour 8/36: 2025-05-19 15:30:00 at Property 78139 (ESCORTED)
DEBUG 2025-05-19: Tour 8 assigned to 25ffdb26
DEBUG 2025-05-19: Travel time = 0.0 minutes
DEBUG 2025-05-19: REASSIGNMENT - Original: cd0ff517 → New: 25ffdb26
DEBUG 2025-05-19: Travel change: 0.0 → 0.0 (difference: 0.0)
DEBUG 2025-05-19: Processing tour 9/36: 2025-05-19 15:30:00 at Property 64932 (ESCORTED)
DEBUG 2025-05-19: Tour 9 assigned to cd0ff517
DEBUG 2025-05-19: Travel time = 0.0 minutes
DEBUG 2025-05-19: REASSIGNMENT - Original: 25ffdb26 → New: cd0ff517
DEBUG 2025-05-19: Travel change: 6.1 → 0.0 (difference: 6.1)
DEBUG 2025-05-19: Processing tour 10/36: 2025-05-19 16:00:00 at Property 84770 (ESCORTED)
DEBUG 2025-05-19: Tour 10 assigned to 28be1402
DEBUG 2025-05-19: Travel time = 5.0 minutes
DEBUG 2025-05-19: REASSIGNMENT - Original: 25ffdb26 → New: 28be1402
DEBUG 2025-05-19: Travel change: 7.3 → 5.0 (difference: 2.3)
DEBUG 2025-05-19: Processing tour 11/36: 2025-05-19 16:00:00 at Property 64932 (ESCORTED)
DEBUG 2025-05-19: Tour 11 assigned to fe3fff05
DEBUG 2025-05-19: Travel time = 0.0 minutes
DEBUG 2025-05-19: REASSIGNMENT - Original: 0650940d → New: fe3fff05
DEBUG 2025-05-19: Travel change: 5.0 → 0.0 (difference: 5.0)
DEBUG 2025-05-19: Processing tour 12/36: 2025-05-19 16:00:00 at Property 64933 (ESCORTED)
DEBUG 2025-05-19: Tour 12 assigned to c99885bc
DEBUG 2025-05-19: Travel time = 0.0 minutes
DEBUG 2025-05-19: Processing tour 13/36: 2025-05-19 16:30:00 at Property 64932 (ESCORTED)
DEBUG 2025-05-19: Tour 13 assigned to 0c398d8d
DEBUG 2025-05-19: Travel time = 0.0 minutes
DEBUG 2025-05-19: REASSIGNMENT - Original: fe3fff05 → New: 0c398d8d
DEBUG 2025-05-19: Travel change: 0.0 → 0.0 (difference: 0.0)
DEBUG 2025-05-19: Processing tour 14/36: 2025-05-19 16:30:00 at Property 64933 (ESCORTED)
DEBUG 2025-05-19: Tour 14 assigned to cd0ff517
DEBUG 2025-05-19: Travel time = 5.0 minutes
DEBUG 2025-05-19: REASSIGNMENT - Original: 0c398d8d → New: cd0ff517
DEBUG 2025-05-19: Travel change: 5.0 → 5.0 (difference: 0.0)
DEBUG 2025-05-19: Processing tour 15/36: 2025-05-19 17:00:00 at Property 64937 (ESCORTED)
DEBUG 2025-05-19: Tour 15 assigned to 28be1402
DEBUG 2025-05-19: Travel time = 5.2 minutes
DEBUG 2025-05-19: REASSIGNMENT - Original: 0650940d → New: 28be1402
DEBUG 2025-05-19: Travel change: 5.6 → 5.2 (difference: 0.4)
DEBUG 2025-05-19: Processing tour 16/36: 2025-05-19 17:00:00 at Property 64933 (ESCORTED)
DEBUG 2025-05-19: Tour 16 assigned to 0650940d
DEBUG 2025-05-19: Travel time = 0.0 minutes
DEBUG 2025-05-19: REASSIGNMENT - Original: fe3fff05 → New: 0650940d
DEBUG 2025-05-19: Travel change: 5.0 → 0.0 (difference: 5.0)
DEBUG 2025-05-19: Processing tour 17/36: 2025-05-19 17:00:00 at Property 64933 (ESCORTED)
DEBUG 2025-05-19: Tour 17 assigned to c99885bc
DEBUG 2025-05-19: Travel time = 0.0 minutes
DEBUG 2025-05-19: REASSIGNMENT - Original: 90976d80 → New: c99885bc
DEBUG 2025-05-19: Travel change: 7.9 → 0.0 (difference: 7.9)
DEBUG 2025-05-19: Processing tour 18/36: 2025-05-19 17:00:00 at Property 64933 (ESCORTED)
DEBUG 2025-05-19: Tour 18 assigned to 25ffdb26
DEBUG 2025-05-19: Travel time = 5.0 minutes
DEBUG 2025-05-19: Processing tour 19/36: 2025-05-19 17:30:00 at Property 64934 (VIRTUAL_TOUR)
DEBUG 2025-05-19: Tour 19 assigned to 0c398d8d
DEBUG 2025-05-19: Travel time = 0.0 minutes
DEBUG 2025-05-19: REASSIGNMENT - Original: 28be1402 → New: 0c398d8d
DEBUG 2025-05-19: Travel change: 0.0 → 0.0 (difference: 0.0)
DEBUG 2025-05-19: Processing tour 20/36: 2025-05-19 18:00:00 at Property 64938 (ESCORTED)
DEBUG 2025-05-19: Tour 20 assigned to 2d4a3e78
DEBUG 2025-05-19: Travel time = 9.9 minutes
DEBUG 2025-05-19: REASSIGNMENT - Original: 0c398d8d → New: 2d4a3e78
DEBUG 2025-05-19: Travel change: 13.8 → 9.9 (difference: 3.9)
DEBUG 2025-05-19: Processing tour 21/36: 2025-05-19 18:00:00 at Property 78139 (ESCORTED)
DEBUG 2025-05-19: Tour 21 assigned to cd0ff517
DEBUG 2025-05-19: Travel time = 5.0 minutes
DEBUG 2025-05-19: Processing tour 22/36: 2025-05-19 18:30:00 at Property 64933 (ESCORTED)
DEBUG 2025-05-19: Tour 22 assigned to 0650940d
DEBUG 2025-05-19: Travel time = 0.0 minutes
DEBUG 2025-05-19: REASSIGNMENT - Original: fe3fff05 → New: 0650940d
DEBUG 2025-05-19: Travel change: 5.0 → 0.0 (difference: 5.0)
DEBUG 2025-05-19: Processing tour 23/36: 2025-05-19 18:30:00 at Property 64937 (VIRTUAL_TOUR)
DEBUG 2025-05-19: Tour 23 assigned to 28be1402
DEBUG 2025-05-19: Travel time = 0.0 minutes
DEBUG 2025-05-19: REASSIGNMENT - Original: 0650940d → New: 28be1402
DEBUG 2025-05-19: Travel change: 0.0 → 0.0 (difference: 0.0)
DEBUG 2025-05-19: Processing tour 24/36: 2025-05-19 19:00:00 at Property 64933 (ESCORTED)
DEBUG 2025-05-19: Tour 24 assigned to 25ffdb26
DEBUG 2025-05-19: Travel time = 0.0 minutes
DEBUG 2025-05-19: REASSIGNMENT - Original: c99885bc → New: 25ffdb26
DEBUG 2025-05-19: Travel change: 0.0 → 0.0 (difference: 0.0)
DEBUG 2025-05-19: Processing tour 25/36: 2025-05-19 19:00:00 at Property 64940 (ESCORTED)
DEBUG 2025-05-19: Tour 25 assigned to 90976d80
DEBUG 2025-05-19: Travel time = 5.0 minutes
DEBUG 2025-05-19: REASSIGNMENT - Original: 2d4a3e78 → New: 90976d80
DEBUG 2025-05-19: Travel change: 9.9 → 5.0 (difference: 4.9)
DEBUG 2025-05-19: Processing tour 26/36: 2025-05-19 19:30:00 at Property 64932 (VIRTUAL_TOUR)
DEBUG 2025-05-19: Tour 26 assigned to 28be1402
DEBUG 2025-05-19: Travel time = 0.0 minutes
DEBUG 2025-05-19: REASSIGNMENT - Original: 0c398d8d → New: 28be1402
DEBUG 2025-05-19: Travel change: 0.0 → 0.0 (difference: 0.0)
DEBUG 2025-05-19: Processing tour 27/36: 2025-05-19 19:30:00 at Property 64933 (ESCORTED)
DEBUG 2025-05-19: Tour 27 assigned to c99885bc
DEBUG 2025-05-19: Travel time = 0.0 minutes
DEBUG 2025-05-19: REASSIGNMENT - Original: 0650940d → New: c99885bc
DEBUG 2025-05-19: Travel change: 0.0 → 0.0 (difference: 0.0)
DEBUG 2025-05-19: Processing tour 28/36: 2025-05-19 19:30:00 at Property 64938 (ESCORTED)
DEBUG 2025-05-19: Tour 28 assigned to 0c398d8d
DEBUG 2025-05-19: Travel time = 13.8 minutes
DEBUG 2025-05-19: REASSIGNMENT - Original: cd0ff517 → New: 0c398d8d
DEBUG 2025-05-19: Travel change: 15.2 → 13.8 (difference: 1.4)
DEBUG 2025-05-19: Processing tour 29/36: 2025-05-19 19:30:00 at Property 64941 (ESCORTED)
DEBUG 2025-05-19: Tour 29 assigned to cd0ff517
DEBUG 2025-05-19: Travel time = 7.3 minutes
DEBUG 2025-05-19: REASSIGNMENT - Original: 28be1402 → New: cd0ff517
DEBUG 2025-05-19: Travel change: 5.4 → 7.3 (difference: -1.8)
WARNING 2025-05-19: Reassignment INCREASED travel by 1.8 minutes!
DEBUG 2025-05-19: Processing tour 30/36: 2025-05-19 20:00:00 at Property 64933 (ESCORTED)
DEBUG 2025-05-19: Tour 30 assigned to 90976d80
DEBUG 2025-05-19: Travel time = 8.1 minutes
DEBUG 2025-05-19: Processing tour 31/36: 2025-05-19 20:00:00 at Property 64937 (ESCORTED)
DEBUG 2025-05-19: Tour 31 assigned to fe3fff05
DEBUG 2025-05-19: Travel time = 5.0 minutes
DEBUG 2025-05-19: REASSIGNMENT - Original: 25ffdb26 → New: fe3fff05
DEBUG 2025-05-19: Travel change: 5.6 → 5.0 (difference: 0.6)
DEBUG 2025-05-19: Processing tour 32/36: 2025-05-19 20:30:00 at Property 64941 (ESCORTED)
DEBUG 2025-05-19: Tour 32 assigned to fe3fff05
DEBUG 2025-05-19: Travel time = 5.4 minutes
DEBUG 2025-05-19: Processing tour 33/36: 2025-05-19 21:00:00 at Property 100490 (ESCORTED)
DEBUG 2025-05-19: Tour 33 assigned to 25ffdb26
DEBUG 2025-05-19: Travel time = 5.0 minutes
DEBUG 2025-05-19: REASSIGNMENT - Original: 28be1402 → New: 25ffdb26
DEBUG 2025-05-19: Travel change: 5.3 → 5.0 (difference: 0.3)
DEBUG 2025-05-19: Processing tour 34/36: 2025-05-19 21:00:00 at Property 64932 (ESCORTED)
DEBUG 2025-05-19: Tour 34 assigned to 28be1402
DEBUG 2025-05-19: Travel time = 5.0 minutes
DEBUG 2025-05-19: REASSIGNMENT - Original: 25ffdb26 → New: 28be1402
DEBUG 2025-05-19: Travel change: 5.0 → 5.0 (difference: 0.0)
DEBUG 2025-05-19: Processing tour 35/36: 2025-05-19 21:00:00 at Property 64937 (ESCORTED)
DEBUG 2025-05-19: Tour 35 assigned to 0c398d8d
DEBUG 2025-05-19: Travel time = 11.2 minutes
DEBUG 2025-05-19: Processing tour 36/36: 2025-05-19 21:30:00 at Property 64934 (ESCORTED)
DEBUG 2025-05-19: Tour 36 assigned to 28be1402
DEBUG 2025-05-19: Travel time = 5.0 minutes
DEBUG 2025-05-19: Optimized travel = 105.8 minutes
DEBUG 2025-05-19: Savings = 18.3 minutes
DEBUG 2025-05-19: Reassignments made = 27/36
WARNING 2025-05-19: Very high reassignment rate (75.0%) - algorithm may be too aggressive
DEBUG 2025-05-19: Optimization complete
================================================================================
DEBUG 2025-05-19: Starting optimization
DEBUG 2025-05-19: Current travel = 125.5 minutes
DEBUG 2025-05-19: Total tours = 36
DEBUG 2025-05-19: Available agents = 9
DEBUG 2025-05-19: Tour times range from 2025-05-19 14:00:00 to 2025-05-19 22:30:00
DEBUG 2025-05-19: Processing tour 1/36: 2025-05-19 14:00:00 at Property 64933 (ESCORTED)
DEBUG 2025-05-19: Tour 1 assigned to c99885bc
DEBUG 2025-05-19: Travel time = 0.0 minutes
DEBUG 2025-05-19: Processing tour 2/36: 2025-05-19 15:00:00 at Property 100490 (ESCORTED)
DEBUG 2025-05-19: Tour 2 assigned to 28be1402
DEBUG 2025-05-19: Travel time = 0.0 minutes
DEBUG 2025-05-19: REASSIGNMENT - Original: 0650940d → New: 28be1402
DEBUG 2025-05-19: Travel change: 0.0 → 0.0 (difference: 0.0)
DEBUG 2025-05-19: Processing tour 3/36: 2025-05-19 15:00:00 at Property 64932 (ESCORTED)
DEBUG 2025-05-19: Tour 3 assigned to fe3fff05
DEBUG 2025-05-19: Travel time = 0.0 minutes
DEBUG 2025-05-19: REASSIGNMENT - Original: 28be1402 → New: fe3fff05
DEBUG 2025-05-19: Travel change: 5.0 → 0.0 (difference: 5.0)
DEBUG 2025-05-19: Processing tour 4/36: 2025-05-19 15:00:00 at Property 64942 (ESCORTED)
DEBUG 2025-05-19: Tour 4 assigned to 90976d80
DEBUG 2025-05-19: Travel time = 0.0 minutes
DEBUG 2025-05-19: REASSIGNMENT - Original: fe3fff05 → New: 90976d80
DEBUG 2025-05-19: Travel change: 6.3 → 0.0 (difference: 6.3)
DEBUG 2025-05-19: Processing tour 5/36: 2025-05-19 15:00:00 at Property 64933 (ESCORTED)
DEBUG 2025-05-19: Tour 5 assigned to 0650940d
DEBUG 2025-05-19: Travel time = 0.0 minutes
DEBUG 2025-05-19: REASSIGNMENT - Original: 90976d80 → New: 0650940d
DEBUG 2025-05-19: Travel change: 5.0 → 0.0 (difference: 5.0)
DEBUG 2025-05-19: Processing tour 6/36: 2025-05-19 15:00:00 at Property 64940 (ESCORTED)
DEBUG 2025-05-19: Tour 6 assigned to 2d4a3e78
DEBUG 2025-05-19: Travel time = 0.0 minutes
DEBUG 2025-05-19: REASSIGNMENT - Original: fe3fff05 → New: 2d4a3e78
DEBUG 2025-05-19: Travel change: 7.9 → 0.0 (difference: 7.9)
DEBUG 2025-05-19: Processing tour 7/36: 2025-05-19 15:00:00 at Property 64940 (ESCORTED)
DEBUG 2025-05-19: Tour 7 assigned to 2d4a3e78
DEBUG 2025-05-19: Travel time = 0.0 minutes
DEBUG 2025-05-19: Processing tour 8/36: 2025-05-19 15:30:00 at Property 78139 (ESCORTED)
DEBUG 2025-05-19: Tour 8 assigned to 25ffdb26
DEBUG 2025-05-19: Travel time = 0.0 minutes
DEBUG 2025-05-19: REASSIGNMENT - Original: cd0ff517 → New: 25ffdb26
DEBUG 2025-05-19: Travel change: 0.0 → 0.0 (difference: 0.0)
DEBUG 2025-05-19: Processing tour 9/36: 2025-05-19 15:30:00 at Property 64932 (ESCORTED)
DEBUG 2025-05-19: Tour 9 assigned to cd0ff517
DEBUG 2025-05-19: Travel time = 0.0 minutes
DEBUG 2025-05-19: REASSIGNMENT - Original: 25ffdb26 → New: cd0ff517
DEBUG 2025-05-19: Travel change: 6.1 → 0.0 (difference: 6.1)
DEBUG 2025-05-19: Processing tour 10/36: 2025-05-19 16:00:00 at Property 84770 (ESCORTED)
DEBUG 2025-05-19: Tour 10 assigned to 28be1402
DEBUG 2025-05-19: Travel time = 5.0 minutes
DEBUG 2025-05-19: REASSIGNMENT - Original: 25ffdb26 → New: 28be1402
DEBUG 2025-05-19: Travel change: 7.3 → 5.0 (difference: 2.3)
DEBUG 2025-05-19: Processing tour 11/36: 2025-05-19 16:00:00 at Property 64932 (ESCORTED)
DEBUG 2025-05-19: Tour 11 assigned to fe3fff05
DEBUG 2025-05-19: Travel time = 0.0 minutes
DEBUG 2025-05-19: REASSIGNMENT - Original: 0650940d → New: fe3fff05
DEBUG 2025-05-19: Travel change: 5.0 → 0.0 (difference: 5.0)
DEBUG 2025-05-19: Processing tour 12/36: 2025-05-19 16:00:00 at Property 64933 (ESCORTED)
DEBUG 2025-05-19: Tour 12 assigned to c99885bc
DEBUG 2025-05-19: Travel time = 0.0 minutes
DEBUG 2025-05-19: Processing tour 13/36: 2025-05-19 16:30:00 at Property 64932 (ESCORTED)
DEBUG 2025-05-19: Tour 13 assigned to 0c398d8d
DEBUG 2025-05-19: Travel time = 0.0 minutes
DEBUG 2025-05-19: REASSIGNMENT - Original: fe3fff05 → New: 0c398d8d
DEBUG 2025-05-19: Travel change: 0.0 → 0.0 (difference: 0.0)
DEBUG 2025-05-19: Processing tour 14/36: 2025-05-19 16:30:00 at Property 64933 (ESCORTED)
DEBUG 2025-05-19: Tour 14 assigned to 90976d80
DEBUG 2025-05-19: Travel time = 5.0 minutes
DEBUG 2025-05-19: REASSIGNMENT - Original: 0c398d8d → New: 90976d80
DEBUG 2025-05-19: Travel change: 5.0 → 5.0 (difference: 0.0)
DEBUG 2025-05-19: Processing tour 15/36: 2025-05-19 17:00:00 at Property 64937 (ESCORTED)
DEBUG 2025-05-19: Tour 15 assigned to cd0ff517
DEBUG 2025-05-19: Travel time = 5.0 minutes
DEBUG 2025-05-19: REASSIGNMENT - Original: 0650940d → New: cd0ff517
DEBUG 2025-05-19: Travel change: 5.6 → 5.0 (difference: 0.6)
DEBUG 2025-05-19: Processing tour 16/36: 2025-05-19 17:00:00 at Property 64933 (ESCORTED)
DEBUG 2025-05-19: Tour 16 assigned to 0650940d
DEBUG 2025-05-19: Travel time = 0.0 minutes
DEBUG 2025-05-19: REASSIGNMENT - Original: fe3fff05 → New: 0650940d
DEBUG 2025-05-19: Travel change: 5.0 → 0.0 (difference: 5.0)
DEBUG 2025-05-19: Processing tour 17/36: 2025-05-19 17:00:00 at Property 64933 (ESCORTED)
DEBUG 2025-05-19: Tour 17 assigned to c99885bc
DEBUG 2025-05-19: Travel time = 0.0 minutes
DEBUG 2025-05-19: REASSIGNMENT - Original: 90976d80 → New: c99885bc
DEBUG 2025-05-19: Travel change: 0.0 → 0.0 (difference: 0.0)
DEBUG 2025-05-19: Processing tour 18/36: 2025-05-19 17:00:00 at Property 64933 (ESCORTED)
DEBUG 2025-05-19: Tour 18 assigned to 28be1402
DEBUG 2025-05-19: Travel time = 5.0 minutes
DEBUG 2025-05-19: REASSIGNMENT - Original: 25ffdb26 → New: 28be1402
DEBUG 2025-05-19: Travel change: 5.0 → 5.0 (difference: 0.0)
DEBUG 2025-05-19: Processing tour 19/36: 2025-05-19 17:30:00 at Property 64934 (VIRTUAL_TOUR)
DEBUG 2025-05-19: Tour 19 assigned to 0c398d8d
DEBUG 2025-05-19: Travel time = 0.0 minutes
DEBUG 2025-05-19: REASSIGNMENT - Original: 28be1402 → New: 0c398d8d
DEBUG 2025-05-19: Travel change: 0.0 → 0.0 (difference: 0.0)
DEBUG 2025-05-19: Processing tour 20/36: 2025-05-19 18:00:00 at Property 64938 (ESCORTED)
DEBUG 2025-05-19: Tour 20 assigned to 2d4a3e78
DEBUG 2025-05-19: Travel time = 9.9 minutes
DEBUG 2025-05-19: REASSIGNMENT - Original: 0c398d8d → New: 2d4a3e78
DEBUG 2025-05-19: Travel change: 13.8 → 9.9 (difference: 3.9)
DEBUG 2025-05-19: Processing tour 21/36: 2025-05-19 18:00:00 at Property 78139 (ESCORTED)
DEBUG 2025-05-19: Tour 21 assigned to 25ffdb26
DEBUG 2025-05-19: Travel time = 0.0 minutes
DEBUG 2025-05-19: REASSIGNMENT - Original: cd0ff517 → New: 25ffdb26
DEBUG 2025-05-19: Travel change: 6.8 → 0.0 (difference: 6.8)
DEBUG 2025-05-19: Processing tour 22/36: 2025-05-19 18:30:00 at Property 64933 (ESCORTED)
DEBUG 2025-05-19: Tour 22 assigned to 90976d80
DEBUG 2025-05-19: Travel time = 0.0 minutes
DEBUG 2025-05-19: REASSIGNMENT - Original: fe3fff05 → New: 90976d80
DEBUG 2025-05-19: Travel change: 5.0 → 0.0 (difference: 5.0)
DEBUG 2025-05-19: Processing tour 23/36: 2025-05-19 18:30:00 at Property 64937 (VIRTUAL_TOUR)
DEBUG 2025-05-19: Tour 23 assigned to 0c398d8d
DEBUG 2025-05-19: Travel time = 0.0 minutes
DEBUG 2025-05-19: REASSIGNMENT - Original: 0650940d → New: 0c398d8d
DEBUG 2025-05-19: Travel change: 0.0 → 0.0 (difference: 0.0)
DEBUG 2025-05-19: Processing tour 24/36: 2025-05-19 19:00:00 at Property 64933 (ESCORTED)
DEBUG 2025-05-19: Tour 24 assigned to 28be1402
DEBUG 2025-05-19: Travel time = 0.0 minutes
DEBUG 2025-05-19: REASSIGNMENT - Original: c99885bc → New: 28be1402
DEBUG 2025-05-19: Travel change: 0.0 → 0.0 (difference: 0.0)
DEBUG 2025-05-19: Processing tour 25/36: 2025-05-19 19:00:00 at Property 64940 (ESCORTED)
DEBUG 2025-05-19: Tour 25 assigned to cd0ff517
DEBUG 2025-05-19: Travel time = 5.6 minutes
DEBUG 2025-05-19: REASSIGNMENT - Original: 2d4a3e78 → New: cd0ff517
DEBUG 2025-05-19: Travel change: 9.9 → 5.6 (difference: 4.2)
DEBUG 2025-05-19: Processing tour 26/36: 2025-05-19 19:30:00 at Property 64932 (VIRTUAL_TOUR)
DEBUG 2025-05-19: Tour 26 assigned to 0c398d8d
DEBUG 2025-05-19: Travel time = 0.0 minutes
DEBUG 2025-05-19: Processing tour 27/36: 2025-05-19 19:30:00 at Property 64933 (ESCORTED)
DEBUG 2025-05-19: Tour 27 assigned to 0650940d
DEBUG 2025-05-19: Travel time = 0.0 minutes
DEBUG 2025-05-19: Processing tour 28/36: 2025-05-19 19:30:00 at Property 64938 (ESCORTED)
DEBUG 2025-05-19: Tour 28 assigned to fe3fff05
DEBUG 2025-05-19: Travel time = 13.8 minutes
DEBUG 2025-05-19: REASSIGNMENT - Original: cd0ff517 → New: fe3fff05
DEBUG 2025-05-19: Travel change: 9.9 → 13.8 (difference: -3.9)
WARNING 2025-05-19: Reassignment INCREASED travel by 3.9 minutes!
DEBUG 2025-05-19: Processing tour 29/36: 2025-05-19 19:30:00 at Property 64941 (ESCORTED)
DEBUG 2025-05-19: Tour 29 assigned to 25ffdb26
DEBUG 2025-05-19: Travel time = 7.3 minutes
DEBUG 2025-05-19: REASSIGNMENT - Original: 28be1402 → New: 25ffdb26
DEBUG 2025-05-19: Travel change: 7.8 → 7.3 (difference: 0.5)
DEBUG 2025-05-19: Processing tour 30/36: 2025-05-19 20:00:00 at Property 64933 (ESCORTED)
DEBUG 2025-05-19: Tour 30 assigned to 90976d80
DEBUG 2025-05-19: Travel time = 0.0 minutes
DEBUG 2025-05-19: Processing tour 31/36: 2025-05-19 20:00:00 at Property 64937 (ESCORTED)
DEBUG 2025-05-19: Tour 31 assigned to 25ffdb26
DEBUG 2025-05-19: Travel time = 5.4 minutes
DEBUG 2025-05-19: Processing tour 32/36: 2025-05-19 20:30:00 at Property 64941 (ESCORTED)
DEBUG 2025-05-19: Tour 32 assigned to fe3fff05
DEBUG 2025-05-19: Travel time = 10.1 minutes
DEBUG 2025-05-19: Processing tour 33/36: 2025-05-19 21:00:00 at Property 100490 (ESCORTED)
DEBUG 2025-05-19: Tour 33 assigned to 28be1402
DEBUG 2025-05-19: Travel time = 5.0 minutes
DEBUG 2025-05-19: Processing tour 34/36: 2025-05-19 21:00:00 at Property 64932 (ESCORTED)
DEBUG 2025-05-19: Tour 34 assigned to 0c398d8d
DEBUG 2025-05-19: Travel time = 0.0 minutes
DEBUG 2025-05-19: REASSIGNMENT - Original: 25ffdb26 → New: 0c398d8d
DEBUG 2025-05-19: Travel change: 5.0 → 0.0 (difference: 5.0)
DEBUG 2025-05-19: Processing tour 35/36: 2025-05-19 21:00:00 at Property 64937 (ESCORTED)
DEBUG 2025-05-19: Tour 35 assigned to 25ffdb26
DEBUG 2025-05-19: Travel time = 0.0 minutes
DEBUG 2025-05-19: REASSIGNMENT - Original: 0c398d8d → New: 25ffdb26
DEBUG 2025-05-19: Travel change: 5.0 → 0.0 (difference: 5.0)
DEBUG 2025-05-19: Processing tour 36/36: 2025-05-19 21:30:00 at Property 64934 (ESCORTED)
DEBUG 2025-05-19: Tour 36 assigned to 28be1402
DEBUG 2025-05-19: Travel time = 5.0 minutes
DEBUG 2025-05-19: Optimized travel = 82.0 minutes
DEBUG 2025-05-19: Savings = 43.4 minutes
DEBUG 2025-05-19: Reassignments made = 26/36
WARNING 2025-05-19: Very high reassignment rate (72.2%) - algorithm may be too aggressive
DEBUG 2025-05-19: Optimization complete
================================================================================
DEBUG 2025-05-19: Calculated optimized travel (sum method): 82.0
DEBUG 2025-05-19: Validated optimized travel (proven method): 125.5
DEBUG 2025-05-19: Difference: -43.4
DEBUG 2025-05-19: Validated savings: 0.0
DEBUG 2025-05-19: Starting optimization
DEBUG 2025-05-19: Current travel = 127.8 minutes
DEBUG 2025-05-19: Total tours = 36
DEBUG 2025-05-19: Available agents = 9
DEBUG 2025-05-19: Tour times range from 2025-05-19 14:00:00 to 2025-05-19 22:30:00
DEBUG 2025-05-19: Processing tour 1/36: 2025-05-19 14:00:00 at Property 64933 (ESCORTED)
DEBUG 2025-05-19: Tour 1 assigned to c99885bc
DEBUG 2025-05-19: Travel time = 0.0 minutes
DEBUG 2025-05-19: Processing tour 2/36: 2025-05-19 15:00:00 at Property 100490 (ESCORTED)
DEBUG 2025-05-19: Tour 2 assigned to 28be1402
DEBUG 2025-05-19: Travel time = 0.0 minutes
DEBUG 2025-05-19: REASSIGNMENT - Original: 0650940d → New: 28be1402
DEBUG 2025-05-19: Travel change: 0.0 → 0.0 (difference: 0.0)
DEBUG 2025-05-19: Processing tour 3/36: 2025-05-19 15:00:00 at Property 64932 (ESCORTED)
DEBUG 2025-05-19: Tour 3 assigned to fe3fff05
DEBUG 2025-05-19: Travel time = 0.0 minutes
DEBUG 2025-05-19: REASSIGNMENT - Original: 28be1402 → New: fe3fff05
DEBUG 2025-05-19: Travel change: 5.0 → 0.0 (difference: 5.0)
DEBUG 2025-05-19: Processing tour 4/36: 2025-05-19 15:00:00 at Property 64942 (ESCORTED)
DEBUG 2025-05-19: Tour 4 assigned to 90976d80
DEBUG 2025-05-19: Travel time = 0.0 minutes
DEBUG 2025-05-19: REASSIGNMENT - Original: fe3fff05 → New: 90976d80
DEBUG 2025-05-19: Travel change: 6.3 → 0.0 (difference: 6.3)
DEBUG 2025-05-19: Processing tour 5/36: 2025-05-19 15:00:00 at Property 64933 (ESCORTED)
DEBUG 2025-05-19: Tour 5 assigned to 0650940d
DEBUG 2025-05-19: Travel time = 0.0 minutes
DEBUG 2025-05-19: REASSIGNMENT - Original: 90976d80 → New: 0650940d
DEBUG 2025-05-19: Travel change: 5.0 → 0.0 (difference: 5.0)
DEBUG 2025-05-19: Processing tour 6/36: 2025-05-19 15:00:00 at Property 64940 (ESCORTED)
DEBUG 2025-05-19: Tour 6 assigned to 2d4a3e78
DEBUG 2025-05-19: Travel time = 0.0 minutes
DEBUG 2025-05-19: REASSIGNMENT - Original: fe3fff05 → New: 2d4a3e78
DEBUG 2025-05-19: Travel change: 7.9 → 0.0 (difference: 7.9)
DEBUG 2025-05-19: Processing tour 7/36: 2025-05-19 15:00:00 at Property 64940 (ESCORTED)
DEBUG 2025-05-19: Tour 7 assigned to 2d4a3e78
DEBUG 2025-05-19: Travel time = 0.0 minutes
DEBUG 2025-05-19: Processing tour 8/36: 2025-05-19 15:30:00 at Property 78139 (ESCORTED)
DEBUG 2025-05-19: Tour 8 assigned to 25ffdb26
DEBUG 2025-05-19: Travel time = 0.0 minutes
DEBUG 2025-05-19: REASSIGNMENT - Original: cd0ff517 → New: 25ffdb26
DEBUG 2025-05-19: Travel change: 0.0 → 0.0 (difference: 0.0)
DEBUG 2025-05-19: Processing tour 9/36: 2025-05-19 15:30:00 at Property 64932 (ESCORTED)
DEBUG 2025-05-19: Tour 9 assigned to cd0ff517
DEBUG 2025-05-19: Travel time = 0.0 minutes
DEBUG 2025-05-19: REASSIGNMENT - Original: 25ffdb26 → New: cd0ff517
DEBUG 2025-05-19: Travel change: 6.1 → 0.0 (difference: 6.1)
DEBUG 2025-05-19: Processing tour 10/36: 2025-05-19 16:00:00 at Property 84770 (ESCORTED)
DEBUG 2025-05-19: Tour 10 assigned to 28be1402
DEBUG 2025-05-19: Travel time = 5.0 minutes
DEBUG 2025-05-19: REASSIGNMENT - Original: 25ffdb26 → New: 28be1402
DEBUG 2025-05-19: Travel change: 7.3 → 5.0 (difference: 2.3)
DEBUG 2025-05-19: Processing tour 11/36: 2025-05-19 16:00:00 at Property 64932 (ESCORTED)
DEBUG 2025-05-19: Tour 11 assigned to fe3fff05
DEBUG 2025-05-19: Travel time = 0.0 minutes
DEBUG 2025-05-19: REASSIGNMENT - Original: 0650940d → New: fe3fff05
DEBUG 2025-05-19: Travel change: 5.0 → 0.0 (difference: 5.0)
DEBUG 2025-05-19: Processing tour 12/36: 2025-05-19 16:00:00 at Property 64933 (ESCORTED)
DEBUG 2025-05-19: Tour 12 assigned to c99885bc
DEBUG 2025-05-19: Travel time = 0.0 minutes
DEBUG 2025-05-19: Processing tour 13/36: 2025-05-19 16:30:00 at Property 64932 (ESCORTED)
DEBUG 2025-05-19: Tour 13 assigned to 0c398d8d
DEBUG 2025-05-19: Travel time = 0.0 minutes
DEBUG 2025-05-19: REASSIGNMENT - Original: fe3fff05 → New: 0c398d8d
DEBUG 2025-05-19: Travel change: 0.0 → 0.0 (difference: 0.0)
DEBUG 2025-05-19: Processing tour 14/36: 2025-05-19 16:30:00 at Property 64933 (ESCORTED)
DEBUG 2025-05-19: Tour 14 assigned to 90976d80
DEBUG 2025-05-19: Travel time = 5.0 minutes
DEBUG 2025-05-19: REASSIGNMENT - Original: 0c398d8d → New: 90976d80
DEBUG 2025-05-19: Travel change: 5.0 → 5.0 (difference: 0.0)
DEBUG 2025-05-19: Processing tour 15/36: 2025-05-19 17:00:00 at Property 64937 (ESCORTED)
DEBUG 2025-05-19: Tour 15 assigned to cd0ff517
DEBUG 2025-05-19: Travel time = 5.0 minutes
DEBUG 2025-05-19: REASSIGNMENT - Original: 0650940d → New: cd0ff517
DEBUG 2025-05-19: Travel change: 5.6 → 5.0 (difference: 0.6)
DEBUG 2025-05-19: Processing tour 16/36: 2025-05-19 17:00:00 at Property 64933 (ESCORTED)
DEBUG 2025-05-19: Tour 16 assigned to 0650940d
DEBUG 2025-05-19: Travel time = 0.0 minutes
DEBUG 2025-05-19: REASSIGNMENT - Original: fe3fff05 → New: 0650940d
DEBUG 2025-05-19: Travel change: 5.0 → 0.0 (difference: 5.0)
DEBUG 2025-05-19: Processing tour 17/36: 2025-05-19 17:00:00 at Property 64933 (ESCORTED)
DEBUG 2025-05-19: Tour 17 assigned to c99885bc
DEBUG 2025-05-19: Travel time = 0.0 minutes
DEBUG 2025-05-19: REASSIGNMENT - Original: 90976d80 → New: c99885bc
DEBUG 2025-05-19: Travel change: 0.0 → 0.0 (difference: 0.0)
DEBUG 2025-05-19: Processing tour 18/36: 2025-05-19 17:00:00 at Property 64933 (ESCORTED)
DEBUG 2025-05-19: Tour 18 assigned to 28be1402
DEBUG 2025-05-19: Travel time = 5.0 minutes
DEBUG 2025-05-19: REASSIGNMENT - Original: 25ffdb26 → New: 28be1402
DEBUG 2025-05-19: Travel change: 5.0 → 5.0 (difference: 0.0)
DEBUG 2025-05-19: Processing tour 19/36: 2025-05-19 17:30:00 at Property 64934 (VIRTUAL_TOUR)
DEBUG 2025-05-19: Tour 19 assigned to 0c398d8d
DEBUG 2025-05-19: Travel time = 0.0 minutes
DEBUG 2025-05-19: REASSIGNMENT - Original: 28be1402 → New: 0c398d8d
DEBUG 2025-05-19: Travel change: 0.0 → 0.0 (difference: 0.0)
DEBUG 2025-05-19: Processing tour 20/36: 2025-05-19 18:00:00 at Property 64938 (ESCORTED)
DEBUG 2025-05-19: Tour 20 assigned to 2d4a3e78
DEBUG 2025-05-19: Travel time = 9.9 minutes
DEBUG 2025-05-19: REASSIGNMENT - Original: 0c398d8d → New: 2d4a3e78
DEBUG 2025-05-19: Travel change: 13.8 → 9.9 (difference: 3.9)
DEBUG 2025-05-19: Processing tour 21/36: 2025-05-19 18:00:00 at Property 78139 (ESCORTED)
DEBUG 2025-05-19: Tour 21 assigned to 25ffdb26
DEBUG 2025-05-19: Travel time = 0.0 minutes
DEBUG 2025-05-19: REASSIGNMENT - Original: cd0ff517 → New: 25ffdb26
DEBUG 2025-05-19: Travel change: 6.8 → 0.0 (difference: 6.8)
DEBUG 2025-05-19: Processing tour 22/36: 2025-05-19 18:30:00 at Property 64933 (ESCORTED)
DEBUG 2025-05-19: Tour 22 assigned to 90976d80
DEBUG 2025-05-19: Travel time = 0.0 minutes
DEBUG 2025-05-19: REASSIGNMENT - Original: fe3fff05 → New: 90976d80
DEBUG 2025-05-19: Travel change: 5.0 → 0.0 (difference: 5.0)
DEBUG 2025-05-19: Processing tour 23/36: 2025-05-19 18:30:00 at Property 64937 (VIRTUAL_TOUR)
DEBUG 2025-05-19: Tour 23 assigned to 0c398d8d
DEBUG 2025-05-19: Travel time = 0.0 minutes
DEBUG 2025-05-19: REASSIGNMENT - Original: 0650940d → New: 0c398d8d
DEBUG 2025-05-19: Travel change: 0.0 → 0.0 (difference: 0.0)
DEBUG 2025-05-19: Processing tour 24/36: 2025-05-19 19:00:00 at Property 64933 (ESCORTED)
DEBUG 2025-05-19: Tour 24 assigned to 28be1402
DEBUG 2025-05-19: Travel time = 0.0 minutes
DEBUG 2025-05-19: REASSIGNMENT - Original: c99885bc → New: 28be1402
DEBUG 2025-05-19: Travel change: 0.0 → 0.0 (difference: 0.0)
DEBUG 2025-05-19: Processing tour 25/36: 2025-05-19 19:00:00 at Property 64940 (ESCORTED)
DEBUG 2025-05-19: Tour 25 assigned to cd0ff517
DEBUG 2025-05-19: Travel time = 5.6 minutes
DEBUG 2025-05-19: REASSIGNMENT - Original: 2d4a3e78 → New: cd0ff517
DEBUG 2025-05-19: Travel change: 9.9 → 5.6 (difference: 4.2)
DEBUG 2025-05-19: Processing tour 26/36: 2025-05-19 19:30:00 at Property 64932 (VIRTUAL_TOUR)
DEBUG 2025-05-19: Tour 26 assigned to 0c398d8d
DEBUG 2025-05-19: Travel time = 0.0 minutes
DEBUG 2025-05-19: Processing tour 27/36: 2025-05-19 19:30:00 at Property 64933 (ESCORTED)
DEBUG 2025-05-19: Tour 27 assigned to 0650940d
DEBUG 2025-05-19: Travel time = 0.0 minutes
DEBUG 2025-05-19: Processing tour 28/36: 2025-05-19 19:30:00 at Property 64938 (ESCORTED)
DEBUG 2025-05-19: Tour 28 assigned to fe3fff05
DEBUG 2025-05-19: Travel time = 13.8 minutes
DEBUG 2025-05-19: REASSIGNMENT - Original: cd0ff517 → New: fe3fff05
DEBUG 2025-05-19: Travel change: 9.9 → 13.8 (difference: -3.9)
WARNING 2025-05-19: Reassignment INCREASED travel by 3.9 minutes!
DEBUG 2025-05-19: Processing tour 29/36: 2025-05-19 19:30:00 at Property 64941 (ESCORTED)
DEBUG 2025-05-19: Tour 29 assigned to 25ffdb26
DEBUG 2025-05-19: Travel time = 7.3 minutes
DEBUG 2025-05-19: REASSIGNMENT - Original: 28be1402 → New: 25ffdb26
DEBUG 2025-05-19: Travel change: 7.8 → 7.3 (difference: 0.5)
DEBUG 2025-05-19: Processing tour 30/36: 2025-05-19 20:00:00 at Property 64933 (ESCORTED)
DEBUG 2025-05-19: Tour 30 assigned to 90976d80
DEBUG 2025-05-19: Travel time = 0.0 minutes
DEBUG 2025-05-19: Processing tour 31/36: 2025-05-19 20:00:00 at Property 64937 (ESCORTED)
DEBUG 2025-05-19: Tour 31 assigned to 25ffdb26
DEBUG 2025-05-19: Travel time = 5.4 minutes
DEBUG 2025-05-19: Processing tour 32/36: 2025-05-19 20:30:00 at Property 64941 (ESCORTED)
DEBUG 2025-05-19: Tour 32 assigned to fe3fff05
DEBUG 2025-05-19: Travel time = 10.1 minutes
DEBUG 2025-05-19: Processing tour 33/36: 2025-05-19 21:00:00 at Property 100490 (ESCORTED)
DEBUG 2025-05-19: Tour 33 assigned to 28be1402
DEBUG 2025-05-19: Travel time = 5.0 minutes
DEBUG 2025-05-19: Processing tour 34/36: 2025-05-19 21:00:00 at Property 64932 (ESCORTED)
DEBUG 2025-05-19: Tour 34 assigned to 0c398d8d
DEBUG 2025-05-19: Travel time = 0.0 minutes
DEBUG 2025-05-19: REASSIGNMENT - Original: 25ffdb26 → New: 0c398d8d
DEBUG 2025-05-19: Travel change: 5.0 → 0.0 (difference: 5.0)
DEBUG 2025-05-19: Processing tour 35/36: 2025-05-19 21:00:00 at Property 64937 (ESCORTED)
DEBUG 2025-05-19: Tour 35 assigned to 25ffdb26
DEBUG 2025-05-19: Travel time = 0.0 minutes
DEBUG 2025-05-19: REASSIGNMENT - Original: 0c398d8d → New: 25ffdb26
DEBUG 2025-05-19: Travel change: 5.0 → 0.0 (difference: 5.0)
DEBUG 2025-05-19: Processing tour 36/36: 2025-05-19 21:30:00 at Property 64934 (ESCORTED)
DEBUG 2025-05-19: Tour 36 assigned to 28be1402
DEBUG 2025-05-19: Travel time = 7.3 minutes
DEBUG 2025-05-19: Calculated optimized travel (sum method): 84.4
DEBUG 2025-05-19: Validated optimized travel (proven method): 127.8
DEBUG 2025-05-19: Difference: -43.4
DEBUG 2025-05-19: Validated savings: 0.0
DEBUG 2025-05-19: Reassignments made = 26/36
WARNING 2025-05-19: Very high reassignment rate (72.2%) - algorithm may be too aggressive
DEBUG 2025-05-19: Optimization complete
================================================================================
