DEBUG 2025-05-22: Starting optimization
DEBUG 2025-05-22: Current travel = 72.4 minutes
DEBUG 2025-05-22: Total tours = 24
DEBUG 2025-05-22: Available agents = 9
DEBUG 2025-05-22: Tour times range from 2025-05-22 13:00:00 to 2025-05-22 22:00:00
DEBUG 2025-05-22: Processing tour 1/24: 2025-05-22 13:00:00 at Property 64940 (ESCORTED)
DEBUG 2025-05-22: Tour 1 assigned to 0c398d8d
DEBUG 2025-05-22: Travel time = 0.0 minutes
DEBUG 2025-05-22: Processing tour 2/24: 2025-05-22 13:15:00 at Property 151243 (ESCORTED)
DEBUG 2025-05-22: Tour 2 assigned to 90976d80
DEBUG 2025-05-22: Travel time = 0.0 minutes
DEBUG 2025-05-22: Processing tour 3/24: 2025-05-22 14:00:00 at Property 151243 (VIRTUAL_TOUR)
DEBUG 2025-05-22: Tour 3 assigned to 25ffdb26
DEBUG 2025-05-22: Travel time = 0.0 minutes
DEBUG 2025-05-22: REASSIGNMENT - Original: fcb34375 → New: 25ffdb26
DEBUG 2025-05-22: Travel change: 0.0 → 0.0 (difference: 0.0)
DEBUG 2025-05-22: Processing tour 4/24: 2025-05-22 14:00:00 at Property 78139 (ESCORTED)
DEBUG 2025-05-22: Tour 4 assigned to fcb34375
DEBUG 2025-05-22: Travel time = 0.0 minutes
DEBUG 2025-05-22: REASSIGNMENT - Original: 25ffdb26 → New: fcb34375
DEBUG 2025-05-22: Travel change: 0.0 → 0.0 (difference: 0.0)
DEBUG 2025-05-22: Processing tour 5/24: 2025-05-22 14:45:00 at Property 64932 (ESCORTED)
DEBUG 2025-05-22: Tour 5 assigned to 90976d80
DEBUG 2025-05-22: Travel time = 7.6 minutes
DEBUG 2025-05-22: Processing tour 6/24: 2025-05-22 15:00:00 at Property 64937 (ESCORTED)
DEBUG 2025-05-22: Tour 6 assigned to 25ffdb26
DEBUG 2025-05-22: Travel time = 0.0 minutes
DEBUG 2025-05-22: REASSIGNMENT - Original: 0c398d8d → New: 25ffdb26
DEBUG 2025-05-22: Travel change: 5.6 → 0.0 (difference: 5.6)
DEBUG 2025-05-22: Processing tour 7/24: 2025-05-22 15:30:00 at Property 64937 (ESCORTED)
DEBUG 2025-05-22: Tour 7 assigned to 2d4a3e78
DEBUG 2025-05-22: Travel time = 0.0 minutes
DEBUG 2025-05-22: REASSIGNMENT - Original: 90976d80 → New: 2d4a3e78
DEBUG 2025-05-22: Travel change: 5.0 → 0.0 (difference: 5.0)
DEBUG 2025-05-22: Processing tour 8/24: 2025-05-22 15:30:00 at Property 64939 (ESCORTED)
DEBUG 2025-05-22: Tour 8 assigned to 0c398d8d
DEBUG 2025-05-22: Travel time = 5.0 minutes
DEBUG 2025-05-22: REASSIGNMENT - Original: 2d4a3e78 → New: 0c398d8d
DEBUG 2025-05-22: Travel change: 5.5 → 5.0 (difference: 0.5)
DEBUG 2025-05-22: Processing tour 9/24: 2025-05-22 16:00:00 at Property 151243 (ESCORTED)
DEBUG 2025-05-22: Tour 9 assigned to fcb34375
DEBUG 2025-05-22: Travel time = 5.0 minutes
DEBUG 2025-05-22: Processing tour 10/24: 2025-05-22 16:00:00 at Property 64933 (VIRTUAL_TOUR)
DEBUG 2025-05-22: Tour 10 assigned to 90976d80
DEBUG 2025-05-22: Travel time = 0.0 minutes
DEBUG 2025-05-22: REASSIGNMENT - Original: 25ffdb26 → New: 90976d80
DEBUG 2025-05-22: Travel change: 0.0 → 0.0 (difference: 0.0)
DEBUG 2025-05-22: Processing tour 11/24: 2025-05-22 16:00:00 at Property 64937 (ESCORTED)
DEBUG 2025-05-22: Tour 11 assigned to 25ffdb26
DEBUG 2025-05-22: Travel time = 0.0 minutes
DEBUG 2025-05-22: REASSIGNMENT - Original: 0c398d8d → New: 25ffdb26
DEBUG 2025-05-22: Travel change: 5.5 → 0.0 (difference: 5.5)
DEBUG 2025-05-22: Processing tour 12/24: 2025-05-22 17:00:00 at Property 64938 (ESCORTED)
DEBUG 2025-05-22: Tour 12 assigned to aeabf7ea
DEBUG 2025-05-22: Travel time = 0.0 minutes
DEBUG 2025-05-22: REASSIGNMENT - Original: cd0ff517 → New: aeabf7ea
DEBUG 2025-05-22: Travel change: 0.0 → 0.0 (difference: 0.0)
DEBUG 2025-05-22: Processing tour 13/24: 2025-05-22 17:00:00 at Property 64932 (ESCORTED)
DEBUG 2025-05-22: Tour 13 assigned to cd0ff517
DEBUG 2025-05-22: Travel time = 0.0 minutes
DEBUG 2025-05-22: REASSIGNMENT - Original: aeabf7ea → New: cd0ff517
DEBUG 2025-05-22: Travel change: 13.8 → 0.0 (difference: 13.8)
DEBUG 2025-05-22: Processing tour 14/24: 2025-05-22 17:00:00 at Property 100490 (ESCORTED)
DEBUG 2025-05-22: Tour 14 assigned to 0c398d8d
DEBUG 2025-05-22: Travel time = 8.8 minutes
DEBUG 2025-05-22: REASSIGNMENT - Original: 90976d80 → New: 0c398d8d
DEBUG 2025-05-22: Travel change: 5.0 → 8.8 (difference: -3.8)
WARNING 2025-05-22: Reassignment INCREASED travel by 3.8 minutes!
DEBUG 2025-05-22: Processing tour 15/24: 2025-05-22 18:00:00 at Property 64932 (ESCORTED)
DEBUG 2025-05-22: Tour 15 assigned to 90976d80
DEBUG 2025-05-22: Travel time = 0.0 minutes
DEBUG 2025-05-22: REASSIGNMENT - Original: 0c398d8d → New: 90976d80
DEBUG 2025-05-22: Travel change: 5.0 → 0.0 (difference: 5.0)
DEBUG 2025-05-22: Processing tour 16/24: 2025-05-22 18:30:00 at Property 64942 (ESCORTED)
DEBUG 2025-05-22: Tour 16 assigned to 25ffdb26
DEBUG 2025-05-22: Travel time = 5.5 minutes
DEBUG 2025-05-22: REASSIGNMENT - Original: 90976d80 → New: 25ffdb26
DEBUG 2025-05-22: Travel change: 7.7 → 5.5 (difference: 2.2)
DEBUG 2025-05-22: Processing tour 17/24: 2025-05-22 19:00:00 at Property 64940 (ESCORTED)
DEBUG 2025-05-22: Tour 17 assigned to 0c398d8d
DEBUG 2025-05-22: Travel time = 8.8 minutes
DEBUG 2025-05-22: REASSIGNMENT - Original: 25ffdb26 → New: 0c398d8d
DEBUG 2025-05-22: Travel change: 5.0 → 8.8 (difference: -3.8)
WARNING 2025-05-22: Reassignment INCREASED travel by 3.8 minutes!
DEBUG 2025-05-22: Processing tour 18/24: 2025-05-22 19:30:00 at Property 64932 (ESCORTED)
DEBUG 2025-05-22: Tour 18 assigned to 90976d80
DEBUG 2025-05-22: Travel time = 0.0 minutes
DEBUG 2025-05-22: REASSIGNMENT - Original: aeabf7ea → New: 90976d80
DEBUG 2025-05-22: Travel change: 13.8 → 0.0 (difference: 13.8)
DEBUG 2025-05-22: Processing tour 19/24: 2025-05-22 19:30:00 at Property 64939 (ESCORTED)
DEBUG 2025-05-22: Tour 19 assigned to 88f5454b
DEBUG 2025-05-22: Travel time = 0.0 minutes
DEBUG 2025-05-22: Processing tour 20/24: 2025-05-22 19:30:00 at Property 64934 (ESCORTED)
DEBUG 2025-05-22: Tour 20 assigned to 570ebd49
DEBUG 2025-05-22: Travel time = 0.0 minutes
DEBUG 2025-05-22: Processing tour 21/24: 2025-05-22 20:00:00 at Property 64932 (ESCORTED)
DEBUG 2025-05-22: Tour 21 assigned to 25ffdb26
DEBUG 2025-05-22: Travel time = 7.7 minutes
DEBUG 2025-05-22: REASSIGNMENT - Original: 90976d80 → New: 25ffdb26
DEBUG 2025-05-22: Travel change: 0.0 → 7.7 (difference: -7.7)
WARNING 2025-05-22: Reassignment INCREASED travel by 7.7 minutes!
DEBUG 2025-05-22: Processing tour 22/24: 2025-05-22 20:00:00 at Property 64937 (ESCORTED)
DEBUG 2025-05-22: Tour 22 assigned to 0c398d8d
DEBUG 2025-05-22: Travel time = 5.6 minutes
DEBUG 2025-05-22: Processing tour 23/24: 2025-05-22 20:30:00 at Property 64938 (ESCORTED)
DEBUG 2025-05-22: Tour 23 assigned to 25ffdb26
DEBUG 2025-05-22: Travel time = 13.8 minutes
DEBUG 2025-05-22: Processing tour 24/24: 2025-05-22 21:00:00 at Property 64937 (ESCORTED)
DEBUG 2025-05-22: Tour 24 assigned to 90976d80
DEBUG 2025-05-22: Travel time = 5.0 minutes
DEBUG 2025-05-22: Optimized travel = 72.9 minutes
DEBUG 2025-05-22: Savings = -0.5 minutes
DEBUG 2025-05-22: Reassignments made = 15/24
WARNING 2025-05-22: NEGATIVE SAVINGS! Optimization made things worse.
WARNING 2025-05-22: 3 problematic reassignments found:
  - Tour at 2025-05-22 17:00:00: 90976d80 → 0c398d8d (+3.8 min)
  - Tour at 2025-05-22 19:00:00: 25ffdb26 → 0c398d8d (+3.8 min)
  - Tour at 2025-05-22 20:00:00: 90976d80 → 25ffdb26 (+7.7 min)
DEBUG 2025-05-22: Optimization complete
================================================================================
DEBUG 2025-05-22: Starting optimization
DEBUG 2025-05-22: Current travel = 69.6 minutes
DEBUG 2025-05-22: Total tours = 24
DEBUG 2025-05-22: Available agents = 9
DEBUG 2025-05-22: Tour times range from 2025-05-22 13:00:00 to 2025-05-22 22:00:00
DEBUG 2025-05-22: Processing tour 1/24: 2025-05-22 13:00:00 at Property 64940 (ESCORTED)
DEBUG 2025-05-22: Tour 1 assigned to 0c398d8d
DEBUG 2025-05-22: Travel time = 0.0 minutes
DEBUG 2025-05-22: Processing tour 2/24: 2025-05-22 13:15:00 at Property 151243 (ESCORTED)
DEBUG 2025-05-22: Tour 2 assigned to 90976d80
DEBUG 2025-05-22: Travel time = 0.0 minutes
DEBUG 2025-05-22: Processing tour 3/24: 2025-05-22 14:00:00 at Property 151243 (VIRTUAL_TOUR)
DEBUG 2025-05-22: Tour 3 assigned to 25ffdb26
DEBUG 2025-05-22: Travel time = 0.0 minutes
DEBUG 2025-05-22: REASSIGNMENT - Original: fcb34375 → New: 25ffdb26
DEBUG 2025-05-22: Travel change: 0.0 → 0.0 (difference: 0.0)
DEBUG 2025-05-22: Processing tour 4/24: 2025-05-22 14:00:00 at Property 78139 (ESCORTED)
DEBUG 2025-05-22: Tour 4 assigned to fcb34375
DEBUG 2025-05-22: Travel time = 0.0 minutes
DEBUG 2025-05-22: REASSIGNMENT - Original: 25ffdb26 → New: fcb34375
DEBUG 2025-05-22: Travel change: 0.0 → 0.0 (difference: 0.0)
DEBUG 2025-05-22: Processing tour 5/24: 2025-05-22 14:45:00 at Property 64932 (ESCORTED)
DEBUG 2025-05-22: Tour 5 assigned to 90976d80
DEBUG 2025-05-22: Travel time = 7.6 minutes
DEBUG 2025-05-22: Processing tour 6/24: 2025-05-22 15:00:00 at Property 64937 (ESCORTED)
DEBUG 2025-05-22: Tour 6 assigned to 25ffdb26
DEBUG 2025-05-22: Travel time = 0.0 minutes
DEBUG 2025-05-22: REASSIGNMENT - Original: 0c398d8d → New: 25ffdb26
DEBUG 2025-05-22: Travel change: 5.6 → 0.0 (difference: 5.6)
DEBUG 2025-05-22: Processing tour 7/24: 2025-05-22 15:30:00 at Property 64937 (ESCORTED)
DEBUG 2025-05-22: Tour 7 assigned to 2d4a3e78
DEBUG 2025-05-22: Travel time = 0.0 minutes
DEBUG 2025-05-22: REASSIGNMENT - Original: 90976d80 → New: 2d4a3e78
DEBUG 2025-05-22: Travel change: 5.0 → 0.0 (difference: 5.0)
DEBUG 2025-05-22: Processing tour 8/24: 2025-05-22 15:30:00 at Property 64939 (ESCORTED)
DEBUG 2025-05-22: Tour 8 assigned to 0c398d8d
DEBUG 2025-05-22: Travel time = 5.0 minutes
DEBUG 2025-05-22: REASSIGNMENT - Original: 2d4a3e78 → New: 0c398d8d
DEBUG 2025-05-22: Travel change: 5.5 → 5.0 (difference: 0.5)
DEBUG 2025-05-22: Processing tour 9/24: 2025-05-22 16:00:00 at Property 151243 (ESCORTED)
DEBUG 2025-05-22: Tour 9 assigned to fcb34375
DEBUG 2025-05-22: Travel time = 5.0 minutes
DEBUG 2025-05-22: Processing tour 10/24: 2025-05-22 16:00:00 at Property 64933 (VIRTUAL_TOUR)
DEBUG 2025-05-22: Tour 10 assigned to 90976d80
DEBUG 2025-05-22: Travel time = 0.0 minutes
DEBUG 2025-05-22: REASSIGNMENT - Original: 25ffdb26 → New: 90976d80
DEBUG 2025-05-22: Travel change: 0.0 → 0.0 (difference: 0.0)
DEBUG 2025-05-22: Processing tour 11/24: 2025-05-22 16:00:00 at Property 64937 (ESCORTED)
DEBUG 2025-05-22: Tour 11 assigned to 25ffdb26
DEBUG 2025-05-22: Travel time = 0.0 minutes
DEBUG 2025-05-22: REASSIGNMENT - Original: 0c398d8d → New: 25ffdb26
DEBUG 2025-05-22: Travel change: 5.5 → 0.0 (difference: 5.5)
DEBUG 2025-05-22: Processing tour 12/24: 2025-05-22 17:00:00 at Property 64938 (ESCORTED)
DEBUG 2025-05-22: Tour 12 assigned to aeabf7ea
DEBUG 2025-05-22: Travel time = 0.0 minutes
DEBUG 2025-05-22: REASSIGNMENT - Original: cd0ff517 → New: aeabf7ea
DEBUG 2025-05-22: Travel change: 0.0 → 0.0 (difference: 0.0)
DEBUG 2025-05-22: Processing tour 13/24: 2025-05-22 17:00:00 at Property 64932 (ESCORTED)
DEBUG 2025-05-22: Tour 13 assigned to cd0ff517
DEBUG 2025-05-22: Travel time = 0.0 minutes
DEBUG 2025-05-22: REASSIGNMENT - Original: aeabf7ea → New: cd0ff517
DEBUG 2025-05-22: Travel change: 13.8 → 0.0 (difference: 13.8)
DEBUG 2025-05-22: Processing tour 14/24: 2025-05-22 17:00:00 at Property 100490 (ESCORTED)
DEBUG 2025-05-22: Tour 14 assigned to 0c398d8d
DEBUG 2025-05-22: Travel time = 8.8 minutes
DEBUG 2025-05-22: REASSIGNMENT - Original: 90976d80 → New: 0c398d8d
DEBUG 2025-05-22: Travel change: 5.0 → 8.8 (difference: -3.8)
WARNING 2025-05-22: Reassignment INCREASED travel by 3.8 minutes!
DEBUG 2025-05-22: Processing tour 15/24: 2025-05-22 18:00:00 at Property 64932 (ESCORTED)
DEBUG 2025-05-22: Tour 15 assigned to 90976d80
DEBUG 2025-05-22: Travel time = 0.0 minutes
DEBUG 2025-05-22: REASSIGNMENT - Original: 0c398d8d → New: 90976d80
DEBUG 2025-05-22: Travel change: 5.0 → 0.0 (difference: 5.0)
DEBUG 2025-05-22: Processing tour 16/24: 2025-05-22 18:30:00 at Property 64942 (ESCORTED)
DEBUG 2025-05-22: Tour 16 assigned to 25ffdb26
DEBUG 2025-05-22: Travel time = 7.1 minutes
DEBUG 2025-05-22: REASSIGNMENT - Original: 90976d80 → New: 25ffdb26
DEBUG 2025-05-22: Travel change: 6.3 → 7.1 (difference: -0.8)
WARNING 2025-05-22: Reassignment INCREASED travel by 0.8 minutes!
DEBUG 2025-05-22: Processing tour 17/24: 2025-05-22 19:00:00 at Property 64940 (ESCORTED)
DEBUG 2025-05-22: Tour 17 assigned to 0c398d8d
DEBUG 2025-05-22: Travel time = 8.8 minutes
DEBUG 2025-05-22: REASSIGNMENT - Original: 25ffdb26 → New: 0c398d8d
DEBUG 2025-05-22: Travel change: 7.8 → 8.8 (difference: -1.0)
WARNING 2025-05-22: Reassignment INCREASED travel by 1.0 minutes!
DEBUG 2025-05-22: Processing tour 18/24: 2025-05-22 19:30:00 at Property 64932 (ESCORTED)
DEBUG 2025-05-22: Tour 18 assigned to 90976d80
DEBUG 2025-05-22: Travel time = 0.0 minutes
DEBUG 2025-05-22: REASSIGNMENT - Original: aeabf7ea → New: 90976d80
DEBUG 2025-05-22: Travel change: 13.8 → 0.0 (difference: 13.8)
DEBUG 2025-05-22: Processing tour 19/24: 2025-05-22 19:30:00 at Property 64939 (ESCORTED)
DEBUG 2025-05-22: Tour 19 assigned to 88f5454b
DEBUG 2025-05-22: Travel time = 0.0 minutes
DEBUG 2025-05-22: Processing tour 20/24: 2025-05-22 19:30:00 at Property 64934 (ESCORTED)
DEBUG 2025-05-22: Tour 20 assigned to 570ebd49
DEBUG 2025-05-22: Travel time = 0.0 minutes
DEBUG 2025-05-22: Processing tour 21/24: 2025-05-22 20:00:00 at Property 64932 (ESCORTED)
DEBUG 2025-05-22: Tour 21 assigned to 25ffdb26
DEBUG 2025-05-22: Travel time = 6.3 minutes
DEBUG 2025-05-22: REASSIGNMENT - Original: 90976d80 → New: 25ffdb26
DEBUG 2025-05-22: Travel change: 0.0 → 6.3 (difference: -6.3)
WARNING 2025-05-22: Reassignment INCREASED travel by 6.3 minutes!
DEBUG 2025-05-22: Processing tour 22/24: 2025-05-22 20:00:00 at Property 64937 (ESCORTED)
DEBUG 2025-05-22: Tour 22 assigned to 0c398d8d
DEBUG 2025-05-22: Travel time = 5.6 minutes
DEBUG 2025-05-22: Processing tour 23/24: 2025-05-22 20:30:00 at Property 64938 (ESCORTED)
DEBUG 2025-05-22: Tour 23 assigned to 25ffdb26
DEBUG 2025-05-22: Travel time = 13.8 minutes
DEBUG 2025-05-22: Processing tour 24/24: 2025-05-22 21:00:00 at Property 64937 (ESCORTED)
DEBUG 2025-05-22: Tour 24 assigned to 90976d80
DEBUG 2025-05-22: Travel time = 5.0 minutes
DEBUG 2025-05-22: Optimized travel = 73.0 minutes
DEBUG 2025-05-22: Savings = -3.4 minutes
DEBUG 2025-05-22: Reassignments made = 15/24
WARNING 2025-05-22: NEGATIVE SAVINGS! Optimization made things worse.
WARNING 2025-05-22: 4 problematic reassignments found:
  - Tour at 2025-05-22 17:00:00: 90976d80 → 0c398d8d (+3.8 min)
  - Tour at 2025-05-22 18:30:00: 90976d80 → 25ffdb26 (+0.8 min)
  - Tour at 2025-05-22 19:00:00: 25ffdb26 → 0c398d8d (+1.0 min)
  - Tour at 2025-05-22 20:00:00: 90976d80 → 25ffdb26 (+6.3 min)
DEBUG 2025-05-22: Optimization complete
================================================================================
DEBUG 2025-05-22: Calculated optimized travel (sum method): 73.0
DEBUG 2025-05-22: Validated optimized travel (proven method): 69.6
DEBUG 2025-05-22: Difference: 3.4
DEBUG 2025-05-22: Validated savings: 0.0
DEBUG 2025-05-22: Starting optimization
DEBUG 2025-05-22: Current travel = 69.6 minutes
DEBUG 2025-05-22: Total tours = 24
DEBUG 2025-05-22: Available agents = 9
DEBUG 2025-05-22: Tour times range from 2025-05-22 13:00:00 to 2025-05-22 22:00:00
DEBUG 2025-05-22: Processing tour 1/24: 2025-05-22 13:00:00 at Property 64940 (ESCORTED)
DEBUG 2025-05-22: Tour 1 assigned to 0c398d8d
DEBUG 2025-05-22: Travel time = 0.0 minutes
DEBUG 2025-05-22: Processing tour 2/24: 2025-05-22 13:15:00 at Property 151243 (ESCORTED)
DEBUG 2025-05-22: Tour 2 assigned to 90976d80
DEBUG 2025-05-22: Travel time = 0.0 minutes
DEBUG 2025-05-22: Processing tour 3/24: 2025-05-22 14:00:00 at Property 151243 (VIRTUAL_TOUR)
DEBUG 2025-05-22: Tour 3 assigned to 25ffdb26
DEBUG 2025-05-22: Travel time = 0.0 minutes
DEBUG 2025-05-22: REASSIGNMENT - Original: fcb34375 → New: 25ffdb26
DEBUG 2025-05-22: Travel change: 0.0 → 0.0 (difference: 0.0)
DEBUG 2025-05-22: Processing tour 4/24: 2025-05-22 14:00:00 at Property 78139 (ESCORTED)
DEBUG 2025-05-22: Tour 4 assigned to fcb34375
DEBUG 2025-05-22: Travel time = 0.0 minutes
DEBUG 2025-05-22: REASSIGNMENT - Original: 25ffdb26 → New: fcb34375
DEBUG 2025-05-22: Travel change: 0.0 → 0.0 (difference: 0.0)
DEBUG 2025-05-22: Processing tour 5/24: 2025-05-22 14:45:00 at Property 64932 (ESCORTED)
DEBUG 2025-05-22: Tour 5 assigned to 90976d80
DEBUG 2025-05-22: Travel time = 7.6 minutes
DEBUG 2025-05-22: Processing tour 6/24: 2025-05-22 15:00:00 at Property 64937 (ESCORTED)
DEBUG 2025-05-22: Tour 6 assigned to 25ffdb26
DEBUG 2025-05-22: Travel time = 0.0 minutes
DEBUG 2025-05-22: REASSIGNMENT - Original: 0c398d8d → New: 25ffdb26
DEBUG 2025-05-22: Travel change: 5.6 → 0.0 (difference: 5.6)
DEBUG 2025-05-22: Processing tour 7/24: 2025-05-22 15:30:00 at Property 64937 (ESCORTED)
DEBUG 2025-05-22: Tour 7 assigned to 2d4a3e78
DEBUG 2025-05-22: Travel time = 0.0 minutes
DEBUG 2025-05-22: REASSIGNMENT - Original: 90976d80 → New: 2d4a3e78
DEBUG 2025-05-22: Travel change: 5.0 → 0.0 (difference: 5.0)
DEBUG 2025-05-22: Processing tour 8/24: 2025-05-22 15:30:00 at Property 64939 (ESCORTED)
DEBUG 2025-05-22: Tour 8 assigned to 0c398d8d
DEBUG 2025-05-22: Travel time = 5.0 minutes
DEBUG 2025-05-22: REASSIGNMENT - Original: 2d4a3e78 → New: 0c398d8d
DEBUG 2025-05-22: Travel change: 5.5 → 5.0 (difference: 0.5)
DEBUG 2025-05-22: Processing tour 9/24: 2025-05-22 16:00:00 at Property 151243 (ESCORTED)
DEBUG 2025-05-22: Tour 9 assigned to fcb34375
DEBUG 2025-05-22: Travel time = 5.0 minutes
DEBUG 2025-05-22: Processing tour 10/24: 2025-05-22 16:00:00 at Property 64933 (VIRTUAL_TOUR)
DEBUG 2025-05-22: Tour 10 assigned to 90976d80
DEBUG 2025-05-22: Travel time = 0.0 minutes
DEBUG 2025-05-22: REASSIGNMENT - Original: 25ffdb26 → New: 90976d80
DEBUG 2025-05-22: Travel change: 0.0 → 0.0 (difference: 0.0)
DEBUG 2025-05-22: Processing tour 11/24: 2025-05-22 16:00:00 at Property 64937 (ESCORTED)
DEBUG 2025-05-22: Tour 11 assigned to 25ffdb26
DEBUG 2025-05-22: Travel time = 0.0 minutes
DEBUG 2025-05-22: REASSIGNMENT - Original: 0c398d8d → New: 25ffdb26
DEBUG 2025-05-22: Travel change: 5.5 → 0.0 (difference: 5.5)
DEBUG 2025-05-22: Processing tour 12/24: 2025-05-22 17:00:00 at Property 64938 (ESCORTED)
DEBUG 2025-05-22: Tour 12 assigned to aeabf7ea
DEBUG 2025-05-22: Travel time = 0.0 minutes
DEBUG 2025-05-22: REASSIGNMENT - Original: cd0ff517 → New: aeabf7ea
DEBUG 2025-05-22: Travel change: 0.0 → 0.0 (difference: 0.0)
DEBUG 2025-05-22: Processing tour 13/24: 2025-05-22 17:00:00 at Property 64932 (ESCORTED)
DEBUG 2025-05-22: Tour 13 assigned to cd0ff517
DEBUG 2025-05-22: Travel time = 0.0 minutes
DEBUG 2025-05-22: REASSIGNMENT - Original: aeabf7ea → New: cd0ff517
DEBUG 2025-05-22: Travel change: 13.8 → 0.0 (difference: 13.8)
DEBUG 2025-05-22: Processing tour 14/24: 2025-05-22 17:00:00 at Property 100490 (ESCORTED)
DEBUG 2025-05-22: Tour 14 assigned to 0c398d8d
DEBUG 2025-05-22: Travel time = 8.8 minutes
DEBUG 2025-05-22: REASSIGNMENT - Original: 90976d80 → New: 0c398d8d
DEBUG 2025-05-22: Travel change: 5.0 → 8.8 (difference: -3.8)
WARNING 2025-05-22: Reassignment INCREASED travel by 3.8 minutes!
DEBUG 2025-05-22: Processing tour 15/24: 2025-05-22 18:00:00 at Property 64932 (ESCORTED)
DEBUG 2025-05-22: Tour 15 assigned to 90976d80
DEBUG 2025-05-22: Travel time = 0.0 minutes
DEBUG 2025-05-22: REASSIGNMENT - Original: 0c398d8d → New: 90976d80
DEBUG 2025-05-22: Travel change: 5.0 → 0.0 (difference: 5.0)
DEBUG 2025-05-22: Processing tour 16/24: 2025-05-22 18:30:00 at Property 64942 (ESCORTED)
DEBUG 2025-05-22: Tour 16 assigned to 25ffdb26
DEBUG 2025-05-22: Travel time = 7.1 minutes
DEBUG 2025-05-22: REASSIGNMENT - Original: 90976d80 → New: 25ffdb26
DEBUG 2025-05-22: Travel change: 6.3 → 7.1 (difference: -0.8)
WARNING 2025-05-22: Reassignment INCREASED travel by 0.8 minutes!
DEBUG 2025-05-22: Processing tour 17/24: 2025-05-22 19:00:00 at Property 64940 (ESCORTED)
DEBUG 2025-05-22: Tour 17 assigned to 0c398d8d
DEBUG 2025-05-22: Travel time = 8.8 minutes
DEBUG 2025-05-22: REASSIGNMENT - Original: 25ffdb26 → New: 0c398d8d
DEBUG 2025-05-22: Travel change: 7.8 → 8.8 (difference: -1.0)
WARNING 2025-05-22: Reassignment INCREASED travel by 1.0 minutes!
DEBUG 2025-05-22: Processing tour 18/24: 2025-05-22 19:30:00 at Property 64932 (ESCORTED)
DEBUG 2025-05-22: Tour 18 assigned to 90976d80
DEBUG 2025-05-22: Travel time = 0.0 minutes
DEBUG 2025-05-22: REASSIGNMENT - Original: aeabf7ea → New: 90976d80
DEBUG 2025-05-22: Travel change: 13.8 → 0.0 (difference: 13.8)
DEBUG 2025-05-22: Processing tour 19/24: 2025-05-22 19:30:00 at Property 64939 (ESCORTED)
DEBUG 2025-05-22: Tour 19 assigned to 88f5454b
DEBUG 2025-05-22: Travel time = 0.0 minutes
DEBUG 2025-05-22: Processing tour 20/24: 2025-05-22 19:30:00 at Property 64934 (ESCORTED)
DEBUG 2025-05-22: Tour 20 assigned to 570ebd49
DEBUG 2025-05-22: Travel time = 0.0 minutes
DEBUG 2025-05-22: Processing tour 21/24: 2025-05-22 20:00:00 at Property 64932 (ESCORTED)
DEBUG 2025-05-22: Tour 21 assigned to 25ffdb26
DEBUG 2025-05-22: Travel time = 6.3 minutes
DEBUG 2025-05-22: REASSIGNMENT - Original: 90976d80 → New: 25ffdb26
DEBUG 2025-05-22: Travel change: 0.0 → 6.3 (difference: -6.3)
WARNING 2025-05-22: Reassignment INCREASED travel by 6.3 minutes!
DEBUG 2025-05-22: Processing tour 22/24: 2025-05-22 20:00:00 at Property 64937 (ESCORTED)
DEBUG 2025-05-22: Tour 22 assigned to 0c398d8d
DEBUG 2025-05-22: Travel time = 5.6 minutes
DEBUG 2025-05-22: Processing tour 23/24: 2025-05-22 20:30:00 at Property 64938 (ESCORTED)
DEBUG 2025-05-22: Tour 23 assigned to 25ffdb26
DEBUG 2025-05-22: Travel time = 13.8 minutes
DEBUG 2025-05-22: Processing tour 24/24: 2025-05-22 21:00:00 at Property 64937 (ESCORTED)
DEBUG 2025-05-22: Tour 24 assigned to 90976d80
DEBUG 2025-05-22: Travel time = 5.0 minutes
DEBUG 2025-05-22: Calculated optimized travel (sum method): 73.0
DEBUG 2025-05-22: Validated optimized travel (proven method): 69.6
DEBUG 2025-05-22: Difference: 3.4
DEBUG 2025-05-22: Validated savings: 0.0
DEBUG 2025-05-22: Reassignments made = 15/24
DEBUG 2025-05-22: Optimization complete
================================================================================
