DEBUG 2025-05-09: Starting optimization
DEBUG 2025-05-09: Current travel = 116.1 minutes
DEBUG 2025-05-09: Total tours = 32
DEBUG 2025-05-09: Available agents = 10
DEBUG 2025-05-09: Tour times range from 2025-05-09 13:00:00 to 2025-05-09 22:00:00
DEBUG 2025-05-09: Processing tour 1/32: 2025-05-09 13:00:00 at Property 64943 (VIRTUAL_TOUR)
DEBUG 2025-05-09: Tour 1 assigned to 0650940d
DEBUG 2025-05-09: Travel time = 0.0 minutes
DEBUG 2025-05-09: REASSIGNMENT - Original: 883d41c8 → New: 0650940d
DEBUG 2025-05-09: Travel change: 0.0 → 0.0 (difference: 0.0)
DEBUG 2025-05-09: Processing tour 2/32: 2025-05-09 13:00:00 at Property 64933 (ESCORTED)
DEBUG 2025-05-09: Tour 2 assigned to 2d4a3e78
DEBUG 2025-05-09: Travel time = 0.0 minutes
DEBUG 2025-05-09: REASSIGNMENT - Original: 0650940d → New: 2d4a3e78
DEBUG 2025-05-09: Travel change: 0.0 → 0.0 (difference: 0.0)
DEBUG 2025-05-09: Processing tour 3/32: 2025-05-09 13:00:00 at Property 64939 (ESCORTED)
DEBUG 2025-05-09: Tour 3 assigned to 883d41c8
DEBUG 2025-05-09: Travel time = 0.0 minutes
DEBUG 2025-05-09: REASSIGNMENT - Original: 2d4a3e78 → New: 883d41c8
DEBUG 2025-05-09: Travel change: 8.1 → 0.0 (difference: 8.1)
DEBUG 2025-05-09: Processing tour 4/32: 2025-05-09 14:00:00 at Property 64934 (ESCORTED)
DEBUG 2025-05-09: Tour 4 assigned to 28be1402
DEBUG 2025-05-09: Travel time = 0.0 minutes
DEBUG 2025-05-09: Processing tour 5/32: 2025-05-09 14:00:00 at Property 64933 (ESCORTED)
DEBUG 2025-05-09: Tour 5 assigned to 2d4a3e78
DEBUG 2025-05-09: Travel time = 0.0 minutes
DEBUG 2025-05-09: REASSIGNMENT - Original: 28be1402 → New: 2d4a3e78
DEBUG 2025-05-09: Travel change: 5.0 → 0.0 (difference: 5.0)
DEBUG 2025-05-09: Processing tour 6/32: 2025-05-09 14:00:00 at Property 64938 (ESCORTED)
DEBUG 2025-05-09: Tour 6 assigned to 0650940d
DEBUG 2025-05-09: Travel time = 0.0 minutes
DEBUG 2025-05-09: Processing tour 7/32: 2025-05-09 14:30:00 at Property 64936 (ESCORTED)
DEBUG 2025-05-09: Tour 7 assigned to 90976d80
DEBUG 2025-05-09: Travel time = 0.0 minutes
DEBUG 2025-05-09: Processing tour 8/32: 2025-05-09 15:00:00 at Property 64934 (ESCORTED)
DEBUG 2025-05-09: Tour 8 assigned to 28be1402
DEBUG 2025-05-09: Travel time = 0.0 minutes
DEBUG 2025-05-09: REASSIGNMENT - Original: c99885bc → New: 28be1402
DEBUG 2025-05-09: Travel change: 0.0 → 0.0 (difference: 0.0)
DEBUG 2025-05-09: Processing tour 9/32: 2025-05-09 15:30:00 at Property 64932 (VIRTUAL_TOUR)
DEBUG 2025-05-09: Tour 9 assigned to fe3fff05
DEBUG 2025-05-09: Travel time = 0.0 minutes
DEBUG 2025-05-09: Processing tour 10/32: 2025-05-09 15:30:00 at Property 64933 (ESCORTED)
DEBUG 2025-05-09: Tour 10 assigned to 2d4a3e78
DEBUG 2025-05-09: Travel time = 0.0 minutes
DEBUG 2025-05-09: REASSIGNMENT - Original: c99885bc → New: 2d4a3e78
DEBUG 2025-05-09: Travel change: 0.0 → 0.0 (difference: 0.0)
DEBUG 2025-05-09: Processing tour 11/32: 2025-05-09 15:30:00 at Property 64938 (ESCORTED)
DEBUG 2025-05-09: Tour 11 assigned to 0650940d
DEBUG 2025-05-09: Travel time = 0.0 minutes
DEBUG 2025-05-09: REASSIGNMENT - Original: 0c398d8d → New: 0650940d
DEBUG 2025-05-09: Travel change: 0.0 → 0.0 (difference: 0.0)
DEBUG 2025-05-09: Processing tour 12/32: 2025-05-09 16:00:00 at Property 64934 (ESCORTED)
DEBUG 2025-05-09: Tour 12 assigned to 0c398d8d
DEBUG 2025-05-09: Travel time = 0.0 minutes
DEBUG 2025-05-09: REASSIGNMENT - Original: c99885bc → New: 0c398d8d
DEBUG 2025-05-09: Travel change: 0.0 → 0.0 (difference: 0.0)
DEBUG 2025-05-09: Processing tour 13/32: 2025-05-09 16:00:00 at Property 64933 (ESCORTED)
DEBUG 2025-05-09: Tour 13 assigned to c99885bc
DEBUG 2025-05-09: Travel time = 0.0 minutes
DEBUG 2025-05-09: REASSIGNMENT - Original: 90976d80 → New: c99885bc
DEBUG 2025-05-09: Travel change: 5.0 → 0.0 (difference: 5.0)
DEBUG 2025-05-09: Processing tour 14/32: 2025-05-09 16:00:00 at Property 64940 (ESCORTED)
DEBUG 2025-05-09: Tour 14 assigned to 90976d80
DEBUG 2025-05-09: Travel time = 7.8 minutes
DEBUG 2025-05-09: REASSIGNMENT - Original: 2d4a3e78 → New: 90976d80
DEBUG 2025-05-09: Travel change: 8.1 → 7.8 (difference: 0.3)
DEBUG 2025-05-09: Processing tour 15/32: 2025-05-09 16:00:00 at Property 64933 (ESCORTED)
DEBUG 2025-05-09: Tour 15 assigned to 0650940d
DEBUG 2025-05-09: Travel time = 14.8 minutes
DEBUG 2025-05-09: Processing tour 16/32: 2025-05-09 17:00:00 at Property 64943 (ESCORTED)
DEBUG 2025-05-09: Tour 16 assigned to fe3fff05
DEBUG 2025-05-09: Travel time = 0.0 minutes
DEBUG 2025-05-09: REASSIGNMENT - Original: 90976d80 → New: fe3fff05
DEBUG 2025-05-09: Travel change: 7.9 → 0.0 (difference: 7.9)
DEBUG 2025-05-09: Processing tour 17/32: 2025-05-09 17:00:00 at Property 64935 (ESCORTED)
DEBUG 2025-05-09: Tour 17 assigned to 0650940d
DEBUG 2025-05-09: Travel time = 5.0 minutes
DEBUG 2025-05-09: REASSIGNMENT - Original: 28be1402 → New: 0650940d
DEBUG 2025-05-09: Travel change: 5.0 → 5.0 (difference: 0.0)
DEBUG 2025-05-09: Processing tour 18/32: 2025-05-09 17:00:00 at Property 64938 (ESCORTED)
DEBUG 2025-05-09: Tour 18 assigned to 28be1402
DEBUG 2025-05-09: Travel time = 14.5 minutes
DEBUG 2025-05-09: REASSIGNMENT - Original: 0650940d → New: 28be1402
DEBUG 2025-05-09: Travel change: 14.7 → 14.5 (difference: 0.2)
DEBUG 2025-05-09: Processing tour 19/32: 2025-05-09 17:00:00 at Property 64937 (ESCORTED)
DEBUG 2025-05-09: Tour 19 assigned to 2d4a3e78
DEBUG 2025-05-09: Travel time = 5.6 minutes
DEBUG 2025-05-09: REASSIGNMENT - Original: 0c398d8d → New: 2d4a3e78
DEBUG 2025-05-09: Travel change: 5.3 → 5.6 (difference: -0.3)
WARNING 2025-05-09: Reassignment INCREASED travel by 0.3 minutes!
DEBUG 2025-05-09: Processing tour 20/32: 2025-05-09 17:30:00 at Property 64943 (ESCORTED)
DEBUG 2025-05-09: Tour 20 assigned to 0c398d8d
DEBUG 2025-05-09: Travel time = 5.0 minutes
DEBUG 2025-05-09: REASSIGNMENT - Original: 90976d80 → New: 0c398d8d
DEBUG 2025-05-09: Travel change: 7.9 → 5.0 (difference: 2.9)
DEBUG 2025-05-09: Processing tour 21/32: 2025-05-09 18:00:00 at Property 64932 (ESCORTED)
DEBUG 2025-05-09: Tour 21 assigned to 90976d80
DEBUG 2025-05-09: Travel time = 7.9 minutes
DEBUG 2025-05-09: REASSIGNMENT - Original: fe3fff05 → New: 90976d80
DEBUG 2025-05-09: Travel change: 5.0 → 7.9 (difference: -2.9)
WARNING 2025-05-09: Reassignment INCREASED travel by 2.9 minutes!
DEBUG 2025-05-09: Processing tour 22/32: 2025-05-09 18:00:00 at Property 64939 (ESCORTED)
DEBUG 2025-05-09: Tour 22 assigned to 2d4a3e78
DEBUG 2025-05-09: Travel time = 5.5 minutes
DEBUG 2025-05-09: Processing tour 23/32: 2025-05-09 18:00:00 at Property 64933 (ESCORTED)
DEBUG 2025-05-09: Tour 23 assigned to 0c398d8d
DEBUG 2025-05-09: Travel time = 5.0 minutes
DEBUG 2025-05-09: Processing tour 24/32: 2025-05-09 18:30:00 at Property 64939 (ESCORTED)
DEBUG 2025-05-09: Tour 24 assigned to fe3fff05
DEBUG 2025-05-09: Travel time = 7.9 minutes
DEBUG 2025-05-09: REASSIGNMENT - Original: 2d4a3e78 → New: fe3fff05
DEBUG 2025-05-09: Travel change: 0.0 → 7.9 (difference: -7.9)
WARNING 2025-05-09: Reassignment INCREASED travel by 7.9 minutes!
DEBUG 2025-05-09: Processing tour 25/32: 2025-05-09 19:00:00 at Property 100490 (ESCORTED)
DEBUG 2025-05-09: Tour 25 assigned to a2f7da14
DEBUG 2025-05-09: Travel time = 0.0 minutes
DEBUG 2025-05-09: REASSIGNMENT - Original: fe3fff05 → New: a2f7da14
DEBUG 2025-05-09: Travel change: 8.8 → 0.0 (difference: 8.8)
DEBUG 2025-05-09: Processing tour 26/32: 2025-05-09 19:00:00 at Property 64938 (ESCORTED)
DEBUG 2025-05-09: Tour 26 assigned to 0650940d
DEBUG 2025-05-09: Travel time = 14.7 minutes
DEBUG 2025-05-09: REASSIGNMENT - Original: a2f7da14 → New: 0650940d
DEBUG 2025-05-09: Travel change: 14.1 → 14.7 (difference: -0.6)
WARNING 2025-05-09: Reassignment INCREASED travel by 0.6 minutes!
DEBUG 2025-05-09: Processing tour 27/32: 2025-05-09 19:00:00 at Property 64934 (ESCORTED)
DEBUG 2025-05-09: Tour 27 assigned to 90976d80
DEBUG 2025-05-09: Travel time = 5.0 minutes
DEBUG 2025-05-09: Processing tour 28/32: 2025-05-09 19:30:00 at Property 64939 (ESCORTED)
DEBUG 2025-05-09: Tour 28 assigned to fe3fff05
DEBUG 2025-05-09: Travel time = 0.0 minutes
DEBUG 2025-05-09: REASSIGNMENT - Original: 2d4a3e78 → New: fe3fff05
DEBUG 2025-05-09: Travel change: 0.0 → 0.0 (difference: 0.0)
DEBUG 2025-05-09: Processing tour 29/32: 2025-05-09 20:00:00 at Property 64932 (ESCORTED)
DEBUG 2025-05-09: Tour 29 assigned to fe3fff05
DEBUG 2025-05-09: Travel time = 7.9 minutes
DEBUG 2025-05-09: Processing tour 30/32: 2025-05-09 20:15:00 at Property 64933 (ESCORTED)
DEBUG 2025-05-09: Tour 30 assigned to 15683175
DEBUG 2025-05-09: Travel time = 0.0 minutes
DEBUG 2025-05-09: Processing tour 31/32: 2025-05-09 20:30:00 at Property 64938 (ESCORTED)
DEBUG 2025-05-09: Tour 31 assigned to 0650940d
DEBUG 2025-05-09: Travel time = 0.0 minutes
DEBUG 2025-05-09: Processing tour 32/32: 2025-05-09 21:00:00 at Property 64932 (ESCORTED)
DEBUG 2025-05-09: Tour 32 assigned to fe3fff05
DEBUG 2025-05-09: Travel time = 0.0 minutes
DEBUG 2025-05-09: Optimized travel = 106.6 minutes
DEBUG 2025-05-09: Savings = 9.5 minutes
DEBUG 2025-05-09: Reassignments made = 20/32
DEBUG 2025-05-09: Optimization complete
================================================================================
DEBUG 2025-05-09: Starting optimization
DEBUG 2025-05-09: Current travel = 116.1 minutes
DEBUG 2025-05-09: Total tours = 32
DEBUG 2025-05-09: Available agents = 10
DEBUG 2025-05-09: Tour times range from 2025-05-09 13:00:00 to 2025-05-09 22:00:00
DEBUG 2025-05-09: Processing tour 1/32: 2025-05-09 13:00:00 at Property 64943 (VIRTUAL_TOUR)
DEBUG 2025-05-09: Tour 1 assigned to 0650940d
DEBUG 2025-05-09: Travel time = 0.0 minutes
DEBUG 2025-05-09: REASSIGNMENT - Original: 883d41c8 → New: 0650940d
DEBUG 2025-05-09: Travel change: 0.0 → 0.0 (difference: 0.0)
DEBUG 2025-05-09: Processing tour 2/32: 2025-05-09 13:00:00 at Property 64933 (ESCORTED)
DEBUG 2025-05-09: Tour 2 assigned to 2d4a3e78
DEBUG 2025-05-09: Travel time = 0.0 minutes
DEBUG 2025-05-09: REASSIGNMENT - Original: 0650940d → New: 2d4a3e78
DEBUG 2025-05-09: Travel change: 0.0 → 0.0 (difference: 0.0)
DEBUG 2025-05-09: Processing tour 3/32: 2025-05-09 13:00:00 at Property 64939 (ESCORTED)
DEBUG 2025-05-09: Tour 3 assigned to 883d41c8
DEBUG 2025-05-09: Travel time = 0.0 minutes
DEBUG 2025-05-09: REASSIGNMENT - Original: 2d4a3e78 → New: 883d41c8
DEBUG 2025-05-09: Travel change: 8.1 → 0.0 (difference: 8.1)
DEBUG 2025-05-09: Processing tour 4/32: 2025-05-09 14:00:00 at Property 64934 (ESCORTED)
DEBUG 2025-05-09: Tour 4 assigned to 28be1402
DEBUG 2025-05-09: Travel time = 0.0 minutes
DEBUG 2025-05-09: Processing tour 5/32: 2025-05-09 14:00:00 at Property 64933 (ESCORTED)
DEBUG 2025-05-09: Tour 5 assigned to 2d4a3e78
DEBUG 2025-05-09: Travel time = 0.0 minutes
DEBUG 2025-05-09: REASSIGNMENT - Original: 28be1402 → New: 2d4a3e78
DEBUG 2025-05-09: Travel change: 5.0 → 0.0 (difference: 5.0)
DEBUG 2025-05-09: Processing tour 6/32: 2025-05-09 14:00:00 at Property 64938 (ESCORTED)
DEBUG 2025-05-09: Tour 6 assigned to 0650940d
DEBUG 2025-05-09: Travel time = 0.0 minutes
DEBUG 2025-05-09: Processing tour 7/32: 2025-05-09 14:30:00 at Property 64936 (ESCORTED)
DEBUG 2025-05-09: Tour 7 assigned to 90976d80
DEBUG 2025-05-09: Travel time = 0.0 minutes
DEBUG 2025-05-09: Processing tour 8/32: 2025-05-09 15:00:00 at Property 64934 (ESCORTED)
DEBUG 2025-05-09: Tour 8 assigned to 28be1402
DEBUG 2025-05-09: Travel time = 0.0 minutes
DEBUG 2025-05-09: REASSIGNMENT - Original: c99885bc → New: 28be1402
DEBUG 2025-05-09: Travel change: 0.0 → 0.0 (difference: 0.0)
DEBUG 2025-05-09: Processing tour 9/32: 2025-05-09 15:30:00 at Property 64932 (VIRTUAL_TOUR)
DEBUG 2025-05-09: Tour 9 assigned to fe3fff05
DEBUG 2025-05-09: Travel time = 0.0 minutes
DEBUG 2025-05-09: Processing tour 10/32: 2025-05-09 15:30:00 at Property 64933 (ESCORTED)
DEBUG 2025-05-09: Tour 10 assigned to 2d4a3e78
DEBUG 2025-05-09: Travel time = 0.0 minutes
DEBUG 2025-05-09: REASSIGNMENT - Original: c99885bc → New: 2d4a3e78
DEBUG 2025-05-09: Travel change: 0.0 → 0.0 (difference: 0.0)
DEBUG 2025-05-09: Processing tour 11/32: 2025-05-09 15:30:00 at Property 64938 (ESCORTED)
DEBUG 2025-05-09: Tour 11 assigned to 0650940d
DEBUG 2025-05-09: Travel time = 0.0 minutes
DEBUG 2025-05-09: REASSIGNMENT - Original: 0c398d8d → New: 0650940d
DEBUG 2025-05-09: Travel change: 0.0 → 0.0 (difference: 0.0)
DEBUG 2025-05-09: Processing tour 12/32: 2025-05-09 16:00:00 at Property 64934 (ESCORTED)
DEBUG 2025-05-09: Tour 12 assigned to 0c398d8d
DEBUG 2025-05-09: Travel time = 0.0 minutes
DEBUG 2025-05-09: REASSIGNMENT - Original: c99885bc → New: 0c398d8d
DEBUG 2025-05-09: Travel change: 0.0 → 0.0 (difference: 0.0)
DEBUG 2025-05-09: Processing tour 13/32: 2025-05-09 16:00:00 at Property 64933 (ESCORTED)
DEBUG 2025-05-09: Tour 13 assigned to c99885bc
DEBUG 2025-05-09: Travel time = 0.0 minutes
DEBUG 2025-05-09: REASSIGNMENT - Original: 90976d80 → New: c99885bc
DEBUG 2025-05-09: Travel change: 5.0 → 0.0 (difference: 5.0)
DEBUG 2025-05-09: Processing tour 14/32: 2025-05-09 16:00:00 at Property 64940 (ESCORTED)
DEBUG 2025-05-09: Tour 14 assigned to 90976d80
DEBUG 2025-05-09: Travel time = 7.8 minutes
DEBUG 2025-05-09: REASSIGNMENT - Original: 2d4a3e78 → New: 90976d80
DEBUG 2025-05-09: Travel change: 8.1 → 7.8 (difference: 0.3)
DEBUG 2025-05-09: Processing tour 15/32: 2025-05-09 16:00:00 at Property 64933 (ESCORTED)
DEBUG 2025-05-09: Tour 15 assigned to 0650940d
DEBUG 2025-05-09: Travel time = 14.8 minutes
DEBUG 2025-05-09: Processing tour 16/32: 2025-05-09 17:00:00 at Property 64943 (ESCORTED)
DEBUG 2025-05-09: Tour 16 assigned to fe3fff05
DEBUG 2025-05-09: Travel time = 0.0 minutes
DEBUG 2025-05-09: REASSIGNMENT - Original: 90976d80 → New: fe3fff05
DEBUG 2025-05-09: Travel change: 7.9 → 0.0 (difference: 7.9)
DEBUG 2025-05-09: Processing tour 17/32: 2025-05-09 17:00:00 at Property 64935 (ESCORTED)
DEBUG 2025-05-09: Tour 17 assigned to 0650940d
DEBUG 2025-05-09: Travel time = 5.0 minutes
DEBUG 2025-05-09: REASSIGNMENT - Original: 28be1402 → New: 0650940d
DEBUG 2025-05-09: Travel change: 5.0 → 5.0 (difference: 0.0)
DEBUG 2025-05-09: Processing tour 18/32: 2025-05-09 17:00:00 at Property 64938 (ESCORTED)
DEBUG 2025-05-09: Tour 18 assigned to 28be1402
DEBUG 2025-05-09: Travel time = 14.5 minutes
DEBUG 2025-05-09: REASSIGNMENT - Original: 0650940d → New: 28be1402
DEBUG 2025-05-09: Travel change: 14.7 → 14.5 (difference: 0.2)
DEBUG 2025-05-09: Processing tour 19/32: 2025-05-09 17:00:00 at Property 64937 (ESCORTED)
DEBUG 2025-05-09: Tour 19 assigned to 2d4a3e78
DEBUG 2025-05-09: Travel time = 5.6 minutes
DEBUG 2025-05-09: REASSIGNMENT - Original: 0c398d8d → New: 2d4a3e78
DEBUG 2025-05-09: Travel change: 5.3 → 5.6 (difference: -0.3)
WARNING 2025-05-09: Reassignment INCREASED travel by 0.3 minutes!
DEBUG 2025-05-09: Processing tour 20/32: 2025-05-09 17:30:00 at Property 64943 (ESCORTED)
DEBUG 2025-05-09: Tour 20 assigned to 0c398d8d
DEBUG 2025-05-09: Travel time = 5.0 minutes
DEBUG 2025-05-09: REASSIGNMENT - Original: 90976d80 → New: 0c398d8d
DEBUG 2025-05-09: Travel change: 7.9 → 5.0 (difference: 2.9)
DEBUG 2025-05-09: Processing tour 21/32: 2025-05-09 18:00:00 at Property 64932 (ESCORTED)
DEBUG 2025-05-09: Tour 21 assigned to 90976d80
DEBUG 2025-05-09: Travel time = 7.9 minutes
DEBUG 2025-05-09: REASSIGNMENT - Original: fe3fff05 → New: 90976d80
DEBUG 2025-05-09: Travel change: 5.0 → 7.9 (difference: -2.9)
WARNING 2025-05-09: Reassignment INCREASED travel by 2.9 minutes!
DEBUG 2025-05-09: Processing tour 22/32: 2025-05-09 18:00:00 at Property 64939 (ESCORTED)
DEBUG 2025-05-09: Tour 22 assigned to 2d4a3e78
DEBUG 2025-05-09: Travel time = 5.5 minutes
DEBUG 2025-05-09: Processing tour 23/32: 2025-05-09 18:00:00 at Property 64933 (ESCORTED)
DEBUG 2025-05-09: Tour 23 assigned to 0c398d8d
DEBUG 2025-05-09: Travel time = 5.0 minutes
DEBUG 2025-05-09: Processing tour 24/32: 2025-05-09 18:30:00 at Property 64939 (ESCORTED)
DEBUG 2025-05-09: Tour 24 assigned to fe3fff05
DEBUG 2025-05-09: Travel time = 7.9 minutes
DEBUG 2025-05-09: REASSIGNMENT - Original: 2d4a3e78 → New: fe3fff05
DEBUG 2025-05-09: Travel change: 0.0 → 7.9 (difference: -7.9)
WARNING 2025-05-09: Reassignment INCREASED travel by 7.9 minutes!
DEBUG 2025-05-09: Processing tour 25/32: 2025-05-09 19:00:00 at Property 100490 (ESCORTED)
DEBUG 2025-05-09: Tour 25 assigned to a2f7da14
DEBUG 2025-05-09: Travel time = 0.0 minutes
DEBUG 2025-05-09: REASSIGNMENT - Original: fe3fff05 → New: a2f7da14
DEBUG 2025-05-09: Travel change: 8.8 → 0.0 (difference: 8.8)
DEBUG 2025-05-09: Processing tour 26/32: 2025-05-09 19:00:00 at Property 64938 (ESCORTED)
DEBUG 2025-05-09: Tour 26 assigned to 0650940d
DEBUG 2025-05-09: Travel time = 14.7 minutes
DEBUG 2025-05-09: REASSIGNMENT - Original: a2f7da14 → New: 0650940d
DEBUG 2025-05-09: Travel change: 14.1 → 14.7 (difference: -0.6)
WARNING 2025-05-09: Reassignment INCREASED travel by 0.6 minutes!
DEBUG 2025-05-09: Processing tour 27/32: 2025-05-09 19:00:00 at Property 64934 (ESCORTED)
DEBUG 2025-05-09: Tour 27 assigned to 90976d80
DEBUG 2025-05-09: Travel time = 5.0 minutes
DEBUG 2025-05-09: Processing tour 28/32: 2025-05-09 19:30:00 at Property 64939 (ESCORTED)
DEBUG 2025-05-09: Tour 28 assigned to fe3fff05
DEBUG 2025-05-09: Travel time = 0.0 minutes
DEBUG 2025-05-09: REASSIGNMENT - Original: 2d4a3e78 → New: fe3fff05
DEBUG 2025-05-09: Travel change: 0.0 → 0.0 (difference: 0.0)
DEBUG 2025-05-09: Processing tour 29/32: 2025-05-09 20:00:00 at Property 64932 (ESCORTED)
DEBUG 2025-05-09: Tour 29 assigned to fe3fff05
DEBUG 2025-05-09: Travel time = 7.9 minutes
DEBUG 2025-05-09: Processing tour 30/32: 2025-05-09 20:15:00 at Property 64933 (ESCORTED)
DEBUG 2025-05-09: Tour 30 assigned to 15683175
DEBUG 2025-05-09: Travel time = 0.0 minutes
DEBUG 2025-05-09: Processing tour 31/32: 2025-05-09 20:30:00 at Property 64938 (ESCORTED)
DEBUG 2025-05-09: Tour 31 assigned to 0650940d
DEBUG 2025-05-09: Travel time = 0.0 minutes
DEBUG 2025-05-09: Processing tour 32/32: 2025-05-09 21:00:00 at Property 64932 (ESCORTED)
DEBUG 2025-05-09: Tour 32 assigned to fe3fff05
DEBUG 2025-05-09: Travel time = 0.0 minutes
DEBUG 2025-05-09: Optimized travel = 106.6 minutes
DEBUG 2025-05-09: Savings = 9.5 minutes
DEBUG 2025-05-09: Reassignments made = 20/32
DEBUG 2025-05-09: Optimization complete
================================================================================
DEBUG 2025-05-09: Calculated optimized travel (sum method): 106.6
DEBUG 2025-05-09: Validated optimized travel (proven method): 116.1
DEBUG 2025-05-09: Difference: -9.5
DEBUG 2025-05-09: Validated savings: 0.0
DEBUG 2025-05-09: Starting optimization
DEBUG 2025-05-09: Current travel = 116.1 minutes
DEBUG 2025-05-09: Total tours = 32
DEBUG 2025-05-09: Available agents = 10
DEBUG 2025-05-09: Tour times range from 2025-05-09 13:00:00 to 2025-05-09 22:00:00
DEBUG 2025-05-09: Processing tour 1/32: 2025-05-09 13:00:00 at Property 64943 (VIRTUAL_TOUR)
DEBUG 2025-05-09: Tour 1 assigned to 0650940d
DEBUG 2025-05-09: Travel time = 0.0 minutes
DEBUG 2025-05-09: REASSIGNMENT - Original: 883d41c8 → New: 0650940d
DEBUG 2025-05-09: Travel change: 0.0 → 0.0 (difference: 0.0)
DEBUG 2025-05-09: Processing tour 2/32: 2025-05-09 13:00:00 at Property 64933 (ESCORTED)
DEBUG 2025-05-09: Tour 2 assigned to 2d4a3e78
DEBUG 2025-05-09: Travel time = 0.0 minutes
DEBUG 2025-05-09: REASSIGNMENT - Original: 0650940d → New: 2d4a3e78
DEBUG 2025-05-09: Travel change: 0.0 → 0.0 (difference: 0.0)
DEBUG 2025-05-09: Processing tour 3/32: 2025-05-09 13:00:00 at Property 64939 (ESCORTED)
DEBUG 2025-05-09: Tour 3 assigned to 883d41c8
DEBUG 2025-05-09: Travel time = 0.0 minutes
DEBUG 2025-05-09: REASSIGNMENT - Original: 2d4a3e78 → New: 883d41c8
DEBUG 2025-05-09: Travel change: 8.1 → 0.0 (difference: 8.1)
DEBUG 2025-05-09: Processing tour 4/32: 2025-05-09 14:00:00 at Property 64934 (ESCORTED)
DEBUG 2025-05-09: Tour 4 assigned to 28be1402
DEBUG 2025-05-09: Travel time = 0.0 minutes
DEBUG 2025-05-09: Processing tour 5/32: 2025-05-09 14:00:00 at Property 64933 (ESCORTED)
DEBUG 2025-05-09: Tour 5 assigned to 2d4a3e78
DEBUG 2025-05-09: Travel time = 0.0 minutes
DEBUG 2025-05-09: REASSIGNMENT - Original: 28be1402 → New: 2d4a3e78
DEBUG 2025-05-09: Travel change: 5.0 → 0.0 (difference: 5.0)
DEBUG 2025-05-09: Processing tour 6/32: 2025-05-09 14:00:00 at Property 64938 (ESCORTED)
DEBUG 2025-05-09: Tour 6 assigned to 0650940d
DEBUG 2025-05-09: Travel time = 0.0 minutes
DEBUG 2025-05-09: Processing tour 7/32: 2025-05-09 14:30:00 at Property 64936 (ESCORTED)
DEBUG 2025-05-09: Tour 7 assigned to 90976d80
DEBUG 2025-05-09: Travel time = 0.0 minutes
DEBUG 2025-05-09: Processing tour 8/32: 2025-05-09 15:00:00 at Property 64934 (ESCORTED)
DEBUG 2025-05-09: Tour 8 assigned to 28be1402
DEBUG 2025-05-09: Travel time = 0.0 minutes
DEBUG 2025-05-09: REASSIGNMENT - Original: c99885bc → New: 28be1402
DEBUG 2025-05-09: Travel change: 0.0 → 0.0 (difference: 0.0)
DEBUG 2025-05-09: Processing tour 9/32: 2025-05-09 15:30:00 at Property 64932 (VIRTUAL_TOUR)
DEBUG 2025-05-09: Tour 9 assigned to fe3fff05
DEBUG 2025-05-09: Travel time = 0.0 minutes
DEBUG 2025-05-09: Processing tour 10/32: 2025-05-09 15:30:00 at Property 64933 (ESCORTED)
DEBUG 2025-05-09: Tour 10 assigned to 2d4a3e78
DEBUG 2025-05-09: Travel time = 0.0 minutes
DEBUG 2025-05-09: REASSIGNMENT - Original: c99885bc → New: 2d4a3e78
DEBUG 2025-05-09: Travel change: 0.0 → 0.0 (difference: 0.0)
DEBUG 2025-05-09: Processing tour 11/32: 2025-05-09 15:30:00 at Property 64938 (ESCORTED)
DEBUG 2025-05-09: Tour 11 assigned to 0650940d
DEBUG 2025-05-09: Travel time = 0.0 minutes
DEBUG 2025-05-09: REASSIGNMENT - Original: 0c398d8d → New: 0650940d
DEBUG 2025-05-09: Travel change: 0.0 → 0.0 (difference: 0.0)
DEBUG 2025-05-09: Processing tour 12/32: 2025-05-09 16:00:00 at Property 64934 (ESCORTED)
DEBUG 2025-05-09: Tour 12 assigned to 0c398d8d
DEBUG 2025-05-09: Travel time = 0.0 minutes
DEBUG 2025-05-09: REASSIGNMENT - Original: c99885bc → New: 0c398d8d
DEBUG 2025-05-09: Travel change: 0.0 → 0.0 (difference: 0.0)
DEBUG 2025-05-09: Processing tour 13/32: 2025-05-09 16:00:00 at Property 64933 (ESCORTED)
DEBUG 2025-05-09: Tour 13 assigned to c99885bc
DEBUG 2025-05-09: Travel time = 0.0 minutes
DEBUG 2025-05-09: REASSIGNMENT - Original: 90976d80 → New: c99885bc
DEBUG 2025-05-09: Travel change: 5.0 → 0.0 (difference: 5.0)
DEBUG 2025-05-09: Processing tour 14/32: 2025-05-09 16:00:00 at Property 64940 (ESCORTED)
DEBUG 2025-05-09: Tour 14 assigned to 90976d80
DEBUG 2025-05-09: Travel time = 7.8 minutes
DEBUG 2025-05-09: REASSIGNMENT - Original: 2d4a3e78 → New: 90976d80
DEBUG 2025-05-09: Travel change: 8.1 → 7.8 (difference: 0.3)
DEBUG 2025-05-09: Processing tour 15/32: 2025-05-09 16:00:00 at Property 64933 (ESCORTED)
DEBUG 2025-05-09: Tour 15 assigned to 0650940d
DEBUG 2025-05-09: Travel time = 14.8 minutes
DEBUG 2025-05-09: Processing tour 16/32: 2025-05-09 17:00:00 at Property 64943 (ESCORTED)
DEBUG 2025-05-09: Tour 16 assigned to fe3fff05
DEBUG 2025-05-09: Travel time = 0.0 minutes
DEBUG 2025-05-09: REASSIGNMENT - Original: 90976d80 → New: fe3fff05
DEBUG 2025-05-09: Travel change: 7.9 → 0.0 (difference: 7.9)
DEBUG 2025-05-09: Processing tour 17/32: 2025-05-09 17:00:00 at Property 64935 (ESCORTED)
DEBUG 2025-05-09: Tour 17 assigned to 0650940d
DEBUG 2025-05-09: Travel time = 5.0 minutes
DEBUG 2025-05-09: REASSIGNMENT - Original: 28be1402 → New: 0650940d
DEBUG 2025-05-09: Travel change: 5.0 → 5.0 (difference: 0.0)
DEBUG 2025-05-09: Processing tour 18/32: 2025-05-09 17:00:00 at Property 64938 (ESCORTED)
DEBUG 2025-05-09: Tour 18 assigned to 2d4a3e78
DEBUG 2025-05-09: Travel time = 14.8 minutes
DEBUG 2025-05-09: REASSIGNMENT - Original: 0650940d → New: 2d4a3e78
DEBUG 2025-05-09: Travel change: 14.7 → 14.8 (difference: -0.0)
WARNING 2025-05-09: Reassignment INCREASED travel by 0.0 minutes!
DEBUG 2025-05-09: Processing tour 19/32: 2025-05-09 17:00:00 at Property 64937 (ESCORTED)
DEBUG 2025-05-09: Tour 19 assigned to 28be1402
DEBUG 2025-05-09: Travel time = 7.1 minutes
DEBUG 2025-05-09: REASSIGNMENT - Original: 0c398d8d → New: 28be1402
DEBUG 2025-05-09: Travel change: 7.1 → 7.1 (difference: 0.0)
DEBUG 2025-05-09: Processing tour 20/32: 2025-05-09 17:30:00 at Property 64943 (ESCORTED)
DEBUG 2025-05-09: Tour 20 assigned to 0c398d8d
DEBUG 2025-05-09: Travel time = 5.0 minutes
DEBUG 2025-05-09: REASSIGNMENT - Original: 90976d80 → New: 0c398d8d
DEBUG 2025-05-09: Travel change: 7.9 → 5.0 (difference: 2.9)
DEBUG 2025-05-09: Processing tour 21/32: 2025-05-09 18:00:00 at Property 64932 (ESCORTED)
DEBUG 2025-05-09: Tour 21 assigned to 90976d80
DEBUG 2025-05-09: Travel time = 7.9 minutes
DEBUG 2025-05-09: REASSIGNMENT - Original: fe3fff05 → New: 90976d80
DEBUG 2025-05-09: Travel change: 5.0 → 7.9 (difference: -2.9)
WARNING 2025-05-09: Reassignment INCREASED travel by 2.9 minutes!
DEBUG 2025-05-09: Processing tour 22/32: 2025-05-09 18:00:00 at Property 64939 (ESCORTED)
DEBUG 2025-05-09: Tour 22 assigned to 2d4a3e78
DEBUG 2025-05-09: Travel time = 9.7 minutes
DEBUG 2025-05-09: Processing tour 23/32: 2025-05-09 18:00:00 at Property 64933 (ESCORTED)
DEBUG 2025-05-09: Tour 23 assigned to 0c398d8d
DEBUG 2025-05-09: Travel time = 5.0 minutes
DEBUG 2025-05-09: Processing tour 24/32: 2025-05-09 18:30:00 at Property 64939 (ESCORTED)
DEBUG 2025-05-09: Tour 24 assigned to fe3fff05
DEBUG 2025-05-09: Travel time = 7.9 minutes
DEBUG 2025-05-09: REASSIGNMENT - Original: 2d4a3e78 → New: fe3fff05
DEBUG 2025-05-09: Travel change: 0.0 → 7.9 (difference: -7.9)
WARNING 2025-05-09: Reassignment INCREASED travel by 7.9 minutes!
DEBUG 2025-05-09: Processing tour 25/32: 2025-05-09 19:00:00 at Property 100490 (ESCORTED)
DEBUG 2025-05-09: Tour 25 assigned to a2f7da14
DEBUG 2025-05-09: Travel time = 0.0 minutes
DEBUG 2025-05-09: REASSIGNMENT - Original: fe3fff05 → New: a2f7da14
DEBUG 2025-05-09: Travel change: 8.8 → 0.0 (difference: 8.8)
DEBUG 2025-05-09: Processing tour 26/32: 2025-05-09 19:00:00 at Property 64938 (ESCORTED)
DEBUG 2025-05-09: Tour 26 assigned to 0650940d
DEBUG 2025-05-09: Travel time = 14.7 minutes
DEBUG 2025-05-09: REASSIGNMENT - Original: a2f7da14 → New: 0650940d
DEBUG 2025-05-09: Travel change: 14.1 → 14.7 (difference: -0.6)
WARNING 2025-05-09: Reassignment INCREASED travel by 0.6 minutes!
DEBUG 2025-05-09: Processing tour 27/32: 2025-05-09 19:00:00 at Property 64934 (ESCORTED)
DEBUG 2025-05-09: Tour 27 assigned to 90976d80
DEBUG 2025-05-09: Travel time = 6.3 minutes
DEBUG 2025-05-09: Processing tour 28/32: 2025-05-09 19:30:00 at Property 64939 (ESCORTED)
DEBUG 2025-05-09: Tour 28 assigned to fe3fff05
DEBUG 2025-05-09: Travel time = 0.0 minutes
DEBUG 2025-05-09: REASSIGNMENT - Original: 2d4a3e78 → New: fe3fff05
DEBUG 2025-05-09: Travel change: 0.0 → 0.0 (difference: 0.0)
DEBUG 2025-05-09: Processing tour 29/32: 2025-05-09 20:00:00 at Property 64932 (ESCORTED)
DEBUG 2025-05-09: Tour 29 assigned to fe3fff05
DEBUG 2025-05-09: Travel time = 7.9 minutes
DEBUG 2025-05-09: Processing tour 30/32: 2025-05-09 20:15:00 at Property 64933 (ESCORTED)
DEBUG 2025-05-09: Tour 30 assigned to 15683175
DEBUG 2025-05-09: Travel time = 0.0 minutes
DEBUG 2025-05-09: Processing tour 31/32: 2025-05-09 20:30:00 at Property 64938 (ESCORTED)
DEBUG 2025-05-09: Tour 31 assigned to 0650940d
DEBUG 2025-05-09: Travel time = 0.0 minutes
DEBUG 2025-05-09: Processing tour 32/32: 2025-05-09 21:00:00 at Property 64932 (ESCORTED)
DEBUG 2025-05-09: Tour 32 assigned to fe3fff05
DEBUG 2025-05-09: Travel time = 0.0 minutes
DEBUG 2025-05-09: Calculated optimized travel (sum method): 113.8
DEBUG 2025-05-09: Validated optimized travel (proven method): 116.1
DEBUG 2025-05-09: Difference: -2.3
DEBUG 2025-05-09: Validated savings: 0.0
DEBUG 2025-05-09: Reassignments made = 20/32
DEBUG 2025-05-09: Optimization complete
================================================================================
