DEBUG 2025-05-20: Starting optimization
DEBUG 2025-05-20: Current travel = 80.7 minutes
DEBUG 2025-05-20: Total tours = 34
DEBUG 2025-05-20: Available agents = 10
DEBUG 2025-05-20: Tour times range from 2025-05-20 13:00:00 to 2025-05-20 22:00:00
DEBUG 2025-05-20: Processing tour 1/34: 2025-05-20 13:00:00 at Property 64933 (ESCORTED)
DEBUG 2025-05-20: Tour 1 assigned to 0c398d8d
DEBUG 2025-05-20: Travel time = 0.0 minutes
DEBUG 2025-05-20: REASSIGNMENT - Original: fe3fff05 → New: 0c398d8d
DEBUG 2025-05-20: Travel change: 0.0 → 0.0 (difference: 0.0)
DEBUG 2025-05-20: Processing tour 2/34: 2025-05-20 13:00:00 at Property 64942 (ESCORTED)
DEBUG 2025-05-20: Tour 2 assigned to fe3fff05
DEBUG 2025-05-20: Travel time = 0.0 minutes
DEBUG 2025-05-20: REASSIGNMENT - Original: 0c398d8d → New: fe3fff05
DEBUG 2025-05-20: Travel change: 7.9 → 0.0 (difference: 7.9)
DEBUG 2025-05-20: Processing tour 3/34: 2025-05-20 14:00:00 at Property 64934 (ESCORTED)
DEBUG 2025-05-20: Tour 3 assigned to 0c398d8d
DEBUG 2025-05-20: Travel time = 5.0 minutes
DEBUG 2025-05-20: Processing tour 4/34: 2025-05-20 14:30:00 at Property 64938 (ESCORTED)
DEBUG 2025-05-20: Tour 4 assigned to 28be1402
DEBUG 2025-05-20: Travel time = 0.0 minutes
DEBUG 2025-05-20: REASSIGNMENT - Original: cd0ff517 → New: 28be1402
DEBUG 2025-05-20: Travel change: 0.0 → 0.0 (difference: 0.0)
DEBUG 2025-05-20: Processing tour 5/34: 2025-05-20 14:30:00 at Property 64939 (ESCORTED)
DEBUG 2025-05-20: Tour 5 assigned to 90976d80
DEBUG 2025-05-20: Travel time = 0.0 minutes
DEBUG 2025-05-20: Processing tour 6/34: 2025-05-20 14:30:00 at Property 64933 (ESCORTED)
DEBUG 2025-05-20: Tour 6 assigned to 0650940d
DEBUG 2025-05-20: Travel time = 0.0 minutes
DEBUG 2025-05-20: REASSIGNMENT - Original: 28be1402 → New: 0650940d
DEBUG 2025-05-20: Travel change: 14.8 → 0.0 (difference: 14.8)
DEBUG 2025-05-20: Processing tour 7/34: 2025-05-20 14:30:00 at Property 64932 (ESCORTED)
DEBUG 2025-05-20: Tour 7 assigned to cd0ff517
DEBUG 2025-05-20: Travel time = 0.0 minutes
DEBUG 2025-05-20: REASSIGNMENT - Original: 0650940d → New: cd0ff517
DEBUG 2025-05-20: Travel change: 5.0 → 0.0 (difference: 5.0)
DEBUG 2025-05-20: Processing tour 8/34: 2025-05-20 15:00:00 at Property 64932 (ESCORTED)
DEBUG 2025-05-20: Tour 8 assigned to c99885bc
DEBUG 2025-05-20: Travel time = 0.0 minutes
DEBUG 2025-05-20: REASSIGNMENT - Original: fe3fff05 → New: c99885bc
DEBUG 2025-05-20: Travel change: 7.7 → 0.0 (difference: 7.7)
DEBUG 2025-05-20: Processing tour 9/34: 2025-05-20 15:00:00 at Property 64934 (ESCORTED)
DEBUG 2025-05-20: Tour 9 assigned to fe3fff05
DEBUG 2025-05-20: Travel time = 7.8 minutes
DEBUG 2025-05-20: REASSIGNMENT - Original: c99885bc → New: fe3fff05
DEBUG 2025-05-20: Travel change: 5.0 → 7.8 (difference: -2.8)
WARNING 2025-05-20: Reassignment INCREASED travel by 2.8 minutes!
DEBUG 2025-05-20: Processing tour 10/34: 2025-05-20 15:30:00 at Property 84770 (ESCORTED)
DEBUG 2025-05-20: Tour 10 assigned to 0650940d
DEBUG 2025-05-20: Travel time = 5.0 minutes
DEBUG 2025-05-20: Processing tour 11/34: 2025-05-20 15:30:00 at Property 64935 (ESCORTED)
DEBUG 2025-05-20: Tour 11 assigned to 28be1402
DEBUG 2025-05-20: Travel time = 14.7 minutes
DEBUG 2025-05-20: Processing tour 12/34: 2025-05-20 16:00:00 at Property 64937 (ESCORTED)
DEBUG 2025-05-20: Tour 12 assigned to 2d4a3e78
DEBUG 2025-05-20: Travel time = 0.0 minutes
DEBUG 2025-05-20: REASSIGNMENT - Original: 90976d80 → New: 2d4a3e78
DEBUG 2025-05-20: Travel change: 5.5 → 0.0 (difference: 5.5)
DEBUG 2025-05-20: Processing tour 13/34: 2025-05-20 16:00:00 at Property 64937 (ESCORTED)
DEBUG 2025-05-20: Tour 13 assigned to 67d48910
DEBUG 2025-05-20: Travel time = 0.0 minutes
DEBUG 2025-05-20: Processing tour 14/34: 2025-05-20 16:00:00 at Property 64939 (ESCORTED)
DEBUG 2025-05-20: Tour 14 assigned to 90976d80
DEBUG 2025-05-20: Travel time = 0.0 minutes
DEBUG 2025-05-20: REASSIGNMENT - Original: 2d4a3e78 → New: 90976d80
DEBUG 2025-05-20: Travel change: 5.5 → 0.0 (difference: 5.5)
DEBUG 2025-05-20: Processing tour 15/34: 2025-05-20 17:00:00 at Property 84770 (ESCORTED)
DEBUG 2025-05-20: Tour 15 assigned to 0650940d
DEBUG 2025-05-20: Travel time = 0.0 minutes
DEBUG 2025-05-20: Processing tour 16/34: 2025-05-20 17:30:00 at Property 64934 (ESCORTED)
DEBUG 2025-05-20: Tour 16 assigned to 0c398d8d
DEBUG 2025-05-20: Travel time = 0.0 minutes
DEBUG 2025-05-20: REASSIGNMENT - Original: 28be1402 → New: 0c398d8d
DEBUG 2025-05-20: Travel change: 5.0 → 0.0 (difference: 5.0)
DEBUG 2025-05-20: Processing tour 17/34: 2025-05-20 17:30:00 at Property 64934 (ESCORTED)
DEBUG 2025-05-20: Tour 17 assigned to fe3fff05
DEBUG 2025-05-20: Travel time = 0.0 minutes
DEBUG 2025-05-20: REASSIGNMENT - Original: c99885bc → New: fe3fff05
DEBUG 2025-05-20: Travel change: 5.0 → 0.0 (difference: 5.0)
DEBUG 2025-05-20: Processing tour 18/34: 2025-05-20 18:00:00 at Property 100490 (VIRTUAL_TOUR)
DEBUG 2025-05-20: Tour 18 assigned to 28be1402
DEBUG 2025-05-20: Travel time = 0.0 minutes
DEBUG 2025-05-20: REASSIGNMENT - Original: 90976d80 → New: 28be1402
DEBUG 2025-05-20: Travel change: 0.0 → 0.0 (difference: 0.0)
DEBUG 2025-05-20: Processing tour 19/34: 2025-05-20 18:00:00 at Property 64939 (ESCORTED)
DEBUG 2025-05-20: Tour 19 assigned to 90976d80
DEBUG 2025-05-20: Travel time = 0.0 minutes
DEBUG 2025-05-20: REASSIGNMENT - Original: 0c398d8d → New: 90976d80
DEBUG 2025-05-20: Travel change: 8.0 → 0.0 (difference: 8.0)
DEBUG 2025-05-20: Processing tour 20/34: 2025-05-20 18:00:00 at Property 64932 (ESCORTED)
DEBUG 2025-05-20: Tour 20 assigned to cd0ff517
DEBUG 2025-05-20: Travel time = 0.0 minutes
DEBUG 2025-05-20: REASSIGNMENT - Original: 0650940d → New: cd0ff517
DEBUG 2025-05-20: Travel change: 5.0 → 0.0 (difference: 5.0)
DEBUG 2025-05-20: Processing tour 21/34: 2025-05-20 18:00:00 at Property 64932 (ESCORTED)
DEBUG 2025-05-20: Tour 21 assigned to 2d4a3e78
DEBUG 2025-05-20: Travel time = 5.0 minutes
DEBUG 2025-05-20: REASSIGNMENT - Original: 0650940d → New: 2d4a3e78
DEBUG 2025-05-20: Travel change: 5.0 → 5.0 (difference: 0.0)
DEBUG 2025-05-20: Processing tour 22/34: 2025-05-20 18:00:00 at Property 64939 (ESCORTED)
DEBUG 2025-05-20: Tour 22 assigned to 2d4a3e78
DEBUG 2025-05-20: Travel time = 7.9 minutes
DEBUG 2025-05-20: Processing tour 23/34: 2025-05-20 19:00:00 at Property 64938 (ESCORTED)
DEBUG 2025-05-20: Tour 23 assigned to 0650940d
DEBUG 2025-05-20: Travel time = 13.9 minutes
DEBUG 2025-05-20: REASSIGNMENT - Original: fe3fff05 → New: 0650940d
DEBUG 2025-05-20: Travel change: 14.5 → 13.9 (difference: 0.6)
DEBUG 2025-05-20: Processing tour 24/34: 2025-05-20 19:00:00 at Property 64932 (ESCORTED)
DEBUG 2025-05-20: Tour 24 assigned to cd0ff517
DEBUG 2025-05-20: Travel time = 0.0 minutes
DEBUG 2025-05-20: REASSIGNMENT - Original: 28be1402 → New: cd0ff517
DEBUG 2025-05-20: Travel change: 5.0 → 0.0 (difference: 5.0)
DEBUG 2025-05-20: Processing tour 25/34: 2025-05-20 19:00:00 at Property 64937 (VIRTUAL_TOUR)
DEBUG 2025-05-20: Tour 25 assigned to 90976d80
DEBUG 2025-05-20: Travel time = 0.0 minutes
DEBUG 2025-05-20: REASSIGNMENT - Original: 0c398d8d → New: 90976d80
DEBUG 2025-05-20: Travel change: 0.0 → 0.0 (difference: 0.0)
DEBUG 2025-05-20: Processing tour 26/34: 2025-05-20 19:00:00 at Property 64937 (ESCORTED)
DEBUG 2025-05-20: Tour 26 assigned to fe3fff05
DEBUG 2025-05-20: Travel time = 5.3 minutes
DEBUG 2025-05-20: REASSIGNMENT - Original: 0650940d → New: fe3fff05
DEBUG 2025-05-20: Travel change: 11.2 → 5.3 (difference: 5.9)
DEBUG 2025-05-20: Processing tour 27/34: 2025-05-20 20:00:00 at Property 64938 (ESCORTED)
DEBUG 2025-05-20: Tour 27 assigned to 2d4a3e78
DEBUG 2025-05-20: Travel time = 9.7 minutes
DEBUG 2025-05-20: REASSIGNMENT - Original: cd0ff517 → New: 2d4a3e78
DEBUG 2025-05-20: Travel change: 13.8 → 9.7 (difference: 4.1)
DEBUG 2025-05-20: Processing tour 28/34: 2025-05-20 20:00:00 at Property 64933 (ESCORTED)
DEBUG 2025-05-20: Tour 28 assigned to 28be1402
DEBUG 2025-05-20: Travel time = 5.0 minutes
DEBUG 2025-05-20: REASSIGNMENT - Original: 90976d80 → New: 28be1402
DEBUG 2025-05-20: Travel change: 8.1 → 5.0 (difference: 3.1)
DEBUG 2025-05-20: Processing tour 29/34: 2025-05-20 20:30:00 at Property 64939 (ESCORTED)
DEBUG 2025-05-20: Tour 29 assigned to 90976d80
DEBUG 2025-05-20: Travel time = 0.0 minutes
DEBUG 2025-05-20: REASSIGNMENT - Original: 2d4a3e78 → New: 90976d80
DEBUG 2025-05-20: Travel change: 9.7 → 0.0 (difference: 9.7)
DEBUG 2025-05-20: Processing tour 30/34: 2025-05-20 20:30:00 at Property 64937 (VIRTUAL_TOUR)
DEBUG 2025-05-20: Tour 30 assigned to 0650940d
DEBUG 2025-05-20: Travel time = 0.0 minutes
DEBUG 2025-05-20: REASSIGNMENT - Original: 0c398d8d → New: 0650940d
DEBUG 2025-05-20: Travel change: 0.0 → 0.0 (difference: 0.0)
DEBUG 2025-05-20: Processing tour 31/34: 2025-05-20 20:30:00 at Property 64937 (ESCORTED)
DEBUG 2025-05-20: Tour 31 assigned to 0c398d8d
DEBUG 2025-05-20: Travel time = 5.3 minutes
DEBUG 2025-05-20: REASSIGNMENT - Original: 0650940d → New: 0c398d8d
DEBUG 2025-05-20: Travel change: 11.2 → 5.3 (difference: 5.9)
DEBUG 2025-05-20: Processing tour 32/34: 2025-05-20 21:00:00 at Property 64932 (ESCORTED)
DEBUG 2025-05-20: Tour 32 assigned to aeabf7ea
DEBUG 2025-05-20: Travel time = 0.0 minutes
DEBUG 2025-05-20: Processing tour 33/34: 2025-05-20 21:00:00 at Property 64932 (ESCORTED)
DEBUG 2025-05-20: Tour 33 assigned to 90976d80
DEBUG 2025-05-20: Travel time = 7.9 minutes
DEBUG 2025-05-20: Processing tour 34/34: 2025-05-20 21:00:00 at Property 64932 (ESCORTED)
DEBUG 2025-05-20: Tour 34 assigned to 28be1402
DEBUG 2025-05-20: Travel time = 5.0 minutes
DEBUG 2025-05-20: Optimized travel = 97.5 minutes
DEBUG 2025-05-20: Savings = -16.8 minutes
DEBUG 2025-05-20: Reassignments made = 24/34
WARNING 2025-05-20: NEGATIVE SAVINGS! Optimization made things worse.
WARNING 2025-05-20: 1 problematic reassignments found:
  - Tour at 2025-05-20 15:00:00: c99885bc → fe3fff05 (+2.8 min)
WARNING 2025-05-20: Very high reassignment rate (70.6%) - algorithm may be too aggressive
DEBUG 2025-05-20: Optimization complete
================================================================================
DEBUG 2025-05-20: Starting optimization
DEBUG 2025-05-20: Current travel = 78.1 minutes
DEBUG 2025-05-20: Total tours = 34
DEBUG 2025-05-20: Available agents = 10
DEBUG 2025-05-20: Tour times range from 2025-05-20 13:00:00 to 2025-05-20 22:00:00
DEBUG 2025-05-20: Processing tour 1/34: 2025-05-20 13:00:00 at Property 64933 (ESCORTED)
DEBUG 2025-05-20: Tour 1 assigned to 0c398d8d
DEBUG 2025-05-20: Travel time = 0.0 minutes
DEBUG 2025-05-20: REASSIGNMENT - Original: fe3fff05 → New: 0c398d8d
DEBUG 2025-05-20: Travel change: 0.0 → 0.0 (difference: 0.0)
DEBUG 2025-05-20: Processing tour 2/34: 2025-05-20 13:00:00 at Property 64942 (ESCORTED)
DEBUG 2025-05-20: Tour 2 assigned to fe3fff05
DEBUG 2025-05-20: Travel time = 0.0 minutes
DEBUG 2025-05-20: REASSIGNMENT - Original: 0c398d8d → New: fe3fff05
DEBUG 2025-05-20: Travel change: 5.0 → 0.0 (difference: 5.0)
DEBUG 2025-05-20: Processing tour 3/34: 2025-05-20 14:00:00 at Property 64934 (ESCORTED)
DEBUG 2025-05-20: Tour 3 assigned to 0c398d8d
DEBUG 2025-05-20: Travel time = 5.0 minutes
DEBUG 2025-05-20: Processing tour 4/34: 2025-05-20 14:30:00 at Property 64938 (ESCORTED)
DEBUG 2025-05-20: Tour 4 assigned to 28be1402
DEBUG 2025-05-20: Travel time = 0.0 minutes
DEBUG 2025-05-20: REASSIGNMENT - Original: cd0ff517 → New: 28be1402
DEBUG 2025-05-20: Travel change: 0.0 → 0.0 (difference: 0.0)
DEBUG 2025-05-20: Processing tour 5/34: 2025-05-20 14:30:00 at Property 64939 (ESCORTED)
DEBUG 2025-05-20: Tour 5 assigned to 90976d80
DEBUG 2025-05-20: Travel time = 0.0 minutes
DEBUG 2025-05-20: Processing tour 6/34: 2025-05-20 14:30:00 at Property 64933 (ESCORTED)
DEBUG 2025-05-20: Tour 6 assigned to 0650940d
DEBUG 2025-05-20: Travel time = 0.0 minutes
DEBUG 2025-05-20: REASSIGNMENT - Original: 28be1402 → New: 0650940d
DEBUG 2025-05-20: Travel change: 14.8 → 0.0 (difference: 14.8)
DEBUG 2025-05-20: Processing tour 7/34: 2025-05-20 14:30:00 at Property 64932 (ESCORTED)
DEBUG 2025-05-20: Tour 7 assigned to cd0ff517
DEBUG 2025-05-20: Travel time = 0.0 minutes
DEBUG 2025-05-20: REASSIGNMENT - Original: 0650940d → New: cd0ff517
DEBUG 2025-05-20: Travel change: 5.0 → 0.0 (difference: 5.0)
DEBUG 2025-05-20: Processing tour 8/34: 2025-05-20 15:00:00 at Property 64932 (ESCORTED)
DEBUG 2025-05-20: Tour 8 assigned to c99885bc
DEBUG 2025-05-20: Travel time = 0.0 minutes
DEBUG 2025-05-20: REASSIGNMENT - Original: fe3fff05 → New: c99885bc
DEBUG 2025-05-20: Travel change: 6.3 → 0.0 (difference: 6.3)
DEBUG 2025-05-20: Processing tour 9/34: 2025-05-20 15:00:00 at Property 64934 (ESCORTED)
DEBUG 2025-05-20: Tour 9 assigned to fe3fff05
DEBUG 2025-05-20: Travel time = 5.2 minutes
DEBUG 2025-05-20: REASSIGNMENT - Original: c99885bc → New: fe3fff05
DEBUG 2025-05-20: Travel change: 5.0 → 5.2 (difference: -0.2)
WARNING 2025-05-20: Reassignment INCREASED travel by 0.2 minutes!
DEBUG 2025-05-20: Processing tour 10/34: 2025-05-20 15:30:00 at Property 84770 (ESCORTED)
DEBUG 2025-05-20: Tour 10 assigned to 0650940d
DEBUG 2025-05-20: Travel time = 5.0 minutes
DEBUG 2025-05-20: Processing tour 11/34: 2025-05-20 15:30:00 at Property 64935 (ESCORTED)
DEBUG 2025-05-20: Tour 11 assigned to 28be1402
DEBUG 2025-05-20: Travel time = 14.7 minutes
DEBUG 2025-05-20: Processing tour 12/34: 2025-05-20 16:00:00 at Property 64937 (ESCORTED)
DEBUG 2025-05-20: Tour 12 assigned to 2d4a3e78
DEBUG 2025-05-20: Travel time = 0.0 minutes
DEBUG 2025-05-20: REASSIGNMENT - Original: 90976d80 → New: 2d4a3e78
DEBUG 2025-05-20: Travel change: 5.5 → 0.0 (difference: 5.5)
DEBUG 2025-05-20: Processing tour 13/34: 2025-05-20 16:00:00 at Property 64937 (ESCORTED)
DEBUG 2025-05-20: Tour 13 assigned to 67d48910
DEBUG 2025-05-20: Travel time = 0.0 minutes
DEBUG 2025-05-20: Processing tour 14/34: 2025-05-20 16:00:00 at Property 64939 (ESCORTED)
DEBUG 2025-05-20: Tour 14 assigned to 90976d80
DEBUG 2025-05-20: Travel time = 0.0 minutes
DEBUG 2025-05-20: REASSIGNMENT - Original: 2d4a3e78 → New: 90976d80
DEBUG 2025-05-20: Travel change: 5.5 → 0.0 (difference: 5.5)
DEBUG 2025-05-20: Processing tour 15/34: 2025-05-20 17:00:00 at Property 84770 (ESCORTED)
DEBUG 2025-05-20: Tour 15 assigned to 0650940d
DEBUG 2025-05-20: Travel time = 0.0 minutes
DEBUG 2025-05-20: Processing tour 16/34: 2025-05-20 17:30:00 at Property 64934 (ESCORTED)
DEBUG 2025-05-20: Tour 16 assigned to 0c398d8d
DEBUG 2025-05-20: Travel time = 0.0 minutes
DEBUG 2025-05-20: REASSIGNMENT - Original: 28be1402 → New: 0c398d8d
DEBUG 2025-05-20: Travel change: 5.0 → 0.0 (difference: 5.0)
DEBUG 2025-05-20: Processing tour 17/34: 2025-05-20 17:30:00 at Property 64934 (ESCORTED)
DEBUG 2025-05-20: Tour 17 assigned to fe3fff05
DEBUG 2025-05-20: Travel time = 0.0 minutes
DEBUG 2025-05-20: REASSIGNMENT - Original: c99885bc → New: fe3fff05
DEBUG 2025-05-20: Travel change: 5.0 → 0.0 (difference: 5.0)
DEBUG 2025-05-20: Processing tour 18/34: 2025-05-20 18:00:00 at Property 100490 (VIRTUAL_TOUR)
DEBUG 2025-05-20: Tour 18 assigned to 28be1402
DEBUG 2025-05-20: Travel time = 0.0 minutes
DEBUG 2025-05-20: REASSIGNMENT - Original: 90976d80 → New: 28be1402
DEBUG 2025-05-20: Travel change: 0.0 → 0.0 (difference: 0.0)
DEBUG 2025-05-20: Processing tour 19/34: 2025-05-20 18:00:00 at Property 64939 (ESCORTED)
DEBUG 2025-05-20: Tour 19 assigned to 90976d80
DEBUG 2025-05-20: Travel time = 0.0 minutes
DEBUG 2025-05-20: REASSIGNMENT - Original: 0c398d8d → New: 90976d80
DEBUG 2025-05-20: Travel change: 8.0 → 0.0 (difference: 8.0)
DEBUG 2025-05-20: Processing tour 20/34: 2025-05-20 18:00:00 at Property 64932 (ESCORTED)
DEBUG 2025-05-20: Tour 20 assigned to cd0ff517
DEBUG 2025-05-20: Travel time = 0.0 minutes
DEBUG 2025-05-20: REASSIGNMENT - Original: 0650940d → New: cd0ff517
DEBUG 2025-05-20: Travel change: 5.0 → 0.0 (difference: 5.0)
DEBUG 2025-05-20: Processing tour 21/34: 2025-05-20 18:00:00 at Property 64932 (ESCORTED)
DEBUG 2025-05-20: Tour 21 assigned to 2d4a3e78
DEBUG 2025-05-20: Travel time = 5.0 minutes
DEBUG 2025-05-20: REASSIGNMENT - Original: 0650940d → New: 2d4a3e78
DEBUG 2025-05-20: Travel change: 5.0 → 5.0 (difference: 0.0)
DEBUG 2025-05-20: Processing tour 22/34: 2025-05-20 18:00:00 at Property 64939 (ESCORTED)
DEBUG 2025-05-20: Tour 22 assigned to 2d4a3e78
DEBUG 2025-05-20: Travel time = 7.9 minutes
DEBUG 2025-05-20: Processing tour 23/34: 2025-05-20 19:00:00 at Property 64938 (ESCORTED)
DEBUG 2025-05-20: Tour 23 assigned to 0650940d
DEBUG 2025-05-20: Travel time = 13.9 minutes
DEBUG 2025-05-20: REASSIGNMENT - Original: fe3fff05 → New: 0650940d
DEBUG 2025-05-20: Travel change: 14.5 → 13.9 (difference: 0.6)
DEBUG 2025-05-20: Processing tour 24/34: 2025-05-20 19:00:00 at Property 64932 (ESCORTED)
DEBUG 2025-05-20: Tour 24 assigned to cd0ff517
DEBUG 2025-05-20: Travel time = 0.0 minutes
DEBUG 2025-05-20: REASSIGNMENT - Original: 28be1402 → New: cd0ff517
DEBUG 2025-05-20: Travel change: 5.0 → 0.0 (difference: 5.0)
DEBUG 2025-05-20: Processing tour 25/34: 2025-05-20 19:00:00 at Property 64937 (VIRTUAL_TOUR)
DEBUG 2025-05-20: Tour 25 assigned to 90976d80
DEBUG 2025-05-20: Travel time = 0.0 minutes
DEBUG 2025-05-20: REASSIGNMENT - Original: 0c398d8d → New: 90976d80
DEBUG 2025-05-20: Travel change: 0.0 → 0.0 (difference: 0.0)
DEBUG 2025-05-20: Processing tour 26/34: 2025-05-20 19:00:00 at Property 64937 (ESCORTED)
DEBUG 2025-05-20: Tour 26 assigned to fe3fff05
DEBUG 2025-05-20: Travel time = 5.3 minutes
DEBUG 2025-05-20: REASSIGNMENT - Original: 0650940d → New: fe3fff05
DEBUG 2025-05-20: Travel change: 11.2 → 5.3 (difference: 5.9)
DEBUG 2025-05-20: Processing tour 27/34: 2025-05-20 20:00:00 at Property 64938 (ESCORTED)
DEBUG 2025-05-20: Tour 27 assigned to 2d4a3e78
DEBUG 2025-05-20: Travel time = 9.7 minutes
DEBUG 2025-05-20: REASSIGNMENT - Original: cd0ff517 → New: 2d4a3e78
DEBUG 2025-05-20: Travel change: 13.8 → 9.7 (difference: 4.1)
DEBUG 2025-05-20: Processing tour 28/34: 2025-05-20 20:00:00 at Property 64933 (ESCORTED)
DEBUG 2025-05-20: Tour 28 assigned to 28be1402
DEBUG 2025-05-20: Travel time = 5.0 minutes
DEBUG 2025-05-20: REASSIGNMENT - Original: 90976d80 → New: 28be1402
DEBUG 2025-05-20: Travel change: 8.1 → 5.0 (difference: 3.1)
DEBUG 2025-05-20: Processing tour 29/34: 2025-05-20 20:30:00 at Property 64939 (ESCORTED)
DEBUG 2025-05-20: Tour 29 assigned to 90976d80
DEBUG 2025-05-20: Travel time = 0.0 minutes
DEBUG 2025-05-20: REASSIGNMENT - Original: 2d4a3e78 → New: 90976d80
DEBUG 2025-05-20: Travel change: 9.7 → 0.0 (difference: 9.7)
DEBUG 2025-05-20: Processing tour 30/34: 2025-05-20 20:30:00 at Property 64937 (VIRTUAL_TOUR)
DEBUG 2025-05-20: Tour 30 assigned to 0650940d
DEBUG 2025-05-20: Travel time = 0.0 minutes
DEBUG 2025-05-20: REASSIGNMENT - Original: 0c398d8d → New: 0650940d
DEBUG 2025-05-20: Travel change: 0.0 → 0.0 (difference: 0.0)
DEBUG 2025-05-20: Processing tour 31/34: 2025-05-20 20:30:00 at Property 64937 (ESCORTED)
DEBUG 2025-05-20: Tour 31 assigned to 0c398d8d
DEBUG 2025-05-20: Travel time = 5.3 minutes
DEBUG 2025-05-20: REASSIGNMENT - Original: 0650940d → New: 0c398d8d
DEBUG 2025-05-20: Travel change: 11.2 → 5.3 (difference: 5.9)
DEBUG 2025-05-20: Processing tour 32/34: 2025-05-20 21:00:00 at Property 64932 (ESCORTED)
DEBUG 2025-05-20: Tour 32 assigned to aeabf7ea
DEBUG 2025-05-20: Travel time = 0.0 minutes
DEBUG 2025-05-20: Processing tour 33/34: 2025-05-20 21:00:00 at Property 64932 (ESCORTED)
DEBUG 2025-05-20: Tour 33 assigned to 90976d80
DEBUG 2025-05-20: Travel time = 7.9 minutes
DEBUG 2025-05-20: Processing tour 34/34: 2025-05-20 21:00:00 at Property 64932 (ESCORTED)
DEBUG 2025-05-20: Tour 34 assigned to 28be1402
DEBUG 2025-05-20: Travel time = 5.0 minutes
DEBUG 2025-05-20: Optimized travel = 94.8 minutes
DEBUG 2025-05-20: Savings = -16.8 minutes
DEBUG 2025-05-20: Reassignments made = 24/34
WARNING 2025-05-20: NEGATIVE SAVINGS! Optimization made things worse.
WARNING 2025-05-20: 1 problematic reassignments found:
  - Tour at 2025-05-20 15:00:00: c99885bc → fe3fff05 (+0.2 min)
WARNING 2025-05-20: Very high reassignment rate (70.6%) - algorithm may be too aggressive
DEBUG 2025-05-20: Optimization complete
================================================================================
DEBUG 2025-05-20: Calculated optimized travel (sum method): 94.8
DEBUG 2025-05-20: Validated optimized travel (proven method): 78.1
DEBUG 2025-05-20: Difference: 16.8
DEBUG 2025-05-20: Validated savings: 0.0
DEBUG 2025-05-20: Starting optimization
DEBUG 2025-05-20: Current travel = 79.2 minutes
DEBUG 2025-05-20: Total tours = 34
DEBUG 2025-05-20: Available agents = 10
DEBUG 2025-05-20: Tour times range from 2025-05-20 13:00:00 to 2025-05-20 22:00:00
DEBUG 2025-05-20: Processing tour 1/34: 2025-05-20 13:00:00 at Property 64933 (ESCORTED)
DEBUG 2025-05-20: Tour 1 assigned to 0c398d8d
DEBUG 2025-05-20: Travel time = 0.0 minutes
DEBUG 2025-05-20: REASSIGNMENT - Original: fe3fff05 → New: 0c398d8d
DEBUG 2025-05-20: Travel change: 0.0 → 0.0 (difference: 0.0)
DEBUG 2025-05-20: Processing tour 2/34: 2025-05-20 13:00:00 at Property 64942 (ESCORTED)
DEBUG 2025-05-20: Tour 2 assigned to fe3fff05
DEBUG 2025-05-20: Travel time = 0.0 minutes
DEBUG 2025-05-20: REASSIGNMENT - Original: 0c398d8d → New: fe3fff05
DEBUG 2025-05-20: Travel change: 5.0 → 0.0 (difference: 5.0)
DEBUG 2025-05-20: Processing tour 3/34: 2025-05-20 14:00:00 at Property 64934 (ESCORTED)
DEBUG 2025-05-20: Tour 3 assigned to 0c398d8d
DEBUG 2025-05-20: Travel time = 5.0 minutes
DEBUG 2025-05-20: Processing tour 4/34: 2025-05-20 14:30:00 at Property 64938 (ESCORTED)
DEBUG 2025-05-20: Tour 4 assigned to 28be1402
DEBUG 2025-05-20: Travel time = 0.0 minutes
DEBUG 2025-05-20: REASSIGNMENT - Original: cd0ff517 → New: 28be1402
DEBUG 2025-05-20: Travel change: 0.0 → 0.0 (difference: 0.0)
DEBUG 2025-05-20: Processing tour 5/34: 2025-05-20 14:30:00 at Property 64939 (ESCORTED)
DEBUG 2025-05-20: Tour 5 assigned to 90976d80
DEBUG 2025-05-20: Travel time = 0.0 minutes
DEBUG 2025-05-20: Processing tour 6/34: 2025-05-20 14:30:00 at Property 64933 (ESCORTED)
DEBUG 2025-05-20: Tour 6 assigned to 0650940d
DEBUG 2025-05-20: Travel time = 0.0 minutes
DEBUG 2025-05-20: REASSIGNMENT - Original: 28be1402 → New: 0650940d
DEBUG 2025-05-20: Travel change: 14.8 → 0.0 (difference: 14.8)
DEBUG 2025-05-20: Processing tour 7/34: 2025-05-20 14:30:00 at Property 64932 (ESCORTED)
DEBUG 2025-05-20: Tour 7 assigned to cd0ff517
DEBUG 2025-05-20: Travel time = 0.0 minutes
DEBUG 2025-05-20: REASSIGNMENT - Original: 0650940d → New: cd0ff517
DEBUG 2025-05-20: Travel change: 5.0 → 0.0 (difference: 5.0)
DEBUG 2025-05-20: Processing tour 8/34: 2025-05-20 15:00:00 at Property 64932 (ESCORTED)
DEBUG 2025-05-20: Tour 8 assigned to c99885bc
DEBUG 2025-05-20: Travel time = 0.0 minutes
DEBUG 2025-05-20: REASSIGNMENT - Original: fe3fff05 → New: c99885bc
DEBUG 2025-05-20: Travel change: 6.3 → 0.0 (difference: 6.3)
DEBUG 2025-05-20: Processing tour 9/34: 2025-05-20 15:00:00 at Property 64934 (ESCORTED)
DEBUG 2025-05-20: Tour 9 assigned to fe3fff05
DEBUG 2025-05-20: Travel time = 5.0 minutes
DEBUG 2025-05-20: REASSIGNMENT - Original: c99885bc → New: fe3fff05
DEBUG 2025-05-20: Travel change: 6.3 → 5.0 (difference: 1.3)
DEBUG 2025-05-20: Processing tour 10/34: 2025-05-20 15:30:00 at Property 84770 (ESCORTED)
DEBUG 2025-05-20: Tour 10 assigned to 0650940d
DEBUG 2025-05-20: Travel time = 5.0 minutes
DEBUG 2025-05-20: Processing tour 11/34: 2025-05-20 15:30:00 at Property 64935 (ESCORTED)
DEBUG 2025-05-20: Tour 11 assigned to 28be1402
DEBUG 2025-05-20: Travel time = 14.7 minutes
DEBUG 2025-05-20: Processing tour 12/34: 2025-05-20 16:00:00 at Property 64937 (ESCORTED)
DEBUG 2025-05-20: Tour 12 assigned to 2d4a3e78
DEBUG 2025-05-20: Travel time = 0.0 minutes
DEBUG 2025-05-20: REASSIGNMENT - Original: 90976d80 → New: 2d4a3e78
DEBUG 2025-05-20: Travel change: 5.5 → 0.0 (difference: 5.5)
DEBUG 2025-05-20: Processing tour 13/34: 2025-05-20 16:00:00 at Property 64937 (ESCORTED)
DEBUG 2025-05-20: Tour 13 assigned to 67d48910
DEBUG 2025-05-20: Travel time = 0.0 minutes
DEBUG 2025-05-20: Processing tour 14/34: 2025-05-20 16:00:00 at Property 64939 (ESCORTED)
DEBUG 2025-05-20: Tour 14 assigned to 90976d80
DEBUG 2025-05-20: Travel time = 0.0 minutes
DEBUG 2025-05-20: REASSIGNMENT - Original: 2d4a3e78 → New: 90976d80
DEBUG 2025-05-20: Travel change: 5.5 → 0.0 (difference: 5.5)
DEBUG 2025-05-20: Processing tour 15/34: 2025-05-20 17:00:00 at Property 84770 (ESCORTED)
DEBUG 2025-05-20: Tour 15 assigned to 0650940d
DEBUG 2025-05-20: Travel time = 0.0 minutes
DEBUG 2025-05-20: Processing tour 16/34: 2025-05-20 17:30:00 at Property 64934 (ESCORTED)
DEBUG 2025-05-20: Tour 16 assigned to 0c398d8d
DEBUG 2025-05-20: Travel time = 0.0 minutes
DEBUG 2025-05-20: REASSIGNMENT - Original: 28be1402 → New: 0c398d8d
DEBUG 2025-05-20: Travel change: 5.0 → 0.0 (difference: 5.0)
DEBUG 2025-05-20: Processing tour 17/34: 2025-05-20 17:30:00 at Property 64934 (ESCORTED)
DEBUG 2025-05-20: Tour 17 assigned to fe3fff05
DEBUG 2025-05-20: Travel time = 0.0 minutes
DEBUG 2025-05-20: REASSIGNMENT - Original: c99885bc → New: fe3fff05
DEBUG 2025-05-20: Travel change: 6.3 → 0.0 (difference: 6.3)
DEBUG 2025-05-20: Processing tour 18/34: 2025-05-20 18:00:00 at Property 100490 (VIRTUAL_TOUR)
DEBUG 2025-05-20: Tour 18 assigned to 28be1402
DEBUG 2025-05-20: Travel time = 0.0 minutes
DEBUG 2025-05-20: REASSIGNMENT - Original: 90976d80 → New: 28be1402
DEBUG 2025-05-20: Travel change: 0.0 → 0.0 (difference: 0.0)
DEBUG 2025-05-20: Processing tour 19/34: 2025-05-20 18:00:00 at Property 64939 (ESCORTED)
DEBUG 2025-05-20: Tour 19 assigned to 90976d80
DEBUG 2025-05-20: Travel time = 0.0 minutes
DEBUG 2025-05-20: REASSIGNMENT - Original: 0c398d8d → New: 90976d80
DEBUG 2025-05-20: Travel change: 7.9 → 0.0 (difference: 7.9)
DEBUG 2025-05-20: Processing tour 20/34: 2025-05-20 18:00:00 at Property 64932 (ESCORTED)
DEBUG 2025-05-20: Tour 20 assigned to cd0ff517
DEBUG 2025-05-20: Travel time = 0.0 minutes
DEBUG 2025-05-20: REASSIGNMENT - Original: 0650940d → New: cd0ff517
DEBUG 2025-05-20: Travel change: 5.0 → 0.0 (difference: 5.0)
DEBUG 2025-05-20: Processing tour 21/34: 2025-05-20 18:00:00 at Property 64932 (ESCORTED)
DEBUG 2025-05-20: Tour 21 assigned to 2d4a3e78
DEBUG 2025-05-20: Travel time = 5.0 minutes
DEBUG 2025-05-20: REASSIGNMENT - Original: 0650940d → New: 2d4a3e78
DEBUG 2025-05-20: Travel change: 5.0 → 5.0 (difference: 0.0)
DEBUG 2025-05-20: Processing tour 22/34: 2025-05-20 18:00:00 at Property 64939 (ESCORTED)
DEBUG 2025-05-20: Tour 22 assigned to 2d4a3e78
DEBUG 2025-05-20: Travel time = 7.9 minutes
DEBUG 2025-05-20: Processing tour 23/34: 2025-05-20 19:00:00 at Property 64938 (ESCORTED)
DEBUG 2025-05-20: Tour 23 assigned to 0650940d
DEBUG 2025-05-20: Travel time = 13.9 minutes
DEBUG 2025-05-20: REASSIGNMENT - Original: fe3fff05 → New: 0650940d
DEBUG 2025-05-20: Travel change: 15.5 → 13.9 (difference: 1.6)
DEBUG 2025-05-20: Processing tour 24/34: 2025-05-20 19:00:00 at Property 64932 (ESCORTED)
DEBUG 2025-05-20: Tour 24 assigned to cd0ff517
DEBUG 2025-05-20: Travel time = 0.0 minutes
DEBUG 2025-05-20: REASSIGNMENT - Original: 28be1402 → New: cd0ff517
DEBUG 2025-05-20: Travel change: 5.0 → 0.0 (difference: 5.0)
DEBUG 2025-05-20: Processing tour 25/34: 2025-05-20 19:00:00 at Property 64937 (VIRTUAL_TOUR)
DEBUG 2025-05-20: Tour 25 assigned to 90976d80
DEBUG 2025-05-20: Travel time = 0.0 minutes
DEBUG 2025-05-20: REASSIGNMENT - Original: 0c398d8d → New: 90976d80
DEBUG 2025-05-20: Travel change: 0.0 → 0.0 (difference: 0.0)
DEBUG 2025-05-20: Processing tour 26/34: 2025-05-20 19:00:00 at Property 64937 (ESCORTED)
DEBUG 2025-05-20: Tour 26 assigned to fe3fff05
DEBUG 2025-05-20: Travel time = 7.1 minutes
DEBUG 2025-05-20: REASSIGNMENT - Original: 0650940d → New: fe3fff05
DEBUG 2025-05-20: Travel change: 11.2 → 7.1 (difference: 4.1)
DEBUG 2025-05-20: Processing tour 27/34: 2025-05-20 20:00:00 at Property 64938 (ESCORTED)
DEBUG 2025-05-20: Tour 27 assigned to 2d4a3e78
DEBUG 2025-05-20: Travel time = 9.7 minutes
DEBUG 2025-05-20: REASSIGNMENT - Original: cd0ff517 → New: 2d4a3e78
DEBUG 2025-05-20: Travel change: 13.8 → 9.7 (difference: 4.1)
DEBUG 2025-05-20: Processing tour 28/34: 2025-05-20 20:00:00 at Property 64933 (ESCORTED)
DEBUG 2025-05-20: Tour 28 assigned to 28be1402
DEBUG 2025-05-20: Travel time = 5.0 minutes
DEBUG 2025-05-20: REASSIGNMENT - Original: 90976d80 → New: 28be1402
DEBUG 2025-05-20: Travel change: 8.1 → 5.0 (difference: 3.1)
DEBUG 2025-05-20: Processing tour 29/34: 2025-05-20 20:30:00 at Property 64939 (ESCORTED)
DEBUG 2025-05-20: Tour 29 assigned to 90976d80
DEBUG 2025-05-20: Travel time = 0.0 minutes
DEBUG 2025-05-20: REASSIGNMENT - Original: 2d4a3e78 → New: 90976d80
DEBUG 2025-05-20: Travel change: 9.7 → 0.0 (difference: 9.7)
DEBUG 2025-05-20: Processing tour 30/34: 2025-05-20 20:30:00 at Property 64937 (VIRTUAL_TOUR)
DEBUG 2025-05-20: Tour 30 assigned to 0650940d
DEBUG 2025-05-20: Travel time = 0.0 minutes
DEBUG 2025-05-20: REASSIGNMENT - Original: 0c398d8d → New: 0650940d
DEBUG 2025-05-20: Travel change: 0.0 → 0.0 (difference: 0.0)
DEBUG 2025-05-20: Processing tour 31/34: 2025-05-20 20:30:00 at Property 64937 (ESCORTED)
DEBUG 2025-05-20: Tour 31 assigned to 0c398d8d
DEBUG 2025-05-20: Travel time = 7.1 minutes
DEBUG 2025-05-20: REASSIGNMENT - Original: 0650940d → New: 0c398d8d
DEBUG 2025-05-20: Travel change: 11.2 → 7.1 (difference: 4.1)
DEBUG 2025-05-20: Processing tour 32/34: 2025-05-20 21:00:00 at Property 64932 (ESCORTED)
DEBUG 2025-05-20: Tour 32 assigned to aeabf7ea
DEBUG 2025-05-20: Travel time = 0.0 minutes
DEBUG 2025-05-20: Processing tour 33/34: 2025-05-20 21:00:00 at Property 64932 (ESCORTED)
DEBUG 2025-05-20: Tour 33 assigned to 90976d80
DEBUG 2025-05-20: Travel time = 7.9 minutes
DEBUG 2025-05-20: Processing tour 34/34: 2025-05-20 21:00:00 at Property 64932 (ESCORTED)
DEBUG 2025-05-20: Tour 34 assigned to 28be1402
DEBUG 2025-05-20: Travel time = 5.0 minutes
DEBUG 2025-05-20: Calculated optimized travel (sum method): 98.2
DEBUG 2025-05-20: Validated optimized travel (proven method): 79.2
DEBUG 2025-05-20: Difference: 19.1
DEBUG 2025-05-20: Validated savings: 0.0
DEBUG 2025-05-20: Reassignments made = 24/34
WARNING 2025-05-20: Very high reassignment rate (70.6%) - algorithm may be too aggressive
DEBUG 2025-05-20: Optimization complete
================================================================================
