DEBUG 2025-05-06: Starting optimization
DEBUG 2025-05-06: Current travel = 61.6 minutes
DEBUG 2025-05-06: Total tours = 21
DEBUG 2025-05-06: Available agents = 10
DEBUG 2025-05-06: Tour times range from 2025-05-06 04:15:00 to 2025-05-06 21:30:00
DEBUG 2025-05-06: Processing tour 1/21: 2025-05-06 04:15:00 at Property 64933 (ESCORTED)
DEBUG 2025-05-06: Tour 1 assigned to 90976d80
DEBUG 2025-05-06: Travel time = 0.0 minutes
DEBUG 2025-05-06: Processing tour 2/21: 2025-05-06 13:00:00 at Property 78139 (ESCORTED)
DEBUG 2025-05-06: Tour 2 assigned to fe3fff05
DEBUG 2025-05-06: Travel time = 0.0 minutes
DEBUG 2025-05-06: Processing tour 3/21: 2025-05-06 13:30:00 at Property 64941 (ESCORTED)
DEBUG 2025-05-06: Tour 3 assigned to 0c398d8d
DEBUG 2025-05-06: Travel time = 0.0 minutes
DEBUG 2025-05-06: Processing tour 4/21: 2025-05-06 14:00:00 at Property 100490 (ESCORTED)
DEBUG 2025-05-06: Tour 4 assigned to 0650940d
DEBUG 2025-05-06: Travel time = 0.0 minutes
DEBUG 2025-05-06: Processing tour 5/21: 2025-05-06 14:15:00 at Property 64940 (ESCORTED)
DEBUG 2025-05-06: Tour 5 assigned to 90976d80
DEBUG 2025-05-06: Travel time = 8.1 minutes
DEBUG 2025-05-06: REASSIGNMENT - Original: fe3fff05 → New: 90976d80
DEBUG 2025-05-06: Travel change: 7.5 → 8.1 (difference: -0.6)
WARNING 2025-05-06: Reassignment INCREASED travel by 0.6 minutes!
DEBUG 2025-05-06: Processing tour 6/21: 2025-05-06 14:30:00 at Property 64934 (ESCORTED)
DEBUG 2025-05-06: Tour 6 assigned to 28be1402
DEBUG 2025-05-06: Travel time = 0.0 minutes
DEBUG 2025-05-06: Processing tour 7/21: 2025-05-06 15:00:00 at Property 64937 (ESCORTED)
DEBUG 2025-05-06: Tour 7 assigned to 0c398d8d
DEBUG 2025-05-06: Travel time = 5.4 minutes
DEBUG 2025-05-06: Processing tour 8/21: 2025-05-06 16:00:00 at Property 64933 (ESCORTED)
DEBUG 2025-05-06: Tour 8 assigned to 0650940d
DEBUG 2025-05-06: Travel time = 5.0 minutes
DEBUG 2025-05-06: REASSIGNMENT - Original: 90976d80 → New: 0650940d
DEBUG 2025-05-06: Travel change: 8.1 → 5.0 (difference: 3.1)
DEBUG 2025-05-06: Processing tour 9/21: 2025-05-06 16:30:00 at Property 64932 (ESCORTED)
DEBUG 2025-05-06: Tour 9 assigned to 28be1402
DEBUG 2025-05-06: Travel time = 5.0 minutes
DEBUG 2025-05-06: Processing tour 10/21: 2025-05-06 17:00:00 at Property 64935 (ESCORTED)
DEBUG 2025-05-06: Tour 10 assigned to 25ffdb26
DEBUG 2025-05-06: Travel time = 0.0 minutes
DEBUG 2025-05-06: Processing tour 11/21: 2025-05-06 17:00:00 at Property 151243 (ESCORTED)
DEBUG 2025-05-06: Tour 11 assigned to 90976d80
DEBUG 2025-05-06: Travel time = 5.4 minutes
DEBUG 2025-05-06: REASSIGNMENT - Original: 0c398d8d → New: 90976d80
DEBUG 2025-05-06: Travel change: 6.8 → 5.4 (difference: 1.4)
DEBUG 2025-05-06: Processing tour 12/21: 2025-05-06 17:30:00 at Property 100490 (ESCORTED)
DEBUG 2025-05-06: Tour 12 assigned to 0650940d
DEBUG 2025-05-06: Travel time = 5.0 minutes
DEBUG 2025-05-06: Processing tour 13/21: 2025-05-06 18:00:00 at Property 64938 (ESCORTED)
DEBUG 2025-05-06: Tour 13 assigned to 90976d80
DEBUG 2025-05-06: Travel time = 13.3 minutes
DEBUG 2025-05-06: Processing tour 14/21: 2025-05-06 18:00:00 at Property 64939 (ESCORTED)
DEBUG 2025-05-06: Tour 14 assigned to 2d4a3e78
DEBUG 2025-05-06: Travel time = 0.0 minutes
DEBUG 2025-05-06: Processing tour 15/21: 2025-05-06 19:00:00 at Property 64935 (ESCORTED)
DEBUG 2025-05-06: Tour 15 assigned to 25ffdb26
DEBUG 2025-05-06: Travel time = 0.0 minutes
DEBUG 2025-05-06: REASSIGNMENT - Original: c99885bc → New: 25ffdb26
DEBUG 2025-05-06: Travel change: 0.0 → 0.0 (difference: 0.0)
DEBUG 2025-05-06: Processing tour 16/21: 2025-05-06 19:30:00 at Property 64932 (ESCORTED)
DEBUG 2025-05-06: Tour 16 assigned to aeabf7ea
DEBUG 2025-05-06: Travel time = 0.0 minutes
DEBUG 2025-05-06: Processing tour 17/21: 2025-05-06 19:30:00 at Property 64932 (ESCORTED)
DEBUG 2025-05-06: Tour 17 assigned to a53a3391
DEBUG 2025-05-06: Travel time = 0.0 minutes
DEBUG 2025-05-06: Processing tour 18/21: 2025-05-06 19:30:00 at Property 64943 (VIRTUAL_TOUR)
DEBUG 2025-05-06: Tour 18 assigned to 0650940d
DEBUG 2025-05-06: Travel time = 0.0 minutes
DEBUG 2025-05-06: Processing tour 19/21: 2025-05-06 20:00:00 at Property 64932 (ESCORTED)
DEBUG 2025-05-06: Tour 19 assigned to aeabf7ea
DEBUG 2025-05-06: Travel time = 0.0 minutes
DEBUG 2025-05-06: Processing tour 20/21: 2025-05-06 20:00:00 at Property 84770 (ESCORTED)
DEBUG 2025-05-06: Tour 20 assigned to c99885bc
DEBUG 2025-05-06: Travel time = 0.0 minutes
DEBUG 2025-05-06: REASSIGNMENT - Original: 90976d80 → New: c99885bc
DEBUG 2025-05-06: Travel change: 13.9 → 0.0 (difference: 13.9)
DEBUG 2025-05-06: Processing tour 21/21: 2025-05-06 20:15:00 at Property 64940 (ESCORTED)
DEBUG 2025-05-06: Tour 21 assigned to 25ffdb26
DEBUG 2025-05-06: Travel time = 8.1 minutes
DEBUG 2025-05-06: Optimized travel = 55.4 minutes
DEBUG 2025-05-06: Savings = 6.2 minutes
DEBUG 2025-05-06: Reassignments made = 5/21
DEBUG 2025-05-06: Optimization complete
================================================================================
DEBUG 2025-05-06: Starting optimization
DEBUG 2025-05-06: Current travel = 61.6 minutes
DEBUG 2025-05-06: Total tours = 21
DEBUG 2025-05-06: Available agents = 10
DEBUG 2025-05-06: Tour times range from 2025-05-06 04:15:00 to 2025-05-06 21:30:00
DEBUG 2025-05-06: Processing tour 1/21: 2025-05-06 04:15:00 at Property 64933 (ESCORTED)
DEBUG 2025-05-06: Tour 1 assigned to 90976d80
DEBUG 2025-05-06: Travel time = 0.0 minutes
DEBUG 2025-05-06: Processing tour 2/21: 2025-05-06 13:00:00 at Property 78139 (ESCORTED)
DEBUG 2025-05-06: Tour 2 assigned to fe3fff05
DEBUG 2025-05-06: Travel time = 0.0 minutes
DEBUG 2025-05-06: Processing tour 3/21: 2025-05-06 13:30:00 at Property 64941 (ESCORTED)
DEBUG 2025-05-06: Tour 3 assigned to 0c398d8d
DEBUG 2025-05-06: Travel time = 0.0 minutes
DEBUG 2025-05-06: Processing tour 4/21: 2025-05-06 14:00:00 at Property 100490 (ESCORTED)
DEBUG 2025-05-06: Tour 4 assigned to 0650940d
DEBUG 2025-05-06: Travel time = 0.0 minutes
DEBUG 2025-05-06: Processing tour 5/21: 2025-05-06 14:15:00 at Property 64940 (ESCORTED)
DEBUG 2025-05-06: Tour 5 assigned to 90976d80
DEBUG 2025-05-06: Travel time = 8.1 minutes
DEBUG 2025-05-06: REASSIGNMENT - Original: fe3fff05 → New: 90976d80
DEBUG 2025-05-06: Travel change: 7.5 → 8.1 (difference: -0.6)
WARNING 2025-05-06: Reassignment INCREASED travel by 0.6 minutes!
DEBUG 2025-05-06: Processing tour 6/21: 2025-05-06 14:30:00 at Property 64934 (ESCORTED)
DEBUG 2025-05-06: Tour 6 assigned to 28be1402
DEBUG 2025-05-06: Travel time = 0.0 minutes
DEBUG 2025-05-06: Processing tour 7/21: 2025-05-06 15:00:00 at Property 64937 (ESCORTED)
DEBUG 2025-05-06: Tour 7 assigned to 0c398d8d
DEBUG 2025-05-06: Travel time = 5.4 minutes
DEBUG 2025-05-06: Processing tour 8/21: 2025-05-06 16:00:00 at Property 64933 (ESCORTED)
DEBUG 2025-05-06: Tour 8 assigned to 0650940d
DEBUG 2025-05-06: Travel time = 5.0 minutes
DEBUG 2025-05-06: REASSIGNMENT - Original: 90976d80 → New: 0650940d
DEBUG 2025-05-06: Travel change: 8.1 → 5.0 (difference: 3.1)
DEBUG 2025-05-06: Processing tour 9/21: 2025-05-06 16:30:00 at Property 64932 (ESCORTED)
DEBUG 2025-05-06: Tour 9 assigned to 28be1402
DEBUG 2025-05-06: Travel time = 5.0 minutes
DEBUG 2025-05-06: Processing tour 10/21: 2025-05-06 17:00:00 at Property 64935 (ESCORTED)
DEBUG 2025-05-06: Tour 10 assigned to 25ffdb26
DEBUG 2025-05-06: Travel time = 0.0 minutes
DEBUG 2025-05-06: Processing tour 11/21: 2025-05-06 17:00:00 at Property 151243 (ESCORTED)
DEBUG 2025-05-06: Tour 11 assigned to 90976d80
DEBUG 2025-05-06: Travel time = 5.4 minutes
DEBUG 2025-05-06: REASSIGNMENT - Original: 0c398d8d → New: 90976d80
DEBUG 2025-05-06: Travel change: 6.8 → 5.4 (difference: 1.4)
DEBUG 2025-05-06: Processing tour 12/21: 2025-05-06 17:30:00 at Property 100490 (ESCORTED)
DEBUG 2025-05-06: Tour 12 assigned to 0650940d
DEBUG 2025-05-06: Travel time = 5.0 minutes
DEBUG 2025-05-06: Processing tour 13/21: 2025-05-06 18:00:00 at Property 64938 (ESCORTED)
DEBUG 2025-05-06: Tour 13 assigned to 90976d80
DEBUG 2025-05-06: Travel time = 13.3 minutes
DEBUG 2025-05-06: Processing tour 14/21: 2025-05-06 18:00:00 at Property 64939 (ESCORTED)
DEBUG 2025-05-06: Tour 14 assigned to 2d4a3e78
DEBUG 2025-05-06: Travel time = 0.0 minutes
DEBUG 2025-05-06: Processing tour 15/21: 2025-05-06 19:00:00 at Property 64935 (ESCORTED)
DEBUG 2025-05-06: Tour 15 assigned to 25ffdb26
DEBUG 2025-05-06: Travel time = 0.0 minutes
DEBUG 2025-05-06: REASSIGNMENT - Original: c99885bc → New: 25ffdb26
DEBUG 2025-05-06: Travel change: 0.0 → 0.0 (difference: 0.0)
DEBUG 2025-05-06: Processing tour 16/21: 2025-05-06 19:30:00 at Property 64932 (ESCORTED)
DEBUG 2025-05-06: Tour 16 assigned to aeabf7ea
DEBUG 2025-05-06: Travel time = 0.0 minutes
DEBUG 2025-05-06: Processing tour 17/21: 2025-05-06 19:30:00 at Property 64932 (ESCORTED)
DEBUG 2025-05-06: Tour 17 assigned to a53a3391
DEBUG 2025-05-06: Travel time = 0.0 minutes
DEBUG 2025-05-06: Processing tour 18/21: 2025-05-06 19:30:00 at Property 64943 (VIRTUAL_TOUR)
DEBUG 2025-05-06: Tour 18 assigned to 0650940d
DEBUG 2025-05-06: Travel time = 0.0 minutes
DEBUG 2025-05-06: Processing tour 19/21: 2025-05-06 20:00:00 at Property 64932 (ESCORTED)
DEBUG 2025-05-06: Tour 19 assigned to aeabf7ea
DEBUG 2025-05-06: Travel time = 0.0 minutes
DEBUG 2025-05-06: Processing tour 20/21: 2025-05-06 20:00:00 at Property 84770 (ESCORTED)
DEBUG 2025-05-06: Tour 20 assigned to c99885bc
DEBUG 2025-05-06: Travel time = 0.0 minutes
DEBUG 2025-05-06: REASSIGNMENT - Original: 90976d80 → New: c99885bc
DEBUG 2025-05-06: Travel change: 13.9 → 0.0 (difference: 13.9)
DEBUG 2025-05-06: Processing tour 21/21: 2025-05-06 20:15:00 at Property 64940 (ESCORTED)
DEBUG 2025-05-06: Tour 21 assigned to 25ffdb26
DEBUG 2025-05-06: Travel time = 8.1 minutes
DEBUG 2025-05-06: Optimized travel = 55.4 minutes
DEBUG 2025-05-06: Savings = 6.2 minutes
DEBUG 2025-05-06: Reassignments made = 5/21
DEBUG 2025-05-06: Optimization complete
================================================================================
DEBUG 2025-05-06: Calculated optimized travel (sum method): 55.4
DEBUG 2025-05-06: Validated optimized travel (proven method): 61.6
DEBUG 2025-05-06: Difference: -6.2
DEBUG 2025-05-06: Validated savings: 0.0
DEBUG 2025-05-06: Starting optimization
DEBUG 2025-05-06: Current travel = 62.8 minutes
DEBUG 2025-05-06: Total tours = 21
DEBUG 2025-05-06: Available agents = 10
DEBUG 2025-05-06: Tour times range from 2025-05-06 04:15:00 to 2025-05-06 21:30:00
DEBUG 2025-05-06: Processing tour 1/21: 2025-05-06 04:15:00 at Property 64933 (ESCORTED)
DEBUG 2025-05-06: Tour 1 assigned to 90976d80
DEBUG 2025-05-06: Travel time = 0.0 minutes
DEBUG 2025-05-06: Processing tour 2/21: 2025-05-06 13:00:00 at Property 78139 (ESCORTED)
DEBUG 2025-05-06: Tour 2 assigned to fe3fff05
DEBUG 2025-05-06: Travel time = 0.0 minutes
DEBUG 2025-05-06: Processing tour 3/21: 2025-05-06 13:30:00 at Property 64941 (ESCORTED)
DEBUG 2025-05-06: Tour 3 assigned to 0c398d8d
DEBUG 2025-05-06: Travel time = 0.0 minutes
DEBUG 2025-05-06: Processing tour 4/21: 2025-05-06 14:00:00 at Property 100490 (ESCORTED)
DEBUG 2025-05-06: Tour 4 assigned to 0650940d
DEBUG 2025-05-06: Travel time = 0.0 minutes
DEBUG 2025-05-06: Processing tour 5/21: 2025-05-06 14:15:00 at Property 64940 (ESCORTED)
DEBUG 2025-05-06: Tour 5 assigned to 90976d80
DEBUG 2025-05-06: Travel time = 8.1 minutes
DEBUG 2025-05-06: REASSIGNMENT - Original: fe3fff05 → New: 90976d80
DEBUG 2025-05-06: Travel change: 7.5 → 8.1 (difference: -0.6)
WARNING 2025-05-06: Reassignment INCREASED travel by 0.6 minutes!
DEBUG 2025-05-06: Processing tour 6/21: 2025-05-06 14:30:00 at Property 64934 (ESCORTED)
DEBUG 2025-05-06: Tour 6 assigned to 28be1402
DEBUG 2025-05-06: Travel time = 0.0 minutes
DEBUG 2025-05-06: Processing tour 7/21: 2025-05-06 15:00:00 at Property 64937 (ESCORTED)
DEBUG 2025-05-06: Tour 7 assigned to 0c398d8d
DEBUG 2025-05-06: Travel time = 5.4 minutes
DEBUG 2025-05-06: Processing tour 8/21: 2025-05-06 16:00:00 at Property 64933 (ESCORTED)
DEBUG 2025-05-06: Tour 8 assigned to 0650940d
DEBUG 2025-05-06: Travel time = 5.0 minutes
DEBUG 2025-05-06: REASSIGNMENT - Original: 90976d80 → New: 0650940d
DEBUG 2025-05-06: Travel change: 8.1 → 5.0 (difference: 3.1)
DEBUG 2025-05-06: Processing tour 9/21: 2025-05-06 16:30:00 at Property 64932 (ESCORTED)
DEBUG 2025-05-06: Tour 9 assigned to 28be1402
DEBUG 2025-05-06: Travel time = 6.3 minutes
DEBUG 2025-05-06: Processing tour 10/21: 2025-05-06 17:00:00 at Property 64935 (ESCORTED)
DEBUG 2025-05-06: Tour 10 assigned to 25ffdb26
DEBUG 2025-05-06: Travel time = 0.0 minutes
DEBUG 2025-05-06: Processing tour 11/21: 2025-05-06 17:00:00 at Property 151243 (ESCORTED)
DEBUG 2025-05-06: Tour 11 assigned to 90976d80
DEBUG 2025-05-06: Travel time = 5.4 minutes
DEBUG 2025-05-06: REASSIGNMENT - Original: 0c398d8d → New: 90976d80
DEBUG 2025-05-06: Travel change: 6.8 → 5.4 (difference: 1.4)
DEBUG 2025-05-06: Processing tour 12/21: 2025-05-06 17:30:00 at Property 100490 (ESCORTED)
DEBUG 2025-05-06: Tour 12 assigned to 0650940d
DEBUG 2025-05-06: Travel time = 5.0 minutes
DEBUG 2025-05-06: Processing tour 13/21: 2025-05-06 18:00:00 at Property 64938 (ESCORTED)
DEBUG 2025-05-06: Tour 13 assigned to 90976d80
DEBUG 2025-05-06: Travel time = 13.3 minutes
DEBUG 2025-05-06: Processing tour 14/21: 2025-05-06 18:00:00 at Property 64939 (ESCORTED)
DEBUG 2025-05-06: Tour 14 assigned to 2d4a3e78
DEBUG 2025-05-06: Travel time = 0.0 minutes
DEBUG 2025-05-06: Processing tour 15/21: 2025-05-06 19:00:00 at Property 64935 (ESCORTED)
DEBUG 2025-05-06: Tour 15 assigned to 25ffdb26
DEBUG 2025-05-06: Travel time = 0.0 minutes
DEBUG 2025-05-06: REASSIGNMENT - Original: c99885bc → New: 25ffdb26
DEBUG 2025-05-06: Travel change: 0.0 → 0.0 (difference: 0.0)
DEBUG 2025-05-06: Processing tour 16/21: 2025-05-06 19:30:00 at Property 64932 (ESCORTED)
DEBUG 2025-05-06: Tour 16 assigned to aeabf7ea
DEBUG 2025-05-06: Travel time = 0.0 minutes
DEBUG 2025-05-06: Processing tour 17/21: 2025-05-06 19:30:00 at Property 64932 (ESCORTED)
DEBUG 2025-05-06: Tour 17 assigned to a53a3391
DEBUG 2025-05-06: Travel time = 0.0 minutes
DEBUG 2025-05-06: Processing tour 18/21: 2025-05-06 19:30:00 at Property 64943 (VIRTUAL_TOUR)
DEBUG 2025-05-06: Tour 18 assigned to 0650940d
DEBUG 2025-05-06: Travel time = 0.0 minutes
DEBUG 2025-05-06: Processing tour 19/21: 2025-05-06 20:00:00 at Property 64932 (ESCORTED)
DEBUG 2025-05-06: Tour 19 assigned to aeabf7ea
DEBUG 2025-05-06: Travel time = 0.0 minutes
DEBUG 2025-05-06: Processing tour 20/21: 2025-05-06 20:00:00 at Property 84770 (ESCORTED)
DEBUG 2025-05-06: Tour 20 assigned to c99885bc
DEBUG 2025-05-06: Travel time = 0.0 minutes
DEBUG 2025-05-06: REASSIGNMENT - Original: 90976d80 → New: c99885bc
DEBUG 2025-05-06: Travel change: 13.9 → 0.0 (difference: 13.9)
DEBUG 2025-05-06: Processing tour 21/21: 2025-05-06 20:15:00 at Property 64940 (ESCORTED)
DEBUG 2025-05-06: Tour 21 assigned to 25ffdb26
DEBUG 2025-05-06: Travel time = 8.1 minutes
DEBUG 2025-05-06: Calculated optimized travel (sum method): 56.7
DEBUG 2025-05-06: Validated optimized travel (proven method): 62.8
DEBUG 2025-05-06: Difference: -6.2
DEBUG 2025-05-06: Validated savings: 0.0
DEBUG 2025-05-06: Reassignments made = 5/21
DEBUG 2025-05-06: Optimization complete
================================================================================
